#
# There is insufficient memory for the Java Runtime Environment to continue.
# Native memory allocation (mmap) failed to map 65536 bytes for Failed to commit metaspace.
# Possible reasons:
#   The system is out of physical RAM or swap space
#   The process is running with CompressedOops enabled, and the Java Heap may be blocking the growth of the native heap
# Possible solutions:
#   Reduce memory load on the system
#   Increase physical memory or swap space
#   Check if swap backing store is full
#   Decrease Java heap size (-Xmx/-Xms)
#   Decrease number of Java threads
#   Decrease Java thread stack sizes (-Xss)
#   Set larger code cache with -XX:ReservedCodeCacheSize=
#   JVM is running with Unscaled Compressed Oops mode in which the Java heap is
#     placed in the first 4GB address space. The Java Heap base address is the
#     maximum limit for the native heap growth. Please use -XX:HeapBaseMinAddress
#     to set the Java Heap base and to place the Java Heap above 4GB virtual address.
# This output file may be truncated or incomplete.
#
#  Out of Memory Error (virtualSpaceNode.cpp:110), pid=5984, tid=8152
#
# JRE version: OpenJDK Runtime Environment (17.0.2+8) (build 17.0.2+8-86)
# Java VM: OpenJDK 64-Bit Server VM (17.0.2+8-86, mixed mode, sharing, tiered, compressed oops, compressed class ptrs, g1 gc, windows-amd64)
# No core dump will be written. Minidumps are not enabled by default on client versions of Windows
#

---------------  S U M M A R Y ------------

Command Line: -Dfile.encoding=utf8 c:\Users\aanan\.vscode\extensions\vscjava.vscode-gradle-3.13.5\lib\gradle-language-server.jar

Host: Intel(R) Core(TM) i3-4010U CPU @ 1.70GHz, 4 cores, 5G,  Windows 10 , 64 bit Build 19041 (10.0.19041.3636)
Time: Sat Jun  8 15:11:13 2024 India Standard Time elapsed time: 2.358515 seconds (0d 0h 0m 2s)

---------------  T H R E A D  ---------------

Current thread (0x000001790e232b60):  JavaThread "main" [_thread_in_vm, id=8152, stack(0x0000003023700000,0x0000003023800000)]

Stack: [0x0000003023700000,0x0000003023800000]
Native frames: (J=compiled Java code, j=interpreted, Vv=VM code, C=native code)
V  [jvm.dll+0x670baa]
V  [jvm.dll+0x7cfcb4]
V  [jvm.dll+0x7d145e]
V  [jvm.dll+0x7d1ac3]
V  [jvm.dll+0x242bc5]
V  [jvm.dll+0x7cbc5b]
V  [jvm.dll+0x616966]
V  [jvm.dll+0x1be3ee]
V  [jvm.dll+0x6192a1]
V  [jvm.dll+0x617306]
V  [jvm.dll+0x621057]
V  [jvm.dll+0x1e7e2b]
V  [jvm.dll+0x1e8365]
V  [jvm.dll+0x1e8d9f]
V  [jvm.dll+0x1de251]
V  [jvm.dll+0x537c30]
V  [jvm.dll+0x74ad28]
V  [jvm.dll+0x74ae14]
V  [jvm.dll+0x408cc5]
V  [jvm.dll+0x40ed18]
C  [java.dll+0x17ec]

Java frames: (J=compiled Java code, j=interpreted, Vv=VM code)
j  java.lang.ClassLoader.defineClass1(Ljava/lang/ClassLoader;Ljava/lang/String;[BIILjava/security/ProtectionDomain;Ljava/lang/String;)Ljava/lang/Class;+0 java.base@17.0.2
j  java.lang.ClassLoader.defineClass(Ljava/lang/String;[BIILjava/security/ProtectionDomain;)Ljava/lang/Class;+27 java.base@17.0.2
j  java.security.SecureClassLoader.defineClass(Ljava/lang/String;[BIILjava/security/CodeSource;)Ljava/lang/Class;+12 java.base@17.0.2
j  jdk.internal.loader.BuiltinClassLoader.defineClass(Ljava/lang/String;Ljdk/internal/loader/Resource;)Ljava/lang/Class;+117 java.base@17.0.2
j  jdk.internal.loader.BuiltinClassLoader.findClassOnClassPathOrNull(Ljava/lang/String;)Ljava/lang/Class;+37 java.base@17.0.2
j  jdk.internal.loader.BuiltinClassLoader.loadClassOrNull(Ljava/lang/String;Z)Ljava/lang/Class;+111 java.base@17.0.2
j  jdk.internal.loader.BuiltinClassLoader.loadClass(Ljava/lang/String;Z)Ljava/lang/Class;+3 java.base@17.0.2
j  jdk.internal.loader.ClassLoaders$AppClassLoader.loadClass(Ljava/lang/String;Z)Ljava/lang/Class;+36 java.base@17.0.2
j  java.lang.ClassLoader.loadClass(Ljava/lang/String;)Ljava/lang/Class;+3 java.base@17.0.2
v  ~StubRoutines::call_stub
j  com.microsoft.gradle.GradleServices.<init>()V+16
j  com.microsoft.gradle.GradleLanguageServer.<init>()V+9
j  com.microsoft.gradle.GradleLanguageServer.main([Ljava/lang/String;)V+4
v  ~StubRoutines::call_stub

---------------  P R O C E S S  ---------------

Threads class SMR info:
_java_thread_list=0x000001792b364ea0, length=13, elements={
0x000001790e232b60, 0x000001790e305310, 0x000001790e306180, 0x000001792a6fd350,
0x000001792a6fdf00, 0x000001792a7008c0, 0x000001792a704290, 0x000001792a704f70,
0x000001792a706430, 0x000001792a76d4b0, 0x000001792a7ca0f0, 0x000001792a7cd870,
0x000001792b373e10
}

Java Threads: ( => current thread )
=>0x000001790e232b60 JavaThread "main" [_thread_in_vm, id=8152, stack(0x0000003023700000,0x0000003023800000)]
  0x000001790e305310 JavaThread "Reference Handler" daemon [_thread_blocked, id=1404, stack(0x0000003023f00000,0x0000003024000000)]
  0x000001790e306180 JavaThread "Finalizer" daemon [_thread_blocked, id=5276, stack(0x0000003024000000,0x0000003024100000)]
  0x000001792a6fd350 JavaThread "Signal Dispatcher" daemon [_thread_blocked, id=10864, stack(0x0000003024100000,0x0000003024200000)]
  0x000001792a6fdf00 JavaThread "Attach Listener" daemon [_thread_blocked, id=8960, stack(0x0000003024200000,0x0000003024300000)]
  0x000001792a7008c0 JavaThread "Service Thread" daemon [_thread_blocked, id=10764, stack(0x0000003024300000,0x0000003024400000)]
  0x000001792a704290 JavaThread "Monitor Deflation Thread" daemon [_thread_blocked, id=8416, stack(0x0000003024400000,0x0000003024500000)]
  0x000001792a704f70 JavaThread "C2 CompilerThread0" daemon [_thread_blocked, id=2648, stack(0x0000003024500000,0x0000003024600000)]
  0x000001792a706430 JavaThread "C1 CompilerThread0" daemon [_thread_blocked, id=1836, stack(0x0000003024600000,0x0000003024700000)]
  0x000001792a76d4b0 JavaThread "Sweeper thread" daemon [_thread_blocked, id=3540, stack(0x0000003024700000,0x0000003024800000)]
  0x000001792a7ca0f0 JavaThread "Notification Thread" daemon [_thread_blocked, id=11152, stack(0x0000003024800000,0x0000003024900000)]
  0x000001792a7cd870 JavaThread "Common-Cleaner" daemon [_thread_blocked, id=7860, stack(0x0000003024a00000,0x0000003024b00000)]
  0x000001792b373e10 JavaThread "C2 CompilerThread1" daemon [_thread_blocked, id=5636, stack(0x0000003024b00000,0x0000003024c00000)]

Other Threads:
  0x000001790e2fd6a0 VMThread "VM Thread" [stack: 0x0000003023e00000,0x0000003023f00000] [id=1092]
  0x000001792a7cd5e0 WatcherThread [stack: 0x0000003024900000,0x0000003024a00000] [id=8392]
  0x000001790e2683b0 GCTaskThread "GC Thread#0" [stack: 0x0000003023900000,0x0000003023a00000] [id=9244]
  0x000001790e277390 ConcurrentGCThread "G1 Main Marker" [stack: 0x0000003023a00000,0x0000003023b00000] [id=9140]
  0x000001790e277da0 ConcurrentGCThread "G1 Conc#0" [stack: 0x0000003023b00000,0x0000003023c00000] [id=928]
  0x000001790e2d8030 ConcurrentGCThread "G1 Refine#0" [stack: 0x0000003023c00000,0x0000003023d00000] [id=9744]
  0x000001790e2d8a50 ConcurrentGCThread "G1 Service" [stack: 0x0000003023d00000,0x0000003023e00000] [id=5632]

Threads with active compile tasks:

VM state: not at safepoint (normal execution)

VM Mutex/Monitor currently owned by a thread:  ([mutex/lock_event])
[0x000001790e22c230] Metaspace_lock - owner thread: 0x000001790e232b60

Heap address: 0x00000000a1c00000, size: 1508 MB, Compressed Oops mode: 32-bit

CDS archive(s) mapped at: [0x0000000800000000-0x0000000800bc0000-0x0000000800bc0000), size 12320768, SharedBaseAddress: 0x0000000800000000, ArchiveRelocationMode: 0.
Compressed class space mapped at: 0x0000000800c00000-0x0000000840c00000, reserved size: 1073741824
Narrow klass base: 0x0000000800000000, Narrow klass shift: 0, Narrow klass range: 0x100000000

GC Precious Log:
 CPUs: 4 total, 4 available
 Memory: 6024M
 Large Page Support: Disabled
 NUMA Support: Disabled
 Compressed Oops: Enabled (32-bit)
 Heap Region Size: 1M
 Heap Min Capacity: 8M
 Heap Initial Capacity: 96M
 Heap Max Capacity: 1508M
 Pre-touch: Disabled
 Parallel Workers: 4
 Concurrent Workers: 1
 Concurrent Refinement Workers: 4
 Periodic GC: Disabled

Heap:
 garbage-first heap   total 98304K, used 5120K [0x00000000a1c00000, 0x0000000100000000)
  region size 1024K, 6 young (6144K), 0 survivors (0K)
 Metaspace       used 2517K, committed 2624K, reserved 1056768K
  class space    used 239K, committed 320K, reserved 1048576K

Heap Regions: E=young(eden), S=young(survivor), O=old, HS=humongous(starts), HC=humongous(continues), CS=collection set, F=free, OA=open archive, CA=closed archive, TAMS=top-at-mark-start (previous, next)
|   0|0x00000000a1c00000, 0x00000000a1d00000, 0x00000000a1d00000|100%|HS|  |TAMS 0x00000000a1c00000, 0x00000000a1c00000| Complete 
|   1|0x00000000a1d00000, 0x00000000a1d00000, 0x00000000a1e00000|  0%| F|  |TAMS 0x00000000a1d00000, 0x00000000a1d00000| Untracked 
|   2|0x00000000a1e00000, 0x00000000a1e00000, 0x00000000a1f00000|  0%| F|  |TAMS 0x00000000a1e00000, 0x00000000a1e00000| Untracked 
|   3|0x00000000a1f00000, 0x00000000a1f00000, 0x00000000a2000000|  0%| F|  |TAMS 0x00000000a1f00000, 0x00000000a1f00000| Untracked 
|   4|0x00000000a2000000, 0x00000000a2000000, 0x00000000a2100000|  0%| F|  |TAMS 0x00000000a2000000, 0x00000000a2000000| Untracked 
|   5|0x00000000a2100000, 0x00000000a2100000, 0x00000000a2200000|  0%| F|  |TAMS 0x00000000a2100000, 0x00000000a2100000| Untracked 
|   6|0x00000000a2200000, 0x00000000a2200000, 0x00000000a2300000|  0%| F|  |TAMS 0x00000000a2200000, 0x00000000a2200000| Untracked 
|   7|0x00000000a2300000, 0x00000000a2300000, 0x00000000a2400000|  0%| F|  |TAMS 0x00000000a2300000, 0x00000000a2300000| Untracked 
|   8|0x00000000a2400000, 0x00000000a2400000, 0x00000000a2500000|  0%| F|  |TAMS 0x00000000a2400000, 0x00000000a2400000| Untracked 
|   9|0x00000000a2500000, 0x00000000a2500000, 0x00000000a2600000|  0%| F|  |TAMS 0x00000000a2500000, 0x00000000a2500000| Untracked 
|  10|0x00000000a2600000, 0x00000000a2600000, 0x00000000a2700000|  0%| F|  |TAMS 0x00000000a2600000, 0x00000000a2600000| Untracked 
|  11|0x00000000a2700000, 0x00000000a2700000, 0x00000000a2800000|  0%| F|  |TAMS 0x00000000a2700000, 0x00000000a2700000| Untracked 
|  12|0x00000000a2800000, 0x00000000a2800000, 0x00000000a2900000|  0%| F|  |TAMS 0x00000000a2800000, 0x00000000a2800000| Untracked 
|  13|0x00000000a2900000, 0x00000000a2900000, 0x00000000a2a00000|  0%| F|  |TAMS 0x00000000a2900000, 0x00000000a2900000| Untracked 
|  14|0x00000000a2a00000, 0x00000000a2a00000, 0x00000000a2b00000|  0%| F|  |TAMS 0x00000000a2a00000, 0x00000000a2a00000| Untracked 
|  15|0x00000000a2b00000, 0x00000000a2b00000, 0x00000000a2c00000|  0%| F|  |TAMS 0x00000000a2b00000, 0x00000000a2b00000| Untracked 
|  16|0x00000000a2c00000, 0x00000000a2c00000, 0x00000000a2d00000|  0%| F|  |TAMS 0x00000000a2c00000, 0x00000000a2c00000| Untracked 
|  17|0x00000000a2d00000, 0x00000000a2d00000, 0x00000000a2e00000|  0%| F|  |TAMS 0x00000000a2d00000, 0x00000000a2d00000| Untracked 
|  18|0x00000000a2e00000, 0x00000000a2e00000, 0x00000000a2f00000|  0%| F|  |TAMS 0x00000000a2e00000, 0x00000000a2e00000| Untracked 
|  19|0x00000000a2f00000, 0x00000000a2f00000, 0x00000000a3000000|  0%| F|  |TAMS 0x00000000a2f00000, 0x00000000a2f00000| Untracked 
|  20|0x00000000a3000000, 0x00000000a3000000, 0x00000000a3100000|  0%| F|  |TAMS 0x00000000a3000000, 0x00000000a3000000| Untracked 
|  21|0x00000000a3100000, 0x00000000a3100000, 0x00000000a3200000|  0%| F|  |TAMS 0x00000000a3100000, 0x00000000a3100000| Untracked 
|  22|0x00000000a3200000, 0x00000000a3200000, 0x00000000a3300000|  0%| F|  |TAMS 0x00000000a3200000, 0x00000000a3200000| Untracked 
|  23|0x00000000a3300000, 0x00000000a3300000, 0x00000000a3400000|  0%| F|  |TAMS 0x00000000a3300000, 0x00000000a3300000| Untracked 
|  24|0x00000000a3400000, 0x00000000a3400000, 0x00000000a3500000|  0%| F|  |TAMS 0x00000000a3400000, 0x00000000a3400000| Untracked 
|  25|0x00000000a3500000, 0x00000000a3500000, 0x00000000a3600000|  0%| F|  |TAMS 0x00000000a3500000, 0x00000000a3500000| Untracked 
|  26|0x00000000a3600000, 0x00000000a3600000, 0x00000000a3700000|  0%| F|  |TAMS 0x00000000a3600000, 0x00000000a3600000| Untracked 
|  27|0x00000000a3700000, 0x00000000a3700000, 0x00000000a3800000|  0%| F|  |TAMS 0x00000000a3700000, 0x00000000a3700000| Untracked 
|  28|0x00000000a3800000, 0x00000000a3800000, 0x00000000a3900000|  0%| F|  |TAMS 0x00000000a3800000, 0x00000000a3800000| Untracked 
|  29|0x00000000a3900000, 0x00000000a3900000, 0x00000000a3a00000|  0%| F|  |TAMS 0x00000000a3900000, 0x00000000a3900000| Untracked 
|  30|0x00000000a3a00000, 0x00000000a3a00000, 0x00000000a3b00000|  0%| F|  |TAMS 0x00000000a3a00000, 0x00000000a3a00000| Untracked 
|  31|0x00000000a3b00000, 0x00000000a3b00000, 0x00000000a3c00000|  0%| F|  |TAMS 0x00000000a3b00000, 0x00000000a3b00000| Untracked 
|  32|0x00000000a3c00000, 0x00000000a3c00000, 0x00000000a3d00000|  0%| F|  |TAMS 0x00000000a3c00000, 0x00000000a3c00000| Untracked 
|  33|0x00000000a3d00000, 0x00000000a3d00000, 0x00000000a3e00000|  0%| F|  |TAMS 0x00000000a3d00000, 0x00000000a3d00000| Untracked 
|  34|0x00000000a3e00000, 0x00000000a3e00000, 0x00000000a3f00000|  0%| F|  |TAMS 0x00000000a3e00000, 0x00000000a3e00000| Untracked 
|  35|0x00000000a3f00000, 0x00000000a3f00000, 0x00000000a4000000|  0%| F|  |TAMS 0x00000000a3f00000, 0x00000000a3f00000| Untracked 
|  36|0x00000000a4000000, 0x00000000a4000000, 0x00000000a4100000|  0%| F|  |TAMS 0x00000000a4000000, 0x00000000a4000000| Untracked 
|  37|0x00000000a4100000, 0x00000000a4100000, 0x00000000a4200000|  0%| F|  |TAMS 0x00000000a4100000, 0x00000000a4100000| Untracked 
|  38|0x00000000a4200000, 0x00000000a4200000, 0x00000000a4300000|  0%| F|  |TAMS 0x00000000a4200000, 0x00000000a4200000| Untracked 
|  39|0x00000000a4300000, 0x00000000a4300000, 0x00000000a4400000|  0%| F|  |TAMS 0x00000000a4300000, 0x00000000a4300000| Untracked 
|  40|0x00000000a4400000, 0x00000000a4400000, 0x00000000a4500000|  0%| F|  |TAMS 0x00000000a4400000, 0x00000000a4400000| Untracked 
|  41|0x00000000a4500000, 0x00000000a4500000, 0x00000000a4600000|  0%| F|  |TAMS 0x00000000a4500000, 0x00000000a4500000| Untracked 
|  42|0x00000000a4600000, 0x00000000a4600000, 0x00000000a4700000|  0%| F|  |TAMS 0x00000000a4600000, 0x00000000a4600000| Untracked 
|  43|0x00000000a4700000, 0x00000000a4700000, 0x00000000a4800000|  0%| F|  |TAMS 0x00000000a4700000, 0x00000000a4700000| Untracked 
|  44|0x00000000a4800000, 0x00000000a4800000, 0x00000000a4900000|  0%| F|  |TAMS 0x00000000a4800000, 0x00000000a4800000| Untracked 
|  45|0x00000000a4900000, 0x00000000a4900000, 0x00000000a4a00000|  0%| F|  |TAMS 0x00000000a4900000, 0x00000000a4900000| Untracked 
|  46|0x00000000a4a00000, 0x00000000a4a00000, 0x00000000a4b00000|  0%| F|  |TAMS 0x00000000a4a00000, 0x00000000a4a00000| Untracked 
|  47|0x00000000a4b00000, 0x00000000a4b00000, 0x00000000a4c00000|  0%| F|  |TAMS 0x00000000a4b00000, 0x00000000a4b00000| Untracked 
|  48|0x00000000a4c00000, 0x00000000a4c00000, 0x00000000a4d00000|  0%| F|  |TAMS 0x00000000a4c00000, 0x00000000a4c00000| Untracked 
|  49|0x00000000a4d00000, 0x00000000a4d00000, 0x00000000a4e00000|  0%| F|  |TAMS 0x00000000a4d00000, 0x00000000a4d00000| Untracked 
|  50|0x00000000a4e00000, 0x00000000a4e00000, 0x00000000a4f00000|  0%| F|  |TAMS 0x00000000a4e00000, 0x00000000a4e00000| Untracked 
|  51|0x00000000a4f00000, 0x00000000a4f00000, 0x00000000a5000000|  0%| F|  |TAMS 0x00000000a4f00000, 0x00000000a4f00000| Untracked 
|  52|0x00000000a5000000, 0x00000000a5000000, 0x00000000a5100000|  0%| F|  |TAMS 0x00000000a5000000, 0x00000000a5000000| Untracked 
|  53|0x00000000a5100000, 0x00000000a5100000, 0x00000000a5200000|  0%| F|  |TAMS 0x00000000a5100000, 0x00000000a5100000| Untracked 
|  54|0x00000000a5200000, 0x00000000a5200000, 0x00000000a5300000|  0%| F|  |TAMS 0x00000000a5200000, 0x00000000a5200000| Untracked 
|  55|0x00000000a5300000, 0x00000000a5300000, 0x00000000a5400000|  0%| F|  |TAMS 0x00000000a5300000, 0x00000000a5300000| Untracked 
|  56|0x00000000a5400000, 0x00000000a5400000, 0x00000000a5500000|  0%| F|  |TAMS 0x00000000a5400000, 0x00000000a5400000| Untracked 
|  57|0x00000000a5500000, 0x00000000a5500000, 0x00000000a5600000|  0%| F|  |TAMS 0x00000000a5500000, 0x00000000a5500000| Untracked 
|  58|0x00000000a5600000, 0x00000000a5600000, 0x00000000a5700000|  0%| F|  |TAMS 0x00000000a5600000, 0x00000000a5600000| Untracked 
|  59|0x00000000a5700000, 0x00000000a5700000, 0x00000000a5800000|  0%| F|  |TAMS 0x00000000a5700000, 0x00000000a5700000| Untracked 
|  60|0x00000000a5800000, 0x00000000a5800000, 0x00000000a5900000|  0%| F|  |TAMS 0x00000000a5800000, 0x00000000a5800000| Untracked 
|  61|0x00000000a5900000, 0x00000000a5900000, 0x00000000a5a00000|  0%| F|  |TAMS 0x00000000a5900000, 0x00000000a5900000| Untracked 
|  62|0x00000000a5a00000, 0x00000000a5a00000, 0x00000000a5b00000|  0%| F|  |TAMS 0x00000000a5a00000, 0x00000000a5a00000| Untracked 
|  63|0x00000000a5b00000, 0x00000000a5b00000, 0x00000000a5c00000|  0%| F|  |TAMS 0x00000000a5b00000, 0x00000000a5b00000| Untracked 
|  64|0x00000000a5c00000, 0x00000000a5c00000, 0x00000000a5d00000|  0%| F|  |TAMS 0x00000000a5c00000, 0x00000000a5c00000| Untracked 
|  65|0x00000000a5d00000, 0x00000000a5d00000, 0x00000000a5e00000|  0%| F|  |TAMS 0x00000000a5d00000, 0x00000000a5d00000| Untracked 
|  66|0x00000000a5e00000, 0x00000000a5e00000, 0x00000000a5f00000|  0%| F|  |TAMS 0x00000000a5e00000, 0x00000000a5e00000| Untracked 
|  67|0x00000000a5f00000, 0x00000000a5f00000, 0x00000000a6000000|  0%| F|  |TAMS 0x00000000a5f00000, 0x00000000a5f00000| Untracked 
|  68|0x00000000a6000000, 0x00000000a6000000, 0x00000000a6100000|  0%| F|  |TAMS 0x00000000a6000000, 0x00000000a6000000| Untracked 
|  69|0x00000000a6100000, 0x00000000a6100000, 0x00000000a6200000|  0%| F|  |TAMS 0x00000000a6100000, 0x00000000a6100000| Untracked 
|  70|0x00000000a6200000, 0x00000000a6200000, 0x00000000a6300000|  0%| F|  |TAMS 0x00000000a6200000, 0x00000000a6200000| Untracked 
|  71|0x00000000a6300000, 0x00000000a6300000, 0x00000000a6400000|  0%| F|  |TAMS 0x00000000a6300000, 0x00000000a6300000| Untracked 
|  72|0x00000000a6400000, 0x00000000a6400000, 0x00000000a6500000|  0%| F|  |TAMS 0x00000000a6400000, 0x00000000a6400000| Untracked 
|  73|0x00000000a6500000, 0x00000000a6500000, 0x00000000a6600000|  0%| F|  |TAMS 0x00000000a6500000, 0x00000000a6500000| Untracked 
|  74|0x00000000a6600000, 0x00000000a6600000, 0x00000000a6700000|  0%| F|  |TAMS 0x00000000a6600000, 0x00000000a6600000| Untracked 
|  75|0x00000000a6700000, 0x00000000a6700000, 0x00000000a6800000|  0%| F|  |TAMS 0x00000000a6700000, 0x00000000a6700000| Untracked 
|  76|0x00000000a6800000, 0x00000000a6800000, 0x00000000a6900000|  0%| F|  |TAMS 0x00000000a6800000, 0x00000000a6800000| Untracked 
|  77|0x00000000a6900000, 0x00000000a6900000, 0x00000000a6a00000|  0%| F|  |TAMS 0x00000000a6900000, 0x00000000a6900000| Untracked 
|  78|0x00000000a6a00000, 0x00000000a6a00000, 0x00000000a6b00000|  0%| F|  |TAMS 0x00000000a6a00000, 0x00000000a6a00000| Untracked 
|  79|0x00000000a6b00000, 0x00000000a6b00000, 0x00000000a6c00000|  0%| F|  |TAMS 0x00000000a6b00000, 0x00000000a6b00000| Untracked 
|  80|0x00000000a6c00000, 0x00000000a6c00000, 0x00000000a6d00000|  0%| F|  |TAMS 0x00000000a6c00000, 0x00000000a6c00000| Untracked 
|  81|0x00000000a6d00000, 0x00000000a6d00000, 0x00000000a6e00000|  0%| F|  |TAMS 0x00000000a6d00000, 0x00000000a6d00000| Untracked 
|  82|0x00000000a6e00000, 0x00000000a6e00000, 0x00000000a6f00000|  0%| F|  |TAMS 0x00000000a6e00000, 0x00000000a6e00000| Untracked 
|  83|0x00000000a6f00000, 0x00000000a6f00000, 0x00000000a7000000|  0%| F|  |TAMS 0x00000000a6f00000, 0x00000000a6f00000| Untracked 
|  84|0x00000000a7000000, 0x00000000a7000000, 0x00000000a7100000|  0%| F|  |TAMS 0x00000000a7000000, 0x00000000a7000000| Untracked 
|  85|0x00000000a7100000, 0x00000000a7100000, 0x00000000a7200000|  0%| F|  |TAMS 0x00000000a7100000, 0x00000000a7100000| Untracked 
|  86|0x00000000a7200000, 0x00000000a7200000, 0x00000000a7300000|  0%| F|  |TAMS 0x00000000a7200000, 0x00000000a7200000| Untracked 
|  87|0x00000000a7300000, 0x00000000a7300000, 0x00000000a7400000|  0%| F|  |TAMS 0x00000000a7300000, 0x00000000a7300000| Untracked 
|  88|0x00000000a7400000, 0x00000000a7400000, 0x00000000a7500000|  0%| F|  |TAMS 0x00000000a7400000, 0x00000000a7400000| Untracked 
|  89|0x00000000a7500000, 0x00000000a7500000, 0x00000000a7600000|  0%| F|  |TAMS 0x00000000a7500000, 0x00000000a7500000| Untracked 
|  90|0x00000000a7600000, 0x00000000a76998d0, 0x00000000a7700000| 59%| E|  |TAMS 0x00000000a7600000, 0x00000000a7600000| Complete 
|  91|0x00000000a7700000, 0x00000000a7800000, 0x00000000a7800000|100%| E|CS|TAMS 0x00000000a7700000, 0x00000000a7700000| Complete 
|  92|0x00000000a7800000, 0x00000000a7900000, 0x00000000a7900000|100%| E|CS|TAMS 0x00000000a7800000, 0x00000000a7800000| Complete 
|  93|0x00000000a7900000, 0x00000000a7a00000, 0x00000000a7a00000|100%| E|CS|TAMS 0x00000000a7900000, 0x00000000a7900000| Complete 
|  94|0x00000000a7a00000, 0x00000000a7b00000, 0x00000000a7b00000|100%| E|  |TAMS 0x00000000a7a00000, 0x00000000a7a00000| Complete 
|  95|0x00000000a7b00000, 0x00000000a7c00000, 0x00000000a7c00000|100%| E|CS|TAMS 0x00000000a7b00000, 0x00000000a7b00000| Complete 

Card table byte_map: [0x0000017924d80000,0x0000017925080000] _byte_map_base: 0x0000017924872000

Marking Bits (Prev, Next): (CMBitMap*) 0x000001790e2699d0, (CMBitMap*) 0x000001790e269a10
 Prev Bits: [0x0000017925380000, 0x0000017926b10000)
 Next Bits: [0x0000017926b10000, 0x00000179282a0000)

Polling page: 0x000001790c030000

Metaspace:

Usage:
  Non-class:      2.22 MB used.
      Class:    239.23 KB used.
       Both:      2.46 MB used.

Virtual space:
  Non-class space:        8.00 MB reserved,       2.25 MB ( 28%) committed,  1 nodes.
      Class space:        1.00 GB reserved,     320.00 KB ( <1%) committed,  1 nodes.
             Both:        1.01 GB reserved,       2.56 MB ( <1%) committed. 

Chunk freelists:
   Non-Class:  3.73 MB
       Class:  3.70 MB
        Both:  7.44 MB

MaxMetaspaceSize: unlimited
CompressedClassSpaceSize: 1.00 GB
Initial GC threshold: 21.00 MB
Current GC threshold: 21.00 MB
CDS: on
MetaspaceReclaimPolicy: balanced
 - commit_granule_bytes: 65536.
 - commit_granule_words: 8192.
 - virtual_space_node_default_size: 1048576.
 - enlarge_chunks_in_place: 1.
 - new_chunks_are_fully_committed: 0.
 - uncommit_free_chunks: 1.
 - use_allocation_guard: 0.
 - handle_deallocations: 1.


Internal statistics:

num_allocs_failed_limit: 0.
num_arena_births: 6.
num_arena_deaths: 0.
num_vsnodes_births: 2.
num_vsnodes_deaths: 0.
num_space_committed: 41.
num_space_uncommitted: 0.
num_chunks_returned_to_freelist: 0.
num_chunks_taken_from_freelist: 21.
num_chunk_merges: 0.
num_chunk_splits: 16.
num_chunks_enlarged: 13.
num_purges: 0.
num_inconsistent_stats: 0.

CodeHeap 'non-profiled nmethods': size=120000Kb used=115Kb max_used=115Kb free=119884Kb
 bounds [0x000001791d550000, 0x000001791d7c0000, 0x0000017924a80000]
CodeHeap 'profiled nmethods': size=120000Kb used=637Kb max_used=637Kb free=119362Kb
 bounds [0x0000017916020000, 0x0000017916290000, 0x000001791d550000]
CodeHeap 'non-nmethods': size=5760Kb used=1122Kb max_used=1139Kb free=4637Kb
 bounds [0x0000017915a80000, 0x0000017915cf0000, 0x0000017916020000]
 total_blobs=777 nmethods=371 adapters=319
 compilation: enabled
              stopped_count=0, restarted_count=0
 full_count=0

Compilation events (20 events):
Event: 2.325 Thread 0x000001792a706430  362       3       java.lang.StringLatin1::indexOf (121 bytes)
Event: 2.326 Thread 0x000001792a706430 nmethod 362 0x00000179160bcc90 code [0x00000179160bce60, 0x00000179160bd358]
Event: 2.326 Thread 0x000001792a706430  363       3       java.lang.Class::getName (18 bytes)
Event: 2.326 Thread 0x000001792a706430 nmethod 363 0x00000179160bd590 code [0x00000179160bd740, 0x00000179160bd8c8]
Event: 2.333 Thread 0x000001792a706430  364       3       java.lang.String::toLowerCase (29 bytes)
Event: 2.334 Thread 0x000001792a706430 nmethod 364 0x00000179160bd990 code [0x00000179160bdb60, 0x00000179160bde18]
Event: 2.334 Thread 0x000001792a706430  365       3       java.util.zip.Inflater::ensureOpen (47 bytes)
Event: 2.335 Thread 0x000001792a706430 nmethod 365 0x00000179160bdf10 code [0x00000179160be0c0, 0x00000179160be328]
Event: 2.335 Thread 0x000001792a704f70  366       4       java.lang.StringLatin1::newString (24 bytes)
Event: 2.336 Thread 0x000001792a706430  367       3       java.io.RandomAccessFile::read (8 bytes)
Event: 2.336 Thread 0x000001792a706430 nmethod 367 0x00000179160be410 code [0x00000179160be5a0, 0x00000179160be6e8]
Event: 2.337 Thread 0x000001792b373e10  369 %     4       java.lang.StringLatin1::lastIndexOf @ 18 (40 bytes)
Event: 2.343 Thread 0x000001792a704f70 nmethod 366 0x000001791d56bc90 code [0x000001791d56be20, 0x000001791d56c278]
Event: 2.343 Thread 0x000001792b373e10 nmethod 369% 0x000001791d56c410 code [0x000001791d56c5a0, 0x000001791d56c758]
Event: 2.343 Thread 0x000001792a704f70  370       4       java.lang.StringLatin1::lastIndexOf (40 bytes)
Event: 2.348 Thread 0x000001792a706430  371       3       java.lang.StringConcatHelper::newArray (26 bytes)
Event: 2.348 Thread 0x000001792a706430 nmethod 371 0x00000179160be790 code [0x00000179160be940, 0x00000179160beb88]
Event: 2.348 Thread 0x000001792a706430  372       3       jdk.internal.misc.Unsafe::allocateUninitializedArray (55 bytes)
Event: 2.348 Thread 0x000001792a706430 nmethod 372 0x00000179160bec90 code [0x00000179160bee80, 0x00000179160bf2f8]
Event: 2.349 Thread 0x000001792a704f70 nmethod 370 0x000001791d56c890 code [0x000001791d56ca00, 0x000001791d56cb98]

GC Heap History (0 events):
No events

Deoptimization events (20 events):
Event: 2.041 Thread 0x000001790e232b60 DEOPT PACKING pc=0x00000179160a1da6 sp=0x00000030237fbed0
Event: 2.041 Thread 0x000001790e232b60 DEOPT UNPACKING pc=0x0000017915ad2b43 sp=0x00000030237fb328 mode 0
Event: 2.042 Thread 0x000001790e232b60 DEOPT PACKING pc=0x00000179160a1da6 sp=0x00000030237fbed0
Event: 2.042 Thread 0x000001790e232b60 DEOPT UNPACKING pc=0x0000017915ad2b43 sp=0x00000030237fb328 mode 0
Event: 2.042 Thread 0x000001790e232b60 DEOPT PACKING pc=0x00000179160a1da6 sp=0x00000030237fbed0
Event: 2.042 Thread 0x000001790e232b60 DEOPT UNPACKING pc=0x0000017915ad2b43 sp=0x00000030237fb328 mode 0
Event: 2.118 Thread 0x000001790e232b60 DEOPT PACKING pc=0x00000179160a1e7e sp=0x00000030237fa710
Event: 2.118 Thread 0x000001790e232b60 DEOPT UNPACKING pc=0x0000017915ad2b43 sp=0x00000030237f9b68 mode 0
Event: 2.121 Thread 0x000001790e232b60 DEOPT PACKING pc=0x00000179160a1e7e sp=0x00000030237fa710
Event: 2.121 Thread 0x000001790e232b60 DEOPT UNPACKING pc=0x0000017915ad2b43 sp=0x00000030237f9b68 mode 0
Event: 2.122 Thread 0x000001790e232b60 DEOPT PACKING pc=0x00000179160a1da6 sp=0x00000030237fa710
Event: 2.122 Thread 0x000001790e232b60 DEOPT UNPACKING pc=0x0000017915ad2b43 sp=0x00000030237f9b68 mode 0
Event: 2.130 Thread 0x000001790e232b60 DEOPT PACKING pc=0x00000179160a1da6 sp=0x00000030237fd9f0
Event: 2.130 Thread 0x000001790e232b60 DEOPT UNPACKING pc=0x0000017915ad2b43 sp=0x00000030237fce48 mode 0
Event: 2.131 Thread 0x000001790e232b60 DEOPT PACKING pc=0x00000179160a1da6 sp=0x00000030237fd9f0
Event: 2.131 Thread 0x000001790e232b60 DEOPT UNPACKING pc=0x0000017915ad2b43 sp=0x00000030237fce48 mode 0
Event: 2.134 Thread 0x000001790e232b60 DEOPT PACKING pc=0x00000179160a1e7e sp=0x00000030237fd9f0
Event: 2.134 Thread 0x000001790e232b60 DEOPT UNPACKING pc=0x0000017915ad2b43 sp=0x00000030237fce48 mode 0
Event: 2.343 Thread 0x000001790e232b60 DEOPT PACKING pc=0x0000017916076f2d sp=0x00000030237fa910
Event: 2.344 Thread 0x000001790e232b60 DEOPT UNPACKING pc=0x0000017915ad2b43 sp=0x00000030237f9da8 mode 0

Classes unloaded (0 events):
No events

Classes redefined (0 events):
No events

Internal exceptions (0 events):
No events

VM Operations (6 events):
Event: 1.416 Executing VM operation: HandshakeAllThreads
Event: 1.416 Executing VM operation: HandshakeAllThreads done
Event: 1.626 Executing VM operation: HandshakeAllThreads
Event: 1.626 Executing VM operation: HandshakeAllThreads done
Event: 1.626 Executing VM operation: Cleanup
Event: 1.626 Executing VM operation: Cleanup done

Events (20 events):
Event: 2.043 loading class java/util/Base64 done
Event: 2.044 loading class java/util/Base64$Decoder
Event: 2.044 loading class java/util/Base64$Decoder done
Event: 2.044 loading class java/util/Base64$Encoder
Event: 2.044 loading class java/util/Base64$Encoder done
Event: 2.050 loading class java/util/jar/JarVerifier$VerifierStream
Event: 2.050 loading class java/util/jar/JarVerifier$VerifierStream done
Event: 2.050 loading class sun/security/util/ManifestEntryVerifier$SunProviderHolder
Event: 2.050 loading class sun/security/util/ManifestEntryVerifier$SunProviderHolder done
Event: 2.114 loading class java/lang/UnsupportedOperationException
Event: 2.114 loading class java/lang/UnsupportedOperationException done
Event: 2.125 loading class java/util/concurrent/CompletableFuture
Event: 2.127 loading class java/util/concurrent/CompletionStage
Event: 2.128 loading class java/util/concurrent/CompletionStage done
Event: 2.128 loading class java/util/concurrent/CompletableFuture done
Event: 2.180 Thread 0x000001792b373e10 Thread added: 0x000001792b373e10
Event: 2.211 loading class java/io/Reader
Event: 2.211 loading class java/io/Reader done
Event: 2.211 loading class java/io/StringReader
Event: 2.211 loading class java/io/StringReader done


Dynamic libraries:
0x00007ff6f94e0000 - 0x00007ff6f94ee000 	C:\Program Files\Microsoft\jdk-17.0.2\bin\java.exe
0x00007ff9435d0000 - 0x00007ff9437c8000 	C:\Windows\SYSTEM32\ntdll.dll
0x00007ff943240000 - 0x00007ff9432fd000 	C:\Windows\System32\KERNEL32.DLL
0x00007ff941300000 - 0x00007ff9415f6000 	C:\Windows\System32\KERNELBASE.dll
0x00007ff940e10000 - 0x00007ff940f10000 	C:\Windows\System32\ucrtbase.dll
0x00007ff933e60000 - 0x00007ff933e78000 	C:\Program Files\Microsoft\jdk-17.0.2\bin\jli.dll
0x00007ff943060000 - 0x00007ff9431ff000 	C:\Windows\System32\USER32.dll
0x00007ff940fa0000 - 0x00007ff940fc2000 	C:\Windows\System32\win32u.dll
0x00007ff943200000 - 0x00007ff94322b000 	C:\Windows\System32\GDI32.dll
0x00007ff940fd0000 - 0x00007ff9410e7000 	C:\Windows\System32\gdi32full.dll
0x00007ff941160000 - 0x00007ff9411fd000 	C:\Windows\System32\msvcp_win.dll
0x00007ff9326d0000 - 0x00007ff9326ea000 	C:\Program Files\Microsoft\jdk-17.0.2\bin\VCRUNTIME140.dll
0x00007ff9303b0000 - 0x00007ff93064a000 	C:\Windows\WinSxS\amd64_microsoft.windows.common-controls_6595b64144ccf1df_6.0.19041.4355_none_60b8b9eb71f62e16\COMCTL32.dll
0x00007ff942db0000 - 0x00007ff942e4e000 	C:\Windows\System32\msvcrt.dll
0x00007ff9434a0000 - 0x00007ff9434d2000 	C:\Windows\System32\IMM32.DLL
0x00007ff93e3e0000 - 0x00007ff93e3ec000 	C:\Program Files\Microsoft\jdk-17.0.2\bin\vcruntime140_1.dll
0x00007ff91d540000 - 0x00007ff91d5cd000 	C:\Program Files\Microsoft\jdk-17.0.2\bin\msvcp140.dll
0x00007ff9147c0000 - 0x00007ff915381000 	C:\Program Files\Microsoft\jdk-17.0.2\bin\server\jvm.dll
0x00007ff942e50000 - 0x00007ff942f00000 	C:\Windows\System32\ADVAPI32.dll
0x00007ff941ef0000 - 0x00007ff941f90000 	C:\Windows\System32\sechost.dll
0x00007ff941a70000 - 0x00007ff941b93000 	C:\Windows\System32\RPCRT4.dll
0x00007ff940c80000 - 0x00007ff940ca7000 	C:\Windows\System32\bcrypt.dll
0x00007ff943230000 - 0x00007ff943238000 	C:\Windows\System32\PSAPI.DLL
0x00007ff93c660000 - 0x00007ff93c669000 	C:\Windows\SYSTEM32\WSOCK32.dll
0x00007ff942700000 - 0x00007ff94276b000 	C:\Windows\System32\WS2_32.dll
0x00007ff932920000 - 0x00007ff932947000 	C:\Windows\SYSTEM32\WINMM.dll
0x00007ff93a6e0000 - 0x00007ff93a6ea000 	C:\Windows\SYSTEM32\VERSION.dll
0x00007ff93eb00000 - 0x00007ff93eb12000 	C:\Windows\SYSTEM32\kernel.appcore.dll
0x00007ff935540000 - 0x00007ff93554a000 	C:\Program Files\Microsoft\jdk-17.0.2\bin\jimage.dll
0x00007ff929890000 - 0x00007ff929a74000 	C:\Windows\SYSTEM32\DBGHELP.DLL
0x00007ff929820000 - 0x00007ff929854000 	C:\Windows\SYSTEM32\dbgcore.DLL
0x00007ff940f10000 - 0x00007ff940f92000 	C:\Windows\System32\bcryptPrimitives.dll
0x00007ff928080000 - 0x00007ff9280a5000 	C:\Program Files\Microsoft\jdk-17.0.2\bin\java.dll
0x00007ff91d460000 - 0x00007ff91d536000 	C:\Program Files\Microsoft\jdk-17.0.2\bin\jsvml.dll
0x00007ff941f90000 - 0x00007ff9426fb000 	C:\Windows\System32\SHELL32.dll
0x00007ff93ed00000 - 0x00007ff93f49d000 	C:\Windows\SYSTEM32\windows.storage.dll
0x00007ff942770000 - 0x00007ff942ac3000 	C:\Windows\System32\combase.dll
0x00007ff9406a0000 - 0x00007ff9406ce000 	C:\Windows\SYSTEM32\Wldp.dll
0x00007ff942ae0000 - 0x00007ff942bad000 	C:\Windows\System32\OLEAUT32.dll
0x00007ff942f20000 - 0x00007ff942fcd000 	C:\Windows\System32\SHCORE.dll
0x00007ff942ce0000 - 0x00007ff942d35000 	C:\Windows\System32\shlwapi.dll
0x00007ff940bb0000 - 0x00007ff940bd4000 	C:\Windows\SYSTEM32\profapi.dll
0x00007ff92e620000 - 0x00007ff92e639000 	C:\Program Files\Microsoft\jdk-17.0.2\bin\net.dll
0x00007ff938dc0000 - 0x00007ff938eca000 	C:\Windows\SYSTEM32\WINHTTP.dll
0x00007ff940400000 - 0x00007ff94046a000 	C:\Windows\system32\mswsock.dll
0x00007ff9294a0000 - 0x00007ff9294b6000 	C:\Program Files\Microsoft\jdk-17.0.2\bin\nio.dll
0x00007ff928a70000 - 0x00007ff928a88000 	C:\Program Files\Microsoft\jdk-17.0.2\bin\zip.dll

dbghelp: loaded successfully - version: 4.0.5 - missing functions: none
symbol engine: initialized successfully - sym options: 0x614 - pdb path: .;C:\Program Files\Microsoft\jdk-17.0.2\bin;C:\Windows\SYSTEM32;C:\Windows\WinSxS\amd64_microsoft.windows.common-controls_6595b64144ccf1df_6.0.19041.4355_none_60b8b9eb71f62e16;C:\Program Files\Microsoft\jdk-17.0.2\bin\server

VM Arguments:
jvm_args: -Dfile.encoding=utf8 
java_command: c:\Users\aanan\.vscode\extensions\vscjava.vscode-gradle-3.13.5\lib\gradle-language-server.jar
java_class_path (initial): c:\Users\aanan\.vscode\extensions\vscjava.vscode-gradle-3.13.5\lib\gradle-language-server.jar
Launcher Type: SUN_STANDARD

[Global flags]
     intx CICompilerCount                          = 3                                         {product} {ergonomic}
     uint ConcGCThreads                            = 1                                         {product} {ergonomic}
     uint G1ConcRefinementThreads                  = 4                                         {product} {ergonomic}
   size_t G1HeapRegionSize                         = 1048576                                   {product} {ergonomic}
    uintx GCDrainStackTargetSize                   = 64                                        {product} {ergonomic}
   size_t InitialHeapSize                          = 100663296                                 {product} {ergonomic}
   size_t MarkStackSize                            = 4194304                                   {product} {ergonomic}
   size_t MaxHeapSize                              = 1581252608                                {product} {ergonomic}
   size_t MaxNewSize                               = 947912704                                 {product} {ergonomic}
   size_t MinHeapDeltaBytes                        = 1048576                                   {product} {ergonomic}
   size_t MinHeapSize                              = 8388608                                   {product} {ergonomic}
    uintx NonNMethodCodeHeapSize                   = 5832780                                {pd product} {ergonomic}
    uintx NonProfiledCodeHeapSize                  = 122912730                              {pd product} {ergonomic}
    uintx ProfiledCodeHeapSize                     = 122912730                              {pd product} {ergonomic}
    uintx ReservedCodeCacheSize                    = 251658240                              {pd product} {ergonomic}
     bool SegmentedCodeCache                       = true                                      {product} {ergonomic}
   size_t SoftMaxHeapSize                          = 1581252608                             {manageable} {ergonomic}
     bool UseCompressedClassPointers               = true                           {product lp64_product} {ergonomic}
     bool UseCompressedOops                        = true                           {product lp64_product} {ergonomic}
     bool UseG1GC                                  = true                                      {product} {ergonomic}
     bool UseLargePagesIndividualAllocation        = false                                  {pd product} {ergonomic}

Logging:
Log output configuration:
 #0: stdout all=warning uptime,level,tags
 #1: stderr all=off uptime,level,tags

Environment Variables:
JAVA_HOME=C:\Program Files\Microsoft\jdk-17.0.2
PATH=C:\Program Files (x86)\Intel\iCLS Client\;C:\Program Files\Intel\iCLS Client\;C:\Windows\system32;C:\Windows;C:\Windows\System32\Wbem;C:\Windows\System32\WindowsPowerShell\v1.0\;C:\Windows\System32\OpenSSH\;C:\Program Files\dotnet\;C:\Program Files\Intel\Intel(R) Management Engine Components\DAL;C:\Program Files\Intel\Intel(R) Management Engine Components\IPT;C:\Program Files (x86)\Intel\Intel(R) Management Engine Components\DAL;C:\Program Files (x86)\Intel\Intel(R) Management Engine Components\IPT;C:\ProgramData\chocolatey\bin;C:\Program Files\nodejs\;C:\Users\aanan\AppData\Local\Android\Sdk\platform-tools;C:\Program Files\Git\cmd;C:\Program Files\Git\mingw64\bin;C:\Program Files\Git\usr\bin;C:\Program Files\Microsoft\jdk-17.0.2\bin;C:\Users\aanan\AppData\Local\Microsoft\WindowsApps;C:\Users\aanan\AppData\Local\Programs\Microsoft VS Code\bin;C:\Users\aanan\AppData\Roaming\npm;
USERNAME=Devendra
OS=Windows_NT
PROCESSOR_IDENTIFIER=Intel64 Family 6 Model 69 Stepping 1, GenuineIntel



---------------  S Y S T E M  ---------------

OS:
 Windows 10 , 64 bit Build 19041 (10.0.19041.3636)
OS uptime: 0 days 21:51 hours

CPU: total 4 (initial active 4) (2 cores per cpu, 2 threads per core) family 6 model 69 stepping 1 microcode 0x25, cx8, cmov, fxsr, ht, mmx, sse, sse2, sse3, ssse3, sse4.1, sse4.2, popcnt, lzcnt, tsc, tscinvbit, avx, avx2, aes, erms, clmul, bmi1, bmi2, fma, vzeroupper, clflush

Memory: 4k page, system-wide physical 6024M (606M free)
TotalPageFile size 8072M (AvailPageFile size 52M)
current process WorkingSet (physical memory assigned to process): 44M, peak: 44M
current process commit charge ("private bytes"): 174M, peak: 174M

vm_info: OpenJDK 64-Bit Server VM (17.0.2+8-86) for windows-amd64 JRE (17.0.2+8-86), built on Dec  7 2021 21:49:10 by "mach5one" with MS VC++ 16.8 / 16.9 (VS2019)

END.
