#
# There is insufficient memory for the Java Runtime Environment to continue.
# Native memory allocation (malloc) failed to allocate 2022784 bytes for Chunk::new
# Possible reasons:
#   The system is out of physical RAM or swap space
#   The process is running with CompressedOops enabled, and the Java Heap may be blocking the growth of the native heap
# Possible solutions:
#   Reduce memory load on the system
#   Increase physical memory or swap space
#   Check if swap backing store is full
#   Decrease Java heap size (-Xmx/-Xms)
#   Decrease number of Java threads
#   Decrease Java thread stack sizes (-Xss)
#   Set larger code cache with -XX:ReservedCodeCacheSize=
#   JVM is running with Unscaled Compressed Oops mode in which the Java heap is
#     placed in the first 4GB address space. The Java Heap base address is the
#     maximum limit for the native heap growth. Please use -XX:HeapBaseMinAddress
#     to set the Java Heap base and to place the Java Heap above 4GB virtual address.
# This output file may be truncated or incomplete.
#
#  Out of Memory Error (arena.cpp:189), pid=7980, tid=5964
#
# JRE version: OpenJDK Runtime Environment (17.0.2+8) (build 17.0.2+8-86)
# Java VM: OpenJDK 64-Bit Server VM (17.0.2+8-86, mixed mode, sharing, tiered, compressed oops, compressed class ptrs, g1 gc, windows-amd64)
# No core dump will be written. Minidumps are not enabled by default on client versions of Windows
#

---------------  S U M M A R Y ------------

Command Line: -XX:MaxMetaspaceSize=512m --add-opens=java.base/java.util=ALL-UNNAMED --add-opens=java.base/java.lang=ALL-UNNAMED --add-opens=java.base/java.lang.invoke=ALL-UNNAMED --add-opens=java.prefs/java.util.prefs=ALL-UNNAMED --add-opens=java.base/java.nio.charset=ALL-UNNAMED --add-opens=java.base/java.net=ALL-UNNAMED --add-opens=java.base/java.util.concurrent.atomic=ALL-UNNAMED -Xmx2048m -Dfile.encoding=windows-1252 -Duser.country=IN -Duser.language=en -Duser.variant -javaagent:C:\Users\aanan\.gradle\wrapper\dists\gradle-8.3-all\6en3ugtfdg5xnpx44z4qbwgas\gradle-8.3\lib\agents\gradle-instrumentation-agent-8.3.jar org.gradle.launcher.daemon.bootstrap.GradleDaemon 8.3

Host: Intel(R) Core(TM) i3-4010U CPU @ 1.70GHz, 4 cores, 5G,  Windows 10 , 64 bit Build 19041 (10.0.19041.4597)
Time: Mon Aug  5 13:52:30 2024 India Standard Time elapsed time: 37.901223 seconds (0d 0h 0m 37s)

---------------  T H R E A D  ---------------

Current thread (0x00000259c14c6750):  JavaThread "C2 CompilerThread0" daemon [_thread_in_native, id=5964, stack(0x000000d909a00000,0x000000d909b00000)]


Current CompileTask:
C2:  37901 9148       4       org.gradle.internal.instantiation.generator.AbstractClassGenerator::inspectType (560 bytes)

Stack: [0x000000d909a00000,0x000000d909b00000]
Native frames: (J=compiled Java code, j=interpreted, Vv=VM code, C=native code)
V  [jvm.dll+0x670baa]
V  [jvm.dll+0x7cfcb4]
V  [jvm.dll+0x7d145e]
V  [jvm.dll+0x7d1ac3]
V  [jvm.dll+0x242bc5]
V  [jvm.dll+0xaa57b]
V  [jvm.dll+0xaab0c]
V  [jvm.dll+0x35fd07]
V  [jvm.dll+0x1b9b68]
V  [jvm.dll+0x215de9]
V  [jvm.dll+0x2150b1]
V  [jvm.dll+0x1a1bbd]
V  [jvm.dll+0x224908]
V  [jvm.dll+0x222a6c]
V  [jvm.dll+0x7859bb]
V  [jvm.dll+0x77ff7a]
V  [jvm.dll+0x66fa35]
C  [ucrtbase.dll+0x21bb2]
C  [KERNEL32.DLL+0x17374]
C  [ntdll.dll+0x4cc91]


---------------  P R O C E S S  ---------------

Threads class SMR info:
_java_thread_list=0x00000259c40de8f0, length=67, elements={
0x00000259a1cd9730, 0x00000259c14abcd0, 0x00000259c14aca50, 0x00000259c14c1050,
0x00000259c14c4930, 0x00000259c14c51f0, 0x00000259c14c5ab0, 0x00000259c14c6750,
0x00000259c1526be0, 0x00000259c1538c20, 0x00000259c157e890, 0x00000259c21057f0,
0x00000259c367bcd0, 0x00000259c2ad6080, 0x00000259c2dcd640, 0x00000259c3ec7900,
0x00000259c3ec7dd0, 0x00000259c3b57d40, 0x00000259c3b59550, 0x00000259c3b586e0,
0x00000259c3b59080, 0x00000259c3b58bb0, 0x00000259c3b58210, 0x00000259c3b59a20,
0x00000259c3b56a00, 0x00000259c3b573a0, 0x00000259c3b56060, 0x00000259c3b57870,
0x00000259c3b56530, 0x00000259c3b56ed0, 0x00000259c2bae0c0, 0x00000259c2bab0a0,
0x00000259c2bb10e0, 0x00000259c2baef30, 0x00000259c2bb0740, 0x00000259c2bb1f50,
0x00000259c2bb15b0, 0x00000259c2baf400, 0x00000259c2bad720, 0x00000259c2bafda0,
0x00000259c2baf8d0, 0x00000259c2bb0270, 0x00000259c2bab570, 0x00000259c2baba40,
0x00000259c2bb0c10, 0x00000259c2badbf0, 0x00000259c2e24ee0, 0x00000259c2e283d0,
0x00000259c2e288a0, 0x00000259c2e25d50, 0x00000259c2e26bc0, 0x00000259c2e26220,
0x00000259c2e253b0, 0x00000259c23959a0, 0x00000259c2e29be0, 0x00000259c2e28d70,
0x00000259c2e29240, 0x00000259c2e2a0b0, 0x00000259c2e27090, 0x00000259c2e2a580,
0x00000259c2e22d30, 0x00000259c2e23ba0, 0x00000259c2e25880, 0x00000259c2e23200,
0x00000259c2e266f0, 0x00000259c2e24070, 0x00000259c2e27560
}

Java Threads: ( => current thread )
  0x00000259a1cd9730 JavaThread "main" [_thread_blocked, id=7808, stack(0x000000d908d00000,0x000000d908e00000)]
  0x00000259c14abcd0 JavaThread "Reference Handler" daemon [_thread_blocked, id=6612, stack(0x000000d909400000,0x000000d909500000)]
  0x00000259c14aca50 JavaThread "Finalizer" daemon [_thread_blocked, id=1552, stack(0x000000d909500000,0x000000d909600000)]
  0x00000259c14c1050 JavaThread "Signal Dispatcher" daemon [_thread_blocked, id=1132, stack(0x000000d909600000,0x000000d909700000)]
  0x00000259c14c4930 JavaThread "Attach Listener" daemon [_thread_blocked, id=1064, stack(0x000000d909700000,0x000000d909800000)]
  0x00000259c14c51f0 JavaThread "Service Thread" daemon [_thread_blocked, id=2772, stack(0x000000d909800000,0x000000d909900000)]
  0x00000259c14c5ab0 JavaThread "Monitor Deflation Thread" daemon [_thread_blocked, id=3700, stack(0x000000d909900000,0x000000d909a00000)]
=>0x00000259c14c6750 JavaThread "C2 CompilerThread0" daemon [_thread_in_native, id=5964, stack(0x000000d909a00000,0x000000d909b00000)]
  0x00000259c1526be0 JavaThread "C1 CompilerThread0" daemon [_thread_blocked, id=1768, stack(0x000000d909b00000,0x000000d909c00000)]
  0x00000259c1538c20 JavaThread "Sweeper thread" daemon [_thread_blocked, id=3912, stack(0x000000d909c00000,0x000000d909d00000)]
  0x00000259c157e890 JavaThread "Common-Cleaner" daemon [_thread_blocked, id=4380, stack(0x000000d909d00000,0x000000d909e00000)]
  0x00000259c21057f0 JavaThread "Notification Thread" daemon [_thread_blocked, id=3480, stack(0x000000d909e00000,0x000000d909f00000)]
  0x00000259c367bcd0 JavaThread "Daemon health stats" [_thread_blocked, id=716, stack(0x000000d90a400000,0x000000d90a500000)]
  0x00000259c2ad6080 JavaThread "Incoming local TCP Connector on port 64687" [_thread_in_native, id=4824, stack(0x000000d90a200000,0x000000d90a300000)]
  0x00000259c2dcd640 JavaThread "Daemon periodic checks" [_thread_blocked, id=1152, stack(0x000000d90a500000,0x000000d90a600000)]
  0x00000259c3ec7900 JavaThread "Daemon" [_thread_blocked, id=6228, stack(0x000000d90a700000,0x000000d90a800000)]
  0x00000259c3ec7dd0 JavaThread "Handler for socket connection from /127.0.0.1:64687 to /127.0.0.1:64688" [_thread_in_native, id=6672, stack(0x000000d90a800000,0x000000d90a900000)]
  0x00000259c3b57d40 JavaThread "Cancel handler" [_thread_blocked, id=3704, stack(0x000000d90a600000,0x000000d90a700000)]
  0x00000259c3b59550 JavaThread "Daemon worker" [_thread_in_native, id=11836, stack(0x000000d90a900000,0x000000d90aa00000)]
  0x00000259c3b586e0 JavaThread "Asynchronous log dispatcher for DefaultDaemonConnection: socket connection from /127.0.0.1:64687 to /127.0.0.1:64688" [_thread_blocked, id=6724, stack(0x000000d90aa00000,0x000000d90ab00000)]
  0x00000259c3b59080 JavaThread "Stdin handler" [_thread_blocked, id=8808, stack(0x000000d90ab00000,0x000000d90ac00000)]
  0x00000259c3b58bb0 JavaThread "Daemon client event forwarder" [_thread_blocked, id=7864, stack(0x000000d90ac00000,0x000000d90ad00000)]
  0x00000259c3b58210 JavaThread "Cache worker for journal cache (C:\Users\aanan\.gradle\caches\journal-1)" [_thread_blocked, id=11512, stack(0x000000d90ad00000,0x000000d90ae00000)]
  0x00000259c3b59a20 JavaThread "File lock request listener" [_thread_in_native, id=4868, stack(0x000000d90ae00000,0x000000d90af00000)]
  0x00000259c3b56a00 JavaThread "Cache worker for file hash cache (C:\Users\aanan\.gradle\caches\8.3\fileHashes)" [_thread_blocked, id=5052, stack(0x000000d90af00000,0x000000d90b000000)]
  0x00000259c3b573a0 JavaThread "File watcher server" daemon [_thread_in_native, id=5704, stack(0x000000d90b100000,0x000000d90b200000)]
  0x00000259c3b56060 JavaThread "File watcher consumer" daemon [_thread_blocked, id=1312, stack(0x000000d90b200000,0x000000d90b300000)]
  0x00000259c3b57870 JavaThread "Cache worker for checksums cache (C:\Users\aanan\Desktop\Latest\android\.gradle\8.3\checksums)" [_thread_blocked, id=10984, stack(0x000000d90b300000,0x000000d90b400000)]
  0x00000259c3b56530 JavaThread "Cache worker for file hash cache (C:\Users\aanan\Desktop\Latest\android\.gradle\8.3\fileHashes)" [_thread_blocked, id=8380, stack(0x000000d90b400000,0x000000d90b500000)]
  0x00000259c3b56ed0 JavaThread "Cache worker for cache directory md-supplier (C:\Users\aanan\.gradle\caches\8.3\md-supplier)" [_thread_blocked, id=3528, stack(0x000000d90b500000,0x000000d90b600000)]
  0x00000259c2bae0c0 JavaThread "Cache worker for file content cache (C:\Users\aanan\.gradle\caches\8.3\fileContent)" [_thread_blocked, id=1420, stack(0x000000d90b600000,0x000000d90b700000)]
  0x00000259c2bab0a0 JavaThread "Cache worker for cache directory md-rule (C:\Users\aanan\.gradle\caches\8.3\md-rule)" [_thread_blocked, id=11236, stack(0x000000d90b700000,0x000000d90b800000)]
  0x00000259c2bb10e0 JavaThread "Cache worker for execution history cache (C:\Users\aanan\.gradle\caches\8.3\executionHistory)" [_thread_blocked, id=10752, stack(0x000000d90b800000,0x000000d90b900000)]
  0x00000259c2baef30 JavaThread "jar transforms" [_thread_blocked, id=3304, stack(0x000000d90b900000,0x000000d90ba00000)]
  0x00000259c2bb0740 JavaThread "jar transforms Thread 2" [_thread_blocked, id=6548, stack(0x000000d90ba00000,0x000000d90bb00000)]
  0x00000259c2bb1f50 JavaThread "jar transforms Thread 3" [_thread_blocked, id=10340, stack(0x000000d90bb00000,0x000000d90bc00000)]
  0x00000259c2bb15b0 JavaThread "jar transforms Thread 4" [_thread_blocked, id=9116, stack(0x000000d90bc00000,0x000000d90bd00000)]
  0x00000259c2baf400 JavaThread "Cache worker for kotlin-dsl (C:\Users\aanan\.gradle\caches\8.3\kotlin-dsl)" [_thread_blocked, id=820, stack(0x000000d90bd00000,0x000000d90be00000)]
  0x00000259c2bad720 JavaThread "Unconstrained build operations" [_thread_blocked, id=8432, stack(0x000000d90be00000,0x000000d90bf00000)]
  0x00000259c2bafda0 JavaThread "Unconstrained build operations Thread 2" [_thread_blocked, id=5068, stack(0x000000d90bf00000,0x000000d90c000000)]
  0x00000259c2baf8d0 JavaThread "Cache worker for dependencies-accessors (C:\Users\aanan\Desktop\Latest\android\.gradle\8.3\dependencies-accessors)" [_thread_blocked, id=7452, stack(0x000000d90c000000,0x000000d90c100000)]
  0x00000259c2bb0270 JavaThread "Cache worker for Build Output Cleanup Cache (C:\Users\aanan\Desktop\Latest\node_modules\@react-native\gradle-plugin\.gradle\buildOutputCleanup)" [_thread_blocked, id=10620, stack(0x000000d90c100000,0x000000d90c200000)]
  0x00000259c2bab570 JavaThread "Unconstrained build operations Thread 3" [_thread_blocked, id=2684, stack(0x000000d90c200000,0x000000d90c300000)]
  0x00000259c2baba40 JavaThread "Unconstrained build operations Thread 4" [_thread_blocked, id=3424, stack(0x000000d90c300000,0x000000d90c400000)]
  0x00000259c2bb0c10 JavaThread "Unconstrained build operations Thread 5" [_thread_blocked, id=2948, stack(0x000000d90c400000,0x000000d90c500000)]
  0x00000259c2badbf0 JavaThread "Memory manager" [_thread_blocked, id=1392, stack(0x000000d90c500000,0x000000d90c600000)]
  0x00000259c2e24ee0 JavaThread "Cache worker for Build Output Cleanup Cache (C:\Users\aanan\Desktop\Latest\android\.gradle\buildOutputCleanup)" [_thread_blocked, id=2084, stack(0x000000d90c600000,0x000000d90c700000)]
  0x00000259c2e283d0 JavaThread "ForkJoinPool.commonPool-worker-1" daemon [_thread_blocked, id=7000, stack(0x000000d90c700000,0x000000d90c800000)]
  0x00000259c2e288a0 JavaThread "ForkJoinPool.commonPool-worker-2" daemon [_thread_blocked, id=2496, stack(0x000000d90c800000,0x000000d90c900000)]
  0x00000259c2e25d50 JavaThread "ForkJoinPool.commonPool-worker-3" daemon [_thread_blocked, id=1944, stack(0x000000d90c900000,0x000000d90ca00000)]
  0x00000259c2e26bc0 JavaThread "Exec process" daemon [_thread_blocked, id=3608, stack(0x000000d90ca00000,0x000000d90cb00000)]
  0x00000259c2e26220 JavaThread "Exec process Thread 2" daemon [_thread_blocked, id=8088, stack(0x000000d90cb00000,0x000000d90cc00000)]
  0x00000259c2e253b0 JavaThread "Exec process Thread 3" daemon [_thread_blocked, id=7688, stack(0x000000d90cc00000,0x000000d90cd00000)]
  0x00000259c23959a0 JavaThread "C2 CompilerThread1" daemon [_thread_in_native, id=2544, stack(0x000000d90b000000,0x000000d90b100000)]
  0x00000259c2e29be0 JavaThread "included builds" [_thread_blocked, id=1212, stack(0x000000d90cd00000,0x000000d90ce00000)]
  0x00000259c2e28d70 JavaThread "Execution worker" [_thread_blocked, id=6616, stack(0x000000d90ce00000,0x000000d90cf00000)]
  0x00000259c2e29240 JavaThread "Execution worker Thread 2" [_thread_blocked, id=9768, stack(0x000000d90cf00000,0x000000d90d000000)]
  0x00000259c2e2a0b0 JavaThread "Execution worker Thread 3" [_thread_blocked, id=11824, stack(0x000000d90d000000,0x000000d90d100000)]
  0x00000259c2e27090 JavaThread "Cache worker for execution history cache (C:\Users\aanan\Desktop\Latest\node_modules\@react-native\gradle-plugin\.gradle\8.3\executionHistory)" [_thread_blocked, id=4736, stack(0x000000d90d100000,0x000000d90d200000)]
  0x00000259c2e2a580 JavaThread "Unconstrained build operations Thread 6" [_thread_blocked, id=6780, stack(0x000000d90d200000,0x000000d90d300000)]
  0x00000259c2e22d30 JavaThread "Unconstrained build operations Thread 7" [_thread_blocked, id=7400, stack(0x000000d90d300000,0x000000d90d400000)]
  0x00000259c2e23ba0 JavaThread "Unconstrained build operations Thread 8" [_thread_blocked, id=10900, stack(0x000000d90d400000,0x000000d90d500000)]
  0x00000259c2e25880 JavaThread "Unconstrained build operations Thread 9" [_thread_blocked, id=8564, stack(0x000000d90d500000,0x000000d90d600000)]
  0x00000259c2e23200 JavaThread "Unconstrained build operations Thread 10" [_thread_blocked, id=6452, stack(0x000000d90d600000,0x000000d90d700000)]
  0x00000259c2e266f0 JavaThread "Unconstrained build operations Thread 11" [_thread_blocked, id=3576, stack(0x000000d90d700000,0x000000d90d800000)]
  0x00000259c2e24070 JavaThread "Unconstrained build operations Thread 12" [_thread_blocked, id=11212, stack(0x000000d90d800000,0x000000d90d900000)]
  0x00000259c2e27560 JavaThread "Unconstrained build operations Thread 13" [_thread_blocked, id=7328, stack(0x000000d90d900000,0x000000d90da00000)]

Other Threads:
  0x00000259c14a6d70 VMThread "VM Thread" [stack: 0x000000d909300000,0x000000d909400000] [id=7412]
  0x00000259c2155680 WatcherThread [stack: 0x000000d909f00000,0x000000d90a000000] [id=7660]
  0x00000259a1d17130 GCTaskThread "GC Thread#0" [stack: 0x000000d908e00000,0x000000d908f00000] [id=8560]
  0x00000259c26a00d0 GCTaskThread "GC Thread#1" [stack: 0x000000d90a000000,0x000000d90a100000] [id=7248]
  0x00000259c25e5ae0 GCTaskThread "GC Thread#2" [stack: 0x000000d90a100000,0x000000d90a200000] [id=11532]
  0x00000259c22fe770 GCTaskThread "GC Thread#3" [stack: 0x000000d90a300000,0x000000d90a400000] [id=8344]
  0x00000259a1d29f90 ConcurrentGCThread "G1 Main Marker" [stack: 0x000000d908f00000,0x000000d909000000] [id=6116]
  0x00000259a1d2a8b0 ConcurrentGCThread "G1 Conc#0" [stack: 0x000000d909000000,0x000000d909100000] [id=9744]
  0x00000259a1d8b8f0 ConcurrentGCThread "G1 Refine#0" [stack: 0x000000d909100000,0x000000d909200000] [id=9568]
  0x00000259a1d8c220 ConcurrentGCThread "G1 Service" [stack: 0x000000d909200000,0x000000d909300000] [id=3592]

Threads with active compile tasks:
C2 CompilerThread0    37963 9148       4       org.gradle.internal.instantiation.generator.AbstractClassGenerator::inspectType (560 bytes)
C2 CompilerThread1    37963 9236       4       java.lang.Class::getMethod (59 bytes)

VM state: not at safepoint (normal execution)

VM Mutex/Monitor currently owned by a thread: None

Heap address: 0x0000000080000000, size: 2048 MB, Compressed Oops mode: 32-bit

CDS archive(s) mapped at: [0x0000000800000000-0x0000000800bc0000-0x0000000800bc0000), size 12320768, SharedBaseAddress: 0x0000000800000000, ArchiveRelocationMode: 0.
Compressed class space mapped at: 0x0000000800c00000-0x000000081a800000, reserved size: 432013312
Narrow klass base: 0x0000000800000000, Narrow klass shift: 0, Narrow klass range: 0x100000000

GC Precious Log:
 CPUs: 4 total, 4 available
 Memory: 6024M
 Large Page Support: Disabled
 NUMA Support: Disabled
 Compressed Oops: Enabled (32-bit)
 Heap Region Size: 1M
 Heap Min Capacity: 8M
 Heap Initial Capacity: 96M
 Heap Max Capacity: 2G
 Pre-touch: Disabled
 Parallel Workers: 4
 Concurrent Workers: 1
 Concurrent Refinement Workers: 4
 Periodic GC: Disabled

Heap:
 garbage-first heap   total 277504K, used 143273K [0x0000000080000000, 0x0000000100000000)
  region size 1024K, 59 young (60416K), 3 survivors (3072K)
 Metaspace       used 76988K, committed 77760K, reserved 495616K
  class space    used 10723K, committed 11072K, reserved 421888K

Heap Regions: E=young(eden), S=young(survivor), O=old, HS=humongous(starts), HC=humongous(continues), CS=collection set, F=free, OA=open archive, CA=closed archive, TAMS=top-at-mark-start (previous, next)
|   0|0x0000000080000000, 0x0000000080100000, 0x0000000080100000|100%| O|  |TAMS 0x0000000080100000, 0x0000000080000000| Untracked 
|   1|0x0000000080100000, 0x0000000080200000, 0x0000000080200000|100%| O|  |TAMS 0x0000000080200000, 0x0000000080100000| Untracked 
|   2|0x0000000080200000, 0x0000000080300000, 0x0000000080300000|100%|HS|  |TAMS 0x0000000080300000, 0x0000000080200000| Complete 
|   3|0x0000000080300000, 0x0000000080400000, 0x0000000080400000|100%|HC|  |TAMS 0x0000000080400000, 0x0000000080300000| Complete 
|   4|0x0000000080400000, 0x0000000080500000, 0x0000000080500000|100%|HC|  |TAMS 0x0000000080500000, 0x0000000080400000| Complete 
|   5|0x0000000080500000, 0x0000000080600000, 0x0000000080600000|100%|HC|  |TAMS 0x0000000080600000, 0x0000000080500000| Complete 
|   6|0x0000000080600000, 0x0000000080700000, 0x0000000080700000|100%| O|  |TAMS 0x0000000080700000, 0x0000000080600000| Untracked 
|   7|0x0000000080700000, 0x0000000080800000, 0x0000000080800000|100%| O|  |TAMS 0x0000000080800000, 0x0000000080700000| Untracked 
|   8|0x0000000080800000, 0x0000000080900000, 0x0000000080900000|100%| O|  |TAMS 0x0000000080900000, 0x0000000080800000| Untracked 
|   9|0x0000000080900000, 0x0000000080a00000, 0x0000000080a00000|100%| O|  |TAMS 0x0000000080a00000, 0x0000000080900000| Untracked 
|  10|0x0000000080a00000, 0x0000000080b00000, 0x0000000080b00000|100%| O|  |TAMS 0x0000000080b00000, 0x0000000080a00000| Untracked 
|  11|0x0000000080b00000, 0x0000000080c00000, 0x0000000080c00000|100%| O|  |TAMS 0x0000000080c00000, 0x0000000080b00000| Untracked 
|  12|0x0000000080c00000, 0x0000000080c00000, 0x0000000080d00000|  0%| F|  |TAMS 0x0000000080c00000, 0x0000000080c00000| Untracked 
|  13|0x0000000080d00000, 0x0000000080e00000, 0x0000000080e00000|100%| O|  |TAMS 0x0000000080e00000, 0x0000000080d00000| Untracked 
|  14|0x0000000080e00000, 0x0000000080f00000, 0x0000000080f00000|100%| O|  |TAMS 0x0000000080f00000, 0x0000000080e00000| Untracked 
|  15|0x0000000080f00000, 0x0000000081000000, 0x0000000081000000|100%| O|  |TAMS 0x0000000081000000, 0x0000000080f00000| Untracked 
|  16|0x0000000081000000, 0x0000000081100000, 0x0000000081100000|100%| O|  |TAMS 0x0000000081100000, 0x0000000081000000| Untracked 
|  17|0x0000000081100000, 0x0000000081200000, 0x0000000081200000|100%| O|  |TAMS 0x0000000081200000, 0x0000000081100000| Untracked 
|  18|0x0000000081200000, 0x00000000812c3200, 0x0000000081300000| 76%| O|  |TAMS 0x00000000812c3200, 0x0000000081200000| Untracked 
|  19|0x0000000081300000, 0x0000000081400000, 0x0000000081400000|100%| O|  |TAMS 0x0000000081400000, 0x0000000081300000| Untracked 
|  20|0x0000000081400000, 0x0000000081500000, 0x0000000081500000|100%| O|  |TAMS 0x0000000081500000, 0x0000000081400000| Untracked 
|  21|0x0000000081500000, 0x0000000081600000, 0x0000000081600000|100%| O|  |TAMS 0x0000000081600000, 0x0000000081500000| Untracked 
|  22|0x0000000081600000, 0x0000000081700000, 0x0000000081700000|100%| O|  |TAMS 0x0000000081700000, 0x0000000081600000| Untracked 
|  23|0x0000000081700000, 0x0000000081800000, 0x0000000081800000|100%| O|  |TAMS 0x0000000081800000, 0x0000000081700000| Untracked 
|  24|0x0000000081800000, 0x0000000081900000, 0x0000000081900000|100%| O|  |TAMS 0x0000000081900000, 0x0000000081800000| Untracked 
|  25|0x0000000081900000, 0x0000000081a00000, 0x0000000081a00000|100%| O|  |TAMS 0x0000000081a00000, 0x0000000081900000| Untracked 
|  26|0x0000000081a00000, 0x0000000081b00000, 0x0000000081b00000|100%| O|  |TAMS 0x0000000081b00000, 0x0000000081a00000| Untracked 
|  27|0x0000000081b00000, 0x0000000081c00000, 0x0000000081c00000|100%| O|  |TAMS 0x0000000081c00000, 0x0000000081b00000| Untracked 
|  28|0x0000000081c00000, 0x0000000081d00000, 0x0000000081d00000|100%| O|  |TAMS 0x0000000081d00000, 0x0000000081c00000| Untracked 
|  29|0x0000000081d00000, 0x0000000081e00000, 0x0000000081e00000|100%| O|  |TAMS 0x0000000081e00000, 0x0000000081d00000| Untracked 
|  30|0x0000000081e00000, 0x0000000081f00000, 0x0000000081f00000|100%| O|  |TAMS 0x0000000081f00000, 0x0000000081e00000| Untracked 
|  31|0x0000000081f00000, 0x0000000082000000, 0x0000000082000000|100%|HS|  |TAMS 0x0000000082000000, 0x0000000081f00000| Complete 
|  32|0x0000000082000000, 0x0000000082100000, 0x0000000082100000|100%|HC|  |TAMS 0x0000000082100000, 0x0000000082000000| Complete 
|  33|0x0000000082100000, 0x0000000082200000, 0x0000000082200000|100%| O|  |TAMS 0x0000000082200000, 0x0000000082100000| Untracked 
|  34|0x0000000082200000, 0x0000000082300000, 0x0000000082300000|100%| O|  |TAMS 0x0000000082300000, 0x0000000082200000| Untracked 
|  35|0x0000000082300000, 0x0000000082400000, 0x0000000082400000|100%| O|  |TAMS 0x0000000082400000, 0x0000000082300000| Untracked 
|  36|0x0000000082400000, 0x0000000082500000, 0x0000000082500000|100%| O|  |TAMS 0x0000000082500000, 0x0000000082400000| Untracked 
|  37|0x0000000082500000, 0x0000000082600000, 0x0000000082600000|100%| O|  |TAMS 0x0000000082600000, 0x0000000082500000| Untracked 
|  38|0x0000000082600000, 0x0000000082700000, 0x0000000082700000|100%| O|  |TAMS 0x0000000082700000, 0x0000000082600000| Untracked 
|  39|0x0000000082700000, 0x0000000082800000, 0x0000000082800000|100%|HS|  |TAMS 0x0000000082800000, 0x0000000082700000| Complete 
|  40|0x0000000082800000, 0x0000000082900000, 0x0000000082900000|100%|HC|  |TAMS 0x0000000082900000, 0x0000000082800000| Complete 
|  41|0x0000000082900000, 0x0000000082a00000, 0x0000000082a00000|100%|HS|  |TAMS 0x0000000082a00000, 0x0000000082900000| Complete 
|  42|0x0000000082a00000, 0x0000000082b00000, 0x0000000082b00000|100%|HC|  |TAMS 0x0000000082b00000, 0x0000000082a00000| Complete 
|  43|0x0000000082b00000, 0x0000000082c00000, 0x0000000082c00000|100%|HC|  |TAMS 0x0000000082c00000, 0x0000000082b00000| Complete 
|  44|0x0000000082c00000, 0x0000000082d00000, 0x0000000082d00000|100%|HC|  |TAMS 0x0000000082d00000, 0x0000000082c00000| Complete 
|  45|0x0000000082d00000, 0x0000000082e00000, 0x0000000082e00000|100%| O|  |TAMS 0x0000000082e00000, 0x0000000082d00000| Untracked 
|  46|0x0000000082e00000, 0x0000000082f00000, 0x0000000082f00000|100%| O|  |TAMS 0x0000000082f00000, 0x0000000082e00000| Untracked 
|  47|0x0000000082f00000, 0x0000000083000000, 0x0000000083000000|100%| O|  |TAMS 0x0000000083000000, 0x0000000082f00000| Untracked 
|  48|0x0000000083000000, 0x0000000083100000, 0x0000000083100000|100%| O|  |TAMS 0x0000000083100000, 0x0000000083000000| Untracked 
|  49|0x0000000083100000, 0x0000000083200000, 0x0000000083200000|100%| O|  |TAMS 0x0000000083200000, 0x0000000083100000| Untracked 
|  50|0x0000000083200000, 0x0000000083300000, 0x0000000083300000|100%| O|  |TAMS 0x0000000083300000, 0x0000000083200000| Untracked 
|  51|0x0000000083300000, 0x0000000083400000, 0x0000000083400000|100%|HS|  |TAMS 0x0000000083400000, 0x0000000083300000| Complete 
|  52|0x0000000083400000, 0x0000000083500000, 0x0000000083500000|100%|HC|  |TAMS 0x0000000083500000, 0x0000000083400000| Complete 
|  53|0x0000000083500000, 0x0000000083600000, 0x0000000083600000|100%|HC|  |TAMS 0x0000000083600000, 0x0000000083500000| Complete 
|  54|0x0000000083600000, 0x0000000083700000, 0x0000000083700000|100%|HC|  |TAMS 0x0000000083700000, 0x0000000083600000| Complete 
|  55|0x0000000083700000, 0x0000000083800000, 0x0000000083800000|100%| O|  |TAMS 0x0000000083800000, 0x0000000083700000| Untracked 
|  56|0x0000000083800000, 0x0000000083900000, 0x0000000083900000|100%| O|  |TAMS 0x0000000083900000, 0x0000000083800000| Untracked 
|  57|0x0000000083900000, 0x0000000083a00000, 0x0000000083a00000|100%| O|  |TAMS 0x0000000083a00000, 0x0000000083900000| Untracked 
|  58|0x0000000083a00000, 0x0000000083b00000, 0x0000000083b00000|100%| O|  |TAMS 0x0000000083b00000, 0x0000000083a00000| Untracked 
|  59|0x0000000083b00000, 0x0000000083c00000, 0x0000000083c00000|100%| O|  |TAMS 0x0000000083c00000, 0x0000000083b00000| Untracked 
|  60|0x0000000083c00000, 0x0000000083d00000, 0x0000000083d00000|100%| O|  |TAMS 0x0000000083d00000, 0x0000000083c00000| Untracked 
|  61|0x0000000083d00000, 0x0000000083e00000, 0x0000000083e00000|100%| O|  |TAMS 0x0000000083e00000, 0x0000000083d00000| Untracked 
|  62|0x0000000083e00000, 0x0000000083f00000, 0x0000000083f00000|100%| O|  |TAMS 0x0000000083f00000, 0x0000000083e00000| Untracked 
|  63|0x0000000083f00000, 0x0000000084000000, 0x0000000084000000|100%| O|  |TAMS 0x0000000084000000, 0x0000000083f00000| Untracked 
|  64|0x0000000084000000, 0x0000000084100000, 0x0000000084100000|100%| O|  |TAMS 0x0000000084100000, 0x0000000084000000| Untracked 
|  65|0x0000000084100000, 0x0000000084200000, 0x0000000084200000|100%|HS|  |TAMS 0x0000000084200000, 0x0000000084100000| Complete 
|  66|0x0000000084200000, 0x0000000084300000, 0x0000000084300000|100%|HS|  |TAMS 0x0000000084300000, 0x0000000084200000| Complete 
|  67|0x0000000084300000, 0x0000000084400000, 0x0000000084400000|100%|HS|  |TAMS 0x0000000084400000, 0x0000000084300000| Complete 
|  68|0x0000000084400000, 0x0000000084500000, 0x0000000084500000|100%| O|  |TAMS 0x0000000084500000, 0x0000000084400000| Untracked 
|  69|0x0000000084500000, 0x0000000084600000, 0x0000000084600000|100%|HS|  |TAMS 0x0000000084600000, 0x0000000084500000| Complete 
|  70|0x0000000084600000, 0x0000000084700000, 0x0000000084700000|100%| O|  |TAMS 0x0000000084700000, 0x0000000084600000| Untracked 
|  71|0x0000000084700000, 0x0000000084800000, 0x0000000084800000|100%| O|  |TAMS 0x0000000084800000, 0x0000000084700000| Untracked 
|  72|0x0000000084800000, 0x0000000084900000, 0x0000000084900000|100%| O|  |TAMS 0x0000000084900000, 0x0000000084800000| Untracked 
|  73|0x0000000084900000, 0x0000000084a00000, 0x0000000084a00000|100%| O|  |TAMS 0x0000000084a00000, 0x0000000084900000| Untracked 
|  74|0x0000000084a00000, 0x0000000084b00000, 0x0000000084b00000|100%| O|  |TAMS 0x0000000084b00000, 0x0000000084a00000| Untracked 
|  75|0x0000000084b00000, 0x0000000084c00000, 0x0000000084c00000|100%| O|  |TAMS 0x0000000084c00000, 0x0000000084b00000| Untracked 
|  76|0x0000000084c00000, 0x0000000084d00000, 0x0000000084d00000|100%| O|  |TAMS 0x0000000084d00000, 0x0000000084c00000| Untracked 
|  77|0x0000000084d00000, 0x0000000084e00000, 0x0000000084e00000|100%| O|  |TAMS 0x0000000084e00000, 0x0000000084d00000| Untracked 
|  78|0x0000000084e00000, 0x0000000084f00000, 0x0000000084f00000|100%| O|  |TAMS 0x0000000084f00000, 0x0000000084e00000| Complete 
|  79|0x0000000084f00000, 0x0000000085000000, 0x0000000085000000|100%| O|  |TAMS 0x0000000085000000, 0x0000000084f00000| Untracked 
|  80|0x0000000085000000, 0x0000000085100000, 0x0000000085100000|100%| O|  |TAMS 0x0000000085100000, 0x0000000085000000| Untracked 
|  81|0x0000000085100000, 0x0000000085200000, 0x0000000085200000|100%| O|  |TAMS 0x0000000085200000, 0x0000000085100000| Untracked 
|  82|0x0000000085200000, 0x0000000085300000, 0x0000000085300000|100%| O|  |TAMS 0x0000000085300000, 0x0000000085200000| Untracked 
|  83|0x0000000085300000, 0x0000000085400000, 0x0000000085400000|100%| O|  |TAMS 0x0000000085400000, 0x0000000085300000| Untracked 
|  84|0x0000000085400000, 0x000000008540e800, 0x0000000085500000|  5%| O|  |TAMS 0x000000008540e800, 0x0000000085400000| Untracked 
|  85|0x0000000085500000, 0x0000000085500000, 0x0000000085600000|  0%| F|  |TAMS 0x0000000085500000, 0x0000000085500000| Untracked 
|  86|0x0000000085600000, 0x0000000085600000, 0x0000000085700000|  0%| F|  |TAMS 0x0000000085600000, 0x0000000085600000| Untracked 
|  87|0x0000000085700000, 0x0000000085700000, 0x0000000085800000|  0%| F|  |TAMS 0x0000000085700000, 0x0000000085700000| Untracked 
|  88|0x0000000085800000, 0x0000000085800000, 0x0000000085900000|  0%| F|  |TAMS 0x0000000085800000, 0x0000000085800000| Untracked 
|  89|0x0000000085900000, 0x0000000085900000, 0x0000000085a00000|  0%| F|  |TAMS 0x0000000085900000, 0x0000000085900000| Untracked 
|  90|0x0000000085a00000, 0x0000000085a00000, 0x0000000085b00000|  0%| F|  |TAMS 0x0000000085a00000, 0x0000000085a00000| Untracked 
|  91|0x0000000085b00000, 0x0000000085b00000, 0x0000000085c00000|  0%| F|  |TAMS 0x0000000085b00000, 0x0000000085b00000| Untracked 
|  92|0x0000000085c00000, 0x0000000085c00000, 0x0000000085d00000|  0%| F|  |TAMS 0x0000000085c00000, 0x0000000085c00000| Untracked 
|  93|0x0000000085d00000, 0x0000000085d00000, 0x0000000085e00000|  0%| F|  |TAMS 0x0000000085d00000, 0x0000000085d00000| Untracked 
|  94|0x0000000085e00000, 0x0000000085e00000, 0x0000000085f00000|  0%| F|  |TAMS 0x0000000085e00000, 0x0000000085e00000| Untracked 
|  95|0x0000000085f00000, 0x0000000085f00000, 0x0000000086000000|  0%| F|  |TAMS 0x0000000085f00000, 0x0000000085f00000| Untracked 
|  96|0x0000000086000000, 0x0000000086000000, 0x0000000086100000|  0%| F|  |TAMS 0x0000000086000000, 0x0000000086000000| Untracked 
|  97|0x0000000086100000, 0x0000000086100000, 0x0000000086200000|  0%| F|  |TAMS 0x0000000086100000, 0x0000000086100000| Untracked 
|  98|0x0000000086200000, 0x0000000086200000, 0x0000000086300000|  0%| F|  |TAMS 0x0000000086200000, 0x0000000086200000| Untracked 
|  99|0x0000000086300000, 0x0000000086300000, 0x0000000086400000|  0%| F|  |TAMS 0x0000000086300000, 0x0000000086300000| Untracked 
| 100|0x0000000086400000, 0x0000000086400000, 0x0000000086500000|  0%| F|  |TAMS 0x0000000086400000, 0x0000000086400000| Untracked 
| 101|0x0000000086500000, 0x0000000086500000, 0x0000000086600000|  0%| F|  |TAMS 0x0000000086500000, 0x0000000086500000| Untracked 
| 102|0x0000000086600000, 0x0000000086600000, 0x0000000086700000|  0%| F|  |TAMS 0x0000000086600000, 0x0000000086600000| Untracked 
| 103|0x0000000086700000, 0x0000000086700000, 0x0000000086800000|  0%| F|  |TAMS 0x0000000086700000, 0x0000000086700000| Untracked 
| 104|0x0000000086800000, 0x0000000086800000, 0x0000000086900000|  0%| F|  |TAMS 0x0000000086800000, 0x0000000086800000| Untracked 
| 105|0x0000000086900000, 0x0000000086900000, 0x0000000086a00000|  0%| F|  |TAMS 0x0000000086900000, 0x0000000086900000| Untracked 
| 106|0x0000000086a00000, 0x0000000086a00000, 0x0000000086b00000|  0%| F|  |TAMS 0x0000000086a00000, 0x0000000086a00000| Untracked 
| 107|0x0000000086b00000, 0x0000000086b00000, 0x0000000086c00000|  0%| F|  |TAMS 0x0000000086b00000, 0x0000000086b00000| Untracked 
| 108|0x0000000086c00000, 0x0000000086c00000, 0x0000000086d00000|  0%| F|  |TAMS 0x0000000086c00000, 0x0000000086c00000| Untracked 
| 109|0x0000000086d00000, 0x0000000086d00000, 0x0000000086e00000|  0%| F|  |TAMS 0x0000000086d00000, 0x0000000086d00000| Untracked 
| 110|0x0000000086e00000, 0x0000000086e00000, 0x0000000086f00000|  0%| F|  |TAMS 0x0000000086e00000, 0x0000000086e00000| Untracked 
| 111|0x0000000086f00000, 0x0000000086f00000, 0x0000000087000000|  0%| F|  |TAMS 0x0000000086f00000, 0x0000000086f00000| Untracked 
| 112|0x0000000087000000, 0x0000000087000000, 0x0000000087100000|  0%| F|  |TAMS 0x0000000087000000, 0x0000000087000000| Untracked 
| 113|0x0000000087100000, 0x0000000087100000, 0x0000000087200000|  0%| F|  |TAMS 0x0000000087100000, 0x0000000087100000| Untracked 
| 114|0x0000000087200000, 0x0000000087200000, 0x0000000087300000|  0%| F|  |TAMS 0x0000000087200000, 0x0000000087200000| Untracked 
| 115|0x0000000087300000, 0x0000000087300000, 0x0000000087400000|  0%| F|  |TAMS 0x0000000087300000, 0x0000000087300000| Untracked 
| 116|0x0000000087400000, 0x0000000087400000, 0x0000000087500000|  0%| F|  |TAMS 0x0000000087400000, 0x0000000087400000| Untracked 
| 117|0x0000000087500000, 0x0000000087500000, 0x0000000087600000|  0%| F|  |TAMS 0x0000000087500000, 0x0000000087500000| Untracked 
| 118|0x0000000087600000, 0x0000000087600000, 0x0000000087700000|  0%| F|  |TAMS 0x0000000087600000, 0x0000000087600000| Untracked 
| 119|0x0000000087700000, 0x0000000087700000, 0x0000000087800000|  0%| F|  |TAMS 0x0000000087700000, 0x0000000087700000| Untracked 
| 120|0x0000000087800000, 0x0000000087818d10, 0x0000000087900000|  9%| S|CS|TAMS 0x0000000087800000, 0x0000000087800000| Complete 
| 121|0x0000000087900000, 0x0000000087a00000, 0x0000000087a00000|100%| S|CS|TAMS 0x0000000087900000, 0x0000000087900000| Complete 
| 122|0x0000000087a00000, 0x0000000087b00000, 0x0000000087b00000|100%| S|CS|TAMS 0x0000000087a00000, 0x0000000087a00000| Complete 
| 123|0x0000000087b00000, 0x0000000087b00000, 0x0000000087c00000|  0%| F|  |TAMS 0x0000000087b00000, 0x0000000087b00000| Untracked 
| 124|0x0000000087c00000, 0x0000000087c00000, 0x0000000087d00000|  0%| F|  |TAMS 0x0000000087c00000, 0x0000000087c00000| Untracked 
| 125|0x0000000087d00000, 0x0000000087d00000, 0x0000000087e00000|  0%| F|  |TAMS 0x0000000087d00000, 0x0000000087d00000| Untracked 
| 126|0x0000000087e00000, 0x0000000087e00000, 0x0000000087f00000|  0%| F|  |TAMS 0x0000000087e00000, 0x0000000087e00000| Untracked 
| 127|0x0000000087f00000, 0x0000000087f00000, 0x0000000088000000|  0%| F|  |TAMS 0x0000000087f00000, 0x0000000087f00000| Untracked 
| 128|0x0000000088000000, 0x0000000088000000, 0x0000000088100000|  0%| F|  |TAMS 0x0000000088000000, 0x0000000088000000| Untracked 
| 129|0x0000000088100000, 0x0000000088100000, 0x0000000088200000|  0%| F|  |TAMS 0x0000000088100000, 0x0000000088100000| Untracked 
| 130|0x0000000088200000, 0x0000000088200000, 0x0000000088300000|  0%| F|  |TAMS 0x0000000088200000, 0x0000000088200000| Untracked 
| 131|0x0000000088300000, 0x0000000088300000, 0x0000000088400000|  0%| F|  |TAMS 0x0000000088300000, 0x0000000088300000| Untracked 
| 132|0x0000000088400000, 0x0000000088400000, 0x0000000088500000|  0%| F|  |TAMS 0x0000000088400000, 0x0000000088400000| Untracked 
| 133|0x0000000088500000, 0x0000000088500000, 0x0000000088600000|  0%| F|  |TAMS 0x0000000088500000, 0x0000000088500000| Untracked 
| 134|0x0000000088600000, 0x0000000088600000, 0x0000000088700000|  0%| F|  |TAMS 0x0000000088600000, 0x0000000088600000| Untracked 
| 135|0x0000000088700000, 0x0000000088700000, 0x0000000088800000|  0%| F|  |TAMS 0x0000000088700000, 0x0000000088700000| Untracked 
| 136|0x0000000088800000, 0x0000000088800000, 0x0000000088900000|  0%| F|  |TAMS 0x0000000088800000, 0x0000000088800000| Untracked 
| 137|0x0000000088900000, 0x0000000088900000, 0x0000000088a00000|  0%| F|  |TAMS 0x0000000088900000, 0x0000000088900000| Untracked 
| 138|0x0000000088a00000, 0x0000000088a00000, 0x0000000088b00000|  0%| F|  |TAMS 0x0000000088a00000, 0x0000000088a00000| Untracked 
| 139|0x0000000088b00000, 0x0000000088b00000, 0x0000000088c00000|  0%| F|  |TAMS 0x0000000088b00000, 0x0000000088b00000| Untracked 
| 140|0x0000000088c00000, 0x0000000088c00000, 0x0000000088d00000|  0%| F|  |TAMS 0x0000000088c00000, 0x0000000088c00000| Untracked 
| 141|0x0000000088d00000, 0x0000000088d00000, 0x0000000088e00000|  0%| F|  |TAMS 0x0000000088d00000, 0x0000000088d00000| Untracked 
| 142|0x0000000088e00000, 0x0000000088e00000, 0x0000000088f00000|  0%| F|  |TAMS 0x0000000088e00000, 0x0000000088e00000| Untracked 
| 143|0x0000000088f00000, 0x0000000088f00000, 0x0000000089000000|  0%| F|  |TAMS 0x0000000088f00000, 0x0000000088f00000| Untracked 
| 144|0x0000000089000000, 0x0000000089000000, 0x0000000089100000|  0%| F|  |TAMS 0x0000000089000000, 0x0000000089000000| Untracked 
| 145|0x0000000089100000, 0x0000000089100000, 0x0000000089200000|  0%| F|  |TAMS 0x0000000089100000, 0x0000000089100000| Untracked 
| 146|0x0000000089200000, 0x0000000089200000, 0x0000000089300000|  0%| F|  |TAMS 0x0000000089200000, 0x0000000089200000| Untracked 
| 147|0x0000000089300000, 0x0000000089300000, 0x0000000089400000|  0%| F|  |TAMS 0x0000000089300000, 0x0000000089300000| Untracked 
| 148|0x0000000089400000, 0x0000000089400000, 0x0000000089500000|  0%| F|  |TAMS 0x0000000089400000, 0x0000000089400000| Untracked 
| 149|0x0000000089500000, 0x0000000089500000, 0x0000000089600000|  0%| F|  |TAMS 0x0000000089500000, 0x0000000089500000| Untracked 
| 150|0x0000000089600000, 0x0000000089600000, 0x0000000089700000|  0%| F|  |TAMS 0x0000000089600000, 0x0000000089600000| Untracked 
| 151|0x0000000089700000, 0x0000000089700000, 0x0000000089800000|  0%| F|  |TAMS 0x0000000089700000, 0x0000000089700000| Untracked 
| 152|0x0000000089800000, 0x0000000089800000, 0x0000000089900000|  0%| F|  |TAMS 0x0000000089800000, 0x0000000089800000| Untracked 
| 153|0x0000000089900000, 0x0000000089900000, 0x0000000089a00000|  0%| F|  |TAMS 0x0000000089900000, 0x0000000089900000| Untracked 
| 154|0x0000000089a00000, 0x0000000089a00000, 0x0000000089b00000|  0%| F|  |TAMS 0x0000000089a00000, 0x0000000089a00000| Untracked 
| 155|0x0000000089b00000, 0x0000000089b00000, 0x0000000089c00000|  0%| F|  |TAMS 0x0000000089b00000, 0x0000000089b00000| Untracked 
| 156|0x0000000089c00000, 0x0000000089c00000, 0x0000000089d00000|  0%| F|  |TAMS 0x0000000089c00000, 0x0000000089c00000| Untracked 
| 157|0x0000000089d00000, 0x0000000089d00000, 0x0000000089e00000|  0%| F|  |TAMS 0x0000000089d00000, 0x0000000089d00000| Untracked 
| 158|0x0000000089e00000, 0x0000000089e00000, 0x0000000089f00000|  0%| F|  |TAMS 0x0000000089e00000, 0x0000000089e00000| Untracked 
| 159|0x0000000089f00000, 0x0000000089f00000, 0x000000008a000000|  0%| F|  |TAMS 0x0000000089f00000, 0x0000000089f00000| Untracked 
| 160|0x000000008a000000, 0x000000008a000000, 0x000000008a100000|  0%| F|  |TAMS 0x000000008a000000, 0x000000008a000000| Untracked 
| 161|0x000000008a100000, 0x000000008a100000, 0x000000008a200000|  0%| F|  |TAMS 0x000000008a100000, 0x000000008a100000| Untracked 
| 162|0x000000008a200000, 0x000000008a200000, 0x000000008a300000|  0%| F|  |TAMS 0x000000008a200000, 0x000000008a200000| Untracked 
| 163|0x000000008a300000, 0x000000008a300000, 0x000000008a400000|  0%| F|  |TAMS 0x000000008a300000, 0x000000008a300000| Untracked 
| 164|0x000000008a400000, 0x000000008a400000, 0x000000008a500000|  0%| F|  |TAMS 0x000000008a400000, 0x000000008a400000| Untracked 
| 165|0x000000008a500000, 0x000000008a500000, 0x000000008a600000|  0%| F|  |TAMS 0x000000008a500000, 0x000000008a500000| Untracked 
| 166|0x000000008a600000, 0x000000008a600000, 0x000000008a700000|  0%| F|  |TAMS 0x000000008a600000, 0x000000008a600000| Untracked 
| 167|0x000000008a700000, 0x000000008a700000, 0x000000008a800000|  0%| F|  |TAMS 0x000000008a700000, 0x000000008a700000| Untracked 
| 168|0x000000008a800000, 0x000000008a800000, 0x000000008a900000|  0%| F|  |TAMS 0x000000008a800000, 0x000000008a800000| Untracked 
| 169|0x000000008a900000, 0x000000008a900000, 0x000000008aa00000|  0%| F|  |TAMS 0x000000008a900000, 0x000000008a900000| Untracked 
| 170|0x000000008aa00000, 0x000000008aa00000, 0x000000008ab00000|  0%| F|  |TAMS 0x000000008aa00000, 0x000000008aa00000| Untracked 
| 171|0x000000008ab00000, 0x000000008ab00000, 0x000000008ac00000|  0%| F|  |TAMS 0x000000008ab00000, 0x000000008ab00000| Untracked 
| 172|0x000000008ac00000, 0x000000008ac00000, 0x000000008ad00000|  0%| F|  |TAMS 0x000000008ac00000, 0x000000008ac00000| Untracked 
| 173|0x000000008ad00000, 0x000000008ad00000, 0x000000008ae00000|  0%| F|  |TAMS 0x000000008ad00000, 0x000000008ad00000| Untracked 
| 174|0x000000008ae00000, 0x000000008ae00000, 0x000000008af00000|  0%| F|  |TAMS 0x000000008ae00000, 0x000000008ae00000| Untracked 
| 175|0x000000008af00000, 0x000000008af00000, 0x000000008b000000|  0%| F|  |TAMS 0x000000008af00000, 0x000000008af00000| Untracked 
| 176|0x000000008b000000, 0x000000008b000000, 0x000000008b100000|  0%| F|  |TAMS 0x000000008b000000, 0x000000008b000000| Untracked 
| 177|0x000000008b100000, 0x000000008b100000, 0x000000008b200000|  0%| F|  |TAMS 0x000000008b100000, 0x000000008b100000| Untracked 
| 178|0x000000008b200000, 0x000000008b200000, 0x000000008b300000|  0%| F|  |TAMS 0x000000008b200000, 0x000000008b200000| Untracked 
| 179|0x000000008b300000, 0x000000008b300000, 0x000000008b400000|  0%| F|  |TAMS 0x000000008b300000, 0x000000008b300000| Untracked 
| 180|0x000000008b400000, 0x000000008b400000, 0x000000008b500000|  0%| F|  |TAMS 0x000000008b400000, 0x000000008b400000| Untracked 
| 181|0x000000008b500000, 0x000000008b500000, 0x000000008b600000|  0%| F|  |TAMS 0x000000008b500000, 0x000000008b500000| Untracked 
| 182|0x000000008b600000, 0x000000008b600000, 0x000000008b700000|  0%| F|  |TAMS 0x000000008b600000, 0x000000008b600000| Untracked 
| 183|0x000000008b700000, 0x000000008b700000, 0x000000008b800000|  0%| F|  |TAMS 0x000000008b700000, 0x000000008b700000| Untracked 
| 184|0x000000008b800000, 0x000000008b800000, 0x000000008b900000|  0%| F|  |TAMS 0x000000008b800000, 0x000000008b800000| Untracked 
| 185|0x000000008b900000, 0x000000008b900000, 0x000000008ba00000|  0%| F|  |TAMS 0x000000008b900000, 0x000000008b900000| Untracked 
| 186|0x000000008ba00000, 0x000000008ba00000, 0x000000008bb00000|  0%| F|  |TAMS 0x000000008ba00000, 0x000000008ba00000| Untracked 
| 187|0x000000008bb00000, 0x000000008bb00000, 0x000000008bc00000|  0%| F|  |TAMS 0x000000008bb00000, 0x000000008bb00000| Untracked 
| 188|0x000000008bc00000, 0x000000008bc00000, 0x000000008bd00000|  0%| F|  |TAMS 0x000000008bc00000, 0x000000008bc00000| Untracked 
| 189|0x000000008bd00000, 0x000000008bd00000, 0x000000008be00000|  0%| F|  |TAMS 0x000000008bd00000, 0x000000008bd00000| Untracked 
| 190|0x000000008be00000, 0x000000008be00000, 0x000000008bf00000|  0%| F|  |TAMS 0x000000008be00000, 0x000000008be00000| Untracked 
| 191|0x000000008bf00000, 0x000000008bf00000, 0x000000008c000000|  0%| F|  |TAMS 0x000000008bf00000, 0x000000008bf00000| Untracked 
| 192|0x000000008c000000, 0x000000008c000000, 0x000000008c100000|  0%| F|  |TAMS 0x000000008c000000, 0x000000008c000000| Untracked 
| 193|0x000000008c100000, 0x000000008c100000, 0x000000008c200000|  0%| F|  |TAMS 0x000000008c100000, 0x000000008c100000| Untracked 
| 194|0x000000008c200000, 0x000000008c200000, 0x000000008c300000|  0%| F|  |TAMS 0x000000008c200000, 0x000000008c200000| Untracked 
| 195|0x000000008c300000, 0x000000008c300000, 0x000000008c400000|  0%| F|  |TAMS 0x000000008c300000, 0x000000008c300000| Untracked 
| 196|0x000000008c400000, 0x000000008c400000, 0x000000008c500000|  0%| F|  |TAMS 0x000000008c400000, 0x000000008c400000| Untracked 
| 197|0x000000008c500000, 0x000000008c500000, 0x000000008c600000|  0%| F|  |TAMS 0x000000008c500000, 0x000000008c500000| Untracked 
| 198|0x000000008c600000, 0x000000008c600000, 0x000000008c700000|  0%| F|  |TAMS 0x000000008c600000, 0x000000008c600000| Untracked 
| 199|0x000000008c700000, 0x000000008c700000, 0x000000008c800000|  0%| F|  |TAMS 0x000000008c700000, 0x000000008c700000| Untracked 
| 200|0x000000008c800000, 0x000000008c800000, 0x000000008c900000|  0%| F|  |TAMS 0x000000008c800000, 0x000000008c800000| Untracked 
| 201|0x000000008c900000, 0x000000008c900000, 0x000000008ca00000|  0%| F|  |TAMS 0x000000008c900000, 0x000000008c900000| Untracked 
| 202|0x000000008ca00000, 0x000000008ca00000, 0x000000008cb00000|  0%| F|  |TAMS 0x000000008ca00000, 0x000000008ca00000| Untracked 
| 203|0x000000008cb00000, 0x000000008cb00000, 0x000000008cc00000|  0%| F|  |TAMS 0x000000008cb00000, 0x000000008cb00000| Untracked 
| 204|0x000000008cc00000, 0x000000008cc00000, 0x000000008cd00000|  0%| F|  |TAMS 0x000000008cc00000, 0x000000008cc00000| Untracked 
| 205|0x000000008cd00000, 0x000000008cd00000, 0x000000008ce00000|  0%| F|  |TAMS 0x000000008cd00000, 0x000000008cd00000| Untracked 
| 206|0x000000008ce00000, 0x000000008ce00000, 0x000000008cf00000|  0%| F|  |TAMS 0x000000008ce00000, 0x000000008ce00000| Untracked 
| 207|0x000000008cf00000, 0x000000008cf00000, 0x000000008d000000|  0%| F|  |TAMS 0x000000008cf00000, 0x000000008cf00000| Untracked 
| 208|0x000000008d000000, 0x000000008d000000, 0x000000008d100000|  0%| F|  |TAMS 0x000000008d000000, 0x000000008d000000| Untracked 
| 209|0x000000008d100000, 0x000000008d100000, 0x000000008d200000|  0%| F|  |TAMS 0x000000008d100000, 0x000000008d100000| Untracked 
| 210|0x000000008d200000, 0x000000008d200000, 0x000000008d300000|  0%| F|  |TAMS 0x000000008d200000, 0x000000008d200000| Untracked 
| 211|0x000000008d300000, 0x000000008d300000, 0x000000008d400000|  0%| F|  |TAMS 0x000000008d300000, 0x000000008d300000| Untracked 
| 212|0x000000008d400000, 0x000000008d400000, 0x000000008d500000|  0%| F|  |TAMS 0x000000008d400000, 0x000000008d400000| Untracked 
| 213|0x000000008d500000, 0x000000008d500000, 0x000000008d600000|  0%| F|  |TAMS 0x000000008d500000, 0x000000008d500000| Untracked 
| 214|0x000000008d600000, 0x000000008d600000, 0x000000008d700000|  0%| F|  |TAMS 0x000000008d600000, 0x000000008d600000| Untracked 
| 215|0x000000008d700000, 0x000000008d7aede0, 0x000000008d800000| 68%| E|  |TAMS 0x000000008d700000, 0x000000008d700000| Complete 
| 216|0x000000008d800000, 0x000000008d900000, 0x000000008d900000|100%| E|CS|TAMS 0x000000008d800000, 0x000000008d800000| Complete 
| 217|0x000000008d900000, 0x000000008da00000, 0x000000008da00000|100%| E|CS|TAMS 0x000000008d900000, 0x000000008d900000| Complete 
| 218|0x000000008da00000, 0x000000008db00000, 0x000000008db00000|100%| E|CS|TAMS 0x000000008da00000, 0x000000008da00000| Complete 
| 219|0x000000008db00000, 0x000000008dc00000, 0x000000008dc00000|100%| E|CS|TAMS 0x000000008db00000, 0x000000008db00000| Complete 
| 220|0x000000008dc00000, 0x000000008dd00000, 0x000000008dd00000|100%| E|CS|TAMS 0x000000008dc00000, 0x000000008dc00000| Complete 
| 221|0x000000008dd00000, 0x000000008de00000, 0x000000008de00000|100%| E|CS|TAMS 0x000000008dd00000, 0x000000008dd00000| Complete 
| 222|0x000000008de00000, 0x000000008df00000, 0x000000008df00000|100%| E|CS|TAMS 0x000000008de00000, 0x000000008de00000| Complete 
| 223|0x000000008df00000, 0x000000008e000000, 0x000000008e000000|100%| E|CS|TAMS 0x000000008df00000, 0x000000008df00000| Complete 
| 224|0x000000008e000000, 0x000000008e100000, 0x000000008e100000|100%| E|CS|TAMS 0x000000008e000000, 0x000000008e000000| Complete 
| 225|0x000000008e100000, 0x000000008e200000, 0x000000008e200000|100%| E|CS|TAMS 0x000000008e100000, 0x000000008e100000| Complete 
| 226|0x000000008e200000, 0x000000008e300000, 0x000000008e300000|100%| E|CS|TAMS 0x000000008e200000, 0x000000008e200000| Complete 
| 227|0x000000008e300000, 0x000000008e400000, 0x000000008e400000|100%| E|CS|TAMS 0x000000008e300000, 0x000000008e300000| Complete 
| 228|0x000000008e400000, 0x000000008e500000, 0x000000008e500000|100%| E|CS|TAMS 0x000000008e400000, 0x000000008e400000| Complete 
| 229|0x000000008e500000, 0x000000008e600000, 0x000000008e600000|100%| E|CS|TAMS 0x000000008e500000, 0x000000008e500000| Complete 
| 230|0x000000008e600000, 0x000000008e700000, 0x000000008e700000|100%| E|CS|TAMS 0x000000008e600000, 0x000000008e600000| Complete 
| 231|0x000000008e700000, 0x000000008e800000, 0x000000008e800000|100%| E|CS|TAMS 0x000000008e700000, 0x000000008e700000| Complete 
| 232|0x000000008e800000, 0x000000008e900000, 0x000000008e900000|100%| E|CS|TAMS 0x000000008e800000, 0x000000008e800000| Complete 
| 233|0x000000008e900000, 0x000000008ea00000, 0x000000008ea00000|100%| E|CS|TAMS 0x000000008e900000, 0x000000008e900000| Complete 
| 234|0x000000008ea00000, 0x000000008eb00000, 0x000000008eb00000|100%| E|CS|TAMS 0x000000008ea00000, 0x000000008ea00000| Complete 
| 235|0x000000008eb00000, 0x000000008ec00000, 0x000000008ec00000|100%| E|CS|TAMS 0x000000008eb00000, 0x000000008eb00000| Complete 
| 236|0x000000008ec00000, 0x000000008ed00000, 0x000000008ed00000|100%| E|CS|TAMS 0x000000008ec00000, 0x000000008ec00000| Complete 
| 237|0x000000008ed00000, 0x000000008ee00000, 0x000000008ee00000|100%| E|CS|TAMS 0x000000008ed00000, 0x000000008ed00000| Complete 
| 238|0x000000008ee00000, 0x000000008ef00000, 0x000000008ef00000|100%| E|CS|TAMS 0x000000008ee00000, 0x000000008ee00000| Complete 
| 239|0x000000008ef00000, 0x000000008f000000, 0x000000008f000000|100%| E|CS|TAMS 0x000000008ef00000, 0x000000008ef00000| Complete 
| 240|0x000000008f000000, 0x000000008f100000, 0x000000008f100000|100%| E|CS|TAMS 0x000000008f000000, 0x000000008f000000| Complete 
| 241|0x000000008f100000, 0x000000008f200000, 0x000000008f200000|100%| E|CS|TAMS 0x000000008f100000, 0x000000008f100000| Complete 
| 242|0x000000008f200000, 0x000000008f300000, 0x000000008f300000|100%| E|CS|TAMS 0x000000008f200000, 0x000000008f200000| Complete 
| 243|0x000000008f300000, 0x000000008f400000, 0x000000008f400000|100%| E|CS|TAMS 0x000000008f300000, 0x000000008f300000| Complete 
| 244|0x000000008f400000, 0x000000008f500000, 0x000000008f500000|100%| E|CS|TAMS 0x000000008f400000, 0x000000008f400000| Complete 
| 245|0x000000008f500000, 0x000000008f600000, 0x000000008f600000|100%| E|CS|TAMS 0x000000008f500000, 0x000000008f500000| Complete 
| 246|0x000000008f600000, 0x000000008f700000, 0x000000008f700000|100%| E|CS|TAMS 0x000000008f600000, 0x000000008f600000| Complete 
| 247|0x000000008f700000, 0x000000008f800000, 0x000000008f800000|100%| E|CS|TAMS 0x000000008f700000, 0x000000008f700000| Complete 
| 248|0x000000008f800000, 0x000000008f900000, 0x000000008f900000|100%| E|CS|TAMS 0x000000008f800000, 0x000000008f800000| Complete 
| 249|0x000000008f900000, 0x000000008fa00000, 0x000000008fa00000|100%| E|CS|TAMS 0x000000008f900000, 0x000000008f900000| Complete 
| 250|0x000000008fa00000, 0x000000008fb00000, 0x000000008fb00000|100%| E|CS|TAMS 0x000000008fa00000, 0x000000008fa00000| Complete 
| 251|0x000000008fb00000, 0x000000008fc00000, 0x000000008fc00000|100%| E|CS|TAMS 0x000000008fb00000, 0x000000008fb00000| Complete 
| 252|0x000000008fc00000, 0x000000008fd00000, 0x000000008fd00000|100%| E|CS|TAMS 0x000000008fc00000, 0x000000008fc00000| Complete 
| 253|0x000000008fd00000, 0x000000008fe00000, 0x000000008fe00000|100%| E|CS|TAMS 0x000000008fd00000, 0x000000008fd00000| Complete 
| 254|0x000000008fe00000, 0x000000008ff00000, 0x000000008ff00000|100%| E|CS|TAMS 0x000000008fe00000, 0x000000008fe00000| Complete 
| 255|0x000000008ff00000, 0x0000000090000000, 0x0000000090000000|100%| E|CS|TAMS 0x000000008ff00000, 0x000000008ff00000| Complete 
| 256|0x0000000090000000, 0x0000000090100000, 0x0000000090100000|100%| E|CS|TAMS 0x0000000090000000, 0x0000000090000000| Complete 
| 257|0x0000000090100000, 0x0000000090200000, 0x0000000090200000|100%| E|CS|TAMS 0x0000000090100000, 0x0000000090100000| Complete 
| 258|0x0000000090200000, 0x0000000090300000, 0x0000000090300000|100%| E|CS|TAMS 0x0000000090200000, 0x0000000090200000| Complete 
| 259|0x0000000090300000, 0x0000000090400000, 0x0000000090400000|100%| E|CS|TAMS 0x0000000090300000, 0x0000000090300000| Complete 
| 260|0x0000000090400000, 0x0000000090500000, 0x0000000090500000|100%| E|CS|TAMS 0x0000000090400000, 0x0000000090400000| Complete 
| 261|0x0000000090500000, 0x0000000090600000, 0x0000000090600000|100%| E|CS|TAMS 0x0000000090500000, 0x0000000090500000| Complete 
| 262|0x0000000090600000, 0x0000000090700000, 0x0000000090700000|100%| E|CS|TAMS 0x0000000090600000, 0x0000000090600000| Complete 
| 263|0x0000000090700000, 0x0000000090800000, 0x0000000090800000|100%| E|CS|TAMS 0x0000000090700000, 0x0000000090700000| Complete 
| 264|0x0000000090800000, 0x0000000090900000, 0x0000000090900000|100%| E|CS|TAMS 0x0000000090800000, 0x0000000090800000| Complete 
| 265|0x0000000090900000, 0x0000000090a00000, 0x0000000090a00000|100%| E|CS|TAMS 0x0000000090900000, 0x0000000090900000| Complete 
| 266|0x0000000090a00000, 0x0000000090b00000, 0x0000000090b00000|100%| E|CS|TAMS 0x0000000090a00000, 0x0000000090a00000| Complete 
| 267|0x0000000090b00000, 0x0000000090c00000, 0x0000000090c00000|100%| E|CS|TAMS 0x0000000090b00000, 0x0000000090b00000| Complete 
| 268|0x0000000090c00000, 0x0000000090d00000, 0x0000000090d00000|100%| E|CS|TAMS 0x0000000090c00000, 0x0000000090c00000| Complete 
| 269|0x0000000090d00000, 0x0000000090e00000, 0x0000000090e00000|100%| E|CS|TAMS 0x0000000090d00000, 0x0000000090d00000| Complete 
| 270|0x0000000090e00000, 0x0000000090f00000, 0x0000000090f00000|100%| E|CS|TAMS 0x0000000090e00000, 0x0000000090e00000| Complete 

Card table byte_map: [0x00000259ba740000,0x00000259bab40000] _byte_map_base: 0x00000259ba340000

Marking Bits (Prev, Next): (CMBitMap*) 0x00000259a1d17650, (CMBitMap*) 0x00000259a1d17690
 Prev Bits: [0x00000259baf40000, 0x00000259bcf40000)
 Next Bits: [0x00000259bcf40000, 0x00000259bef40000)

Polling page: 0x00000259a1b20000

Metaspace:

Usage:
  Non-class:     64.71 MB used.
      Class:     10.47 MB used.
       Both:     75.19 MB used.

Virtual space:
  Non-class space:       72.00 MB reserved,      65.12 MB ( 90%) committed,  9 nodes.
      Class space:      412.00 MB reserved,      10.81 MB (  3%) committed,  1 nodes.
             Both:      484.00 MB reserved,      75.94 MB ( 16%) committed. 

Chunk freelists:
   Non-Class:  2.86 MB
       Class:  1.22 MB
        Both:  4.08 MB

MaxMetaspaceSize: 512.00 MB
CompressedClassSpaceSize: 412.00 MB
Initial GC threshold: 21.00 MB
Current GC threshold: 125.00 MB
CDS: on
MetaspaceReclaimPolicy: balanced
 - commit_granule_bytes: 65536.
 - commit_granule_words: 8192.
 - virtual_space_node_default_size: 1048576.
 - enlarge_chunks_in_place: 1.
 - new_chunks_are_fully_committed: 0.
 - uncommit_free_chunks: 1.
 - use_allocation_guard: 0.
 - handle_deallocations: 1.


Internal statistics:

num_allocs_failed_limit: 6.
num_arena_births: 886.
num_arena_deaths: 0.
num_vsnodes_births: 10.
num_vsnodes_deaths: 0.
num_space_committed: 1215.
num_space_uncommitted: 0.
num_chunks_returned_to_freelist: 6.
num_chunks_taken_from_freelist: 4035.
num_chunk_merges: 6.
num_chunk_splits: 2693.
num_chunks_enlarged: 1829.
num_purges: 0.
num_inconsistent_stats: 0.

CodeHeap 'non-profiled nmethods': size=120000Kb used=4773Kb max_used=4773Kb free=115226Kb
 bounds [0x00000259b27f0000, 0x00000259b2ca0000, 0x00000259b9d20000]
CodeHeap 'profiled nmethods': size=120000Kb used=16659Kb max_used=16659Kb free=103340Kb
 bounds [0x00000259ab2c0000, 0x00000259ac310000, 0x00000259b27f0000]
CodeHeap 'non-nmethods': size=5760Kb used=2374Kb max_used=2417Kb free=3385Kb
 bounds [0x00000259aad20000, 0x00000259aaf90000, 0x00000259ab2c0000]
 total_blobs=9344 nmethods=8443 adapters=811
 compilation: enabled
              stopped_count=0, restarted_count=0
 full_count=0

Compilation events (20 events):
Event: 37.747 Thread 0x00000259c1526be0 9240       3       org.codehaus.groovy.runtime.metaclass.MetaMethodIndex::addMethodToList (128 bytes)
Event: 37.748 Thread 0x00000259c1526be0 nmethod 9240 0x00000259ac2f2f90 code [0x00000259ac2f3220, 0x00000259ac2f4408]
Event: 37.749 Thread 0x00000259c1526be0 9241   !   3       java.security.AccessController::doPrivileged (22 bytes)
Event: 37.750 Thread 0x00000259c23959a0 nmethod 9235 0x00000259b2c98610 code [0x00000259b2c987a0, 0x00000259b2c989a8]
Event: 37.750 Thread 0x00000259c1526be0 nmethod 9241 0x00000259ac2f4810 code [0x00000259ac2f4a00, 0x00000259ac2f4e68]
Event: 37.750 Thread 0x00000259c23959a0 9236       4       java.lang.Class::getMethod (59 bytes)
Event: 37.757 Thread 0x00000259c1526be0 9242   !   3       com.sun.beans.introspect.MethodInfo::get (143 bytes)
Event: 37.759 Thread 0x00000259c1526be0 nmethod 9242 0x00000259ac2f5090 code [0x00000259ac2f5300, 0x00000259ac2f5f58]
Event: 37.760 Thread 0x00000259c1526be0 9243       3       java.util.TimSort::gallopLeft (335 bytes)
Event: 37.762 Thread 0x00000259c1526be0 nmethod 9243 0x00000259ac2f6410 code [0x00000259ac2f6640, 0x00000259ac2f7138]
Event: 37.767 Thread 0x00000259c1526be0 9245       3       java.util.Collections$UnmodifiableCollection::isEmpty (10 bytes)
Event: 37.767 Thread 0x00000259c1526be0 nmethod 9245 0x00000259ac2f7510 code [0x00000259ac2f76c0, 0x00000259ac2f7888]
Event: 37.771 Thread 0x00000259c1526be0 9247       3       java.util.TimSort::reverseRange (32 bytes)
Event: 37.772 Thread 0x00000259c1526be0 nmethod 9247 0x00000259ac2f7990 code [0x00000259ac2f7b60, 0x00000259ac2f8078]
Event: 37.773 Thread 0x00000259c1526be0 9248       3       com.sun.beans.introspect.EventSetInfo::get (373 bytes)
Event: 37.779 Thread 0x00000259c1526be0 nmethod 9248 0x00000259ac2f8210 code [0x00000259ac2f88e0, 0x00000259ac2fc588]
Event: 37.780 Thread 0x00000259c1526be0 9252       3       org.codehaus.groovy.runtime.MetaClassHelper::getMaximumInterfaceDistance (101 bytes)
Event: 37.781 Thread 0x00000259c1526be0 nmethod 9252 0x00000259ac2fd910 code [0x00000259ac2fdb20, 0x00000259ac2fe0d8]
Event: 37.781 Thread 0x00000259c1526be0 9251       1       org.codehaus.groovy.runtime.metaclass.MultipleSetterProperty::setGetter (6 bytes)
Event: 37.781 Thread 0x00000259c1526be0 nmethod 9251 0x00000259b2c98b90 code [0x00000259b2c98d20, 0x00000259b2c98e38]

GC Heap History (20 events):
Event: 28.912 GC heap before
{Heap before GC invocations=23 (full 0):
 garbage-first heap   total 104448K, used 84460K [0x0000000080000000, 0x0000000100000000)
  region size 1024K, 29 young (29696K), 3 survivors (3072K)
 Metaspace       used 55975K, committed 56640K, reserved 471040K
  class space    used 7926K, committed 8256K, reserved 421888K
}
Event: 28.920 GC heap after
{Heap after GC invocations=24 (full 0):
 garbage-first heap   total 104448K, used 58917K [0x0000000080000000, 0x0000000100000000)
  region size 1024K, 3 young (3072K), 3 survivors (3072K)
 Metaspace       used 55975K, committed 56640K, reserved 471040K
  class space    used 7926K, committed 8256K, reserved 421888K
}
Event: 29.649 GC heap before
{Heap before GC invocations=25 (full 0):
 garbage-first heap   total 111616K, used 85541K [0x0000000080000000, 0x0000000100000000)
  region size 1024K, 29 young (29696K), 3 survivors (3072K)
 Metaspace       used 58392K, committed 59072K, reserved 479232K
  class space    used 8223K, committed 8576K, reserved 421888K
}
Event: 29.660 GC heap after
{Heap after GC invocations=26 (full 0):
 garbage-first heap   total 111616K, used 60604K [0x0000000080000000, 0x0000000100000000)
  region size 1024K, 3 young (3072K), 3 survivors (3072K)
 Metaspace       used 58392K, committed 59072K, reserved 479232K
  class space    used 8223K, committed 8576K, reserved 421888K
}
Event: 30.458 GC heap before
{Heap before GC invocations=26 (full 0):
 garbage-first heap   total 111616K, used 91324K [0x0000000080000000, 0x0000000100000000)
  region size 1024K, 33 young (33792K), 3 survivors (3072K)
 Metaspace       used 60267K, committed 60928K, reserved 479232K
  class space    used 8520K, committed 8832K, reserved 421888K
}
Event: 30.472 GC heap after
{Heap after GC invocations=27 (full 0):
 garbage-first heap   total 134144K, used 62863K [0x0000000080000000, 0x0000000100000000)
  region size 1024K, 4 young (4096K), 4 survivors (4096K)
 Metaspace       used 60267K, committed 60928K, reserved 479232K
  class space    used 8520K, committed 8832K, reserved 421888K
}
Event: 32.480 GC heap before
{Heap before GC invocations=28 (full 0):
 garbage-first heap   total 134144K, used 107919K [0x0000000080000000, 0x0000000100000000)
  region size 1024K, 48 young (49152K), 4 survivors (4096K)
 Metaspace       used 63264K, committed 63936K, reserved 479232K
  class space    used 8965K, committed 9280K, reserved 421888K
}
Event: 32.504 GC heap after
{Heap after GC invocations=29 (full 0):
 garbage-first heap   total 134144K, used 66516K [0x0000000080000000, 0x0000000100000000)
  region size 1024K, 6 young (6144K), 6 survivors (6144K)
 Metaspace       used 63264K, committed 63936K, reserved 479232K
  class space    used 8965K, committed 9280K, reserved 421888K
}
Event: 33.436 GC heap before
{Heap before GC invocations=29 (full 0):
 garbage-first heap   total 134144K, used 95188K [0x0000000080000000, 0x0000000100000000)
  region size 1024K, 35 young (35840K), 6 survivors (6144K)
 Metaspace       used 64716K, committed 65408K, reserved 479232K
  class space    used 9201K, committed 9536K, reserved 421888K
}
Event: 33.455 GC heap after
{Heap after GC invocations=30 (full 0):
 garbage-first heap   total 134144K, used 68621K [0x0000000080000000, 0x0000000100000000)
  region size 1024K, 3 young (3072K), 3 survivors (3072K)
 Metaspace       used 64716K, committed 65408K, reserved 479232K
  class space    used 9201K, committed 9536K, reserved 421888K
}
Event: 34.089 GC heap before
{Heap before GC invocations=31 (full 0):
 garbage-first heap   total 140288K, used 112653K [0x0000000080000000, 0x0000000100000000)
  region size 1024K, 42 young (43008K), 3 survivors (3072K)
 Metaspace       used 67037K, committed 67776K, reserved 487424K
  class space    used 9488K, committed 9856K, reserved 421888K
}
Event: 34.100 GC heap after
{Heap after GC invocations=32 (full 0):
 garbage-first heap   total 140288K, used 80503K [0x0000000080000000, 0x0000000100000000)
  region size 1024K, 6 young (6144K), 6 survivors (6144K)
 Metaspace       used 67037K, committed 67776K, reserved 487424K
  class space    used 9488K, committed 9856K, reserved 421888K
}
Event: 34.842 GC heap before
{Heap before GC invocations=32 (full 0):
 garbage-first heap   total 140288K, used 113271K [0x0000000080000000, 0x0000000100000000)
  region size 1024K, 39 young (39936K), 6 survivors (6144K)
 Metaspace       used 70615K, committed 71360K, reserved 487424K
  class space    used 9874K, committed 10240K, reserved 421888K
}
Event: 34.850 GC heap after
{Heap after GC invocations=33 (full 0):
 garbage-first heap   total 140288K, used 82111K [0x0000000080000000, 0x0000000100000000)
  region size 1024K, 3 young (3072K), 3 survivors (3072K)
 Metaspace       used 70615K, committed 71360K, reserved 487424K
  class space    used 9874K, committed 10240K, reserved 421888K
}
Event: 35.612 GC heap before
{Heap before GC invocations=34 (full 0):
 garbage-first heap   total 171008K, used 121023K [0x0000000080000000, 0x0000000100000000)
  region size 1024K, 35 young (35840K), 3 survivors (3072K)
 Metaspace       used 72037K, committed 72768K, reserved 487424K
  class space    used 10076K, committed 10432K, reserved 421888K
}
Event: 35.630 GC heap after
{Heap after GC invocations=35 (full 0):
 garbage-first heap   total 171008K, used 85097K [0x0000000080000000, 0x0000000100000000)
  region size 1024K, 5 young (5120K), 5 survivors (5120K)
 Metaspace       used 72037K, committed 72768K, reserved 487424K
  class space    used 10076K, committed 10432K, reserved 421888K
}
Event: 35.690 GC heap before
{Heap before GC invocations=35 (full 0):
 garbage-first heap   total 171008K, used 88169K [0x0000000080000000, 0x0000000100000000)
  region size 1024K, 8 young (8192K), 5 survivors (5120K)
 Metaspace       used 72236K, committed 72896K, reserved 487424K
  class space    used 10100K, committed 10432K, reserved 421888K
}
Event: 35.701 GC heap after
{Heap after GC invocations=36 (full 0):
 garbage-first heap   total 171008K, used 85312K [0x0000000080000000, 0x0000000100000000)
  region size 1024K, 1 young (1024K), 1 survivors (1024K)
 Metaspace       used 72236K, committed 72896K, reserved 487424K
  class space    used 10100K, committed 10432K, reserved 421888K
}
Event: 36.627 GC heap before
{Heap before GC invocations=36 (full 0):
 garbage-first heap   total 171008K, used 129344K [0x0000000080000000, 0x0000000100000000)
  region size 1024K, 44 young (45056K), 1 survivors (1024K)
 Metaspace       used 75491K, committed 76224K, reserved 487424K
  class space    used 10527K, committed 10880K, reserved 421888K
}
Event: 36.637 GC heap after
{Heap after GC invocations=37 (full 0):
 garbage-first heap   total 277504K, used 86953K [0x0000000080000000, 0x0000000100000000)
  region size 1024K, 3 young (3072K), 3 survivors (3072K)
 Metaspace       used 75491K, committed 76224K, reserved 487424K
  class space    used 10527K, committed 10880K, reserved 421888K
}

Deoptimization events (20 events):
Event: 37.113 Thread 0x00000259c3b59550 Uncommon trap: trap_request=0xffffff76 fr.pc=0x00000259b2c54dc4 relative=0x00000000000001a4
Event: 37.113 Thread 0x00000259c3b59550 Uncommon trap: reason=predicate action=maybe_recompile pc=0x00000259b2c54dc4 method=java.util.LinkedHashMap.keysToArray([Ljava/lang/Object;)[Ljava/lang/Object; @ 12 c2
Event: 37.113 Thread 0x00000259c3b59550 DEOPT PACKING pc=0x00000259b2c54dc4 sp=0x000000d90a9f40f0
Event: 37.113 Thread 0x00000259c3b59550 DEOPT UNPACKING pc=0x00000259aad723a3 sp=0x000000d90a9f40a8 mode 2
Event: 37.131 Thread 0x00000259c3b59550 Uncommon trap: trap_request=0xffffffc6 fr.pc=0x00000259b2844400 relative=0x0000000000000260
Event: 37.131 Thread 0x00000259c3b59550 Uncommon trap: reason=bimorphic_or_optimized_type_check action=maybe_recompile pc=0x00000259b2844400 method=java.util.stream.StreamOpFlag.fromCharacteristics(Ljava/util/Spliterator;)I @ 14 c2
Event: 37.131 Thread 0x00000259c3b59550 DEOPT PACKING pc=0x00000259b2844400 sp=0x000000d90a9f3d30
Event: 37.132 Thread 0x00000259c3b59550 DEOPT UNPACKING pc=0x00000259aad723a3 sp=0x000000d90a9f3c18 mode 2
Event: 37.507 Thread 0x00000259c3b59550 Uncommon trap: trap_request=0xfffffff4 fr.pc=0x00000259b2c88ef8 relative=0x0000000000000978
Event: 37.507 Thread 0x00000259c3b59550 Uncommon trap: reason=null_check action=make_not_entrant pc=0x00000259b2c88ef8 method=com.sun.beans.introspect.MethodInfo$MethodOrder.compare(Ljava/lang/reflect/Method;Ljava/lang/reflect/Method;)I @ 133 c2
Event: 37.507 Thread 0x00000259c3b59550 DEOPT PACKING pc=0x00000259b2c88ef8 sp=0x000000d90a9f1180
Event: 37.507 Thread 0x00000259c3b59550 DEOPT UNPACKING pc=0x00000259aad723a3 sp=0x000000d90a9f1120 mode 2
Event: 37.604 Thread 0x00000259c3b59550 Uncommon trap: trap_request=0xfffffff4 fr.pc=0x00000259b2c8fcfc relative=0x000000000000097c
Event: 37.604 Thread 0x00000259c3b59550 Uncommon trap: reason=null_check action=make_not_entrant pc=0x00000259b2c8fcfc method=com.sun.beans.introspect.MethodInfo$MethodOrder.compare(Ljava/lang/reflect/Method;Ljava/lang/reflect/Method;)I @ 145 c2
Event: 37.604 Thread 0x00000259c3b59550 DEOPT PACKING pc=0x00000259b2c8fcfc sp=0x000000d90a9efcf0
Event: 37.604 Thread 0x00000259c3b59550 DEOPT UNPACKING pc=0x00000259aad723a3 sp=0x000000d90a9efc90 mode 2
Event: 37.746 Thread 0x00000259c3b59550 Uncommon trap: trap_request=0xffffff45 fr.pc=0x00000259b2a2c9fc relative=0x000000000000563c
Event: 37.746 Thread 0x00000259c3b59550 Uncommon trap: reason=unstable_if action=reinterpret pc=0x00000259b2a2c9fc method=org.codehaus.groovy.runtime.metaclass.MetaMethodIndex.isOverridden(Lgroovy/lang/MetaMethod;Lgroovy/lang/MetaMethod;)Z @ 52 c2
Event: 37.746 Thread 0x00000259c3b59550 DEOPT PACKING pc=0x00000259b2a2c9fc sp=0x000000d90a9f0870
Event: 37.746 Thread 0x00000259c3b59550 DEOPT UNPACKING pc=0x00000259aad723a3 sp=0x000000d90a9f0878 mode 2

Classes unloaded (0 events):
No events

Classes redefined (0 events):
No events

Internal exceptions (20 events):
Event: 37.601 Thread 0x00000259c3b59550 Exception <a 'java/lang/ClassNotFoundException'{0x000000008e214238}: com/android/build/gradle/internal/dsl/SigningConfigBeanInfo> (0x000000008e214238) 
thrown [t:\workspace\open\src\hotspot\share\classfile\systemDictionary.cpp, line 256]
Event: 37.602 Thread 0x00000259c3b59550 Exception <a 'java/lang/ClassNotFoundException'{0x000000008e226178}: com/android/builder/signing/DefaultSigningConfigBeanInfo> (0x000000008e226178) 
thrown [t:\workspace\open\src\hotspot\share\classfile\systemDictionary.cpp, line 256]
Event: 37.604 Thread 0x00000259c3b59550 Exception <a 'java/lang/ClassNotFoundException'{0x000000008e237b88}: com/android/builder/signing/DefaultSigningConfigCustomizer> (0x000000008e237b88) 
thrown [t:\workspace\open\src\hotspot\share\classfile\systemDictionary.cpp, line 256]
Event: 37.607 Thread 0x00000259c3b59550 Exception <a 'java/lang/ClassNotFoundException'{0x000000008e260938}: com/android/build/gradle/internal/dsl/SigningConfigCustomizer> (0x000000008e260938) 
thrown [t:\workspace\open\src\hotspot\share\classfile\systemDictionary.cpp, line 256]
Event: 37.609 Thread 0x00000259c3b59550 Exception <a 'java/lang/ClassNotFoundException'{0x000000008e279af0}: com/android/build/gradle/internal/dsl/SigningConfig$AgpDecoratedCustomizer> (0x000000008e279af0) 
thrown [t:\workspace\open\src\hotspot\share\classfile\systemDictionary.cpp, line 256]
Event: 37.612 Thread 0x00000259c3b59550 Exception <a 'java/lang/ClassNotFoundException'{0x000000008e2af180}: com/android/build/gradle/internal/dsl/SigningConfig$AgpDecorated_DecoratedCustomizer> (0x000000008e2af180) 
thrown [t:\workspace\open\src\hotspot\share\classfile\systemDictionary.cpp, line 256]
Event: 37.618 Thread 0x00000259c3b59550 Exception <a 'java/lang/ClassNotFoundException'{0x000000008e119e58}: build_8jd3yd6xyyvd9igy7wum13iwr$_run_closure2$_closure5BeanInfo> (0x000000008e119e58) 
thrown [t:\workspace\open\src\hotspot\share\classfile\systemDictionary.cpp, line 256]
Event: 37.619 Thread 0x00000259c3b59550 Exception <a 'java/lang/ClassNotFoundException'{0x000000008e127bc0}: build_8jd3yd6xyyvd9igy7wum13iwr$_run_closure2$_closure5Customizer> (0x000000008e127bc0) 
thrown [t:\workspace\open\src\hotspot\share\classfile\systemDictionary.cpp, line 256]
Event: 37.622 Thread 0x00000259c3b59550 Exception <a 'java/lang/ClassNotFoundException'{0x000000008e14ed68}: build_8jd3yd6xyyvd9igy7wum13iwr$_run_closure2BeanInfo> (0x000000008e14ed68) 
thrown [t:\workspace\open\src\hotspot\share\classfile\systemDictionary.cpp, line 256]
Event: 37.623 Thread 0x00000259c3b59550 Exception <a 'java/lang/ClassNotFoundException'{0x000000008e15ca08}: build_8jd3yd6xyyvd9igy7wum13iwr$_run_closure2Customizer> (0x000000008e15ca08) 
thrown [t:\workspace\open\src\hotspot\share\classfile\systemDictionary.cpp, line 256]
Event: 37.751 Thread 0x00000259c3b59550 Exception <a 'java/lang/ClassNotFoundException'{0x000000008dada148}: com/android/build/gradle/internal/dsl/BuildType$AgpDecorated_DecoratedBeanInfo> (0x000000008dada148) 
thrown [t:\workspace\open\src\hotspot\share\classfile\systemDictionary.cpp, line 256]
Event: 37.753 Thread 0x00000259c3b59550 Exception <a 'java/lang/ClassNotFoundException'{0x000000008daeb2c0}: com/android/build/gradle/internal/dsl/BuildType$AgpDecoratedBeanInfo> (0x000000008daeb2c0) 
thrown [t:\workspace\open\src\hotspot\share\classfile\systemDictionary.cpp, line 256]
Event: 37.754 Thread 0x00000259c3b59550 Exception <a 'java/lang/ClassNotFoundException'{0x000000008dafc2c8}: com/android/build/gradle/internal/dsl/BuildTypeBeanInfo> (0x000000008dafc2c8) 
thrown [t:\workspace\open\src\hotspot\share\classfile\systemDictionary.cpp, line 256]
Event: 37.755 Thread 0x00000259c3b59550 Exception <a 'java/lang/ClassNotFoundException'{0x000000008d90d808}: com/android/builder/core/AbstractBuildTypeBeanInfo> (0x000000008d90d808) 
thrown [t:\workspace\open\src\hotspot\share\classfile\systemDictionary.cpp, line 256]
Event: 37.757 Thread 0x00000259c3b59550 Exception <a 'java/lang/ClassNotFoundException'{0x000000008d91e5d8}: com/android/builder/core/AbstractBuildTypeCustomizer> (0x000000008d91e5d8) 
thrown [t:\workspace\open\src\hotspot\share\classfile\systemDictionary.cpp, line 256]
Event: 37.760 Thread 0x00000259c3b59550 Exception <a 'java/lang/ClassNotFoundException'{0x000000008d94bdf8}: com/android/build/gradle/internal/dsl/BuildTypeCustomizer> (0x000000008d94bdf8) 
thrown [t:\workspace\open\src\hotspot\share\classfile\systemDictionary.cpp, line 256]
Event: 37.766 Thread 0x00000259c3b59550 Exception <a 'java/lang/ClassNotFoundException'{0x000000008d9d9c38}: com/android/build/gradle/internal/dsl/BuildType$AgpDecoratedCustomizer> (0x000000008d9d9c38) 
thrown [t:\workspace\open\src\hotspot\share\classfile\systemDictionary.cpp, line 256]
Event: 37.771 Thread 0x00000259c3b59550 Exception <a 'java/lang/ClassNotFoundException'{0x000000008d830018}: com/android/build/gradle/internal/dsl/BuildType$AgpDecorated_DecoratedCustomizer> (0x000000008d830018) 
thrown [t:\workspace\open\src\hotspot\share\classfile\systemDictionary.cpp, line 256]
Event: 37.785 Thread 0x00000259c3b59550 Exception <a 'java/lang/ClassNotFoundException'{0x000000008d7217e0}: build_8jd3yd6xyyvd9igy7wum13iwr$_run_closure2$_closure6BeanInfo> (0x000000008d7217e0) 
thrown [t:\workspace\open\src\hotspot\share\classfile\systemDictionary.cpp, line 256]
Event: 37.786 Thread 0x00000259c3b59550 Exception <a 'java/lang/ClassNotFoundException'{0x000000008d72f548}: build_8jd3yd6xyyvd9igy7wum13iwr$_run_closure2$_closure6Customizer> (0x000000008d72f548) 
thrown [t:\workspace\open\src\hotspot\share\classfile\systemDictionary.cpp, line 256]

VM Operations (20 events):
Event: 35.230 Executing VM operation: G1Concurrent
Event: 35.231 Executing VM operation: G1Concurrent done
Event: 35.612 Executing VM operation: G1CollectForAllocation
Event: 35.630 Executing VM operation: G1CollectForAllocation done
Event: 35.690 Executing VM operation: G1CollectForAllocation
Event: 35.701 Executing VM operation: G1CollectForAllocation done
Event: 36.627 Executing VM operation: G1CollectForAllocation
Event: 36.637 Executing VM operation: G1CollectForAllocation done
Event: 36.865 Executing VM operation: ICBufferFull
Event: 36.866 Executing VM operation: ICBufferFull done
Event: 36.924 Executing VM operation: G1Concurrent
Event: 36.933 Executing VM operation: G1Concurrent done
Event: 37.058 Executing VM operation: G1Concurrent
Event: 37.059 Executing VM operation: G1Concurrent done
Event: 37.131 Executing VM operation: ICBufferFull
Event: 37.131 Executing VM operation: ICBufferFull done
Event: 37.139 Executing VM operation: ICBufferFull
Event: 37.139 Executing VM operation: ICBufferFull done
Event: 37.794 Executing VM operation: ICBufferFull
Event: 37.794 Executing VM operation: ICBufferFull done

Events (20 events):
Event: 34.770 loading class sun/security/provider/DSA$SHA256withDSA
Event: 34.770 loading class sun/security/provider/DSA$SHA256withDSA done
Event: 34.825 loading class java/util/jar/JarVerifier$VerifierStream
Event: 34.825 loading class java/util/jar/JarVerifier$VerifierStream done
Event: 34.826 loading class sun/security/util/ManifestEntryVerifier$SunProviderHolder
Event: 34.826 loading class sun/security/util/ManifestEntryVerifier$SunProviderHolder done
Event: 35.186 loading class java/security/KeyStore$ProtectionParameter
Event: 35.186 loading class java/security/KeyStore$ProtectionParameter done
Event: 35.864 loading class java/security/KeyStore
Event: 35.866 loading class java/security/KeyStore done
Event: 35.866 loading class java/security/KeyStore$1
Event: 35.866 loading class java/security/KeyStore$1 done
Event: 36.164 loading class javax/xml/stream/XMLStreamException
Event: 36.165 loading class javax/xml/stream/XMLStreamException done
Event: 36.210 loading class sun/reflect/annotation/AnnotationInvocationHandler$1
Event: 36.211 loading class sun/reflect/annotation/AnnotationInvocationHandler$1 done
Event: 37.127 loading class java/util/regex/Pattern$Pos
Event: 37.127 loading class java/util/regex/Pattern$Pos done
Event: 37.518 loading class java/beans/IntrospectionException
Event: 37.519 loading class java/beans/IntrospectionException done


Dynamic libraries:
0x00007ff6f9410000 - 0x00007ff6f941e000 	C:\Program Files\Microsoft\jdk-17.0.2\bin\java.exe
0x00007ffd2cc70000 - 0x00007ffd2ce68000 	C:\Windows\SYSTEM32\ntdll.dll
0x00007ffd2bc90000 - 0x00007ffd2bd51000 	C:\Windows\System32\KERNEL32.DLL
0x00007ffd2a320000 - 0x00007ffd2a616000 	C:\Windows\System32\KERNELBASE.dll
0x00007ffd2a840000 - 0x00007ffd2a940000 	C:\Windows\System32\ucrtbase.dll
0x00007ffcf5d20000 - 0x00007ffcf5d38000 	C:\Program Files\Microsoft\jdk-17.0.2\bin\jli.dll
0x00007ffd2aca0000 - 0x00007ffd2ae3f000 	C:\Windows\System32\USER32.dll
0x00007ffd2a620000 - 0x00007ffd2a642000 	C:\Windows\System32\win32u.dll
0x00007ffd2bc60000 - 0x00007ffd2bc8b000 	C:\Windows\System32\GDI32.dll
0x00007ffd2aa20000 - 0x00007ffd2ab37000 	C:\Windows\System32\gdi32full.dll
0x00007ffd2a6a0000 - 0x00007ffd2a73d000 	C:\Windows\System32\msvcp_win.dll
0x00007ffcf3fb0000 - 0x00007ffcf3fca000 	C:\Program Files\Microsoft\jdk-17.0.2\bin\VCRUNTIME140.dll
0x00007ffd1a560000 - 0x00007ffd1a7fa000 	C:\Windows\WinSxS\amd64_microsoft.windows.common-controls_6595b64144ccf1df_6.0.19041.4355_none_60b8b9eb71f62e16\COMCTL32.dll
0x00007ffd2c8c0000 - 0x00007ffd2c95e000 	C:\Windows\System32\msvcrt.dll
0x00007ffd2c7b0000 - 0x00007ffd2c7df000 	C:\Windows\System32\IMM32.DLL
0x00007ffd21230000 - 0x00007ffd2123c000 	C:\Program Files\Microsoft\jdk-17.0.2\bin\vcruntime140_1.dll
0x00007ffcdd540000 - 0x00007ffcdd5cd000 	C:\Program Files\Microsoft\jdk-17.0.2\bin\msvcp140.dll
0x00007ffcdc970000 - 0x00007ffcdd531000 	C:\Program Files\Microsoft\jdk-17.0.2\bin\server\jvm.dll
0x00007ffd2b660000 - 0x00007ffd2b710000 	C:\Windows\System32\ADVAPI32.dll
0x00007ffd2aed0000 - 0x00007ffd2af70000 	C:\Windows\System32\sechost.dll
0x00007ffd2c960000 - 0x00007ffd2ca83000 	C:\Windows\System32\RPCRT4.dll
0x00007ffd2a940000 - 0x00007ffd2a967000 	C:\Windows\System32\bcrypt.dll
0x00007ffd2b060000 - 0x00007ffd2b068000 	C:\Windows\System32\PSAPI.DLL
0x00007ffd1e050000 - 0x00007ffd1e059000 	C:\Windows\SYSTEM32\WSOCK32.dll
0x00007ffd2c590000 - 0x00007ffd2c5fb000 	C:\Windows\System32\WS2_32.dll
0x00007ffd1bd00000 - 0x00007ffd1bd27000 	C:\Windows\SYSTEM32\WINMM.dll
0x00007ffd21520000 - 0x00007ffd2152a000 	C:\Windows\SYSTEM32\VERSION.dll
0x00007ffd280c0000 - 0x00007ffd280d2000 	C:\Windows\SYSTEM32\kernel.appcore.dll
0x00007ffd1bd90000 - 0x00007ffd1bd9a000 	C:\Program Files\Microsoft\jdk-17.0.2\bin\jimage.dll
0x00007ffd11c20000 - 0x00007ffd11e04000 	C:\Windows\SYSTEM32\DBGHELP.DLL
0x00007ffd11b20000 - 0x00007ffd11b54000 	C:\Windows\SYSTEM32\dbgcore.DLL
0x00007ffd2a7b0000 - 0x00007ffd2a832000 	C:\Windows\System32\bcryptPrimitives.dll
0x00007ffd25040000 - 0x00007ffd2504e000 	C:\Program Files\Microsoft\jdk-17.0.2\bin\instrument.dll
0x00007ffcf3e60000 - 0x00007ffcf3e85000 	C:\Program Files\Microsoft\jdk-17.0.2\bin\java.dll
0x00007ffcf3d00000 - 0x00007ffcf3dd6000 	C:\Program Files\Microsoft\jdk-17.0.2\bin\jsvml.dll
0x00007ffd2bd60000 - 0x00007ffd2c4cc000 	C:\Windows\System32\SHELL32.dll
0x00007ffd283a0000 - 0x00007ffd28b3e000 	C:\Windows\SYSTEM32\windows.storage.dll
0x00007ffd2b900000 - 0x00007ffd2bc53000 	C:\Windows\System32\combase.dll
0x00007ffd29d40000 - 0x00007ffd29d6e000 	C:\Windows\SYSTEM32\Wldp.dll
0x00007ffd2cb40000 - 0x00007ffd2cc0d000 	C:\Windows\System32\OLEAUT32.dll
0x00007ffd2ca90000 - 0x00007ffd2cb3d000 	C:\Windows\System32\SHCORE.dll
0x00007ffd2c4d0000 - 0x00007ffd2c525000 	C:\Windows\System32\shlwapi.dll
0x00007ffd2a250000 - 0x00007ffd2a274000 	C:\Windows\SYSTEM32\profapi.dll
0x00007ffcfe030000 - 0x00007ffcfe048000 	C:\Program Files\Microsoft\jdk-17.0.2\bin\zip.dll
0x00007ffcf3e40000 - 0x00007ffcf3e59000 	C:\Program Files\Microsoft\jdk-17.0.2\bin\net.dll
0x00007ffd23540000 - 0x00007ffd2364a000 	C:\Windows\SYSTEM32\WINHTTP.dll
0x00007ffd29aa0000 - 0x00007ffd29b0a000 	C:\Windows\system32\mswsock.dll
0x00007ffcf3e20000 - 0x00007ffcf3e36000 	C:\Program Files\Microsoft\jdk-17.0.2\bin\nio.dll
0x00007ffd27310000 - 0x00007ffd27320000 	C:\Program Files\Microsoft\jdk-17.0.2\bin\verify.dll
0x00007ffd23aa0000 - 0x00007ffd23ac7000 	C:\Users\aanan\.gradle\native\68d5fa5c4cc2d200863cafc0d521ce42e7d3e7ee720ec0a83991735586a16f82\windows-amd64\native-platform.dll
0x00007ffd1a230000 - 0x00007ffd1a374000 	C:\Users\aanan\.gradle\native\e376f236ea51e6404a007f0833ffe2c6e607c4080706a723a18a27aeea778392\windows-amd64\native-platform-file-events.dll
0x00007ffd143d0000 - 0x00007ffd143d9000 	C:\Program Files\Microsoft\jdk-17.0.2\bin\management.dll
0x00007ffd14050000 - 0x00007ffd1405b000 	C:\Program Files\Microsoft\jdk-17.0.2\bin\management_ext.dll
0x00007ffd29ca0000 - 0x00007ffd29cb8000 	C:\Windows\SYSTEM32\CRYPTSP.dll
0x00007ffd29350000 - 0x00007ffd29384000 	C:\Windows\system32\rsaenh.dll
0x00007ffd2a200000 - 0x00007ffd2a22e000 	C:\Windows\SYSTEM32\USERENV.dll
0x00007ffd29c90000 - 0x00007ffd29c9c000 	C:\Windows\SYSTEM32\CRYPTBASE.dll
0x00007ffd29730000 - 0x00007ffd2976b000 	C:\Windows\SYSTEM32\IPHLPAPI.DLL
0x00007ffd2aff0000 - 0x00007ffd2aff8000 	C:\Windows\System32\NSI.dll
0x00007ffd23ef0000 - 0x00007ffd23f07000 	C:\Windows\SYSTEM32\dhcpcsvc6.DLL
0x00007ffd24ac0000 - 0x00007ffd24add000 	C:\Windows\SYSTEM32\dhcpcsvc.DLL
0x00007ffd29780000 - 0x00007ffd2984a000 	C:\Windows\SYSTEM32\DNSAPI.dll
0x00007ffd12c10000 - 0x00007ffd12c1e000 	C:\Program Files\Microsoft\jdk-17.0.2\bin\sunmscapi.dll
0x00007ffd2ab40000 - 0x00007ffd2ac9e000 	C:\Windows\System32\CRYPT32.dll
0x00007ffd29db0000 - 0x00007ffd29dd9000 	C:\Windows\SYSTEM32\ncrypt.dll
0x00007ffd29d70000 - 0x00007ffd29dab000 	C:\Windows\SYSTEM32\NTASN1.dll
0x00007ffd12750000 - 0x00007ffd12757000 	C:\Windows\system32\wshunix.dll
0x00007ffd234a0000 - 0x00007ffd234b7000 	C:\Windows\system32\napinsp.dll
0x00007ffd21ee0000 - 0x00007ffd21efb000 	C:\Windows\system32\pnrpnsp.dll
0x00007ffd22330000 - 0x00007ffd22345000 	C:\Windows\system32\wshbth.dll
0x00007ffd25f40000 - 0x00007ffd25f5d000 	C:\Windows\system32\NLAapi.dll
0x00007ffd21ec0000 - 0x00007ffd21ed2000 	C:\Windows\System32\winrnr.dll
0x00007ffd19fa0000 - 0x00007ffd19faa000 	C:\Windows\System32\rasadhlp.dll
0x00007ffd1b3e0000 - 0x00007ffd1b460000 	C:\Windows\System32\fwpuclnt.dll

dbghelp: loaded successfully - version: 4.0.5 - missing functions: none
symbol engine: initialized successfully - sym options: 0x614 - pdb path: .;C:\Program Files\Microsoft\jdk-17.0.2\bin;C:\Windows\SYSTEM32;C:\Windows\WinSxS\amd64_microsoft.windows.common-controls_6595b64144ccf1df_6.0.19041.4355_none_60b8b9eb71f62e16;C:\Program Files\Microsoft\jdk-17.0.2\bin\server;C:\Users\aanan\.gradle\native\68d5fa5c4cc2d200863cafc0d521ce42e7d3e7ee720ec0a83991735586a16f82\windows-amd64;C:\Users\aanan\.gradle\native\e376f236ea51e6404a007f0833ffe2c6e607c4080706a723a18a27aeea778392\windows-amd64

VM Arguments:
jvm_args: -XX:MaxMetaspaceSize=512m --add-opens=java.base/java.util=ALL-UNNAMED --add-opens=java.base/java.lang=ALL-UNNAMED --add-opens=java.base/java.lang.invoke=ALL-UNNAMED --add-opens=java.prefs/java.util.prefs=ALL-UNNAMED --add-opens=java.base/java.nio.charset=ALL-UNNAMED --add-opens=java.base/java.net=ALL-UNNAMED --add-opens=java.base/java.util.concurrent.atomic=ALL-UNNAMED -Xmx2048m -Dfile.encoding=windows-1252 -Duser.country=IN -Duser.language=en -Duser.variant -javaagent:C:\Users\aanan\.gradle\wrapper\dists\gradle-8.3-all\6en3ugtfdg5xnpx44z4qbwgas\gradle-8.3\lib\agents\gradle-instrumentation-agent-8.3.jar 
java_command: org.gradle.launcher.daemon.bootstrap.GradleDaemon 8.3
java_class_path (initial): C:\Users\aanan\.gradle\wrapper\dists\gradle-8.3-all\6en3ugtfdg5xnpx44z4qbwgas\gradle-8.3\lib\gradle-launcher-8.3.jar
Launcher Type: SUN_STANDARD

[Global flags]
     intx CICompilerCount                          = 3                                         {product} {ergonomic}
   size_t CompressedClassSpaceSize                 = 432013312                                 {product} {ergonomic}
     uint ConcGCThreads                            = 1                                         {product} {ergonomic}
     uint G1ConcRefinementThreads                  = 4                                         {product} {ergonomic}
   size_t G1HeapRegionSize                         = 1048576                                   {product} {ergonomic}
    uintx GCDrainStackTargetSize                   = 64                                        {product} {ergonomic}
   size_t InitialHeapSize                          = 100663296                                 {product} {ergonomic}
   size_t MarkStackSize                            = 4194304                                   {product} {ergonomic}
   size_t MaxHeapSize                              = 2147483648                                {product} {command line}
   size_t MaxMetaspaceSize                         = 536870912                                 {product} {command line}
   size_t MaxNewSize                               = 1287651328                                {product} {ergonomic}
   size_t MinHeapDeltaBytes                        = 1048576                                   {product} {ergonomic}
   size_t MinHeapSize                              = 8388608                                   {product} {ergonomic}
    uintx NonNMethodCodeHeapSize                   = 5832780                                {pd product} {ergonomic}
    uintx NonProfiledCodeHeapSize                  = 122912730                              {pd product} {ergonomic}
    uintx ProfiledCodeHeapSize                     = 122912730                              {pd product} {ergonomic}
    uintx ReservedCodeCacheSize                    = 251658240                              {pd product} {ergonomic}
     bool SegmentedCodeCache                       = true                                      {product} {ergonomic}
   size_t SoftMaxHeapSize                          = 2147483648                             {manageable} {ergonomic}
     bool UseCompressedClassPointers               = true                           {product lp64_product} {ergonomic}
     bool UseCompressedOops                        = true                           {product lp64_product} {ergonomic}
     bool UseG1GC                                  = true                                      {product} {ergonomic}
     bool UseLargePagesIndividualAllocation        = false                                  {pd product} {ergonomic}

Logging:
Log output configuration:
 #0: stdout all=warning uptime,level,tags
 #1: stderr all=off uptime,level,tags

Environment Variables:
JAVA_HOME=C:\Program Files\Microsoft\jdk-17.0.2
CLASSPATH=C:\Users\aanan\Desktop\Latest\android\\gradle\wrapper\gradle-wrapper.jar
PATH=C:\Users\aanan\Desktop\Latest\node_modules\.bin;C:\Users\aanan\Desktop\node_modules\.bin;C:\Users\aanan\node_modules\.bin;C:\Users\node_modules\.bin;C:\node_modules\.bin;C:\Program Files\nodejs\node_modules\npm\node_modules\@npmcli\run-script\lib\node-gyp-bin;C:\Program Files (x86)\Intel\iCLS Client\;C:\Program Files\Intel\iCLS Client\;C:\Windows\system32;C:\Windows;C:\Windows\System32\Wbem;C:\Windows\System32\WindowsPowerShell\v1.0\;C:\Windows\System32\OpenSSH\;C:\Program Files\dotnet\;C:\Program Files\Intel\Intel(R) Management Engine Components\DAL;C:\Program Files\Intel\Intel(R) Management Engine Components\IPT;C:\Program Files (x86)\Intel\Intel(R) Management Engine Components\DAL;C:\Program Files (x86)\Intel\Intel(R) Management Engine Components\IPT;C:\ProgramData\chocolatey\bin;C:\Program Files\nodejs\;C:\Users\aanan\AppData\Local\Android\Sdk\platform-tools;C:\Program Files\Git\cmd;C:\Program Files\Git\mingw64\bin;C:\Program Files\Git\usr\bin;C:\Program Files\Microsoft\jdk-17.0.2\bin;C:\Users\aanan\AppData\Local\Microsoft\WindowsApps;C:\Users\aanan\AppData\Local\Programs\Microsoft VS Code\bin;C:\Users\aanan\AppData\Roaming\npm;
USERNAME=Devendra
OS=Windows_NT
PROCESSOR_IDENTIFIER=Intel64 Family 6 Model 69 Stepping 1, GenuineIntel



---------------  S Y S T E M  ---------------

OS:
 Windows 10 , 64 bit Build 19041 (10.0.19041.4597)
OS uptime: 1 days 21:05 hours

CPU: total 4 (initial active 4) (2 cores per cpu, 2 threads per core) family 6 model 69 stepping 1 microcode 0x25, cx8, cmov, fxsr, ht, mmx, sse, sse2, sse3, ssse3, sse4.1, sse4.2, popcnt, lzcnt, tsc, tscinvbit, avx, avx2, aes, erms, clmul, bmi1, bmi2, fma, vzeroupper, clflush

Memory: 4k page, system-wide physical 6024M (394M free)
TotalPageFile size 8072M (AvailPageFile size 1M)
current process WorkingSet (physical memory assigned to process): 459M, peak: 462M
current process commit charge ("private bytes"): 543M, peak: 546M

vm_info: OpenJDK 64-Bit Server VM (17.0.2+8-86) for windows-amd64 JRE (17.0.2+8-86), built on Dec  7 2021 21:49:10 by "mach5one" with MS VC++ 16.8 / 16.9 (VS2019)

END.
