#
# There is insufficient memory for the Java Runtime Environment to continue.
# Native memory allocation (mmap) failed to map 100663296 bytes for G1 virtual space
# Possible reasons:
#   The system is out of physical RAM or swap space
#   The process is running with CompressedOops enabled, and the Java Heap may be blocking the growth of the native heap
# Possible solutions:
#   Reduce memory load on the system
#   Increase physical memory or swap space
#   Check if swap backing store is full
#   Decrease Java heap size (-Xmx/-Xms)
#   Decrease number of Java threads
#   Decrease Java thread stack sizes (-Xss)
#   Set larger code cache with -XX:ReservedCodeCacheSize=
#   JVM is running with Unscaled Compressed Oops mode in which the Java heap is
#     placed in the first 4GB address space. The Java Heap base address is the
#     maximum limit for the native heap growth. Please use -XX:HeapBaseMinAddress
#     to set the Java Heap base and to place the Java Heap above 4GB virtual address.
# This output file may be truncated or incomplete.
#
#  Out of Memory Error (os_windows.cpp:3532), pid=6260, tid=1428
#
# JRE version:  (17.0.2+8) (build )
# Java VM: OpenJDK 64-Bit Server VM (17.0.2+8-86, mixed mode, sharing, tiered, compressed oops, compressed class ptrs, g1 gc, windows-amd64)
# No core dump will be written. Minidumps are not enabled by default on client versions of Windows
#

---------------  S U M M A R Y ------------

Command Line: org.jetbrains.kotlin.cli.jvm.K2JVMCompiler @C:\Users\aanan\Desktop\Latest\android\app\build\20240805_3381860981985354145.compiler.options

Host: Intel(R) Core(TM) i3-4010U CPU @ 1.70GHz, 4 cores, 5G,  Windows 10 , 64 bit Build 19041 (10.0.19041.4597)
Time: Mon Aug  5 15:57:57 2024 India Standard Time elapsed time: 0.169909 seconds (0d 0h 0m 0s)

---------------  T H R E A D  ---------------

Current thread (0x0000029e85c485e0):  JavaThread "Unknown thread" [_thread_in_vm, id=1428, stack(0x000000fa46500000,0x000000fa46600000)]

Stack: [0x000000fa46500000,0x000000fa46600000]
Native frames: (J=compiled Java code, j=interpreted, Vv=VM code, C=native code)
V  [jvm.dll+0x670baa]
V  [jvm.dll+0x7cfcb4]
V  [jvm.dll+0x7d145e]
V  [jvm.dll+0x7d1ac3]
V  [jvm.dll+0x242bc5]
V  [jvm.dll+0x66dac9]
V  [jvm.dll+0x662412]
V  [jvm.dll+0x300c0b]
V  [jvm.dll+0x3081a6]
V  [jvm.dll+0x357d0e]
V  [jvm.dll+0x357f3f]
V  [jvm.dll+0x2d7ec8]
V  [jvm.dll+0x2d8e34]
V  [jvm.dll+0x7a18c1]
V  [jvm.dll+0x365a91]
V  [jvm.dll+0x780d2c]
V  [jvm.dll+0x3e845f]
V  [jvm.dll+0x3e9f01]
C  [jli.dll+0x527b]
C  [ucrtbase.dll+0x21bb2]
C  [KERNEL32.DLL+0x17374]
C  [ntdll.dll+0x4cc91]


---------------  P R O C E S S  ---------------

Threads class SMR info:
_java_thread_list=0x00007ffcd8129858, length=0, elements={
}

Java Threads: ( => current thread )

Other Threads:
  0x0000029e85c7e130 GCTaskThread "GC Thread#0" [stack: 0x000000fa46700000,0x000000fa46800000] [id=10356]
  0x0000029e85c8bd00 ConcurrentGCThread "G1 Main Marker" [stack: 0x000000fa46800000,0x000000fa46900000] [id=9580]
  0x0000029e85c8c710 ConcurrentGCThread "G1 Conc#0" [stack: 0x000000fa46900000,0x000000fa46a00000] [id=1060]

[error occurred during error reporting (printing all threads), id 0xc0000005, EXCEPTION_ACCESS_VIOLATION (0xc0000005) at pc=0x00007ffcd79788a7]

VM state: not at safepoint (not fully initialized)

VM Mutex/Monitor currently owned by a thread:  ([mutex/lock_event])
[0x0000029e85c45480] Heap_lock - owner thread: 0x0000029e85c485e0

Heap address: 0x00000000a1c00000, size: 1508 MB, Compressed Oops mode: 32-bit

CDS archive(s) mapped at: [0x0000000000000000-0x0000000000000000-0x0000000000000000), size 0, SharedBaseAddress: 0x0000000800000000, ArchiveRelocationMode: 0.
Narrow klass base: 0x0000000000000000, Narrow klass shift: 0, Narrow klass range: 0x0

GC Precious Log:
<Empty>

Heap:
 garbage-first heap   total 0K, used 0K [0x00000000a1c00000, 0x0000000100000000)
  region size 1024K, 0 young (0K), 0 survivors (0K)

[error occurred during error reporting (printing heap information), id 0xc0000005, EXCEPTION_ACCESS_VIOLATION (0xc0000005) at pc=0x00007ffcd7d59f19]

GC Heap History (0 events):
No events

Deoptimization events (0 events):
No events

Classes unloaded (0 events):
No events

Classes redefined (0 events):
No events

Internal exceptions (0 events):
No events

VM Operations (0 events):
No events

Events (1 events):
Event: 0.040 Loaded shared library C:\Program Files\Microsoft\jdk-17.0.2\bin\java.dll


Dynamic libraries:
0x00007ff6a67d0000 - 0x00007ff6a67de000 	C:\Program Files\Microsoft\jdk-17.0.2\bin\java.exe
0x00007ffd2cc70000 - 0x00007ffd2ce68000 	C:\Windows\SYSTEM32\ntdll.dll
0x00007ffd2bc90000 - 0x00007ffd2bd51000 	C:\Windows\System32\KERNEL32.DLL
0x00007ffd2a320000 - 0x00007ffd2a616000 	C:\Windows\System32\KERNELBASE.dll
0x00007ffd2a840000 - 0x00007ffd2a940000 	C:\Windows\System32\ucrtbase.dll
0x00007ffcf3fb0000 - 0x00007ffcf3fc8000 	C:\Program Files\Microsoft\jdk-17.0.2\bin\jli.dll
0x00007ffd2aca0000 - 0x00007ffd2ae3f000 	C:\Windows\System32\USER32.dll
0x00007ffd2a620000 - 0x00007ffd2a642000 	C:\Windows\System32\win32u.dll
0x00007ffd2bc60000 - 0x00007ffd2bc8b000 	C:\Windows\System32\GDI32.dll
0x00007ffd2aa20000 - 0x00007ffd2ab37000 	C:\Windows\System32\gdi32full.dll
0x00007ffd2a6a0000 - 0x00007ffd2a73d000 	C:\Windows\System32\msvcp_win.dll
0x00007ffcd9be0000 - 0x00007ffcd9bfa000 	C:\Program Files\Microsoft\jdk-17.0.2\bin\VCRUNTIME140.dll
0x00007ffd1a560000 - 0x00007ffd1a7fa000 	C:\Windows\WinSxS\amd64_microsoft.windows.common-controls_6595b64144ccf1df_6.0.19041.4355_none_60b8b9eb71f62e16\COMCTL32.dll
0x00007ffd2c8c0000 - 0x00007ffd2c95e000 	C:\Windows\System32\msvcrt.dll
0x00007ffd2c7b0000 - 0x00007ffd2c7df000 	C:\Windows\System32\IMM32.DLL
0x00007ffd23150000 - 0x00007ffd2315c000 	C:\Program Files\Microsoft\jdk-17.0.2\bin\vcruntime140_1.dll
0x00007ffcd9b50000 - 0x00007ffcd9bdd000 	C:\Program Files\Microsoft\jdk-17.0.2\bin\msvcp140.dll
0x00007ffcd7690000 - 0x00007ffcd8251000 	C:\Program Files\Microsoft\jdk-17.0.2\bin\server\jvm.dll
0x00007ffd2b660000 - 0x00007ffd2b710000 	C:\Windows\System32\ADVAPI32.dll
0x00007ffd2aed0000 - 0x00007ffd2af70000 	C:\Windows\System32\sechost.dll
0x00007ffd2c960000 - 0x00007ffd2ca83000 	C:\Windows\System32\RPCRT4.dll
0x00007ffd2a940000 - 0x00007ffd2a967000 	C:\Windows\System32\bcrypt.dll
0x00007ffd2b060000 - 0x00007ffd2b068000 	C:\Windows\System32\PSAPI.DLL
0x00007ffd1afb0000 - 0x00007ffd1afb9000 	C:\Windows\SYSTEM32\WSOCK32.dll
0x00007ffd2c590000 - 0x00007ffd2c5fb000 	C:\Windows\System32\WS2_32.dll
0x00007ffd1bd00000 - 0x00007ffd1bd27000 	C:\Windows\SYSTEM32\WINMM.dll
0x00007ffd21520000 - 0x00007ffd2152a000 	C:\Windows\SYSTEM32\VERSION.dll
0x00007ffd280c0000 - 0x00007ffd280d2000 	C:\Windows\SYSTEM32\kernel.appcore.dll
0x00007ffd19d50000 - 0x00007ffd19d5a000 	C:\Program Files\Microsoft\jdk-17.0.2\bin\jimage.dll
0x00007ffd11c20000 - 0x00007ffd11e04000 	C:\Windows\SYSTEM32\DBGHELP.DLL
0x00007ffd11b20000 - 0x00007ffd11b54000 	C:\Windows\SYSTEM32\dbgcore.DLL
0x00007ffd2a7b0000 - 0x00007ffd2a832000 	C:\Windows\System32\bcryptPrimitives.dll
0x00007ffcd9b20000 - 0x00007ffcd9b45000 	C:\Program Files\Microsoft\jdk-17.0.2\bin\java.dll

dbghelp: loaded successfully - version: 4.0.5 - missing functions: none
symbol engine: initialized successfully - sym options: 0x614 - pdb path: .;C:\Program Files\Microsoft\jdk-17.0.2\bin;C:\Windows\SYSTEM32;C:\Windows\WinSxS\amd64_microsoft.windows.common-controls_6595b64144ccf1df_6.0.19041.4355_none_60b8b9eb71f62e16;C:\Program Files\Microsoft\jdk-17.0.2\bin\server

VM Arguments:
java_command: org.jetbrains.kotlin.cli.jvm.K2JVMCompiler @C:\Users\aanan\Desktop\Latest\android\app\build\20240805_3381860981985354145.compiler.options
java_class_path (initial): C:\Users\aanan\.gradle\caches\modules-2\files-2.1\org.jetbrains.kotlin\kotlin-compiler-embeddable\1.8.0\eb9118d4bcceaa2a94b2ae2a33a4ddba7c9a947f\kotlin-compiler-embeddable-1.8.0.jar;C:\Users\aanan\.gradle\caches\modules-2\files-2.1\org.jetbrains.kotlin\kotlin-stdlib\1.8.0\1796921c7a3e2e2665a83e6c8d33399336cd39bc\kotlin-stdlib-1.8.0.jar;C:\Users\aanan\.gradle\caches\modules-2\files-2.1\org.jetbrains.kotlin\kotlin-script-runtime\1.8.0\b2f7e760d283cb339974851c222a4c1d48f2d3d\kotlin-script-runtime-1.8.0.jar;C:\Users\aanan\.gradle\caches\modules-2\files-2.1\org.jetbrains.kotlin\kotlin-reflect\1.6.10\1cbe9c92c12a94eea200d23c2bbaedaf3daf5132\kotlin-reflect-1.6.10.jar;C:\Users\aanan\.gradle\caches\modules-2\files-2.1\org.jetbrains.kotlin\kotlin-daemon-embeddable\1.8.0\d255216c551685dc3a7e852b53617f5f01aaaa5c\kotlin-daemon-embeddable-1.8.0.jar;C:\Users\aanan\.gradle\caches\modules-2\files-2.1\org.jetbrains.intellij.deps\trove4j\1.0.20200330\3afb14d5f9ceb459d724e907a21145e8ff394f02\trove4j-1.0.20200330.jar;C:\Users\aanan\.gradle\caches\modules-2\files-2.1\net.java.dev.jna\jna\5.6.0\330f2244e9030119ab3030fc3fededc86713d9cc\jna-5.6.0.jar;C:\Users\aanan\.gradle\caches\modules-2\files-2.1\org.jetbrains.kotlin\kotlin-stdlib-common\1.8.0\f7197e7cc76453ac59f8b0f8d5137cc600becd36\kotlin-stdlib-common-1.8.0.jar;C:\Users\aanan\.gradle\caches\modules-2\files-2.1\org.jetbrains\annotations\13.0\919f0dfe192fb4e063e7dacadee7f8bb9a2672a9\annotations-13.0.jar
Launcher Type: SUN_STANDARD

[Global flags]
     intx CICompilerCount                          = 3                                         {product} {ergonomic}
     uint ConcGCThreads                            = 1                                         {product} {ergonomic}
     uint G1ConcRefinementThreads                  = 4                                         {product} {ergonomic}
   size_t G1HeapRegionSize                         = 1048576                                   {product} {ergonomic}
    uintx GCDrainStackTargetSize                   = 64                                        {product} {ergonomic}
   size_t InitialHeapSize                          = 100663296                                 {product} {ergonomic}
   size_t MarkStackSize                            = 4194304                                   {product} {ergonomic}
   size_t MaxHeapSize                              = 1581252608                                {product} {ergonomic}
   size_t MinHeapDeltaBytes                        = 1048576                                   {product} {ergonomic}
   size_t MinHeapSize                              = 8388608                                   {product} {ergonomic}
    uintx NonNMethodCodeHeapSize                   = 5832780                                {pd product} {ergonomic}
    uintx NonProfiledCodeHeapSize                  = 122912730                              {pd product} {ergonomic}
    uintx ProfiledCodeHeapSize                     = 122912730                              {pd product} {ergonomic}
    uintx ReservedCodeCacheSize                    = 251658240                              {pd product} {ergonomic}
     bool SegmentedCodeCache                       = true                                      {product} {ergonomic}
   size_t SoftMaxHeapSize                          = 1581252608                             {manageable} {ergonomic}
     bool UseCompressedClassPointers               = true                           {product lp64_product} {ergonomic}
     bool UseCompressedOops                        = true                           {product lp64_product} {ergonomic}
     bool UseG1GC                                  = true                                      {product} {ergonomic}
     bool UseLargePagesIndividualAllocation        = false                                  {pd product} {ergonomic}

Logging:
Log output configuration:
 #0: stdout all=warning uptime,level,tags
 #1: stderr all=off uptime,level,tags

Environment Variables:
JAVA_HOME=C:\Program Files\Microsoft\jdk-17.0.2
CLASSPATH=C:\Users\aanan\Desktop\Latest\android\\gradle\wrapper\gradle-wrapper.jar
PATH=C:\Users\aanan\Desktop\Latest\node_modules\.bin;C:\Users\aanan\Desktop\node_modules\.bin;C:\Users\aanan\node_modules\.bin;C:\Users\node_modules\.bin;C:\node_modules\.bin;C:\Program Files\nodejs\node_modules\npm\node_modules\@npmcli\run-script\lib\node-gyp-bin;C:\Program Files (x86)\Intel\iCLS Client\;C:\Program Files\Intel\iCLS Client\;C:\Windows\system32;C:\Windows;C:\Windows\System32\Wbem;C:\Windows\System32\WindowsPowerShell\v1.0\;C:\Windows\System32\OpenSSH\;C:\Program Files\dotnet\;C:\Program Files\Intel\Intel(R) Management Engine Components\DAL;C:\Program Files\Intel\Intel(R) Management Engine Components\IPT;C:\Program Files (x86)\Intel\Intel(R) Management Engine Components\DAL;C:\Program Files (x86)\Intel\Intel(R) Management Engine Components\IPT;C:\ProgramData\chocolatey\bin;C:\Program Files\nodejs\;C:\Users\aanan\AppData\Local\Android\Sdk\platform-tools;C:\Program Files\Git\cmd;C:\Program Files\Git\mingw64\bin;C:\Program Files\Git\usr\bin;C:\Program Files\Microsoft\jdk-17.0.2\bin;C:\Users\aanan\AppData\Local\Microsoft\WindowsApps;C:\Users\aanan\AppData\Local\Programs\Microsoft VS Code\bin;C:\Users\aanan\AppData\Roaming\npm;
USERNAME=Devendra
OS=Windows_NT
PROCESSOR_IDENTIFIER=Intel64 Family 6 Model 69 Stepping 1, GenuineIntel



---------------  S Y S T E M  ---------------

OS:
 Windows 10 , 64 bit Build 19041 (10.0.19041.4597)
OS uptime: 1 days 23:10 hours

CPU: total 4 (initial active 4) (2 cores per cpu, 2 threads per core) family 6 model 69 stepping 1 microcode 0x25, cx8, cmov, fxsr, ht, mmx, sse, sse2, sse3, ssse3, sse4.1, sse4.2, popcnt, lzcnt, tsc, tscinvbit, avx, avx2, aes, erms, clmul, bmi1, bmi2, fma, vzeroupper, clflush

Memory: 4k page, system-wide physical 6024M (331M free)
TotalPageFile size 8072M (AvailPageFile size 29M)
current process WorkingSet (physical memory assigned to process): 10M, peak: 10M
current process commit charge ("private bytes"): 51M, peak: 147M

vm_info: OpenJDK 64-Bit Server VM (17.0.2+8-86) for windows-amd64 JRE (17.0.2+8-86), built on Dec  7 2021 21:49:10 by "mach5one" with MS VC++ 16.8 / 16.9 (VS2019)

END.
