#
# There is insufficient memory for the Java Runtime Environment to continue.
# Native memory allocation (malloc) failed to allocate 1652176 bytes for Chunk::new
# Possible reasons:
#   The system is out of physical RAM or swap space
#   The process is running with CompressedOops enabled, and the Java Heap may be blocking the growth of the native heap
# Possible solutions:
#   Reduce memory load on the system
#   Increase physical memory or swap space
#   Check if swap backing store is full
#   Decrease Java heap size (-Xmx/-Xms)
#   Decrease number of Java threads
#   Decrease Java thread stack sizes (-Xss)
#   Set larger code cache with -XX:ReservedCodeCacheSize=
#   JVM is running with Unscaled Compressed Oops mode in which the Java heap is
#     placed in the first 4GB address space. The Java Heap base address is the
#     maximum limit for the native heap growth. Please use -XX:HeapBaseMinAddress
#     to set the Java Heap base and to place the Java Heap above 4GB virtual address.
# This output file may be truncated or incomplete.
#
#  Out of Memory Error (arena.cpp:189), pid=11620, tid=704
#
# JRE version: OpenJDK Runtime Environment (17.0.2+8) (build 17.0.2+8-86)
# Java VM: OpenJDK 64-Bit Server VM (17.0.2+8-86, mixed mode, sharing, tiered, compressed oops, compressed class ptrs, g1 gc, windows-amd64)
# No core dump will be written. Minidumps are not enabled by default on client versions of Windows
#

---------------  S U M M A R Y ------------

Command Line: -XX:MaxMetaspaceSize=512m --add-opens=java.base/java.util=ALL-UNNAMED --add-opens=java.base/java.lang=ALL-UNNAMED --add-opens=java.base/java.lang.invoke=ALL-UNNAMED --add-opens=java.prefs/java.util.prefs=ALL-UNNAMED --add-opens=java.base/java.nio.charset=ALL-UNNAMED --add-opens=java.base/java.net=ALL-UNNAMED --add-opens=java.base/java.util.concurrent.atomic=ALL-UNNAMED -Xmx2048m -Dfile.encoding=windows-1252 -Duser.country=IN -Duser.language=en -Duser.variant -javaagent:C:\Users\aanan\.gradle\wrapper\dists\gradle-8.3-all\6en3ugtfdg5xnpx44z4qbwgas\gradle-8.3\lib\agents\gradle-instrumentation-agent-8.3.jar org.gradle.launcher.daemon.bootstrap.GradleDaemon 8.3

Host: Intel(R) Core(TM) i3-4010U CPU @ 1.70GHz, 4 cores, 5G,  Windows 10 , 64 bit Build 19041 (10.0.19041.3636)
Time: Mon Jun 24 11:40:52 2024 India Standard Time elapsed time: 7.265494 seconds (0d 0h 0m 7s)

---------------  T H R E A D  ---------------

Current thread (0x000001e8a3b47c80):  JavaThread "C2 CompilerThread0" daemon [_thread_in_native, id=704, stack(0x000000b27ba00000,0x000000b27bb00000)]


Current CompileTask:
C2:   7265 2174   !   4       java.lang.ClassLoader::loadClass (121 bytes)

Stack: [0x000000b27ba00000,0x000000b27bb00000]
Native frames: (J=compiled Java code, j=interpreted, Vv=VM code, C=native code)
V  [jvm.dll+0x670baa]
V  [jvm.dll+0x7cfcb4]
V  [jvm.dll+0x7d145e]
V  [jvm.dll+0x7d1ac3]
V  [jvm.dll+0x242bc5]
V  [jvm.dll+0xaa57b]
V  [jvm.dll+0xaab0c]
V  [jvm.dll+0x35fcb2]
V  [jvm.dll+0x1b9982]
V  [jvm.dll+0x215de9]
V  [jvm.dll+0x2150b1]
V  [jvm.dll+0x1a1bbd]
V  [jvm.dll+0x224908]
V  [jvm.dll+0x222a6c]
V  [jvm.dll+0x7859bb]
V  [jvm.dll+0x77ff7a]
V  [jvm.dll+0x66fa35]
C  [ucrtbase.dll+0x21bb2]
C  [KERNEL32.DLL+0x17344]
C  [ntdll.dll+0x4cc91]


---------------  P R O C E S S  ---------------

Threads class SMR info:
_java_thread_list=0x000001e8a6fb6780, length=26, elements={
0x000001e8862877d0, 0x000001e8a3b2a870, 0x000001e8a3b2b5f0, 0x000001e8a3b41470,
0x000001e8a3b44e50, 0x000001e8a3b46720, 0x000001e8a3b46fe0, 0x000001e8a3b47c80,
0x000001e8a3b48630, 0x000001e8a3bb11c0, 0x000001e8a4552f80, 0x000001e8a4655a80,
0x000001e8a5c2a040, 0x000001e8a61bc4a0, 0x000001e8a64f6020, 0x000001e8a64e2870,
0x000001e8a5d41e40, 0x000001e8a61f4020, 0x000001e8a55e77a0, 0x000001e8a55c0cf0,
0x000001e8a517e840, 0x000001e8a517d500, 0x000001e8a5180520, 0x000001e8a517fb80,
0x000001e8a5289d70, 0x000001e8a517e370
}

Java Threads: ( => current thread )
  0x000001e8862877d0 JavaThread "main" [_thread_blocked, id=10820, stack(0x000000b27ad00000,0x000000b27ae00000)]
  0x000001e8a3b2a870 JavaThread "Reference Handler" daemon [_thread_blocked, id=9052, stack(0x000000b27b400000,0x000000b27b500000)]
  0x000001e8a3b2b5f0 JavaThread "Finalizer" daemon [_thread_blocked, id=5984, stack(0x000000b27b500000,0x000000b27b600000)]
  0x000001e8a3b41470 JavaThread "Signal Dispatcher" daemon [_thread_blocked, id=9688, stack(0x000000b27b600000,0x000000b27b700000)]
  0x000001e8a3b44e50 JavaThread "Attach Listener" daemon [_thread_blocked, id=7652, stack(0x000000b27b700000,0x000000b27b800000)]
  0x000001e8a3b46720 JavaThread "Service Thread" daemon [_thread_blocked, id=6164, stack(0x000000b27b800000,0x000000b27b900000)]
  0x000001e8a3b46fe0 JavaThread "Monitor Deflation Thread" daemon [_thread_blocked, id=9488, stack(0x000000b27b900000,0x000000b27ba00000)]
=>0x000001e8a3b47c80 JavaThread "C2 CompilerThread0" daemon [_thread_in_native, id=704, stack(0x000000b27ba00000,0x000000b27bb00000)]
  0x000001e8a3b48630 JavaThread "C1 CompilerThread0" daemon [_thread_in_vm, id=5084, stack(0x000000b27bb00000,0x000000b27bc00000)]
  0x000001e8a3bb11c0 JavaThread "Sweeper thread" daemon [_thread_blocked, id=3508, stack(0x000000b27bc00000,0x000000b27bd00000)]
  0x000001e8a4552f80 JavaThread "Common-Cleaner" daemon [_thread_blocked, id=7340, stack(0x000000b27bd00000,0x000000b27be00000)]
  0x000001e8a4655a80 JavaThread "Notification Thread" daemon [_thread_blocked, id=12284, stack(0x000000b27be00000,0x000000b27bf00000)]
  0x000001e8a5c2a040 JavaThread "Daemon health stats" [_thread_blocked, id=5872, stack(0x000000b27c400000,0x000000b27c500000)]
  0x000001e8a61bc4a0 JavaThread "Incoming local TCP Connector on port 50666" [_thread_in_native, id=3044, stack(0x000000b27c200000,0x000000b27c300000)]
  0x000001e8a64f6020 JavaThread "Daemon periodic checks" [_thread_blocked, id=6884, stack(0x000000b27c500000,0x000000b27c600000)]
  0x000001e8a64e2870 JavaThread "Daemon" [_thread_blocked, id=9820, stack(0x000000b27c600000,0x000000b27c700000)]
  0x000001e8a5d41e40 JavaThread "Handler for socket connection from /127.0.0.1:50666 to /127.0.0.1:50667" [_thread_in_native, id=2808, stack(0x000000b27c700000,0x000000b27c800000)]
  0x000001e8a61f4020 JavaThread "Cancel handler" [_thread_blocked, id=3304, stack(0x000000b27c800000,0x000000b27c900000)]
  0x000001e8a55e77a0 JavaThread "Daemon worker" [_thread_in_vm, id=11080, stack(0x000000b27c900000,0x000000b27ca00000)]
  0x000001e8a55c0cf0 JavaThread "Asynchronous log dispatcher for DefaultDaemonConnection: socket connection from /127.0.0.1:50666 to /127.0.0.1:50667" [_thread_blocked, id=10724, stack(0x000000b27ca00000,0x000000b27cb00000)]
  0x000001e8a517e840 JavaThread "Stdin handler" [_thread_blocked, id=11908, stack(0x000000b27cb00000,0x000000b27cc00000)]
  0x000001e8a517d500 JavaThread "Daemon client event forwarder" [_thread_blocked, id=6388, stack(0x000000b27cc00000,0x000000b27cd00000)]
  0x000001e8a5180520 JavaThread "Cache worker for journal cache (C:\Users\aanan\.gradle\caches\journal-1)" [_thread_blocked, id=1232, stack(0x000000b27ce00000,0x000000b27cf00000)]
  0x000001e8a517fb80 JavaThread "File lock request listener" [_thread_in_native, id=420, stack(0x000000b27cf00000,0x000000b27d000000)]
  0x000001e8a5289d70 JavaThread "C2 CompilerThread1" daemon [_thread_in_native, id=5636, stack(0x000000b27cd00000,0x000000b27ce00000)]
  0x000001e8a517e370 JavaThread "Cache worker for file hash cache (C:\Users\aanan\.gradle\caches\8.3\fileHashes)" [_thread_blocked, id=12184, stack(0x000000b27d000000,0x000000b27d100000)]

Other Threads:
  0x000001e8a3b25910 VMThread "VM Thread" [stack: 0x000000b27b300000,0x000000b27b400000] [id=1564]
  0x000001e8a4626750 WatcherThread [stack: 0x000000b27bf00000,0x000000b27c000000] [id=3604]
  0x000001e8862c70d0 GCTaskThread "GC Thread#0" [stack: 0x000000b27ae00000,0x000000b27af00000] [id=8456]
  0x000001e8a48fd2d0 GCTaskThread "GC Thread#1" [stack: 0x000000b27c000000,0x000000b27c100000] [id=7864]
  0x000001e8a498b940 GCTaskThread "GC Thread#2" [stack: 0x000000b27c100000,0x000000b27c200000] [id=8088]
  0x000001e8a47c8d90 GCTaskThread "GC Thread#3" [stack: 0x000000b27c300000,0x000000b27c400000] [id=11332]
  0x000001e8862d9f30 ConcurrentGCThread "G1 Main Marker" [stack: 0x000000b27af00000,0x000000b27b000000] [id=9368]
  0x000001e8862da850 ConcurrentGCThread "G1 Conc#0" [stack: 0x000000b27b000000,0x000000b27b100000] [id=10844]
  0x000001e88633b890 ConcurrentGCThread "G1 Refine#0" [stack: 0x000000b27b100000,0x000000b27b200000] [id=2872]
  0x000001e88633c1c0 ConcurrentGCThread "G1 Service" [stack: 0x000000b27b200000,0x000000b27b300000] [id=7544]

Threads with active compile tasks:
C2 CompilerThread0     7319 2174   !   4       java.lang.ClassLoader::loadClass (121 bytes)
C2 CompilerThread1     7319 2241   !   4       java.net.URLClassLoader$1::run (81 bytes)

VM state: not at safepoint (normal execution)

VM Mutex/Monitor currently owned by a thread: None

Heap address: 0x0000000080000000, size: 2048 MB, Compressed Oops mode: 32-bit

CDS archive(s) mapped at: [0x0000000800000000-0x0000000800bc0000-0x0000000800bc0000), size 12320768, SharedBaseAddress: 0x0000000800000000, ArchiveRelocationMode: 0.
Compressed class space mapped at: 0x0000000800c00000-0x000000081a800000, reserved size: 432013312
Narrow klass base: 0x0000000800000000, Narrow klass shift: 0, Narrow klass range: 0x100000000

GC Precious Log:
 CPUs: 4 total, 4 available
 Memory: 6024M
 Large Page Support: Disabled
 NUMA Support: Disabled
 Compressed Oops: Enabled (32-bit)
 Heap Region Size: 1M
 Heap Min Capacity: 8M
 Heap Initial Capacity: 96M
 Heap Max Capacity: 2G
 Pre-touch: Disabled
 Parallel Workers: 4
 Concurrent Workers: 1
 Concurrent Refinement Workers: 4
 Periodic GC: Disabled

Heap:
 garbage-first heap   total 98304K, used 39699K [0x0000000080000000, 0x0000000100000000)
  region size 1024K, 29 young (29696K), 8 survivors (8192K)
 Metaspace       used 16238K, committed 16512K, reserved 438272K
  class space    used 2345K, committed 2496K, reserved 421888K

Heap Regions: E=young(eden), S=young(survivor), O=old, HS=humongous(starts), HC=humongous(continues), CS=collection set, F=free, OA=open archive, CA=closed archive, TAMS=top-at-mark-start (previous, next)
|   0|0x0000000080000000, 0x0000000080100000, 0x0000000080100000|100%| O|  |TAMS 0x0000000080000000, 0x0000000080000000| Untracked 
|   1|0x0000000080100000, 0x0000000080200000, 0x0000000080200000|100%| O|  |TAMS 0x0000000080100000, 0x0000000080100000| Untracked 
|   2|0x0000000080200000, 0x0000000080300000, 0x0000000080300000|100%|HS|  |TAMS 0x0000000080200000, 0x0000000080200000| Complete 
|   3|0x0000000080300000, 0x0000000080400000, 0x0000000080400000|100%|HC|  |TAMS 0x0000000080300000, 0x0000000080300000| Complete 
|   4|0x0000000080400000, 0x0000000080500000, 0x0000000080500000|100%|HC|  |TAMS 0x0000000080400000, 0x0000000080400000| Complete 
|   5|0x0000000080500000, 0x0000000080600000, 0x0000000080600000|100%|HC|  |TAMS 0x0000000080500000, 0x0000000080500000| Complete 
|   6|0x0000000080600000, 0x0000000080700000, 0x0000000080700000|100%| O|  |TAMS 0x0000000080600000, 0x0000000080600000| Untracked 
|   7|0x0000000080700000, 0x0000000080800000, 0x0000000080800000|100%| O|  |TAMS 0x0000000080700000, 0x0000000080700000| Untracked 
|   8|0x0000000080800000, 0x0000000080900000, 0x0000000080900000|100%| O|  |TAMS 0x0000000080800000, 0x0000000080800000| Untracked 
|   9|0x0000000080900000, 0x0000000080a00000, 0x0000000080a00000|100%| O|  |TAMS 0x0000000080900000, 0x0000000080900000| Untracked 
|  10|0x0000000080a00000, 0x0000000080ac4c00, 0x0000000080b00000| 76%| O|  |TAMS 0x0000000080a00000, 0x0000000080a00000| Untracked 
|  11|0x0000000080b00000, 0x0000000080b00000, 0x0000000080c00000|  0%| F|  |TAMS 0x0000000080b00000, 0x0000000080b00000| Untracked 
|  12|0x0000000080c00000, 0x0000000080c00000, 0x0000000080d00000|  0%| F|  |TAMS 0x0000000080c00000, 0x0000000080c00000| Untracked 
|  13|0x0000000080d00000, 0x0000000080d00000, 0x0000000080e00000|  0%| F|  |TAMS 0x0000000080d00000, 0x0000000080d00000| Untracked 
|  14|0x0000000080e00000, 0x0000000080e00000, 0x0000000080f00000|  0%| F|  |TAMS 0x0000000080e00000, 0x0000000080e00000| Untracked 
|  15|0x0000000080f00000, 0x0000000080f00000, 0x0000000081000000|  0%| F|  |TAMS 0x0000000080f00000, 0x0000000080f00000| Untracked 
|  16|0x0000000081000000, 0x0000000081000000, 0x0000000081100000|  0%| F|  |TAMS 0x0000000081000000, 0x0000000081000000| Untracked 
|  17|0x0000000081100000, 0x0000000081100000, 0x0000000081200000|  0%| F|  |TAMS 0x0000000081100000, 0x0000000081100000| Untracked 
|  18|0x0000000081200000, 0x0000000081200000, 0x0000000081300000|  0%| F|  |TAMS 0x0000000081200000, 0x0000000081200000| Untracked 
|  19|0x0000000081300000, 0x0000000081300000, 0x0000000081400000|  0%| F|  |TAMS 0x0000000081300000, 0x0000000081300000| Untracked 
|  20|0x0000000081400000, 0x0000000081400000, 0x0000000081500000|  0%| F|  |TAMS 0x0000000081400000, 0x0000000081400000| Untracked 
|  21|0x0000000081500000, 0x0000000081500000, 0x0000000081600000|  0%| F|  |TAMS 0x0000000081500000, 0x0000000081500000| Untracked 
|  22|0x0000000081600000, 0x0000000081600000, 0x0000000081700000|  0%| F|  |TAMS 0x0000000081600000, 0x0000000081600000| Untracked 
|  23|0x0000000081700000, 0x0000000081700000, 0x0000000081800000|  0%| F|  |TAMS 0x0000000081700000, 0x0000000081700000| Untracked 
|  24|0x0000000081800000, 0x0000000081800000, 0x0000000081900000|  0%| F|  |TAMS 0x0000000081800000, 0x0000000081800000| Untracked 
|  25|0x0000000081900000, 0x0000000081900000, 0x0000000081a00000|  0%| F|  |TAMS 0x0000000081900000, 0x0000000081900000| Untracked 
|  26|0x0000000081a00000, 0x0000000081a00000, 0x0000000081b00000|  0%| F|  |TAMS 0x0000000081a00000, 0x0000000081a00000| Untracked 
|  27|0x0000000081b00000, 0x0000000081b00000, 0x0000000081c00000|  0%| F|  |TAMS 0x0000000081b00000, 0x0000000081b00000| Untracked 
|  28|0x0000000081c00000, 0x0000000081c00000, 0x0000000081d00000|  0%| F|  |TAMS 0x0000000081c00000, 0x0000000081c00000| Untracked 
|  29|0x0000000081d00000, 0x0000000081d00000, 0x0000000081e00000|  0%| F|  |TAMS 0x0000000081d00000, 0x0000000081d00000| Untracked 
|  30|0x0000000081e00000, 0x0000000081e00000, 0x0000000081f00000|  0%| F|  |TAMS 0x0000000081e00000, 0x0000000081e00000| Untracked 
|  31|0x0000000081f00000, 0x0000000082000000, 0x0000000082000000|100%| S|CS|TAMS 0x0000000081f00000, 0x0000000081f00000| Complete 
|  32|0x0000000082000000, 0x0000000082100000, 0x0000000082100000|100%| S|CS|TAMS 0x0000000082000000, 0x0000000082000000| Complete 
|  33|0x0000000082100000, 0x0000000082200000, 0x0000000082200000|100%| S|CS|TAMS 0x0000000082100000, 0x0000000082100000| Complete 
|  34|0x0000000082200000, 0x0000000082300000, 0x0000000082300000|100%| S|CS|TAMS 0x0000000082200000, 0x0000000082200000| Complete 
|  35|0x0000000082300000, 0x0000000082400000, 0x0000000082400000|100%| S|CS|TAMS 0x0000000082300000, 0x0000000082300000| Complete 
|  36|0x0000000082400000, 0x0000000082500000, 0x0000000082500000|100%| S|CS|TAMS 0x0000000082400000, 0x0000000082400000| Complete 
|  37|0x0000000082500000, 0x0000000082600000, 0x0000000082600000|100%| S|CS|TAMS 0x0000000082500000, 0x0000000082500000| Complete 
|  38|0x0000000082600000, 0x0000000082700000, 0x0000000082700000|100%| S|CS|TAMS 0x0000000082600000, 0x0000000082600000| Complete 
|  39|0x0000000082700000, 0x0000000082700000, 0x0000000082800000|  0%| F|  |TAMS 0x0000000082700000, 0x0000000082700000| Untracked 
|  40|0x0000000082800000, 0x0000000082800000, 0x0000000082900000|  0%| F|  |TAMS 0x0000000082800000, 0x0000000082800000| Untracked 
|  41|0x0000000082900000, 0x0000000082900000, 0x0000000082a00000|  0%| F|  |TAMS 0x0000000082900000, 0x0000000082900000| Untracked 
|  42|0x0000000082a00000, 0x0000000082a00000, 0x0000000082b00000|  0%| F|  |TAMS 0x0000000082a00000, 0x0000000082a00000| Untracked 
|  43|0x0000000082b00000, 0x0000000082b00000, 0x0000000082c00000|  0%| F|  |TAMS 0x0000000082b00000, 0x0000000082b00000| Untracked 
|  44|0x0000000082c00000, 0x0000000082c00000, 0x0000000082d00000|  0%| F|  |TAMS 0x0000000082c00000, 0x0000000082c00000| Untracked 
|  45|0x0000000082d00000, 0x0000000082d00000, 0x0000000082e00000|  0%| F|  |TAMS 0x0000000082d00000, 0x0000000082d00000| Untracked 
|  46|0x0000000082e00000, 0x0000000082e00000, 0x0000000082f00000|  0%| F|  |TAMS 0x0000000082e00000, 0x0000000082e00000| Untracked 
|  47|0x0000000082f00000, 0x0000000082f00000, 0x0000000083000000|  0%| F|  |TAMS 0x0000000082f00000, 0x0000000082f00000| Untracked 
|  48|0x0000000083000000, 0x0000000083000000, 0x0000000083100000|  0%| F|  |TAMS 0x0000000083000000, 0x0000000083000000| Untracked 
|  49|0x0000000083100000, 0x0000000083100000, 0x0000000083200000|  0%| F|  |TAMS 0x0000000083100000, 0x0000000083100000| Untracked 
|  50|0x0000000083200000, 0x0000000083200000, 0x0000000083300000|  0%| F|  |TAMS 0x0000000083200000, 0x0000000083200000| Untracked 
|  51|0x0000000083300000, 0x0000000083300000, 0x0000000083400000|  0%| F|  |TAMS 0x0000000083300000, 0x0000000083300000| Untracked 
|  52|0x0000000083400000, 0x0000000083400000, 0x0000000083500000|  0%| F|  |TAMS 0x0000000083400000, 0x0000000083400000| Untracked 
|  53|0x0000000083500000, 0x0000000083500000, 0x0000000083600000|  0%| F|  |TAMS 0x0000000083500000, 0x0000000083500000| Untracked 
|  54|0x0000000083600000, 0x0000000083600000, 0x0000000083700000|  0%| F|  |TAMS 0x0000000083600000, 0x0000000083600000| Untracked 
|  55|0x0000000083700000, 0x0000000083700000, 0x0000000083800000|  0%| F|  |TAMS 0x0000000083700000, 0x0000000083700000| Untracked 
|  56|0x0000000083800000, 0x0000000083800000, 0x0000000083900000|  0%| F|  |TAMS 0x0000000083800000, 0x0000000083800000| Untracked 
|  57|0x0000000083900000, 0x0000000083900000, 0x0000000083a00000|  0%| F|  |TAMS 0x0000000083900000, 0x0000000083900000| Untracked 
|  58|0x0000000083a00000, 0x0000000083a00000, 0x0000000083b00000|  0%| F|  |TAMS 0x0000000083a00000, 0x0000000083a00000| Untracked 
|  59|0x0000000083b00000, 0x0000000083b00000, 0x0000000083c00000|  0%| F|  |TAMS 0x0000000083b00000, 0x0000000083b00000| Untracked 
|  60|0x0000000083c00000, 0x0000000083c00000, 0x0000000083d00000|  0%| F|  |TAMS 0x0000000083c00000, 0x0000000083c00000| Untracked 
|  61|0x0000000083d00000, 0x0000000083d00000, 0x0000000083e00000|  0%| F|  |TAMS 0x0000000083d00000, 0x0000000083d00000| Untracked 
|  62|0x0000000083e00000, 0x0000000083e00000, 0x0000000083f00000|  0%| F|  |TAMS 0x0000000083e00000, 0x0000000083e00000| Untracked 
|  63|0x0000000083f00000, 0x0000000083f00000, 0x0000000084000000|  0%| F|  |TAMS 0x0000000083f00000, 0x0000000083f00000| Untracked 
|  64|0x0000000084000000, 0x0000000084000000, 0x0000000084100000|  0%| F|  |TAMS 0x0000000084000000, 0x0000000084000000| Untracked 
|  65|0x0000000084100000, 0x0000000084100000, 0x0000000084200000|  0%| F|  |TAMS 0x0000000084100000, 0x0000000084100000| Untracked 
|  66|0x0000000084200000, 0x0000000084200000, 0x0000000084300000|  0%| F|  |TAMS 0x0000000084200000, 0x0000000084200000| Untracked 
|  67|0x0000000084300000, 0x0000000084300000, 0x0000000084400000|  0%| F|  |TAMS 0x0000000084300000, 0x0000000084300000| Untracked 
|  68|0x0000000084400000, 0x0000000084400000, 0x0000000084500000|  0%| F|  |TAMS 0x0000000084400000, 0x0000000084400000| Untracked 
|  69|0x0000000084500000, 0x0000000084500000, 0x0000000084600000|  0%| F|  |TAMS 0x0000000084500000, 0x0000000084500000| Untracked 
|  70|0x0000000084600000, 0x0000000084600000, 0x0000000084700000|  0%| F|  |TAMS 0x0000000084600000, 0x0000000084600000| Untracked 
|  71|0x0000000084700000, 0x0000000084700000, 0x0000000084800000|  0%| F|  |TAMS 0x0000000084700000, 0x0000000084700000| Untracked 
|  72|0x0000000084800000, 0x0000000084800000, 0x0000000084900000|  0%| F|  |TAMS 0x0000000084800000, 0x0000000084800000| Untracked 
|  73|0x0000000084900000, 0x0000000084900000, 0x0000000084a00000|  0%| F|  |TAMS 0x0000000084900000, 0x0000000084900000| Untracked 
|  74|0x0000000084a00000, 0x0000000084a00000, 0x0000000084b00000|  0%| F|  |TAMS 0x0000000084a00000, 0x0000000084a00000| Untracked 
|  75|0x0000000084b00000, 0x0000000084c00000, 0x0000000084c00000|100%| E|  |TAMS 0x0000000084b00000, 0x0000000084b00000| Complete 
|  76|0x0000000084c00000, 0x0000000084d00000, 0x0000000084d00000|100%| E|CS|TAMS 0x0000000084c00000, 0x0000000084c00000| Complete 
|  77|0x0000000084d00000, 0x0000000084e00000, 0x0000000084e00000|100%| E|CS|TAMS 0x0000000084d00000, 0x0000000084d00000| Complete 
|  78|0x0000000084e00000, 0x0000000084f00000, 0x0000000084f00000|100%| E|CS|TAMS 0x0000000084e00000, 0x0000000084e00000| Complete 
|  79|0x0000000084f00000, 0x0000000085000000, 0x0000000085000000|100%| E|CS|TAMS 0x0000000084f00000, 0x0000000084f00000| Complete 
|  80|0x0000000085000000, 0x0000000085100000, 0x0000000085100000|100%| E|CS|TAMS 0x0000000085000000, 0x0000000085000000| Complete 
|  81|0x0000000085100000, 0x0000000085200000, 0x0000000085200000|100%| E|CS|TAMS 0x0000000085100000, 0x0000000085100000| Complete 
|  82|0x0000000085200000, 0x0000000085300000, 0x0000000085300000|100%| E|CS|TAMS 0x0000000085200000, 0x0000000085200000| Complete 
|  83|0x0000000085300000, 0x0000000085400000, 0x0000000085400000|100%| E|CS|TAMS 0x0000000085300000, 0x0000000085300000| Complete 
|  84|0x0000000085400000, 0x0000000085500000, 0x0000000085500000|100%| E|CS|TAMS 0x0000000085400000, 0x0000000085400000| Complete 
|  85|0x0000000085500000, 0x0000000085600000, 0x0000000085600000|100%| E|CS|TAMS 0x0000000085500000, 0x0000000085500000| Complete 
|  86|0x0000000085600000, 0x0000000085700000, 0x0000000085700000|100%| E|CS|TAMS 0x0000000085600000, 0x0000000085600000| Complete 
|  87|0x0000000085700000, 0x0000000085800000, 0x0000000085800000|100%| E|CS|TAMS 0x0000000085700000, 0x0000000085700000| Complete 
|  88|0x0000000085800000, 0x0000000085900000, 0x0000000085900000|100%| E|CS|TAMS 0x0000000085800000, 0x0000000085800000| Complete 
|  89|0x0000000085900000, 0x0000000085a00000, 0x0000000085a00000|100%| E|CS|TAMS 0x0000000085900000, 0x0000000085900000| Complete 
|  90|0x0000000085a00000, 0x0000000085b00000, 0x0000000085b00000|100%| E|CS|TAMS 0x0000000085a00000, 0x0000000085a00000| Complete 
|  91|0x0000000085b00000, 0x0000000085c00000, 0x0000000085c00000|100%| E|CS|TAMS 0x0000000085b00000, 0x0000000085b00000| Complete 
|  92|0x0000000085c00000, 0x0000000085d00000, 0x0000000085d00000|100%| E|CS|TAMS 0x0000000085c00000, 0x0000000085c00000| Complete 
|  93|0x0000000085d00000, 0x0000000085e00000, 0x0000000085e00000|100%| E|CS|TAMS 0x0000000085d00000, 0x0000000085d00000| Complete 
|  94|0x0000000085e00000, 0x0000000085f00000, 0x0000000085f00000|100%| E|CS|TAMS 0x0000000085e00000, 0x0000000085e00000| Complete 
|  95|0x0000000085f00000, 0x0000000086000000, 0x0000000086000000|100%| E|CS|TAMS 0x0000000085f00000, 0x0000000085f00000| Complete 

Card table byte_map: [0x000001e89ced0000,0x000001e89d2d0000] _byte_map_base: 0x000001e89cad0000

Marking Bits (Prev, Next): (CMBitMap*) 0x000001e8862c75f0, (CMBitMap*) 0x000001e8862c7630
 Prev Bits: [0x000001e89d6d0000, 0x000001e89f6d0000)
 Next Bits: [0x000001e89f6d0000, 0x000001e8a16d0000)

Polling page: 0x000001e8840a0000

Metaspace:

Usage:
  Non-class:     13.58 MB used.
      Class:      2.29 MB used.
       Both:     15.88 MB used.

Virtual space:
  Non-class space:       16.00 MB reserved,      13.75 MB ( 86%) committed,  2 nodes.
      Class space:      412.00 MB reserved,       2.44 MB ( <1%) committed,  1 nodes.
             Both:      428.00 MB reserved,      16.19 MB (  4%) committed. 

Chunk freelists:
   Non-Class:  2.11 MB
       Class:  1.56 MB
        Both:  3.67 MB

MaxMetaspaceSize: 512.00 MB
CompressedClassSpaceSize: 412.00 MB
Initial GC threshold: 21.00 MB
Current GC threshold: 21.00 MB
CDS: on
MetaspaceReclaimPolicy: balanced
 - commit_granule_bytes: 65536.
 - commit_granule_words: 8192.
 - virtual_space_node_default_size: 1048576.
 - enlarge_chunks_in_place: 1.
 - new_chunks_are_fully_committed: 0.
 - uncommit_free_chunks: 1.
 - use_allocation_guard: 0.
 - handle_deallocations: 1.


Internal statistics:

num_allocs_failed_limit: 0.
num_arena_births: 206.
num_arena_deaths: 0.
num_vsnodes_births: 3.
num_vsnodes_deaths: 0.
num_space_committed: 259.
num_space_uncommitted: 0.
num_chunks_returned_to_freelist: 0.
num_chunks_taken_from_freelist: 725.
num_chunk_merges: 0.
num_chunk_splits: 492.
num_chunks_enlarged: 376.
num_purges: 0.
num_inconsistent_stats: 0.

CodeHeap 'non-profiled nmethods': size=120000Kb used=1126Kb max_used=1126Kb free=118873Kb
 bounds [0x000001e8955a0000, 0x000001e895810000, 0x000001e89cad0000]
CodeHeap 'profiled nmethods': size=120000Kb used=4655Kb max_used=4655Kb free=115344Kb
 bounds [0x000001e88e070000, 0x000001e88e500000, 0x000001e8955a0000]
CodeHeap 'non-nmethods': size=5760Kb used=1220Kb max_used=1261Kb free=4539Kb
 bounds [0x000001e88dad0000, 0x000001e88dd40000, 0x000001e88e070000]
 total_blobs=2781 nmethods=2250 adapters=443
 compilation: enabled
              stopped_count=0, restarted_count=0
 full_count=0

Compilation events (20 events):
Event: 7.112 Thread 0x000001e8a3b48630 2243       3       java.util.LinkedList$ListItr::remove (84 bytes)
Event: 7.113 Thread 0x000001e8a3b48630 nmethod 2243 0x000001e88e4efb10 code [0x000001e88e4efd00, 0x000001e88e4f01e8]
Event: 7.113 Thread 0x000001e8a3b48630 2245       3       java.lang.reflect.Executable::getGenericParameterTypes (20 bytes)
Event: 7.115 Thread 0x000001e8a3b48630 nmethod 2245 0x000001e88e4f0410 code [0x000001e88e4f0620, 0x000001e88e4f0d68]
Event: 7.115 Thread 0x000001e8a3b48630 2244       3       java.util.LinkedList::unlink (91 bytes)
Event: 7.115 Thread 0x000001e8a3b48630 nmethod 2244 0x000001e88e4f0f10 code [0x000001e88e4f10c0, 0x000001e88e4f1498]
Event: 7.119 Thread 0x000001e8a3b48630 2246       3       org.gradle.internal.service.DefaultServiceMethodFactory::toServiceMethod (11 bytes)
Event: 7.119 Thread 0x000001e8a3b48630 nmethod 2246 0x000001e88e4f1610 code [0x000001e88e4f17c0, 0x000001e88e4f1988]
Event: 7.119 Thread 0x000001e8a3b48630 2247   !   3       org.gradle.internal.service.MethodHandleBasedServiceMethodFactory::toServiceMethod (51 bytes)
Event: 7.123 Thread 0x000001e8a3b48630 nmethod 2247 0x000001e88e4f1a90 code [0x000001e88e4f1e00, 0x000001e88e4f34f8]
Event: 7.123 Thread 0x000001e8a3b48630 2248       3       java.lang.reflect.Method::getGenericParameterTypes (5 bytes)
Event: 7.125 Thread 0x000001e8a3b48630 nmethod 2248 0x000001e88e4f3c10 code [0x000001e88e4f3ec0, 0x000001e88e4f4f78]
Event: 7.125 Thread 0x000001e8a3b48630 2249       3       java.lang.reflect.Method::hasGenericInformation (13 bytes)
Event: 7.126 Thread 0x000001e8a3b48630 nmethod 2249 0x000001e88e4f5490 code [0x000001e88e4f5620, 0x000001e88e4f5798]
Event: 7.180 Thread 0x000001e8a3b48630 2251       3       org.gradle.internal.service.DefaultServiceRegistry$SingletonService::getAll (23 bytes)
Event: 7.181 Thread 0x000001e8a3b48630 nmethod 2251 0x000001e88e4f5810 code [0x000001e88e4f59e0, 0x000001e88e4f5c88]
Event: 7.197 Thread 0x000001e8a3b48630 2252       3       org.gradle.internal.service.AbstractServiceMethod::<init> (42 bytes)
Event: 7.200 Thread 0x000001e8a3b48630 nmethod 2252 0x000001e88e4f5e10 code [0x000001e88e4f6160, 0x000001e88e4f7ce8]
Event: 7.220 Thread 0x000001e8a3b48630 2255       3       java.util.concurrent.locks.ReentrantLock::unlock (10 bytes)
Event: 7.220 Thread 0x000001e8a3b48630 nmethod 2255 0x000001e88e4f8490 code [0x000001e88e4f8660, 0x000001e88e4f8938]

GC Heap History (8 events):
Event: 1.558 GC heap before
{Heap before GC invocations=0 (full 0):
 garbage-first heap   total 98304K, used 13312K [0x0000000080000000, 0x0000000100000000)
  region size 1024K, 13 young (13312K), 0 survivors (0K)
 Metaspace       used 1020K, committed 1152K, reserved 430080K
  class space    used 82K, committed 128K, reserved 421888K
}
Event: 1.566 GC heap after
{Heap after GC invocations=1 (full 0):
 garbage-first heap   total 98304K, used 3448K [0x0000000080000000, 0x0000000100000000)
  region size 1024K, 2 young (2048K), 2 survivors (2048K)
 Metaspace       used 1020K, committed 1152K, reserved 430080K
  class space    used 82K, committed 128K, reserved 421888K
}
Event: 2.709 GC heap before
{Heap before GC invocations=1 (full 0):
 garbage-first heap   total 98304K, used 21880K [0x0000000080000000, 0x0000000100000000)
  region size 1024K, 17 young (17408K), 2 survivors (2048K)
 Metaspace       used 3851K, committed 4032K, reserved 430080K
  class space    used 486K, committed 576K, reserved 421888K
}
Event: 2.721 GC heap after
{Heap after GC invocations=2 (full 0):
 garbage-first heap   total 98304K, used 10833K [0x0000000080000000, 0x0000000100000000)
  region size 1024K, 3 young (3072K), 3 survivors (3072K)
 Metaspace       used 3851K, committed 4032K, reserved 430080K
  class space    used 486K, committed 576K, reserved 421888K
}
Event: 3.628 GC heap before
{Heap before GC invocations=2 (full 0):
 garbage-first heap   total 98304K, used 32337K [0x0000000080000000, 0x0000000100000000)
  region size 1024K, 24 young (24576K), 3 survivors (3072K)
 Metaspace       used 4010K, committed 4160K, reserved 430080K
  class space    used 491K, committed 576K, reserved 421888K
}
Event: 3.636 GC heap after
{Heap after GC invocations=3 (full 0):
 garbage-first heap   total 98304K, used 12116K [0x0000000080000000, 0x0000000100000000)
  region size 1024K, 2 young (2048K), 2 survivors (2048K)
 Metaspace       used 4010K, committed 4160K, reserved 430080K
  class space    used 491K, committed 576K, reserved 421888K
}
Event: 6.442 GC heap before
{Heap before GC invocations=3 (full 0):
 garbage-first heap   total 98304K, used 69460K [0x0000000080000000, 0x0000000100000000)
  region size 1024K, 57 young (58368K), 2 survivors (2048K)
 Metaspace       used 13350K, committed 13568K, reserved 438272K
  class space    used 1864K, committed 1984K, reserved 421888K
}
Event: 6.458 GC heap after
{Heap after GC invocations=4 (full 0):
 garbage-first heap   total 98304K, used 19219K [0x0000000080000000, 0x0000000100000000)
  region size 1024K, 8 young (8192K), 8 survivors (8192K)
 Metaspace       used 13350K, committed 13568K, reserved 438272K
  class space    used 1864K, committed 1984K, reserved 421888K
}

Deoptimization events (20 events):
Event: 5.872 Thread 0x000001e8a55e77a0 Uncommon trap: trap_request=0xffffff45 fr.pc=0x000001e8956485a4 relative=0x00000000000003e4
Event: 5.872 Thread 0x000001e8a55e77a0 Uncommon trap: reason=unstable_if action=reinterpret pc=0x000001e8956485a4 method=java.util.concurrent.ConcurrentHashMap.get(Ljava/lang/Object;)Ljava/lang/Object; @ 152 c2
Event: 5.872 Thread 0x000001e8a55e77a0 DEOPT PACKING pc=0x000001e8956485a4 sp=0x000000b27c9fb610
Event: 5.872 Thread 0x000001e8a55e77a0 DEOPT UNPACKING pc=0x000001e88db223a3 sp=0x000000b27c9fb588 mode 2
Event: 6.414 Thread 0x000001e8a55e77a0 Uncommon trap: trap_request=0xffffff45 fr.pc=0x000001e8955bcf38 relative=0x0000000000000198
Event: 6.414 Thread 0x000001e8a55e77a0 Uncommon trap: reason=unstable_if action=reinterpret pc=0x000001e8955bcf38 method=java.util.regex.Matcher.reset()Ljava/util/regex/Matcher; @ 47 c2
Event: 6.414 Thread 0x000001e8a55e77a0 DEOPT PACKING pc=0x000001e8955bcf38 sp=0x000000b27c9face0
Event: 6.414 Thread 0x000001e8a55e77a0 DEOPT UNPACKING pc=0x000001e88db223a3 sp=0x000000b27c9fac70 mode 2
Event: 6.472 Thread 0x000001e8a55e77a0 Uncommon trap: trap_request=0xffffff45 fr.pc=0x000001e895642dcc relative=0x000000000000072c
Event: 6.472 Thread 0x000001e8a55e77a0 Uncommon trap: reason=unstable_if action=reinterpret pc=0x000001e895642dcc method=java.util.ArrayList.grow(I)[Ljava/lang/Object; @ 17 c2
Event: 6.472 Thread 0x000001e8a55e77a0 DEOPT PACKING pc=0x000001e895642dcc sp=0x000000b27c9fcde0
Event: 6.472 Thread 0x000001e8a55e77a0 DEOPT UNPACKING pc=0x000001e88db223a3 sp=0x000000b27c9fcc78 mode 2
Event: 6.520 Thread 0x000001e8a55e77a0 Uncommon trap: trap_request=0xffffff45 fr.pc=0x000001e8955c08a0 relative=0x0000000000000aa0
Event: 6.520 Thread 0x000001e8a55e77a0 Uncommon trap: reason=unstable_if action=reinterpret pc=0x000001e8955c08a0 method=java.io.WinNTFileSystem.resolve(Ljava/lang/String;Ljava/lang/String;)Ljava/lang/String; @ 19 c2
Event: 6.520 Thread 0x000001e8a55e77a0 DEOPT PACKING pc=0x000001e8955c08a0 sp=0x000000b27c9fccc0
Event: 6.520 Thread 0x000001e8a55e77a0 DEOPT UNPACKING pc=0x000001e88db223a3 sp=0x000000b27c9fcc68 mode 2
Event: 6.523 Thread 0x000001e8a55e77a0 Uncommon trap: trap_request=0xffffff45 fr.pc=0x000001e8956177c4 relative=0x00000000000005a4
Event: 6.523 Thread 0x000001e8a55e77a0 Uncommon trap: reason=unstable_if action=reinterpret pc=0x000001e8956177c4 method=java.io.File.getName()Ljava/lang/String; @ 16 c2
Event: 6.523 Thread 0x000001e8a55e77a0 DEOPT PACKING pc=0x000001e8956177c4 sp=0x000000b27c9fcc60
Event: 6.523 Thread 0x000001e8a55e77a0 DEOPT UNPACKING pc=0x000001e88db223a3 sp=0x000000b27c9fcc30 mode 2

Classes unloaded (0 events):
No events

Classes redefined (0 events):
No events

Internal exceptions (20 events):
Event: 5.798 Thread 0x000001e8a55e77a0 Exception <a 'java/lang/NoSuchMethodError'{0x000000008377ebd0}: 'void java.lang.invoke.DirectMethodHandle$Holder.invokeStatic(java.lang.Object, java.lang.Object)'> (0x000000008377ebd0) 
thrown [t:\workspace\open\src\hotspot\share\interpreter\linkResolver.cpp, line 766]
Event: 5.860 Thread 0x000001e8a55e77a0 Exception <a 'java/lang/NoSuchMethodError'{0x00000000835293a0}: 'java.lang.Object java.lang.invoke.DirectMethodHandle$Holder.newInvokeSpecial(java.lang.Object, java.lang.Object, java.lang.Object, java.lang.Object, java.lang.Object)'> (0x00000000835293a0) 
thrown [t:\workspace\open\src\hotspot\share\interpreter\linkResolver.cpp, line 766]
Event: 5.937 Thread 0x000001e8a55e77a0 Exception <a 'java/lang/NoSuchMethodError'{0x000000008334d310}: 'void java.lang.invoke.DirectMethodHandle$Holder.invokeSpecial(java.lang.Object, java.lang.Object, java.lang.Object)'> (0x000000008334d310) 
thrown [t:\workspace\open\src\hotspot\share\interpreter\linkResolver.cpp, line 766]
Event: 5.972 Thread 0x000001e8a55e77a0 Exception <a 'java/lang/NoSuchMethodError'{0x00000000833fa328}: 'java.lang.Object java.lang.invoke.DirectMethodHandle$Holder.newInvokeSpecial(java.lang.Object, java.lang.Object, java.lang.Object, java.lang.Object, java.lang.Object, java.lang.Object)'> (0x00000000833fa328) 
thrown [t:\workspace\open\src\hotspot\share\interpreter\linkResolver.cpp, line 766]
Event: 5.977 Thread 0x000001e8a55e77a0 Exception <a 'java/lang/NoSuchMethodError'{0x0000000083212380}: 'void java.lang.invoke.DirectMethodHandle$Holder.invokeSpecial(java.lang.Object, java.lang.Object, java.lang.Object, java.lang.Object, java.lang.Object)'> (0x0000000083212380) 
thrown [t:\workspace\open\src\hotspot\share\interpreter\linkResolver.cpp, line 766]
Event: 5.980 Thread 0x000001e8a55e77a0 Exception <a 'java/lang/NoSuchMethodError'{0x00000000832261a0}: 'void java.lang.invoke.DirectMethodHandle$Holder.invokeStaticInit(java.lang.Object, java.lang.Object)'> (0x00000000832261a0) 
thrown [t:\workspace\open\src\hotspot\share\interpreter\linkResolver.cpp, line 766]
Event: 6.092 Thread 0x000001e8a55e77a0 Exception <a 'java/lang/NoSuchMethodError'{0x00000000830eecd0}: 'void java.lang.invoke.DelegatingMethodHandle$Holder.reinvoke_L(java.lang.Object, java.lang.Object, java.lang.Object, java.lang.Object, java.lang.Object, java.lang.Object, java.lang.Object, java.lang.Object, java.lang.Object, java.lang.Object)'> (0x00000000830eecd0) 
thrown [t:\workspace\open\src\hotspot\share\interpreter\linkResolver.cpp, line 766]
Event: 6.093 Thread 0x000001e8a55e77a0 Exception <a 'java/lang/NoSuchMethodError'{0x00000000830f7140}: 'java.lang.Object java.lang.invoke.DirectMethodHandle$Holder.invokeSpecial(java.lang.Object, java.lang.Object, java.lang.Object, java.lang.Object, java.lang.Object, java.lang.Object, java.lang.Object, java.lang.Object, java.lang.Object, java.lang.Object)'> (0x00000000830f7140) 
thrown [t:\workspace\open\src\hotspot\share\interpreter\linkResolver.cpp, line 766]
Event: 6.094 Thread 0x000001e8a55e77a0 Exception <a 'java/lang/NoSuchMethodError'{0x00000000830fba10}: 'java.lang.Object java.lang.invoke.Invokers$Holder.invoker(java.lang.Object, java.lang.Object, java.lang.Object, java.lang.Object, java.lang.Object, java.lang.Object, java.lang.Object, java.lang.Object, java.lang.Object, java.lang.Object)'> (0x00000000830fba10) 
thrown [t:\workspace\open\src\hotspot\share\interpreter\linkResolver.cpp, line 766]
Event: 6.094 Thread 0x000001e8a55e77a0 Exception <a 'java/lang/NoSuchMethodError'{0x0000000082f01bb0}: 'java.lang.Object java.lang.invoke.DirectMethodHandle$Holder.invokeSpecial(java.lang.Object, java.lang.Object, java.lang.Object, java.lang.Object, java.lang.Object, java.lang.Object, java.lang.Object, java.lang.Object, java.lang.Object, java.lang.Object, java.lang.Object)'> (0x0000000082f01bb0) 
thrown [t:\workspace\open\src\hotspot\share\interpreter\linkResolver.cpp, line 766]
Event: 6.353 Thread 0x000001e8a55e77a0 Exception <a 'java/lang/NoSuchMethodError'{0x000000008294e2a0}: 'void java.lang.invoke.DirectMethodHandle$Holder.invokeStaticInit(java.lang.Object)'> (0x000000008294e2a0) 
thrown [t:\workspace\open\src\hotspot\share\interpreter\linkResolver.cpp, line 766]
Event: 6.382 Thread 0x000001e8a55e77a0 Exception <a 'java/lang/NoSuchMethodError'{0x00000000829fe698}: 'java.lang.Object java.lang.invoke.DirectMethodHandle$Holder.newInvokeSpecial(java.lang.Object, java.lang.Object, java.lang.Object, int)'> (0x00000000829fe698) 
thrown [t:\workspace\open\src\hotspot\share\interpreter\linkResolver.cpp, line 766]
Event: 6.383 Thread 0x000001e8a55e77a0 Exception <a 'java/lang/NoSuchMethodError'{0x0000000082803a50}: 'java.lang.Object java.lang.invoke.DirectMethodHandle$Holder.invokeSpecial(java.lang.Object, java.lang.Object, java.lang.Object, java.lang.Object, int)'> (0x0000000082803a50) 
thrown [t:\workspace\open\src\hotspot\share\interpreter\linkResolver.cpp, line 766]
Event: 6.384 Thread 0x000001e8a55e77a0 Exception <a 'java/lang/NoSuchMethodError'{0x0000000082807b68}: 'java.lang.Object java.lang.invoke.Invokers$Holder.linkToTargetMethod(java.lang.Object, java.lang.Object, int, java.lang.Object)'> (0x0000000082807b68) 
thrown [t:\workspace\open\src\hotspot\share\interpreter\linkResolver.cpp, line 766]
Event: 6.994 Thread 0x000001e8a55e77a0 Exception <a 'java/lang/NoSuchMethodError'{0x000000008532e998}: 'int java.lang.invoke.DirectMethodHandle$Holder.invokeSpecialIFC(java.lang.Object, java.lang.Object, java.lang.Object, java.lang.Object)'> (0x000000008532e998) 
thrown [t:\workspace\open\src\hotspot\share\interpreter\linkResolver.cpp, line 766]
Event: 6.998 Thread 0x000001e8a55e77a0 Exception <a 'java/lang/NoSuchMethodError'{0x000000008533d9f0}: 'java.lang.Object java.lang.invoke.DirectMethodHandle$Holder.invokeInterface(java.lang.Object, java.lang.Object, java.lang.Object)'> (0x000000008533d9f0) 
thrown [t:\workspace\open\src\hotspot\share\interpreter\linkResolver.cpp, line 766]
Event: 6.999 Thread 0x000001e8a55e77a0 Exception <a 'java/lang/IncompatibleClassChangeError'{0x0000000085341608}: Found class java.lang.Object, but interface was expected> (0x0000000085341608) 
thrown [t:\workspace\open\src\hotspot\share\interpreter\linkResolver.cpp, line 833]
Event: 7.049 Thread 0x000001e8a55e77a0 Exception <a 'java/lang/NoSuchMethodError'{0x000000008523d438}: 'int java.lang.invoke.DirectMethodHandle$Holder.invokeStatic(java.lang.Object, java.lang.Object, java.lang.Object, java.lang.Object)'> (0x000000008523d438) 
thrown [t:\workspace\open\src\hotspot\share\interpreter\linkResolver.cpp, line 766]
Event: 7.050 Thread 0x000001e8a55e77a0 Exception <a 'java/lang/NoSuchMethodError'{0x0000000085241060}: 'java.lang.Object java.lang.invoke.Invokers$Holder.invokeExact_MT(java.lang.Object, java.lang.Object, java.lang.Object, java.lang.Object, java.lang.Object, java.lang.Object)'> (0x0000000085241060) 
thrown [t:\workspace\open\src\hotspot\share\interpreter\linkResolver.cpp, line 766]
Event: 7.198 Thread 0x000001e8a55e77a0 Exception <a 'java/lang/NoSuchMethodError'{0x0000000084e3ba40}: 'java.lang.Object java.lang.invoke.DirectMethodHandle$Holder.invokeSpecial(java.lang.Object, java.lang.Object, java.lang.Object, java.lang.Object, java.lang.Object, java.lang.Object, java.lang.Object, java.lang.Object, java.lang.Object)'> (0x0000000084e3ba40) 
thrown [t:\workspace\open\src\hotspot\share\interpreter\linkResolver.cpp, line 766]

VM Operations (20 events):
Event: 4.882 Executing VM operation: HandshakeAllThreads
Event: 4.882 Executing VM operation: HandshakeAllThreads done
Event: 5.217 Executing VM operation: HandshakeAllThreads
Event: 5.217 Executing VM operation: HandshakeAllThreads done
Event: 5.328 Executing VM operation: HandshakeAllThreads
Event: 5.328 Executing VM operation: HandshakeAllThreads done
Event: 6.045 Executing VM operation: HandshakeAllThreads
Event: 6.045 Executing VM operation: HandshakeAllThreads done
Event: 6.045 Executing VM operation: Cleanup
Event: 6.045 Executing VM operation: Cleanup done
Event: 6.442 Executing VM operation: G1CollectForAllocation
Event: 6.458 Executing VM operation: G1CollectForAllocation done
Event: 6.541 Executing VM operation: HandshakeAllThreads
Event: 6.541 Executing VM operation: HandshakeAllThreads done
Event: 6.545 Executing VM operation: HandshakeAllThreads
Event: 6.545 Executing VM operation: HandshakeAllThreads done
Event: 6.644 Executing VM operation: HandshakeAllThreads
Event: 6.645 Executing VM operation: HandshakeAllThreads done
Event: 6.645 Executing VM operation: HandshakeAllThreads
Event: 6.645 Executing VM operation: HandshakeAllThreads done

Events (20 events):
Event: 6.950 loading class sun/security/provider/ByteArrayAccess$LE done
Event: 6.974 Thread 0x000001e8a517e370 Thread added: 0x000001e8a517e370
Event: 6.985 loading class java/util/concurrent/Semaphore
Event: 6.985 loading class java/util/concurrent/Semaphore done
Event: 6.991 loading class java/nio/file/FileVisitOption
Event: 6.991 loading class java/nio/file/FileVisitOption done
Event: 7.000 loading class java/util/stream/ReduceOps$1
Event: 7.000 loading class java/util/stream/ReduceOps$1 done
Event: 7.000 loading class java/util/stream/ReduceOps$1ReducingSink
Event: 7.001 loading class java/util/stream/ReduceOps$1ReducingSink done
Event: 7.018 loading class java/io/ObjectOutputStream
Event: 7.019 loading class java/io/ObjectOutput
Event: 7.020 loading class java/io/ObjectOutput done
Event: 7.020 loading class java/io/ObjectStreamConstants
Event: 7.020 loading class java/io/ObjectStreamConstants done
Event: 7.020 loading class java/io/ObjectOutputStream done
Event: 7.022 loading class java/io/ObjectInputStream
Event: 7.023 loading class java/io/ObjectInput
Event: 7.023 loading class java/io/ObjectInput done
Event: 7.024 loading class java/io/ObjectInputStream done


Dynamic libraries:
0x00007ff725540000 - 0x00007ff72554e000 	C:\Program Files\Microsoft\jdk-17.0.2\bin\java.exe
0x00007ffbc1610000 - 0x00007ffbc1808000 	C:\Windows\SYSTEM32\ntdll.dll
0x00007ffbbf650000 - 0x00007ffbbf70d000 	C:\Windows\System32\KERNEL32.DLL
0x00007ffbbf180000 - 0x00007ffbbf476000 	C:\Windows\System32\KERNELBASE.dll
0x00007ffbbf080000 - 0x00007ffbbf180000 	C:\Windows\System32\ucrtbase.dll
0x00007ffbaf980000 - 0x00007ffbaf998000 	C:\Program Files\Microsoft\jdk-17.0.2\bin\jli.dll
0x00007ffbc11c0000 - 0x00007ffbc135f000 	C:\Windows\System32\USER32.dll
0x00007ffbbf480000 - 0x00007ffbbf4a2000 	C:\Windows\System32\win32u.dll
0x00007ffbc15a0000 - 0x00007ffbc15cb000 	C:\Windows\System32\GDI32.dll
0x00007ffbbf530000 - 0x00007ffbbf647000 	C:\Windows\System32\gdi32full.dll
0x00007ffbbecd0000 - 0x00007ffbbed6d000 	C:\Windows\System32\msvcp_win.dll
0x00007ffbaf960000 - 0x00007ffbaf97a000 	C:\Program Files\Microsoft\jdk-17.0.2\bin\VCRUNTIME140.dll
0x00007ffbae740000 - 0x00007ffbae9da000 	C:\Windows\WinSxS\amd64_microsoft.windows.common-controls_6595b64144ccf1df_6.0.19041.4355_none_60b8b9eb71f62e16\COMCTL32.dll
0x00007ffbc1450000 - 0x00007ffbc14ee000 	C:\Windows\System32\msvcrt.dll
0x00007ffbbf9d0000 - 0x00007ffbbf9ff000 	C:\Windows\System32\IMM32.DLL
0x00007ffbbac70000 - 0x00007ffbbac7c000 	C:\Program Files\Microsoft\jdk-17.0.2\bin\vcruntime140_1.dll
0x00007ffbaf4c0000 - 0x00007ffbaf54d000 	C:\Program Files\Microsoft\jdk-17.0.2\bin\msvcp140.dll
0x00007ffb70df0000 - 0x00007ffb719b1000 	C:\Program Files\Microsoft\jdk-17.0.2\bin\server\jvm.dll
0x00007ffbbf710000 - 0x00007ffbbf7c0000 	C:\Windows\System32\ADVAPI32.dll
0x00007ffbc04d0000 - 0x00007ffbc0570000 	C:\Windows\System32\sechost.dll
0x00007ffbc05f0000 - 0x00007ffbc0713000 	C:\Windows\System32\RPCRT4.dll
0x00007ffbbf4b0000 - 0x00007ffbbf4d7000 	C:\Windows\System32\bcrypt.dll
0x00007ffbc04c0000 - 0x00007ffbc04c8000 	C:\Windows\System32\PSAPI.DLL
0x00007ffbaf950000 - 0x00007ffbaf959000 	C:\Windows\SYSTEM32\WSOCK32.dll
0x00007ffbc08b0000 - 0x00007ffbc091b000 	C:\Windows\System32\WS2_32.dll
0x00007ffbaefa0000 - 0x00007ffbaefc7000 	C:\Windows\SYSTEM32\WINMM.dll
0x00007ffbb95c0000 - 0x00007ffbb95ca000 	C:\Windows\SYSTEM32\VERSION.dll
0x00007ffbbcb50000 - 0x00007ffbbcb62000 	C:\Windows\SYSTEM32\kernel.appcore.dll
0x00007ffbaf940000 - 0x00007ffbaf94a000 	C:\Program Files\Microsoft\jdk-17.0.2\bin\jimage.dll
0x00007ffba7800000 - 0x00007ffba79e4000 	C:\Windows\SYSTEM32\DBGHELP.DLL
0x00007ffba77c0000 - 0x00007ffba77f4000 	C:\Windows\SYSTEM32\dbgcore.DLL
0x00007ffbbef40000 - 0x00007ffbbefc2000 	C:\Windows\System32\bcryptPrimitives.dll
0x00007ffbbadd0000 - 0x00007ffbbadde000 	C:\Program Files\Microsoft\jdk-17.0.2\bin\instrument.dll
0x00007ffbaf3d0000 - 0x00007ffbaf3f5000 	C:\Program Files\Microsoft\jdk-17.0.2\bin\java.dll
0x00007ffb896b0000 - 0x00007ffb89786000 	C:\Program Files\Microsoft\jdk-17.0.2\bin\jsvml.dll
0x00007ffbc09f0000 - 0x00007ffbc115c000 	C:\Windows\System32\SHELL32.dll
0x00007ffbbcd50000 - 0x00007ffbbd4ed000 	C:\Windows\SYSTEM32\windows.storage.dll
0x00007ffbc0090000 - 0x00007ffbc03e3000 	C:\Windows\System32\combase.dll
0x00007ffbbe6f0000 - 0x00007ffbbe71e000 	C:\Windows\SYSTEM32\Wldp.dll
0x00007ffbc03f0000 - 0x00007ffbc04bd000 	C:\Windows\System32\OLEAUT32.dll
0x00007ffbc14f0000 - 0x00007ffbc159d000 	C:\Windows\System32\SHCORE.dll
0x00007ffbc0720000 - 0x00007ffbc0775000 	C:\Windows\System32\shlwapi.dll
0x00007ffbbec00000 - 0x00007ffbbec24000 	C:\Windows\SYSTEM32\profapi.dll
0x00007ffb89670000 - 0x00007ffb89688000 	C:\Program Files\Microsoft\jdk-17.0.2\bin\zip.dll
0x00007ffbaf3b0000 - 0x00007ffbaf3c9000 	C:\Program Files\Microsoft\jdk-17.0.2\bin\net.dll
0x00007ffbb4dd0000 - 0x00007ffbb4eda000 	C:\Windows\SYSTEM32\WINHTTP.dll
0x00007ffbbe450000 - 0x00007ffbbe4ba000 	C:\Windows\system32\mswsock.dll
0x00007ffb89690000 - 0x00007ffb896a6000 	C:\Program Files\Microsoft\jdk-17.0.2\bin\nio.dll
0x00007ffbb9020000 - 0x00007ffbb9030000 	C:\Program Files\Microsoft\jdk-17.0.2\bin\verify.dll
0x00007ffbaf910000 - 0x00007ffbaf937000 	C:\Users\aanan\.gradle\native\68d5fa5c4cc2d200863cafc0d521ce42e7d3e7ee720ec0a83991735586a16f82\windows-amd64\native-platform.dll
0x00007ffb89350000 - 0x00007ffb89494000 	C:\Users\aanan\.gradle\native\e376f236ea51e6404a007f0833ffe2c6e607c4080706a723a18a27aeea778392\windows-amd64\native-platform-file-events.dll
0x00007ffbbc330000 - 0x00007ffbbc339000 	C:\Program Files\Microsoft\jdk-17.0.2\bin\management.dll
0x00007ffbbadc0000 - 0x00007ffbbadcb000 	C:\Program Files\Microsoft\jdk-17.0.2\bin\management_ext.dll
0x00007ffbbe650000 - 0x00007ffbbe668000 	C:\Windows\SYSTEM32\CRYPTSP.dll
0x00007ffbbdd00000 - 0x00007ffbbdd34000 	C:\Windows\system32\rsaenh.dll
0x00007ffbbebb0000 - 0x00007ffbbebde000 	C:\Windows\SYSTEM32\USERENV.dll
0x00007ffbbe640000 - 0x00007ffbbe64c000 	C:\Windows\SYSTEM32\CRYPTBASE.dll
0x00007ffbbe0e0000 - 0x00007ffbbe11b000 	C:\Windows\SYSTEM32\IPHLPAPI.DLL
0x00007ffbbfa00000 - 0x00007ffbbfa08000 	C:\Windows\System32\NSI.dll
0x00007ffbb5ea0000 - 0x00007ffbb5eb7000 	C:\Windows\SYSTEM32\dhcpcsvc6.DLL
0x00007ffbb7470000 - 0x00007ffbb748d000 	C:\Windows\SYSTEM32\dhcpcsvc.DLL
0x00007ffbbe130000 - 0x00007ffbbe1fa000 	C:\Windows\SYSTEM32\DNSAPI.dll
0x00007ffbbadb0000 - 0x00007ffbbadbe000 	C:\Program Files\Microsoft\jdk-17.0.2\bin\sunmscapi.dll
0x00007ffbbed70000 - 0x00007ffbbeece000 	C:\Windows\System32\CRYPT32.dll
0x00007ffbbe760000 - 0x00007ffbbe789000 	C:\Windows\SYSTEM32\ncrypt.dll
0x00007ffbbe720000 - 0x00007ffbbe75b000 	C:\Windows\SYSTEM32\NTASN1.dll
0x00007ffba9750000 - 0x00007ffba9757000 	C:\Windows\system32\wshunix.dll

dbghelp: loaded successfully - version: 4.0.5 - missing functions: none
symbol engine: initialized successfully - sym options: 0x614 - pdb path: .;C:\Program Files\Microsoft\jdk-17.0.2\bin;C:\Windows\SYSTEM32;C:\Windows\WinSxS\amd64_microsoft.windows.common-controls_6595b64144ccf1df_6.0.19041.4355_none_60b8b9eb71f62e16;C:\Program Files\Microsoft\jdk-17.0.2\bin\server;C:\Users\aanan\.gradle\native\68d5fa5c4cc2d200863cafc0d521ce42e7d3e7ee720ec0a83991735586a16f82\windows-amd64;C:\Users\aanan\.gradle\native\e376f236ea51e6404a007f0833ffe2c6e607c4080706a723a18a27aeea778392\windows-amd64

VM Arguments:
jvm_args: -XX:MaxMetaspaceSize=512m --add-opens=java.base/java.util=ALL-UNNAMED --add-opens=java.base/java.lang=ALL-UNNAMED --add-opens=java.base/java.lang.invoke=ALL-UNNAMED --add-opens=java.prefs/java.util.prefs=ALL-UNNAMED --add-opens=java.base/java.nio.charset=ALL-UNNAMED --add-opens=java.base/java.net=ALL-UNNAMED --add-opens=java.base/java.util.concurrent.atomic=ALL-UNNAMED -Xmx2048m -Dfile.encoding=windows-1252 -Duser.country=IN -Duser.language=en -Duser.variant -javaagent:C:\Users\aanan\.gradle\wrapper\dists\gradle-8.3-all\6en3ugtfdg5xnpx44z4qbwgas\gradle-8.3\lib\agents\gradle-instrumentation-agent-8.3.jar 
java_command: org.gradle.launcher.daemon.bootstrap.GradleDaemon 8.3
java_class_path (initial): C:\Users\aanan\.gradle\wrapper\dists\gradle-8.3-all\6en3ugtfdg5xnpx44z4qbwgas\gradle-8.3\lib\gradle-launcher-8.3.jar
Launcher Type: SUN_STANDARD

[Global flags]
     intx CICompilerCount                          = 3                                         {product} {ergonomic}
   size_t CompressedClassSpaceSize                 = 432013312                                 {product} {ergonomic}
     uint ConcGCThreads                            = 1                                         {product} {ergonomic}
     uint G1ConcRefinementThreads                  = 4                                         {product} {ergonomic}
   size_t G1HeapRegionSize                         = 1048576                                   {product} {ergonomic}
    uintx GCDrainStackTargetSize                   = 64                                        {product} {ergonomic}
   size_t InitialHeapSize                          = 100663296                                 {product} {ergonomic}
   size_t MarkStackSize                            = 4194304                                   {product} {ergonomic}
   size_t MaxHeapSize                              = 2147483648                                {product} {command line}
   size_t MaxMetaspaceSize                         = 536870912                                 {product} {command line}
   size_t MaxNewSize                               = 1287651328                                {product} {ergonomic}
   size_t MinHeapDeltaBytes                        = 1048576                                   {product} {ergonomic}
   size_t MinHeapSize                              = 8388608                                   {product} {ergonomic}
    uintx NonNMethodCodeHeapSize                   = 5832780                                {pd product} {ergonomic}
    uintx NonProfiledCodeHeapSize                  = 122912730                              {pd product} {ergonomic}
    uintx ProfiledCodeHeapSize                     = 122912730                              {pd product} {ergonomic}
    uintx ReservedCodeCacheSize                    = 251658240                              {pd product} {ergonomic}
     bool SegmentedCodeCache                       = true                                      {product} {ergonomic}
   size_t SoftMaxHeapSize                          = 2147483648                             {manageable} {ergonomic}
     bool UseCompressedClassPointers               = true                           {product lp64_product} {ergonomic}
     bool UseCompressedOops                        = true                           {product lp64_product} {ergonomic}
     bool UseG1GC                                  = true                                      {product} {ergonomic}
     bool UseLargePagesIndividualAllocation        = false                                  {pd product} {ergonomic}

Logging:
Log output configuration:
 #0: stdout all=warning uptime,level,tags
 #1: stderr all=off uptime,level,tags

Environment Variables:
JAVA_HOME=C:\Program Files\Microsoft\jdk-17.0.2
CLASSPATH=C:\Users\aanan\Desktop\Latest\android\\gradle\wrapper\gradle-wrapper.jar
PATH=C:\Users\aanan\Desktop\Latest\node_modules\.bin;C:\Users\aanan\Desktop\node_modules\.bin;C:\Users\aanan\node_modules\.bin;C:\Users\node_modules\.bin;C:\node_modules\.bin;C:\Program Files\nodejs\node_modules\npm\node_modules\@npmcli\run-script\lib\node-gyp-bin;C:\Program Files (x86)\Intel\iCLS Client\;C:\Program Files\Intel\iCLS Client\;C:\Windows\system32;C:\Windows;C:\Windows\System32\Wbem;C:\Windows\System32\WindowsPowerShell\v1.0\;C:\Windows\System32\OpenSSH\;C:\Program Files\dotnet\;C:\Program Files\Intel\Intel(R) Management Engine Components\DAL;C:\Program Files\Intel\Intel(R) Management Engine Components\IPT;C:\Program Files (x86)\Intel\Intel(R) Management Engine Components\DAL;C:\Program Files (x86)\Intel\Intel(R) Management Engine Components\IPT;C:\ProgramData\chocolatey\bin;C:\Program Files\nodejs\;C:\Users\aanan\AppData\Local\Android\Sdk\platform-tools;C:\Program Files\Git\cmd;C:\Program Files\Git\mingw64\bin;C:\Program Files\Git\usr\bin;C:\Program Files\Microsoft\jdk-17.0.2\bin;C:\Users\aanan\AppData\Local\Microsoft\WindowsApps;C:\Users\aanan\AppData\Local\Programs\Microsoft VS Code\bin;C:\Users\aanan\AppData\Roaming\npm;
USERNAME=Devendra
OS=Windows_NT
PROCESSOR_IDENTIFIER=Intel64 Family 6 Model 69 Stepping 1, GenuineIntel



---------------  S Y S T E M  ---------------

OS:
 Windows 10 , 64 bit Build 19041 (10.0.19041.3636)
OS uptime: 0 days 0:52 hours

CPU: total 4 (initial active 4) (2 cores per cpu, 2 threads per core) family 6 model 69 stepping 1 microcode 0x25, cx8, cmov, fxsr, ht, mmx, sse, sse2, sse3, ssse3, sse4.1, sse4.2, popcnt, lzcnt, tsc, tscinvbit, avx, avx2, aes, erms, clmul, bmi1, bmi2, fma, vzeroupper, clflush

Memory: 4k page, system-wide physical 6024M (451M free)
TotalPageFile size 8072M (AvailPageFile size 4M)
current process WorkingSet (physical memory assigned to process): 179M, peak: 180M
current process commit charge ("private bytes"): 240M, peak: 242M

vm_info: OpenJDK 64-Bit Server VM (17.0.2+8-86) for windows-amd64 JRE (17.0.2+8-86), built on Dec  7 2021 21:49:10 by "mach5one" with MS VC++ 16.8 / 16.9 (VS2019)

END.
