#
# There is insufficient memory for the Java Runtime Environment to continue.
# Native memory allocation (mmap) failed to map 238026752 bytes for G1 virtual space
# Possible reasons:
#   The system is out of physical RAM or swap space
#   The process is running with CompressedOops enabled, and the Java Heap may be blocking the growth of the native heap
# Possible solutions:
#   Reduce memory load on the system
#   Increase physical memory or swap space
#   Check if swap backing store is full
#   Decrease Java heap size (-Xmx/-Xms)
#   Decrease number of Java threads
#   Decrease Java thread stack sizes (-Xss)
#   Set larger code cache with -XX:ReservedCodeCacheSize=
#   JVM is running with Unscaled Compressed Oops mode in which the Java heap is
#     placed in the first 4GB address space. The Java Heap base address is the
#     maximum limit for the native heap growth. Please use -XX:HeapBaseMinAddress
#     to set the Java Heap base and to place the Java Heap above 4GB virtual address.
# This output file may be truncated or incomplete.
#
#  Out of Memory Error (os_windows.cpp:3532), pid=8264, tid=11712
#
# JRE version: OpenJDK Runtime Environment (17.0.2+8) (build 17.0.2+8-86)
# Java VM: OpenJDK 64-Bit Server VM (17.0.2+8-86, mixed mode, sharing, tiered, compressed oops, compressed class ptrs, g1 gc, windows-amd64)
# No core dump will be written. Minidumps are not enabled by default on client versions of Windows
#

---------------  S U M M A R Y ------------

Command Line: -XX:MaxMetaspaceSize=512m --add-opens=java.base/java.util=ALL-UNNAMED --add-opens=java.base/java.lang=ALL-UNNAMED --add-opens=java.base/java.lang.invoke=ALL-UNNAMED --add-opens=java.prefs/java.util.prefs=ALL-UNNAMED --add-opens=java.base/java.nio.charset=ALL-UNNAMED --add-opens=java.base/java.net=ALL-UNNAMED --add-opens=java.base/java.util.concurrent.atomic=ALL-UNNAMED -Xmx2048m -Dfile.encoding=windows-1252 -Duser.country=IN -Duser.language=en -Duser.variant -javaagent:C:\Users\aanan\.gradle\wrapper\dists\gradle-8.3-all\6en3ugtfdg5xnpx44z4qbwgas\gradle-8.3\lib\agents\gradle-instrumentation-agent-8.3.jar org.gradle.launcher.daemon.bootstrap.GradleDaemon 8.3

Host: Intel(R) Core(TM) i3-4010U CPU @ 1.70GHz, 4 cores, 5G,  Windows 10 , 64 bit Build 19041 (10.0.19041.3636)
Time: Mon Jun 24 14:41:48 2024 India Standard Time elapsed time: 54.686871 seconds (0d 0h 0m 54s)

---------------  T H R E A D  ---------------

Current thread (0x0000022ba8d0ff80):  VMThread "VM Thread" [stack: 0x000000a642800000,0x000000a642900000] [id=11712]

Stack: [0x000000a642800000,0x000000a642900000]
Native frames: (J=compiled Java code, j=interpreted, Vv=VM code, C=native code)
V  [jvm.dll+0x670baa]
V  [jvm.dll+0x7cfcb4]
V  [jvm.dll+0x7d145e]
V  [jvm.dll+0x7d1ac3]
V  [jvm.dll+0x242bc5]
V  [jvm.dll+0x66dac9]
V  [jvm.dll+0x662412]
V  [jvm.dll+0x300c0b]
V  [jvm.dll+0x3081a6]
V  [jvm.dll+0x357d0e]
V  [jvm.dll+0x357f3f]
V  [jvm.dll+0x2d7ec8]
V  [jvm.dll+0x2d6194]
V  [jvm.dll+0x2d579c]
V  [jvm.dll+0x3190eb]
V  [jvm.dll+0x7d5f9b]
V  [jvm.dll+0x7d6cd4]
V  [jvm.dll+0x7d71ec]
V  [jvm.dll+0x7d75c4]
V  [jvm.dll+0x7d7690]
V  [jvm.dll+0x77ff7a]
V  [jvm.dll+0x66fa35]
C  [ucrtbase.dll+0x21bb2]
C  [KERNEL32.DLL+0x17344]
C  [ntdll.dll+0x4cc91]

VM_Operation (0x000000a643ef8d90): G1CollectForAllocation, mode: safepoint, requested by thread 0x0000022baaf51a20


---------------  P R O C E S S  ---------------

Threads class SMR info:
_java_thread_list=0x0000022bb29132d0, length=73, elements={
0x0000022b8b478370, 0x0000022ba8d169f0, 0x0000022ba8d17770, 0x0000022ba8d2ea90,
0x0000022ba8d32470, 0x0000022ba8d33d40, 0x0000022ba8d34600, 0x0000022ba8d352a0,
0x0000022ba8d37c60, 0x0000022ba8da4080, 0x0000022ba8dee770, 0x0000022ba9937850,
0x0000022baaafbad0, 0x0000022baafae090, 0x0000022bab16ce50, 0x0000022baa8094a0,
0x0000022baa809970, 0x0000022baaf51550, 0x0000022baaf51a20, 0x0000022baaf4fd40,
0x0000022baaf4e060, 0x0000022baaf4ea00, 0x0000022baaf4eed0, 0x0000022baaf50210,
0x0000022baaf4f3a0, 0x0000022baaf4e530, 0x0000022baaf4f870, 0x0000022baaf506e0,
0x0000022baaf50bb0, 0x0000022baaf51080, 0x0000022bac9759f0, 0x0000022bac973d10,
0x0000022bac975520, 0x0000022bac975ec0, 0x0000022bac96e670, 0x0000022bac9741e0,
0x0000022bac972ea0, 0x0000022bac96f4e0, 0x0000022bac972030, 0x0000022bac970350,
0x0000022bac96f9b0, 0x0000022bac9711c0, 0x0000022bac971b60, 0x0000022bac970cf0,
0x0000022bac972500, 0x0000022bac9729d0, 0x0000022bad8cf530, 0x0000022bad8d1bb0,
0x0000022bad8d03a0, 0x0000022bad8d0870, 0x0000022bad8d2080, 0x0000022bad8d16e0,
0x0000022bad8d0d40, 0x0000022bad8d2a20, 0x0000022bad8cf060, 0x0000022bac7499d0,
0x0000022bac74a370, 0x0000022bac748690, 0x0000022bac7469b0, 0x0000022bac74bb80,
0x0000022bac749ea0, 0x0000022bac74a840, 0x0000022bac74ad10, 0x0000022bac74b6b0,
0x0000022bac74c520, 0x0000022bac745670, 0x0000022bac746010, 0x0000022bac7451a0,
0x0000022bac745b40, 0x0000022bac7464e0, 0x0000022bac746e80, 0x0000022bac747350,
0x0000022bac748b60
}

Java Threads: ( => current thread )
  0x0000022b8b478370 JavaThread "main" [_thread_blocked, id=3932, stack(0x000000a642200000,0x000000a642300000)]
  0x0000022ba8d169f0 JavaThread "Reference Handler" daemon [_thread_blocked, id=9048, stack(0x000000a642900000,0x000000a642a00000)]
  0x0000022ba8d17770 JavaThread "Finalizer" daemon [_thread_blocked, id=11612, stack(0x000000a642a00000,0x000000a642b00000)]
  0x0000022ba8d2ea90 JavaThread "Signal Dispatcher" daemon [_thread_blocked, id=4964, stack(0x000000a642b00000,0x000000a642c00000)]
  0x0000022ba8d32470 JavaThread "Attach Listener" daemon [_thread_blocked, id=1308, stack(0x000000a642c00000,0x000000a642d00000)]
  0x0000022ba8d33d40 JavaThread "Service Thread" daemon [_thread_blocked, id=8300, stack(0x000000a642d00000,0x000000a642e00000)]
  0x0000022ba8d34600 JavaThread "Monitor Deflation Thread" daemon [_thread_blocked, id=11112, stack(0x000000a642e00000,0x000000a642f00000)]
  0x0000022ba8d352a0 JavaThread "C2 CompilerThread0" daemon [_thread_blocked, id=368, stack(0x000000a642f00000,0x000000a643000000)]
  0x0000022ba8d37c60 JavaThread "C1 CompilerThread0" daemon [_thread_blocked, id=824, stack(0x000000a643000000,0x000000a643100000)]
  0x0000022ba8da4080 JavaThread "Sweeper thread" daemon [_thread_blocked, id=384, stack(0x000000a643100000,0x000000a643200000)]
  0x0000022ba8dee770 JavaThread "Common-Cleaner" daemon [_thread_blocked, id=8648, stack(0x000000a643200000,0x000000a643300000)]
  0x0000022ba9937850 JavaThread "Notification Thread" daemon [_thread_blocked, id=10308, stack(0x000000a643300000,0x000000a643400000)]
  0x0000022baaafbad0 JavaThread "Daemon health stats" [_thread_blocked, id=604, stack(0x000000a643700000,0x000000a643800000)]
  0x0000022baafae090 JavaThread "Incoming local TCP Connector on port 52843" [_thread_in_native, id=8548, stack(0x000000a643900000,0x000000a643a00000)]
  0x0000022bab16ce50 JavaThread "Daemon periodic checks" [_thread_blocked, id=5316, stack(0x000000a643a00000,0x000000a643b00000)]
  0x0000022baa8094a0 JavaThread "Daemon" [_thread_blocked, id=9472, stack(0x000000a643b00000,0x000000a643c00000)]
  0x0000022baa809970 JavaThread "Handler for socket connection from /127.0.0.1:52843 to /127.0.0.1:52844" [_thread_in_native, id=2660, stack(0x000000a643c00000,0x000000a643d00000)]
  0x0000022baaf51550 JavaThread "Cancel handler" [_thread_blocked, id=11728, stack(0x000000a643d00000,0x000000a643e00000)]
  0x0000022baaf51a20 JavaThread "Daemon worker" [_thread_blocked, id=10472, stack(0x000000a643e00000,0x000000a643f00000)]
  0x0000022baaf4fd40 JavaThread "Asynchronous log dispatcher for DefaultDaemonConnection: socket connection from /127.0.0.1:52843 to /127.0.0.1:52844" [_thread_blocked, id=11680, stack(0x000000a643f00000,0x000000a644000000)]
  0x0000022baaf4e060 JavaThread "Stdin handler" [_thread_blocked, id=3248, stack(0x000000a644000000,0x000000a644100000)]
  0x0000022baaf4ea00 JavaThread "Daemon client event forwarder" [_thread_blocked, id=5588, stack(0x000000a644100000,0x000000a644200000)]
  0x0000022baaf4eed0 JavaThread "Cache worker for journal cache (C:\Users\aanan\.gradle\caches\journal-1)" [_thread_blocked, id=2512, stack(0x000000a644200000,0x000000a644300000)]
  0x0000022baaf50210 JavaThread "File lock request listener" [_thread_in_native, id=9828, stack(0x000000a644300000,0x000000a644400000)]
  0x0000022baaf4f3a0 JavaThread "Cache worker for file hash cache (C:\Users\aanan\.gradle\caches\8.3\fileHashes)" [_thread_blocked, id=3060, stack(0x000000a644400000,0x000000a644500000)]
  0x0000022baaf4e530 JavaThread "File watcher server" daemon [_thread_blocked, id=8388, stack(0x000000a644500000,0x000000a644600000)]
  0x0000022baaf4f870 JavaThread "File watcher consumer" daemon [_thread_blocked, id=8680, stack(0x000000a644600000,0x000000a644700000)]
  0x0000022baaf506e0 JavaThread "Cache worker for checksums cache (C:\Users\aanan\Desktop\Latest\android\.gradle\8.3\checksums)" [_thread_blocked, id=6740, stack(0x000000a644700000,0x000000a644800000)]
  0x0000022baaf50bb0 JavaThread "Cache worker for file hash cache (C:\Users\aanan\Desktop\Latest\android\.gradle\8.3\fileHashes)" [_thread_blocked, id=7528, stack(0x000000a644800000,0x000000a644900000)]
  0x0000022baaf51080 JavaThread "Cache worker for cache directory md-supplier (C:\Users\aanan\.gradle\caches\8.3\md-supplier)" [_thread_blocked, id=8164, stack(0x000000a644900000,0x000000a644a00000)]
  0x0000022bac9759f0 JavaThread "Cache worker for file content cache (C:\Users\aanan\.gradle\caches\8.3\fileContent)" [_thread_blocked, id=1792, stack(0x000000a644a00000,0x000000a644b00000)]
  0x0000022bac973d10 JavaThread "Cache worker for cache directory md-rule (C:\Users\aanan\.gradle\caches\8.3\md-rule)" [_thread_blocked, id=5432, stack(0x000000a644b00000,0x000000a644c00000)]
  0x0000022bac975520 JavaThread "Cache worker for execution history cache (C:\Users\aanan\.gradle\caches\8.3\executionHistory)" [_thread_blocked, id=9616, stack(0x000000a644c00000,0x000000a644d00000)]
  0x0000022bac975ec0 JavaThread "jar transforms" [_thread_blocked, id=8884, stack(0x000000a644d00000,0x000000a644e00000)]
  0x0000022bac96e670 JavaThread "jar transforms Thread 2" [_thread_blocked, id=192, stack(0x000000a644e00000,0x000000a644f00000)]
  0x0000022bac9741e0 JavaThread "jar transforms Thread 3" [_thread_blocked, id=4500, stack(0x000000a644f00000,0x000000a645000000)]
  0x0000022bac972ea0 JavaThread "jar transforms Thread 4" [_thread_blocked, id=3904, stack(0x000000a645000000,0x000000a645100000)]
  0x0000022bac96f4e0 JavaThread "Cache worker for kotlin-dsl (C:\Users\aanan\.gradle\caches\8.3\kotlin-dsl)" [_thread_blocked, id=5720, stack(0x000000a645100000,0x000000a645200000)]
  0x0000022bac972030 JavaThread "Unconstrained build operations" [_thread_blocked, id=9412, stack(0x000000a645200000,0x000000a645300000)]
  0x0000022bac970350 JavaThread "Unconstrained build operations Thread 2" [_thread_blocked, id=12244, stack(0x000000a645300000,0x000000a645400000)]
  0x0000022bac96f9b0 JavaThread "Cache worker for dependencies-accessors (C:\Users\aanan\Desktop\Latest\android\.gradle\8.3\dependencies-accessors)" [_thread_blocked, id=2944, stack(0x000000a645400000,0x000000a645500000)]
  0x0000022bac9711c0 JavaThread "Cache worker for Build Output Cleanup Cache (C:\Users\aanan\Desktop\Latest\node_modules\@react-native\gradle-plugin\.gradle\buildOutputCleanup)" [_thread_blocked, id=364, stack(0x000000a645500000,0x000000a645600000)]
  0x0000022bac971b60 JavaThread "Unconstrained build operations Thread 3" [_thread_blocked, id=11056, stack(0x000000a645600000,0x000000a645700000)]
  0x0000022bac970cf0 JavaThread "Unconstrained build operations Thread 4" [_thread_blocked, id=11944, stack(0x000000a645700000,0x000000a645800000)]
  0x0000022bac972500 JavaThread "Unconstrained build operations Thread 5" [_thread_blocked, id=10916, stack(0x000000a645800000,0x000000a645900000)]
  0x0000022bac9729d0 JavaThread "Memory manager" [_thread_blocked, id=4836, stack(0x000000a645900000,0x000000a645a00000)]
  0x0000022bad8cf530 JavaThread "Cache worker for Build Output Cleanup Cache (C:\Users\aanan\Desktop\Latest\android\.gradle\buildOutputCleanup)" [_thread_blocked, id=4272, stack(0x000000a645a00000,0x000000a645b00000)]
  0x0000022bad8d1bb0 JavaThread "ForkJoinPool.commonPool-worker-1" daemon [_thread_blocked, id=5572, stack(0x000000a645b00000,0x000000a645c00000)]
  0x0000022bad8d03a0 JavaThread "ForkJoinPool.commonPool-worker-2" daemon [_thread_blocked, id=5848, stack(0x000000a645c00000,0x000000a645d00000)]
  0x0000022bad8d0870 JavaThread "ForkJoinPool.commonPool-worker-3" daemon [_thread_blocked, id=2556, stack(0x000000a645d00000,0x000000a645e00000)]
  0x0000022bad8d2080 JavaThread "Exec process" daemon [_thread_blocked, id=6764, stack(0x000000a645e00000,0x000000a645f00000)]
  0x0000022bad8d16e0 JavaThread "Exec process Thread 2" daemon [_thread_blocked, id=9004, stack(0x000000a645f00000,0x000000a646000000)]
  0x0000022bad8d0d40 JavaThread "Exec process Thread 3" daemon [_thread_blocked, id=9448, stack(0x000000a646000000,0x000000a646100000)]
  0x0000022bad8d2a20 JavaThread "included builds" [_thread_blocked, id=9708, stack(0x000000a646100000,0x000000a646200000)]
  0x0000022bad8cf060 JavaThread "Execution worker" [_thread_blocked, id=9492, stack(0x000000a646200000,0x000000a646300000)]
  0x0000022bac7499d0 JavaThread "Execution worker Thread 2" [_thread_blocked, id=11184, stack(0x000000a646300000,0x000000a646400000)]
  0x0000022bac74a370 JavaThread "Execution worker Thread 3" [_thread_blocked, id=9020, stack(0x000000a646400000,0x000000a646500000)]
  0x0000022bac748690 JavaThread "Cache worker for execution history cache (C:\Users\aanan\Desktop\Latest\node_modules\@react-native\gradle-plugin\.gradle\8.3\executionHistory)" [_thread_blocked, id=12268, stack(0x000000a646500000,0x000000a646600000)]
  0x0000022bac7469b0 JavaThread "Unconstrained build operations Thread 6" [_thread_blocked, id=8016, stack(0x000000a646600000,0x000000a646700000)]
  0x0000022bac74bb80 JavaThread "Unconstrained build operations Thread 7" [_thread_blocked, id=2980, stack(0x000000a646700000,0x000000a646800000)]
  0x0000022bac749ea0 JavaThread "Unconstrained build operations Thread 8" [_thread_blocked, id=9228, stack(0x000000a646800000,0x000000a646900000)]
  0x0000022bac74a840 JavaThread "Unconstrained build operations Thread 9" [_thread_blocked, id=6812, stack(0x000000a646900000,0x000000a646a00000)]
  0x0000022bac74ad10 JavaThread "Unconstrained build operations Thread 10" [_thread_blocked, id=6976, stack(0x000000a646a00000,0x000000a646b00000)]
  0x0000022bac74b6b0 JavaThread "Unconstrained build operations Thread 11" [_thread_blocked, id=10004, stack(0x000000a646b00000,0x000000a646c00000)]
  0x0000022bac74c520 JavaThread "Unconstrained build operations Thread 12" [_thread_blocked, id=9324, stack(0x000000a646c00000,0x000000a646d00000)]
  0x0000022bac745670 JavaThread "Unconstrained build operations Thread 13" [_thread_blocked, id=10268, stack(0x000000a646d00000,0x000000a646e00000)]
  0x0000022bac746010 JavaThread "Unconstrained build operations Thread 14" [_thread_blocked, id=9872, stack(0x000000a647000000,0x000000a647100000)]
  0x0000022bac7451a0 JavaThread "Unconstrained build operations Thread 15" [_thread_blocked, id=4380, stack(0x000000a647100000,0x000000a647200000)]
  0x0000022bac745b40 JavaThread "Unconstrained build operations Thread 16" [_thread_blocked, id=10804, stack(0x000000a647200000,0x000000a647300000)]
  0x0000022bac7464e0 JavaThread "Unconstrained build operations Thread 17" [_thread_blocked, id=4396, stack(0x000000a647300000,0x000000a647400000)]
  0x0000022bac746e80 JavaThread "Unconstrained build operations Thread 18" [_thread_blocked, id=4800, stack(0x000000a647400000,0x000000a647500000)]
  0x0000022bac747350 JavaThread "Unconstrained build operations Thread 19" [_thread_blocked, id=6232, stack(0x000000a647500000,0x000000a647600000)]
  0x0000022bac748b60 JavaThread "Unconstrained build operations Thread 20" [_thread_blocked, id=12036, stack(0x000000a647600000,0x000000a647700000)]

Other Threads:
=>0x0000022ba8d0ff80 VMThread "VM Thread" [stack: 0x000000a642800000,0x000000a642900000] [id=11712]
  0x0000022ba98df0e0 WatcherThread [stack: 0x000000a643400000,0x000000a643500000] [id=4576]
  0x0000022b8b4b7750 GCTaskThread "GC Thread#0" [stack: 0x000000a642300000,0x000000a642400000] [id=7212]
  0x0000022ba99f0140 GCTaskThread "GC Thread#1" [stack: 0x000000a643500000,0x000000a643600000] [id=8044]
  0x0000022ba9d92eb0 GCTaskThread "GC Thread#2" [stack: 0x000000a643600000,0x000000a643700000] [id=9900]
  0x0000022baa2a3430 GCTaskThread "GC Thread#3" [stack: 0x000000a643800000,0x000000a643900000] [id=3532]
  0x0000022b8b4c85a0 ConcurrentGCThread "G1 Main Marker" [stack: 0x000000a642400000,0x000000a642500000] [id=11280]
  0x0000022b8b4c8ec0 ConcurrentGCThread "G1 Conc#0" [stack: 0x000000a642500000,0x000000a642600000] [id=11648]
  0x0000022b8b52a640 ConcurrentGCThread "G1 Refine#0" [stack: 0x000000a642600000,0x000000a642700000] [id=9008]
  0x0000022b8b52af70 ConcurrentGCThread "G1 Service" [stack: 0x000000a642700000,0x000000a642800000] [id=10200]

Threads with active compile tasks:
C2 CompilerThread0    54760 13235       4       org.gradle.api.internal.artifacts.result.DefaultResolvedComponentResult::eachElement (89 bytes)

VM state: at safepoint (normal execution)

VM Mutex/Monitor currently owned by a thread:  ([mutex/lock_event])
[0x0000022b8b4755a0] Threads_lock - owner thread: 0x0000022ba8d0ff80
[0x0000022b8b475360] Heap_lock - owner thread: 0x0000022baaf51a20

Heap address: 0x0000000080000000, size: 2048 MB, Compressed Oops mode: 32-bit

CDS archive(s) mapped at: [0x0000000800000000-0x0000000800bc0000-0x0000000800bc0000), size 12320768, SharedBaseAddress: 0x0000000800000000, ArchiveRelocationMode: 0.
Compressed class space mapped at: 0x0000000800c00000-0x000000081a800000, reserved size: 432013312
Narrow klass base: 0x0000000800000000, Narrow klass shift: 0, Narrow klass range: 0x100000000

GC Precious Log:
 CPUs: 4 total, 4 available
 Memory: 6024M
 Large Page Support: Disabled
 NUMA Support: Disabled
 Compressed Oops: Enabled (32-bit)
 Heap Region Size: 1M
 Heap Min Capacity: 8M
 Heap Initial Capacity: 96M
 Heap Max Capacity: 2G
 Pre-touch: Disabled
 Parallel Workers: 4
 Concurrent Workers: 1
 Concurrent Refinement Workers: 4
 Periodic GC: Disabled

Heap:
 garbage-first heap   total 232448K, used 138039K [0x0000000080000000, 0x0000000100000000)
  region size 1024K, 6 young (6144K), 6 survivors (6144K)
 Metaspace       used 97728K, committed 98624K, reserved 512000K
  class space    used 13692K, committed 14144K, reserved 421888K

Heap Regions: E=young(eden), S=young(survivor), O=old, HS=humongous(starts), HC=humongous(continues), CS=collection set, F=free, OA=open archive, CA=closed archive, TAMS=top-at-mark-start (previous, next)
|   0|0x0000000080000000, 0x0000000080100000, 0x0000000080100000|100%| O|  |TAMS 0x0000000080100000, 0x0000000080100000| Untracked 
|   1|0x0000000080100000, 0x0000000080200000, 0x0000000080200000|100%| O|  |TAMS 0x0000000080200000, 0x0000000080200000| Untracked 
|   2|0x0000000080200000, 0x0000000080300000, 0x0000000080300000|100%|HS|  |TAMS 0x0000000080300000, 0x0000000080300000| Complete 
|   3|0x0000000080300000, 0x0000000080400000, 0x0000000080400000|100%|HC|  |TAMS 0x0000000080400000, 0x0000000080400000| Complete 
|   4|0x0000000080400000, 0x0000000080500000, 0x0000000080500000|100%|HC|  |TAMS 0x0000000080500000, 0x0000000080500000| Complete 
|   5|0x0000000080500000, 0x0000000080600000, 0x0000000080600000|100%|HC|  |TAMS 0x0000000080600000, 0x0000000080600000| Complete 
|   6|0x0000000080600000, 0x0000000080700000, 0x0000000080700000|100%| O|  |TAMS 0x0000000080700000, 0x0000000080700000| Untracked 
|   7|0x0000000080700000, 0x0000000080800000, 0x0000000080800000|100%| O|  |TAMS 0x0000000080800000, 0x0000000080800000| Untracked 
|   8|0x0000000080800000, 0x0000000080900000, 0x0000000080900000|100%| O|  |TAMS 0x0000000080900000, 0x0000000080900000| Untracked 
|   9|0x0000000080900000, 0x0000000080a00000, 0x0000000080a00000|100%| O|  |TAMS 0x0000000080a00000, 0x0000000080a00000| Untracked 
|  10|0x0000000080a00000, 0x0000000080b00000, 0x0000000080b00000|100%| O|  |TAMS 0x0000000080b00000, 0x0000000080b00000| Untracked 
|  11|0x0000000080b00000, 0x0000000080c00000, 0x0000000080c00000|100%| O|  |TAMS 0x0000000080c00000, 0x0000000080c00000| Untracked 
|  12|0x0000000080c00000, 0x0000000080d00000, 0x0000000080d00000|100%| O|  |TAMS 0x0000000080d00000, 0x0000000080d00000| Untracked 
|  13|0x0000000080d00000, 0x0000000080e00000, 0x0000000080e00000|100%| O|  |TAMS 0x0000000080e00000, 0x0000000080e00000| Untracked 
|  14|0x0000000080e00000, 0x0000000080f00000, 0x0000000080f00000|100%| O|  |TAMS 0x0000000080f00000, 0x0000000080f00000| Untracked 
|  15|0x0000000080f00000, 0x0000000081000000, 0x0000000081000000|100%| O|  |TAMS 0x0000000081000000, 0x0000000081000000| Untracked 
|  16|0x0000000081000000, 0x0000000081100000, 0x0000000081100000|100%| O|  |TAMS 0x0000000081100000, 0x0000000081100000| Untracked 
|  17|0x0000000081100000, 0x0000000081200000, 0x0000000081200000|100%| O|  |TAMS 0x0000000081200000, 0x0000000081200000| Untracked 
|  18|0x0000000081200000, 0x0000000081300000, 0x0000000081300000|100%| O|  |TAMS 0x0000000081300000, 0x0000000081300000| Untracked 
|  19|0x0000000081300000, 0x0000000081400000, 0x0000000081400000|100%| O|  |TAMS 0x0000000081400000, 0x0000000081400000| Untracked 
|  20|0x0000000081400000, 0x0000000081500000, 0x0000000081500000|100%| O|  |TAMS 0x0000000081500000, 0x0000000081500000| Untracked 
|  21|0x0000000081500000, 0x0000000081600000, 0x0000000081600000|100%| O|  |TAMS 0x0000000081600000, 0x0000000081600000| Untracked 
|  22|0x0000000081600000, 0x0000000081700000, 0x0000000081700000|100%| O|  |TAMS 0x0000000081700000, 0x0000000081700000| Untracked 
|  23|0x0000000081700000, 0x0000000081800000, 0x0000000081800000|100%| O|  |TAMS 0x0000000081800000, 0x0000000081800000| Untracked 
|  24|0x0000000081800000, 0x0000000081900000, 0x0000000081900000|100%| O|  |TAMS 0x0000000081900000, 0x0000000081900000| Untracked 
|  25|0x0000000081900000, 0x0000000081a00000, 0x0000000081a00000|100%| O|  |TAMS 0x0000000081a00000, 0x0000000081a00000| Untracked 
|  26|0x0000000081a00000, 0x0000000081b00000, 0x0000000081b00000|100%| O|  |TAMS 0x0000000081b00000, 0x0000000081b00000| Untracked 
|  27|0x0000000081b00000, 0x0000000081c00000, 0x0000000081c00000|100%| O|  |TAMS 0x0000000081c00000, 0x0000000081c00000| Untracked 
|  28|0x0000000081c00000, 0x0000000081d00000, 0x0000000081d00000|100%| O|  |TAMS 0x0000000081d00000, 0x0000000081d00000| Untracked 
|  29|0x0000000081d00000, 0x0000000081e00000, 0x0000000081e00000|100%| O|  |TAMS 0x0000000081e00000, 0x0000000081e00000| Untracked 
|  30|0x0000000081e00000, 0x0000000081f00000, 0x0000000081f00000|100%| O|  |TAMS 0x0000000081f00000, 0x0000000081f00000| Untracked 
|  31|0x0000000081f00000, 0x0000000082000000, 0x0000000082000000|100%|HS|  |TAMS 0x0000000082000000, 0x0000000082000000| Complete 
|  32|0x0000000082000000, 0x0000000082100000, 0x0000000082100000|100%|HC|  |TAMS 0x0000000082100000, 0x0000000082100000| Complete 
|  33|0x0000000082100000, 0x0000000082200000, 0x0000000082200000|100%| O|  |TAMS 0x0000000082200000, 0x0000000082200000| Untracked 
|  34|0x0000000082200000, 0x0000000082300000, 0x0000000082300000|100%| O|  |TAMS 0x0000000082300000, 0x0000000082300000| Untracked 
|  35|0x0000000082300000, 0x0000000082400000, 0x0000000082400000|100%| O|  |TAMS 0x0000000082400000, 0x0000000082400000| Untracked 
|  36|0x0000000082400000, 0x0000000082500000, 0x0000000082500000|100%| O|  |TAMS 0x0000000082500000, 0x0000000082500000| Untracked 
|  37|0x0000000082500000, 0x0000000082600000, 0x0000000082600000|100%| O|  |TAMS 0x0000000082600000, 0x0000000082600000| Untracked 
|  38|0x0000000082600000, 0x0000000082700000, 0x0000000082700000|100%| O|  |TAMS 0x0000000082700000, 0x0000000082700000| Untracked 
|  39|0x0000000082700000, 0x0000000082800000, 0x0000000082800000|100%|HS|  |TAMS 0x0000000082800000, 0x0000000082800000| Complete 
|  40|0x0000000082800000, 0x0000000082900000, 0x0000000082900000|100%|HC|  |TAMS 0x0000000082900000, 0x0000000082900000| Complete 
|  41|0x0000000082900000, 0x0000000082a00000, 0x0000000082a00000|100%|HS|  |TAMS 0x0000000082a00000, 0x0000000082a00000| Complete 
|  42|0x0000000082a00000, 0x0000000082b00000, 0x0000000082b00000|100%|HC|  |TAMS 0x0000000082b00000, 0x0000000082b00000| Complete 
|  43|0x0000000082b00000, 0x0000000082c00000, 0x0000000082c00000|100%|HC|  |TAMS 0x0000000082c00000, 0x0000000082c00000| Complete 
|  44|0x0000000082c00000, 0x0000000082d00000, 0x0000000082d00000|100%|HC|  |TAMS 0x0000000082d00000, 0x0000000082d00000| Complete 
|  45|0x0000000082d00000, 0x0000000082e00000, 0x0000000082e00000|100%| O|  |TAMS 0x0000000082e00000, 0x0000000082e00000| Untracked 
|  46|0x0000000082e00000, 0x0000000082f00000, 0x0000000082f00000|100%| O|  |TAMS 0x0000000082f00000, 0x0000000082f00000| Untracked 
|  47|0x0000000082f00000, 0x0000000083000000, 0x0000000083000000|100%| O|  |TAMS 0x0000000083000000, 0x0000000083000000| Untracked 
|  48|0x0000000083000000, 0x0000000083100000, 0x0000000083100000|100%| O|  |TAMS 0x0000000083100000, 0x0000000083100000| Untracked 
|  49|0x0000000083100000, 0x0000000083200000, 0x0000000083200000|100%| O|  |TAMS 0x0000000083200000, 0x0000000083200000| Untracked 
|  50|0x0000000083200000, 0x0000000083300000, 0x0000000083300000|100%|HS|  |TAMS 0x0000000083300000, 0x0000000083300000| Complete 
|  51|0x0000000083300000, 0x0000000083400000, 0x0000000083400000|100%|HC|  |TAMS 0x0000000083400000, 0x0000000083400000| Complete 
|  52|0x0000000083400000, 0x0000000083500000, 0x0000000083500000|100%|HC|  |TAMS 0x0000000083500000, 0x0000000083500000| Complete 
|  53|0x0000000083500000, 0x0000000083600000, 0x0000000083600000|100%|HC|  |TAMS 0x0000000083600000, 0x0000000083600000| Complete 
|  54|0x0000000083600000, 0x0000000083700000, 0x0000000083700000|100%| O|  |TAMS 0x0000000083700000, 0x0000000083700000| Untracked 
|  55|0x0000000083700000, 0x0000000083800000, 0x0000000083800000|100%| O|  |TAMS 0x0000000083800000, 0x0000000083800000| Untracked 
|  56|0x0000000083800000, 0x0000000083900000, 0x0000000083900000|100%| O|  |TAMS 0x0000000083900000, 0x0000000083900000| Untracked 
|  57|0x0000000083900000, 0x0000000083a00000, 0x0000000083a00000|100%| O|  |TAMS 0x0000000083a00000, 0x0000000083a00000| Untracked 
|  58|0x0000000083a00000, 0x0000000083b00000, 0x0000000083b00000|100%| O|  |TAMS 0x0000000083b00000, 0x0000000083b00000| Untracked 
|  59|0x0000000083b00000, 0x0000000083c00000, 0x0000000083c00000|100%| O|  |TAMS 0x0000000083c00000, 0x0000000083c00000| Untracked 
|  60|0x0000000083c00000, 0x0000000083d00000, 0x0000000083d00000|100%| O|  |TAMS 0x0000000083d00000, 0x0000000083d00000| Untracked 
|  61|0x0000000083d00000, 0x0000000083e00000, 0x0000000083e00000|100%| O|  |TAMS 0x0000000083e00000, 0x0000000083e00000| Untracked 
|  62|0x0000000083e00000, 0x0000000083f00000, 0x0000000083f00000|100%| O|  |TAMS 0x0000000083f00000, 0x0000000083f00000| Untracked 
|  63|0x0000000083f00000, 0x0000000084000000, 0x0000000084000000|100%| O|  |TAMS 0x0000000084000000, 0x0000000084000000| Untracked 
|  64|0x0000000084000000, 0x0000000084100000, 0x0000000084100000|100%|HS|  |TAMS 0x0000000084100000, 0x0000000084100000| Complete 
|  65|0x0000000084100000, 0x0000000084200000, 0x0000000084200000|100%|HS|  |TAMS 0x0000000084200000, 0x0000000084200000| Complete 
|  66|0x0000000084200000, 0x0000000084300000, 0x0000000084300000|100%|HS|  |TAMS 0x0000000084300000, 0x0000000084300000| Complete 
|  67|0x0000000084300000, 0x0000000084400000, 0x0000000084400000|100%|HS|  |TAMS 0x0000000084400000, 0x0000000084400000| Complete 
|  68|0x0000000084400000, 0x0000000084500000, 0x0000000084500000|100%| O|  |TAMS 0x0000000084500000, 0x0000000084500000| Untracked 
|  69|0x0000000084500000, 0x0000000084600000, 0x0000000084600000|100%| O|  |TAMS 0x0000000084600000, 0x0000000084600000| Untracked 
|  70|0x0000000084600000, 0x0000000084700000, 0x0000000084700000|100%| O|  |TAMS 0x0000000084700000, 0x0000000084700000| Untracked 
|  71|0x0000000084700000, 0x0000000084800000, 0x0000000084800000|100%| O|  |TAMS 0x0000000084800000, 0x0000000084800000| Untracked 
|  72|0x0000000084800000, 0x0000000084900000, 0x0000000084900000|100%| O|  |TAMS 0x0000000084900000, 0x0000000084900000| Untracked 
|  73|0x0000000084900000, 0x0000000084a00000, 0x0000000084a00000|100%| O|  |TAMS 0x0000000084a00000, 0x0000000084a00000| Untracked 
|  74|0x0000000084a00000, 0x0000000084b00000, 0x0000000084b00000|100%| O|  |TAMS 0x0000000084b00000, 0x0000000084b00000| Untracked 
|  75|0x0000000084b00000, 0x0000000084c00000, 0x0000000084c00000|100%| O|  |TAMS 0x0000000084c00000, 0x0000000084c00000| Untracked 
|  76|0x0000000084c00000, 0x0000000084d00000, 0x0000000084d00000|100%| O|  |TAMS 0x0000000084d00000, 0x0000000084d00000| Untracked 
|  77|0x0000000084d00000, 0x0000000084e00000, 0x0000000084e00000|100%| O|  |TAMS 0x0000000084e00000, 0x0000000084e00000| Untracked 
|  78|0x0000000084e00000, 0x0000000084f00000, 0x0000000084f00000|100%| O|  |TAMS 0x0000000084f00000, 0x0000000084f00000| Untracked 
|  79|0x0000000084f00000, 0x0000000085000000, 0x0000000085000000|100%| O|  |TAMS 0x0000000085000000, 0x0000000085000000| Untracked 
|  80|0x0000000085000000, 0x0000000085100000, 0x0000000085100000|100%| O|  |TAMS 0x0000000085100000, 0x0000000085100000| Untracked 
|  81|0x0000000085100000, 0x0000000085200000, 0x0000000085200000|100%| O|  |TAMS 0x0000000085200000, 0x0000000085200000| Untracked 
|  82|0x0000000085200000, 0x0000000085300000, 0x0000000085300000|100%| O|  |TAMS 0x0000000085300000, 0x0000000085300000| Untracked 
|  83|0x0000000085300000, 0x0000000085300000, 0x0000000085400000|  0%| F|  |TAMS 0x0000000085300000, 0x0000000085300000| Untracked 
|  84|0x0000000085400000, 0x0000000085500000, 0x0000000085500000|100%| O|  |TAMS 0x0000000085500000, 0x0000000085500000| Untracked 
|  85|0x0000000085500000, 0x0000000085600000, 0x0000000085600000|100%| O|  |TAMS 0x0000000085600000, 0x0000000085600000| Untracked 
|  86|0x0000000085600000, 0x0000000085700000, 0x0000000085700000|100%| O|  |TAMS 0x0000000085700000, 0x0000000085700000| Untracked 
|  87|0x0000000085700000, 0x0000000085800000, 0x0000000085800000|100%| O|  |TAMS 0x0000000085800000, 0x0000000085800000| Untracked 
|  88|0x0000000085800000, 0x0000000085900000, 0x0000000085900000|100%| O|  |TAMS 0x0000000085900000, 0x0000000085900000| Untracked 
|  89|0x0000000085900000, 0x0000000085a00000, 0x0000000085a00000|100%|HS|  |TAMS 0x0000000085a00000, 0x0000000085a00000| Complete 
|  90|0x0000000085a00000, 0x0000000085b00000, 0x0000000085b00000|100%|HS|  |TAMS 0x0000000085b00000, 0x0000000085b00000| Complete 
|  91|0x0000000085b00000, 0x0000000085c00000, 0x0000000085c00000|100%| O|  |TAMS 0x0000000085b00000, 0x0000000085c00000| Untracked 
|  92|0x0000000085c00000, 0x0000000085d00000, 0x0000000085d00000|100%|HS|  |TAMS 0x0000000085d00000, 0x0000000085d00000| Complete 
|  93|0x0000000085d00000, 0x0000000085e00000, 0x0000000085e00000|100%|HC|  |TAMS 0x0000000085e00000, 0x0000000085e00000| Complete 
|  94|0x0000000085e00000, 0x0000000085f00000, 0x0000000085f00000|100%|HS|  |TAMS 0x0000000085f00000, 0x0000000085f00000| Complete 
|  95|0x0000000085f00000, 0x0000000086000000, 0x0000000086000000|100%| O|  |TAMS 0x0000000086000000, 0x0000000086000000| Untracked 
|  96|0x0000000086000000, 0x0000000086100000, 0x0000000086100000|100%| O|  |TAMS 0x0000000086100000, 0x0000000086100000| Untracked 
|  97|0x0000000086100000, 0x0000000086200000, 0x0000000086200000|100%| O|  |TAMS 0x0000000086200000, 0x0000000086200000| Untracked 
|  98|0x0000000086200000, 0x0000000086300000, 0x0000000086300000|100%| O|  |TAMS 0x0000000086300000, 0x0000000086300000| Untracked 
|  99|0x0000000086300000, 0x0000000086400000, 0x0000000086400000|100%| O|  |TAMS 0x0000000086400000, 0x0000000086400000| Untracked 
| 100|0x0000000086400000, 0x0000000086500000, 0x0000000086500000|100%| O|  |TAMS 0x0000000086500000, 0x0000000086500000| Untracked 
| 101|0x0000000086500000, 0x0000000086600000, 0x0000000086600000|100%| O|  |TAMS 0x0000000086600000, 0x0000000086600000| Untracked 
| 102|0x0000000086600000, 0x0000000086700000, 0x0000000086700000|100%| O|  |TAMS 0x0000000086700000, 0x0000000086700000| Untracked 
| 103|0x0000000086700000, 0x0000000086800000, 0x0000000086800000|100%| O|  |TAMS 0x0000000086800000, 0x0000000086800000| Untracked 
| 104|0x0000000086800000, 0x0000000086900000, 0x0000000086900000|100%| O|  |TAMS 0x0000000086900000, 0x0000000086900000| Untracked 
| 105|0x0000000086900000, 0x0000000086a00000, 0x0000000086a00000|100%| O|  |TAMS 0x0000000086a00000, 0x0000000086a00000| Untracked 
| 106|0x0000000086a00000, 0x0000000086b00000, 0x0000000086b00000|100%| O|  |TAMS 0x0000000086b00000, 0x0000000086b00000| Untracked 
| 107|0x0000000086b00000, 0x0000000086c00000, 0x0000000086c00000|100%| O|  |TAMS 0x0000000086c00000, 0x0000000086c00000| Untracked 
| 108|0x0000000086c00000, 0x0000000086d00000, 0x0000000086d00000|100%| O|  |TAMS 0x0000000086d00000, 0x0000000086d00000| Untracked 
| 109|0x0000000086d00000, 0x0000000086e00000, 0x0000000086e00000|100%| O|  |TAMS 0x0000000086dc6a00, 0x0000000086e00000| Untracked 
| 110|0x0000000086e00000, 0x0000000086f00000, 0x0000000086f00000|100%| O|  |TAMS 0x0000000086e00000, 0x0000000086f00000| Untracked 
| 111|0x0000000086f00000, 0x0000000087000000, 0x0000000087000000|100%| O|  |TAMS 0x0000000086f00000, 0x0000000087000000| Untracked 
| 112|0x0000000087000000, 0x0000000087100000, 0x0000000087100000|100%| O|  |TAMS 0x0000000087000000, 0x0000000087100000| Untracked 
| 113|0x0000000087100000, 0x0000000087200000, 0x0000000087200000|100%| O|  |TAMS 0x0000000087100000, 0x0000000087200000| Untracked 
| 114|0x0000000087200000, 0x0000000087300000, 0x0000000087300000|100%| O|  |TAMS 0x0000000087200000, 0x0000000087300000| Untracked 
| 115|0x0000000087300000, 0x0000000087400000, 0x0000000087400000|100%| O|  |TAMS 0x0000000087300000, 0x0000000087400000| Untracked 
| 116|0x0000000087400000, 0x0000000087500000, 0x0000000087500000|100%| O|  |TAMS 0x0000000087400000, 0x0000000087500000| Untracked 
| 117|0x0000000087500000, 0x0000000087600000, 0x0000000087600000|100%| O|  |TAMS 0x0000000087500000, 0x0000000087600000| Untracked 
| 118|0x0000000087600000, 0x0000000087700000, 0x0000000087700000|100%| O|  |TAMS 0x0000000087600000, 0x0000000087700000| Untracked 
| 119|0x0000000087700000, 0x0000000087800000, 0x0000000087800000|100%| O|  |TAMS 0x0000000087700000, 0x0000000087800000| Untracked 
| 120|0x0000000087800000, 0x0000000087900000, 0x0000000087900000|100%| O|  |TAMS 0x0000000087800000, 0x0000000087900000| Untracked 
| 121|0x0000000087900000, 0x0000000087a00000, 0x0000000087a00000|100%| O|  |TAMS 0x0000000087900000, 0x0000000087a00000| Untracked 
| 122|0x0000000087a00000, 0x0000000087b00000, 0x0000000087b00000|100%| O|  |TAMS 0x0000000087a00000, 0x0000000087b00000| Untracked 
| 123|0x0000000087b00000, 0x0000000087c00000, 0x0000000087c00000|100%| O|  |TAMS 0x0000000087b00000, 0x0000000087c00000| Untracked 
| 124|0x0000000087c00000, 0x0000000087d00000, 0x0000000087d00000|100%| O|  |TAMS 0x0000000087c00000, 0x0000000087d00000| Untracked 
| 125|0x0000000087d00000, 0x0000000087e00000, 0x0000000087e00000|100%| O|  |TAMS 0x0000000087d00000, 0x0000000087e00000| Untracked 
| 126|0x0000000087e00000, 0x0000000087f00000, 0x0000000087f00000|100%| O|  |TAMS 0x0000000087e00000, 0x0000000087f00000| Untracked 
| 127|0x0000000087f00000, 0x0000000088000000, 0x0000000088000000|100%| O|  |TAMS 0x0000000087f00000, 0x0000000088000000| Untracked 
| 128|0x0000000088000000, 0x0000000088100000, 0x0000000088100000|100%| O|  |TAMS 0x0000000088000000, 0x0000000088100000| Untracked 
| 129|0x0000000088100000, 0x00000000881cdc00, 0x0000000088200000| 80%| O|  |TAMS 0x0000000088100000, 0x00000000881cdc00| Untracked 
| 130|0x0000000088200000, 0x0000000088200000, 0x0000000088300000|  0%| F|  |TAMS 0x0000000088200000, 0x0000000088200000| Untracked 
| 131|0x0000000088300000, 0x0000000088300000, 0x0000000088400000|  0%| F|  |TAMS 0x0000000088300000, 0x0000000088300000| Untracked 
| 132|0x0000000088400000, 0x0000000088400000, 0x0000000088500000|  0%| F|  |TAMS 0x0000000088400000, 0x0000000088400000| Untracked 
| 133|0x0000000088500000, 0x0000000088500000, 0x0000000088600000|  0%| F|  |TAMS 0x0000000088500000, 0x0000000088500000| Untracked 
| 134|0x0000000088600000, 0x0000000088600000, 0x0000000088700000|  0%| F|  |TAMS 0x0000000088600000, 0x0000000088600000| Untracked 
| 135|0x0000000088700000, 0x0000000088700000, 0x0000000088800000|  0%| F|  |TAMS 0x0000000088700000, 0x0000000088700000| Untracked 
| 136|0x0000000088800000, 0x0000000088800000, 0x0000000088900000|  0%| F|  |TAMS 0x0000000088800000, 0x0000000088800000| Untracked 
| 137|0x0000000088900000, 0x0000000088900000, 0x0000000088a00000|  0%| F|  |TAMS 0x0000000088900000, 0x0000000088900000| Untracked 
| 138|0x0000000088a00000, 0x0000000088a00000, 0x0000000088b00000|  0%| F|  |TAMS 0x0000000088a00000, 0x0000000088a00000| Untracked 
| 139|0x0000000088b00000, 0x0000000088b00000, 0x0000000088c00000|  0%| F|  |TAMS 0x0000000088b00000, 0x0000000088b00000| Untracked 
| 140|0x0000000088c00000, 0x0000000088c00000, 0x0000000088d00000|  0%| F|  |TAMS 0x0000000088c00000, 0x0000000088c00000| Untracked 
| 141|0x0000000088d00000, 0x0000000088d00000, 0x0000000088e00000|  0%| F|  |TAMS 0x0000000088d00000, 0x0000000088d00000| Untracked 
| 142|0x0000000088e00000, 0x0000000088e00000, 0x0000000088f00000|  0%| F|  |TAMS 0x0000000088e00000, 0x0000000088e00000| Untracked 
| 143|0x0000000088f00000, 0x0000000088f00000, 0x0000000089000000|  0%| F|  |TAMS 0x0000000088f00000, 0x0000000088f00000| Untracked 
| 144|0x0000000089000000, 0x0000000089000000, 0x0000000089100000|  0%| F|  |TAMS 0x0000000089000000, 0x0000000089000000| Untracked 
| 145|0x0000000089100000, 0x0000000089100000, 0x0000000089200000|  0%| F|  |TAMS 0x0000000089100000, 0x0000000089100000| Untracked 
| 146|0x0000000089200000, 0x0000000089200000, 0x0000000089300000|  0%| F|  |TAMS 0x0000000089200000, 0x0000000089200000| Untracked 
| 147|0x0000000089300000, 0x0000000089300000, 0x0000000089400000|  0%| F|  |TAMS 0x0000000089300000, 0x0000000089300000| Untracked 
| 148|0x0000000089400000, 0x0000000089400000, 0x0000000089500000|  0%| F|  |TAMS 0x0000000089400000, 0x0000000089400000| Untracked 
| 149|0x0000000089500000, 0x0000000089500000, 0x0000000089600000|  0%| F|  |TAMS 0x0000000089500000, 0x0000000089500000| Untracked 
| 150|0x0000000089600000, 0x0000000089600000, 0x0000000089700000|  0%| F|  |TAMS 0x0000000089600000, 0x0000000089600000| Untracked 
| 151|0x0000000089700000, 0x0000000089700000, 0x0000000089800000|  0%| F|  |TAMS 0x0000000089700000, 0x0000000089700000| Untracked 
| 152|0x0000000089800000, 0x0000000089800000, 0x0000000089900000|  0%| F|  |TAMS 0x0000000089800000, 0x0000000089800000| Untracked 
| 153|0x0000000089900000, 0x0000000089900000, 0x0000000089a00000|  0%| F|  |TAMS 0x0000000089900000, 0x0000000089900000| Untracked 
| 154|0x0000000089a00000, 0x0000000089a00000, 0x0000000089b00000|  0%| F|  |TAMS 0x0000000089a00000, 0x0000000089a00000| Untracked 
| 155|0x0000000089b00000, 0x0000000089b00000, 0x0000000089c00000|  0%| F|  |TAMS 0x0000000089b00000, 0x0000000089b00000| Untracked 
| 156|0x0000000089c00000, 0x0000000089c00000, 0x0000000089d00000|  0%| F|  |TAMS 0x0000000089c00000, 0x0000000089c00000| Untracked 
| 157|0x0000000089d00000, 0x0000000089d00000, 0x0000000089e00000|  0%| F|  |TAMS 0x0000000089d00000, 0x0000000089d00000| Untracked 
| 158|0x0000000089e00000, 0x0000000089e00000, 0x0000000089f00000|  0%| F|  |TAMS 0x0000000089e00000, 0x0000000089e00000| Untracked 
| 159|0x0000000089f00000, 0x0000000089f00000, 0x000000008a000000|  0%| F|  |TAMS 0x0000000089f00000, 0x0000000089f00000| Untracked 
| 160|0x000000008a000000, 0x000000008a000000, 0x000000008a100000|  0%| F|  |TAMS 0x000000008a000000, 0x000000008a000000| Untracked 
| 161|0x000000008a100000, 0x000000008a100000, 0x000000008a200000|  0%| F|  |TAMS 0x000000008a100000, 0x000000008a100000| Untracked 
| 162|0x000000008a200000, 0x000000008a200000, 0x000000008a300000|  0%| F|  |TAMS 0x000000008a200000, 0x000000008a200000| Untracked 
| 163|0x000000008a300000, 0x000000008a300000, 0x000000008a400000|  0%| F|  |TAMS 0x000000008a300000, 0x000000008a300000| Untracked 
| 164|0x000000008a400000, 0x000000008a500000, 0x000000008a500000|100%| S|CS|TAMS 0x000000008a400000, 0x000000008a400000| Complete 
| 165|0x000000008a500000, 0x000000008a600000, 0x000000008a600000|100%| S|CS|TAMS 0x000000008a500000, 0x000000008a500000| Complete 
| 166|0x000000008a600000, 0x000000008a700000, 0x000000008a700000|100%| S|CS|TAMS 0x000000008a600000, 0x000000008a600000| Complete 
| 167|0x000000008a700000, 0x000000008a800000, 0x000000008a800000|100%| S|CS|TAMS 0x000000008a700000, 0x000000008a700000| Complete 
| 168|0x000000008a800000, 0x000000008a900000, 0x000000008a900000|100%| S|CS|TAMS 0x000000008a800000, 0x000000008a800000| Complete 
| 169|0x000000008a900000, 0x000000008aa00000, 0x000000008aa00000|100%| S|CS|TAMS 0x000000008a900000, 0x000000008a900000| Complete 
| 170|0x000000008aa00000, 0x000000008aa00000, 0x000000008ab00000|  0%| F|  |TAMS 0x000000008aa00000, 0x000000008aa00000| Untracked 
| 171|0x000000008ab00000, 0x000000008ab00000, 0x000000008ac00000|  0%| F|  |TAMS 0x000000008ab00000, 0x000000008ab00000| Untracked 
| 172|0x000000008ac00000, 0x000000008ac00000, 0x000000008ad00000|  0%| F|  |TAMS 0x000000008ac00000, 0x000000008ac00000| Untracked 
| 173|0x000000008ad00000, 0x000000008ad00000, 0x000000008ae00000|  0%| F|  |TAMS 0x000000008ad00000, 0x000000008ad00000| Untracked 
| 174|0x000000008ae00000, 0x000000008ae00000, 0x000000008af00000|  0%| F|  |TAMS 0x000000008ae00000, 0x000000008ae00000| Untracked 
| 175|0x000000008af00000, 0x000000008af00000, 0x000000008b000000|  0%| F|  |TAMS 0x000000008af00000, 0x000000008af00000| Untracked 
| 176|0x000000008b000000, 0x000000008b000000, 0x000000008b100000|  0%| F|  |TAMS 0x000000008b000000, 0x000000008b000000| Untracked 
| 177|0x000000008b100000, 0x000000008b100000, 0x000000008b200000|  0%| F|  |TAMS 0x000000008b100000, 0x000000008b100000| Untracked 
| 178|0x000000008b200000, 0x000000008b200000, 0x000000008b300000|  0%| F|  |TAMS 0x000000008b200000, 0x000000008b200000| Untracked 
| 179|0x000000008b300000, 0x000000008b300000, 0x000000008b400000|  0%| F|  |TAMS 0x000000008b300000, 0x000000008b300000| Untracked 
| 180|0x000000008b400000, 0x000000008b400000, 0x000000008b500000|  0%| F|  |TAMS 0x000000008b400000, 0x000000008b400000| Untracked 
| 181|0x000000008b500000, 0x000000008b500000, 0x000000008b600000|  0%| F|  |TAMS 0x000000008b500000, 0x000000008b500000| Untracked 
| 182|0x000000008b600000, 0x000000008b600000, 0x000000008b700000|  0%| F|  |TAMS 0x000000008b600000, 0x000000008b600000| Untracked 
| 183|0x000000008b700000, 0x000000008b700000, 0x000000008b800000|  0%| F|  |TAMS 0x000000008b700000, 0x000000008b700000| Untracked 
| 184|0x000000008b800000, 0x000000008b800000, 0x000000008b900000|  0%| F|  |TAMS 0x000000008b800000, 0x000000008b800000| Untracked 
| 185|0x000000008b900000, 0x000000008b900000, 0x000000008ba00000|  0%| F|  |TAMS 0x000000008b900000, 0x000000008b900000| Untracked 
| 186|0x000000008ba00000, 0x000000008ba00000, 0x000000008bb00000|  0%| F|  |TAMS 0x000000008ba00000, 0x000000008ba00000| Untracked 
| 187|0x000000008bb00000, 0x000000008bb00000, 0x000000008bc00000|  0%| F|  |TAMS 0x000000008bb00000, 0x000000008bb00000| Untracked 
| 188|0x000000008bc00000, 0x000000008bc00000, 0x000000008bd00000|  0%| F|  |TAMS 0x000000008bc00000, 0x000000008bc00000| Untracked 
| 189|0x000000008bd00000, 0x000000008bd00000, 0x000000008be00000|  0%| F|  |TAMS 0x000000008bd00000, 0x000000008bd00000| Untracked 
| 190|0x000000008be00000, 0x000000008be00000, 0x000000008bf00000|  0%| F|  |TAMS 0x000000008be00000, 0x000000008be00000| Untracked 
| 191|0x000000008bf00000, 0x000000008bf00000, 0x000000008c000000|  0%| F|  |TAMS 0x000000008bf00000, 0x000000008bf00000| Untracked 
| 192|0x000000008c000000, 0x000000008c000000, 0x000000008c100000|  0%| F|  |TAMS 0x000000008c000000, 0x000000008c000000| Untracked 
| 193|0x000000008c100000, 0x000000008c100000, 0x000000008c200000|  0%| F|  |TAMS 0x000000008c100000, 0x000000008c100000| Untracked 
| 194|0x000000008c200000, 0x000000008c200000, 0x000000008c300000|  0%| F|  |TAMS 0x000000008c200000, 0x000000008c200000| Untracked 
| 195|0x000000008c300000, 0x000000008c300000, 0x000000008c400000|  0%| F|  |TAMS 0x000000008c300000, 0x000000008c300000| Untracked 
| 196|0x000000008c400000, 0x000000008c400000, 0x000000008c500000|  0%| F|  |TAMS 0x000000008c400000, 0x000000008c400000| Untracked 
| 197|0x000000008c500000, 0x000000008c500000, 0x000000008c600000|  0%| F|  |TAMS 0x000000008c500000, 0x000000008c500000| Untracked 
| 198|0x000000008c600000, 0x000000008c600000, 0x000000008c700000|  0%| F|  |TAMS 0x000000008c600000, 0x000000008c600000| Untracked 
| 199|0x000000008c700000, 0x000000008c700000, 0x000000008c800000|  0%| F|  |TAMS 0x000000008c700000, 0x000000008c700000| Untracked 
| 200|0x000000008c800000, 0x000000008c800000, 0x000000008c900000|  0%| F|  |TAMS 0x000000008c800000, 0x000000008c800000| Untracked 
| 201|0x000000008c900000, 0x000000008c900000, 0x000000008ca00000|  0%| F|  |TAMS 0x000000008c900000, 0x000000008c900000| Untracked 
| 202|0x000000008ca00000, 0x000000008ca00000, 0x000000008cb00000|  0%| F|  |TAMS 0x000000008ca00000, 0x000000008ca00000| Untracked 
| 203|0x000000008cb00000, 0x000000008cb00000, 0x000000008cc00000|  0%| F|  |TAMS 0x000000008cb00000, 0x000000008cb00000| Untracked 
| 204|0x000000008cc00000, 0x000000008cc00000, 0x000000008cd00000|  0%| F|  |TAMS 0x000000008cc00000, 0x000000008cc00000| Untracked 
| 205|0x000000008cd00000, 0x000000008cd00000, 0x000000008ce00000|  0%| F|  |TAMS 0x000000008cd00000, 0x000000008cd00000| Untracked 
| 206|0x000000008ce00000, 0x000000008ce00000, 0x000000008cf00000|  0%| F|  |TAMS 0x000000008ce00000, 0x000000008ce00000| Untracked 
| 207|0x000000008cf00000, 0x000000008cf00000, 0x000000008d000000|  0%| F|  |TAMS 0x000000008cf00000, 0x000000008cf00000| Untracked 
| 208|0x000000008d000000, 0x000000008d000000, 0x000000008d100000|  0%| F|  |TAMS 0x000000008d000000, 0x000000008d000000| Untracked 
| 209|0x000000008d100000, 0x000000008d100000, 0x000000008d200000|  0%| F|  |TAMS 0x000000008d100000, 0x000000008d100000| Untracked 
| 210|0x000000008d200000, 0x000000008d200000, 0x000000008d300000|  0%| F|  |TAMS 0x000000008d200000, 0x000000008d200000| Untracked 
| 211|0x000000008d300000, 0x000000008d300000, 0x000000008d400000|  0%| F|  |TAMS 0x000000008d300000, 0x000000008d300000| Untracked 
| 212|0x000000008d400000, 0x000000008d400000, 0x000000008d500000|  0%| F|  |TAMS 0x000000008d400000, 0x000000008d400000| Untracked 
| 213|0x000000008d500000, 0x000000008d500000, 0x000000008d600000|  0%| F|  |TAMS 0x000000008d500000, 0x000000008d500000| Untracked 
| 214|0x000000008d600000, 0x000000008d600000, 0x000000008d700000|  0%| F|  |TAMS 0x000000008d600000, 0x000000008d600000| Untracked 
| 215|0x000000008d700000, 0x000000008d700000, 0x000000008d800000|  0%| F|  |TAMS 0x000000008d700000, 0x000000008d700000| Untracked 
| 216|0x000000008d800000, 0x000000008d800000, 0x000000008d900000|  0%| F|  |TAMS 0x000000008d800000, 0x000000008d800000| Untracked 
| 217|0x000000008d900000, 0x000000008d900000, 0x000000008da00000|  0%| F|  |TAMS 0x000000008d900000, 0x000000008d900000| Untracked 
| 218|0x000000008da00000, 0x000000008da00000, 0x000000008db00000|  0%| F|  |TAMS 0x000000008da00000, 0x000000008da00000| Untracked 
| 219|0x000000008db00000, 0x000000008db00000, 0x000000008dc00000|  0%| F|  |TAMS 0x000000008db00000, 0x000000008db00000| Untracked 
| 220|0x000000008dc00000, 0x000000008dc00000, 0x000000008dd00000|  0%| F|  |TAMS 0x000000008dc00000, 0x000000008dc00000| Untracked 
| 221|0x000000008dd00000, 0x000000008dd00000, 0x000000008de00000|  0%| F|  |TAMS 0x000000008dd00000, 0x000000008dd00000| Untracked 
| 222|0x000000008de00000, 0x000000008de00000, 0x000000008df00000|  0%| F|  |TAMS 0x000000008de00000, 0x000000008de00000| Untracked 
| 223|0x000000008df00000, 0x000000008df00000, 0x000000008e000000|  0%| F|  |TAMS 0x000000008df00000, 0x000000008df00000| Untracked 
| 224|0x000000008e000000, 0x000000008e000000, 0x000000008e100000|  0%| F|  |TAMS 0x000000008e000000, 0x000000008e000000| Untracked 
| 225|0x000000008e100000, 0x000000008e100000, 0x000000008e200000|  0%| F|  |TAMS 0x000000008e100000, 0x000000008e100000| Untracked 
| 226|0x000000008e200000, 0x000000008e200000, 0x000000008e300000|  0%| F|  |TAMS 0x000000008e200000, 0x000000008e200000| Untracked 

Card table byte_map: [0x0000022ba20c0000,0x0000022ba24c0000] _byte_map_base: 0x0000022ba1cc0000

Marking Bits (Prev, Next): (CMBitMap*) 0x0000022b8b4b7c70, (CMBitMap*) 0x0000022b8b4b7cb0
 Prev Bits: [0x0000022ba28c0000, 0x0000022ba48c0000)
 Next Bits: [0x0000022ba48c0000, 0x0000022ba68c0000)

Polling page: 0x0000022b893b0000

Metaspace:

Usage:
  Non-class:     82.07 MB used.
      Class:     13.37 MB used.
       Both:     95.44 MB used.

Virtual space:
  Non-class space:       88.00 MB reserved,      82.50 MB ( 94%) committed,  11 nodes.
      Class space:      412.00 MB reserved,      13.81 MB (  3%) committed,  1 nodes.
             Both:      500.00 MB reserved,      96.31 MB ( 19%) committed. 

Chunk freelists:
   Non-Class:  1.19 MB
       Class:  2.09 MB
        Both:  3.28 MB

MaxMetaspaceSize: 512.00 MB
CompressedClassSpaceSize: 412.00 MB
Initial GC threshold: 21.00 MB
Current GC threshold: 155.12 MB
CDS: on
MetaspaceReclaimPolicy: balanced
 - commit_granule_bytes: 65536.
 - commit_granule_words: 8192.
 - virtual_space_node_default_size: 1048576.
 - enlarge_chunks_in_place: 1.
 - new_chunks_are_fully_committed: 0.
 - uncommit_free_chunks: 1.
 - use_allocation_guard: 0.
 - handle_deallocations: 1.


Internal statistics:

num_allocs_failed_limit: 6.
num_arena_births: 1220.
num_arena_deaths: 0.
num_vsnodes_births: 12.
num_vsnodes_deaths: 0.
num_space_committed: 1541.
num_space_uncommitted: 0.
num_chunks_returned_to_freelist: 6.
num_chunks_taken_from_freelist: 5460.
num_chunk_merges: 6.
num_chunk_splits: 3545.
num_chunks_enlarged: 2320.
num_purges: 0.
num_inconsistent_stats: 0.

CodeHeap 'non-profiled nmethods': size=120000Kb used=5388Kb max_used=5388Kb free=114611Kb
 bounds [0x0000022b9a790000, 0x0000022b9ace0000, 0x0000022ba1cc0000]
CodeHeap 'profiled nmethods': size=120000Kb used=21914Kb max_used=21914Kb free=98085Kb
 bounds [0x0000022b93260000, 0x0000022b947d0000, 0x0000022b9a790000]
CodeHeap 'non-nmethods': size=5760Kb used=2406Kb max_used=2448Kb free=3353Kb
 bounds [0x0000022b92cc0000, 0x0000022b92f30000, 0x0000022b93260000]
 total_blobs=13089 nmethods=12149 adapters=850
 compilation: enabled
              stopped_count=0, restarted_count=0
 full_count=0

Compilation events (20 events):
Event: 54.636 Thread 0x0000022ba8d37c60 13271       3       org.gradle.internal.model.StateTransitionController::assertInStateOrLater (58 bytes)
Event: 54.638 Thread 0x0000022ba8d37c60 nmethod 13271 0x0000022b947c2c10 code [0x0000022b947c2ec0, 0x0000022b947c3a08]
Event: 54.638 Thread 0x0000022ba8d37c60 13270       3       org.gradle.api.internal.provider.WithSideEffectProvider::of (18 bytes)
Event: 54.638 Thread 0x0000022ba8d37c60 nmethod 13270 0x0000022b947c3e10 code [0x0000022b947c3fc0, 0x0000022b947c4338]
Event: 54.638 Thread 0x0000022ba8d37c60 13272       3       org.gradle.api.internal.artifacts.transform.DefaultVariantDefinition::<init> (44 bytes)
Event: 54.639 Thread 0x0000022ba8d37c60 nmethod 13272 0x0000022b947c4490 code [0x0000022b947c4660, 0x0000022b947c4b98]
Event: 54.644 Thread 0x0000022ba8d37c60 13273       3       com.android.build.gradle.internal.dependency.VariantDependencies$Companion$getComponentFilter$1::isSatisfiedBy (9 bytes)
Event: 54.644 Thread 0x0000022ba8d37c60 nmethod 13273 0x0000022b947c4d10 code [0x0000022b947c4ec0, 0x0000022b947c52b8]
Event: 54.644 Thread 0x0000022ba8d37c60 13274       3       com.android.build.gradle.internal.dependency.VariantDependencies$Companion$getComponentFilter$1::isSatisfiedBy (13 bytes)
Event: 54.644 Thread 0x0000022ba8d37c60 nmethod 13274 0x0000022b947c5390 code [0x0000022b947c5520, 0x0000022b947c5798]
Event: 54.651 Thread 0x0000022ba8d37c60 13277       2       org.gradle.internal.properties.annotations.AbstractTypeMetadataWalker::walkChildren (24 bytes)
Event: 54.651 Thread 0x0000022ba8d37c60 nmethod 13277 0x0000022b947c5810 code [0x0000022b947c59e0, 0x0000022b947c5c38]
Event: 54.651 Thread 0x0000022ba8d37c60 13278       2       org.gradle.internal.properties.annotations.AbstractTypeMetadataWalker$$Lambda$1407/0x00000008014f1000::<init> (32 bytes)
Event: 54.652 Thread 0x0000022ba8d37c60 nmethod 13278 0x0000022b947c5e10 code [0x0000022b947c5fc0, 0x0000022b947c6298]
Event: 54.652 Thread 0x0000022ba8d37c60 13279       2       org.gradle.api.internal.tasks.DefaultTaskDependency$TaskDependencySet::iterator (10 bytes)
Event: 54.652 Thread 0x0000022ba8d37c60 nmethod 13279 0x0000022b947c6310 code [0x0000022b947c64a0, 0x0000022b947c65c8]
Event: 54.652 Thread 0x0000022ba8d37c60 13280       2       org.gradle.execution.plan.Node::dependenciesProcessed (6 bytes)
Event: 54.652 Thread 0x0000022ba8d37c60 nmethod 13280 0x0000022b947c6690 code [0x0000022b947c6820, 0x0000022b947c6938]
Event: 54.654 Thread 0x0000022ba8d37c60 13282       1       org.gradle.api.internal.provider.ValueSupplier$UnknownProducer::isKnown (2 bytes)
Event: 54.654 Thread 0x0000022ba8d37c60 nmethod 13282 0x0000022b9acd2e90 code [0x0000022b9acd3020, 0x0000022b9acd30f8]

GC Heap History (20 events):
Event: 36.301 GC heap after
{Heap after GC invocations=39 (full 0):
 garbage-first heap   total 148480K, used 88825K [0x0000000080000000, 0x0000000100000000)
  region size 1024K, 2 young (2048K), 2 survivors (2048K)
 Metaspace       used 72543K, committed 73280K, reserved 487424K
  class space    used 10150K, committed 10496K, reserved 421888K
}
Event: 36.864 GC heap before
{Heap before GC invocations=40 (full 0):
 garbage-first heap   total 160768K, used 112377K [0x0000000080000000, 0x0000000100000000)
  region size 1024K, 29 young (29696K), 2 survivors (2048K)
 Metaspace       used 74474K, committed 75200K, reserved 487424K
  class space    used 10394K, committed 10752K, reserved 421888K
}
Event: 36.872 GC heap after
{Heap after GC invocations=41 (full 0):
 garbage-first heap   total 160768K, used 85913K [0x0000000080000000, 0x0000000100000000)
  region size 1024K, 3 young (3072K), 3 survivors (3072K)
 Metaspace       used 74474K, committed 75200K, reserved 487424K
  class space    used 10394K, committed 10752K, reserved 421888K
}
Event: 36.958 GC heap before
{Heap before GC invocations=41 (full 0):
 garbage-first heap   total 160768K, used 88985K [0x0000000080000000, 0x0000000100000000)
  region size 1024K, 7 young (7168K), 3 survivors (3072K)
 Metaspace       used 74832K, committed 75584K, reserved 487424K
  class space    used 10456K, committed 10816K, reserved 421888K
}
Event: 36.970 GC heap after
{Heap after GC invocations=42 (full 0):
 garbage-first heap   total 227328K, used 85842K [0x0000000080000000, 0x0000000100000000)
  region size 1024K, 1 young (1024K), 1 survivors (1024K)
 Metaspace       used 74832K, committed 75584K, reserved 487424K
  class space    used 10456K, committed 10816K, reserved 421888K
}
Event: 44.452 GC heap before
{Heap before GC invocations=42 (full 0):
 garbage-first heap   total 227328K, used 165714K [0x0000000080000000, 0x0000000100000000)
  region size 1024K, 79 young (80896K), 1 survivors (1024K)
 Metaspace       used 77203K, committed 77888K, reserved 495616K
  class space    used 10770K, committed 11072K, reserved 421888K
}
Event: 44.465 GC heap after
{Heap after GC invocations=43 (full 0):
 garbage-first heap   total 227328K, used 90950K [0x0000000080000000, 0x0000000100000000)
  region size 1024K, 6 young (6144K), 6 survivors (6144K)
 Metaspace       used 77203K, committed 77888K, reserved 495616K
  class space    used 10770K, committed 11072K, reserved 421888K
}
Event: 46.015 GC heap before
{Heap before GC invocations=43 (full 0):
 garbage-first heap   total 227328K, used 175942K [0x0000000080000000, 0x0000000100000000)
  region size 1024K, 88 young (90112K), 6 survivors (6144K)
 Metaspace       used 82923K, committed 83712K, reserved 495616K
  class space    used 11735K, committed 12096K, reserved 421888K
}
Event: 46.033 GC heap after
{Heap after GC invocations=44 (full 0):
 garbage-first heap   total 227328K, used 93630K [0x0000000080000000, 0x0000000100000000)
  region size 1024K, 8 young (8192K), 8 survivors (8192K)
 Metaspace       used 82923K, committed 83712K, reserved 495616K
  class space    used 11735K, committed 12096K, reserved 421888K
}
Event: 47.802 GC heap before
{Heap before GC invocations=44 (full 0):
 garbage-first heap   total 227328K, used 179646K [0x0000000080000000, 0x0000000100000000)
  region size 1024K, 92 young (94208K), 8 survivors (8192K)
 Metaspace       used 86872K, committed 87616K, reserved 503808K
  class space    used 12310K, committed 12672K, reserved 421888K
}
Event: 47.841 GC heap after
{Heap after GC invocations=45 (full 0):
 garbage-first heap   total 227328K, used 101826K [0x0000000080000000, 0x0000000100000000)
  region size 1024K, 11 young (11264K), 11 survivors (11264K)
 Metaspace       used 86872K, committed 87616K, reserved 503808K
  class space    used 12310K, committed 12672K, reserved 421888K
}
Event: 50.250 GC heap before
{Heap before GC invocations=45 (full 0):
 garbage-first heap   total 227328K, used 185794K [0x0000000080000000, 0x0000000100000000)
  region size 1024K, 88 young (90112K), 11 survivors (11264K)
 Metaspace       used 89241K, committed 90112K, reserved 503808K
  class space    used 12576K, committed 12992K, reserved 421888K
}
Event: 50.289 GC heap after
{Heap after GC invocations=46 (full 0):
 garbage-first heap   total 227328K, used 122650K [0x0000000080000000, 0x0000000100000000)
  region size 1024K, 11 young (11264K), 11 survivors (11264K)
 Metaspace       used 89241K, committed 90112K, reserved 503808K
  class space    used 12576K, committed 12992K, reserved 421888K
}
Event: 51.551 GC heap before
{Heap before GC invocations=46 (full 0):
 garbage-first heap   total 227328K, used 181018K [0x0000000080000000, 0x0000000100000000)
  region size 1024K, 68 young (69632K), 11 survivors (11264K)
 Metaspace       used 92876K, committed 93824K, reserved 503808K
  class space    used 13113K, committed 13568K, reserved 421888K
}
Event: 51.579 GC heap after
{Heap after GC invocations=47 (full 0):
 garbage-first heap   total 227328K, used 128253K [0x0000000080000000, 0x0000000100000000)
  region size 1024K, 5 young (5120K), 5 survivors (5120K)
 Metaspace       used 92876K, committed 93824K, reserved 503808K
  class space    used 13113K, committed 13568K, reserved 421888K
}
Event: 53.461 GC heap before
{Heap before GC invocations=48 (full 0):
 garbage-first heap   total 232448K, used 183549K [0x0000000080000000, 0x0000000100000000)
  region size 1024K, 59 young (60416K), 5 survivors (5120K)
 Metaspace       used 96628K, committed 97600K, reserved 512000K
  class space    used 13575K, committed 14016K, reserved 421888K
}
Event: 53.490 GC heap after
{Heap after GC invocations=49 (full 0):
 garbage-first heap   total 232448K, used 132096K [0x0000000080000000, 0x0000000100000000)
  region size 1024K, 8 young (8192K), 8 survivors (8192K)
 Metaspace       used 96628K, committed 97600K, reserved 512000K
  class space    used 13575K, committed 14016K, reserved 421888K
}
Event: 53.557 GC heap before
{Heap before GC invocations=49 (full 0):
 garbage-first heap   total 232448K, used 135168K [0x0000000080000000, 0x0000000100000000)
  region size 1024K, 11 young (11264K), 8 survivors (8192K)
 Metaspace       used 96707K, committed 97664K, reserved 512000K
  class space    used 13584K, committed 14016K, reserved 421888K
}
Event: 53.578 GC heap after
{Heap after GC invocations=50 (full 0):
 garbage-first heap   total 232448K, used 133637K [0x0000000080000000, 0x0000000100000000)
  region size 1024K, 2 young (2048K), 2 survivors (2048K)
 Metaspace       used 96707K, committed 97664K, reserved 512000K
  class space    used 13584K, committed 14016K, reserved 421888K
}
Event: 54.656 GC heap before
{Heap before GC invocations=50 (full 0):
 garbage-first heap   total 232448K, used 189957K [0x0000000080000000, 0x0000000100000000)
  region size 1024K, 57 young (58368K), 2 survivors (2048K)
 Metaspace       used 97728K, committed 98624K, reserved 512000K
  class space    used 13692K, committed 14144K, reserved 421888K
}

Deoptimization events (20 events):
Event: 53.985 Thread 0x0000022baaf51a20 DEOPT PACKING pc=0x0000022b9ac82cb8 sp=0x000000a643ef8370
Event: 53.985 Thread 0x0000022baaf51a20 DEOPT UNPACKING pc=0x0000022b92d123a3 sp=0x000000a643ef82b0 mode 2
Event: 54.045 Thread 0x0000022baaf51a20 Uncommon trap: trap_request=0xffffff45 fr.pc=0x0000022b9ac83750 relative=0x0000000000000390
Event: 54.045 Thread 0x0000022baaf51a20 Uncommon trap: reason=unstable_if action=reinterpret pc=0x0000022b9ac83750 method=org.gradle.api.internal.artifacts.ivyservice.dependencysubstitution.DefaultDependencySubstitutions$ModuleMatchDependencySubstitutionAction.execute(Lorg/gradle/api/artifacts/
Event: 54.045 Thread 0x0000022baaf51a20 DEOPT PACKING pc=0x0000022b9ac83750 sp=0x000000a643ef9300
Event: 54.045 Thread 0x0000022baaf51a20 DEOPT UNPACKING pc=0x0000022b92d123a3 sp=0x000000a643ef92a8 mode 2
Event: 54.119 Thread 0x0000022baaf51a20 DEOPT PACKING pc=0x0000022b94655790 sp=0x000000a643ef8ac0
Event: 54.119 Thread 0x0000022baaf51a20 DEOPT UNPACKING pc=0x0000022b92d12b43 sp=0x000000a643ef7fd8 mode 0
Event: 54.306 Thread 0x0000022baaf51a20 Uncommon trap: trap_request=0xffffffd6 fr.pc=0x0000022b9acaf940 relative=0x0000000000000920
Event: 54.306 Thread 0x0000022baaf51a20 Uncommon trap: reason=array_check action=maybe_recompile pc=0x0000022b9acaf940 method=java.util.TimSort.binarySort([Ljava/lang/Object;IIILjava/util/Comparator;)V @ 183 c2
Event: 54.306 Thread 0x0000022baaf51a20 DEOPT PACKING pc=0x0000022b9acaf940 sp=0x000000a643ef9c40
Event: 54.306 Thread 0x0000022baaf51a20 DEOPT UNPACKING pc=0x0000022b92d123a3 sp=0x000000a643ef9be8 mode 2
Event: 54.326 Thread 0x0000022baaf51a20 Uncommon trap: trap_request=0xffffffd6 fr.pc=0x0000022b9acaf940 relative=0x0000000000000920
Event: 54.326 Thread 0x0000022baaf51a20 Uncommon trap: reason=array_check action=maybe_recompile pc=0x0000022b9acaf940 method=java.util.TimSort.binarySort([Ljava/lang/Object;IIILjava/util/Comparator;)V @ 183 c2
Event: 54.326 Thread 0x0000022baaf51a20 DEOPT PACKING pc=0x0000022b9acaf940 sp=0x000000a643ef9c40
Event: 54.326 Thread 0x0000022baaf51a20 DEOPT UNPACKING pc=0x0000022b92d123a3 sp=0x000000a643ef9be8 mode 2
Event: 54.510 Thread 0x0000022baaf51a20 DEOPT PACKING pc=0x0000022b946ac3fd sp=0x000000a643ef9cf0
Event: 54.510 Thread 0x0000022baaf51a20 DEOPT UNPACKING pc=0x0000022b92d12b43 sp=0x000000a643ef91e8 mode 0
Event: 54.540 Thread 0x0000022baaf51a20 DEOPT PACKING pc=0x0000022b944f12d1 sp=0x000000a643efa470
Event: 54.540 Thread 0x0000022baaf51a20 DEOPT UNPACKING pc=0x0000022b92d12b43 sp=0x000000a643ef99b8 mode 0

Classes unloaded (0 events):
No events

Classes redefined (0 events):
No events

Internal exceptions (20 events):
Event: 49.576 Thread 0x0000022baaf51a20 Exception <a 'java/lang/NoSuchMethodError'{0x000000008a151b10}: 'int java.lang.invoke.DirectMethodHandle$Holder.invokeStatic(java.lang.Object, java.lang.Object, int)'> (0x000000008a151b10) 
thrown [t:\workspace\open\src\hotspot\share\interpreter\linkResolver.cpp, line 766]
Event: 49.577 Thread 0x0000022baaf51a20 Exception <a 'java/lang/NoSuchMethodError'{0x000000008a156908}: 'int java.lang.invoke.DirectMethodHandle$Holder.invokeSpecial(java.lang.Object, java.lang.Object, java.lang.Object, int)'> (0x000000008a156908) 
thrown [t:\workspace\open\src\hotspot\share\interpreter\linkResolver.cpp, line 766]
Event: 49.580 Thread 0x0000022baaf51a20 Exception <a 'java/lang/NoSuchMethodError'{0x000000008a16bf38}: 'java.lang.Object java.lang.invoke.DirectMethodHandle$Holder.invokeSpecial(java.lang.Object, java.lang.Object, java.lang.Object, java.lang.Object, int, java.lang.Object)'> (0x000000008a16bf38) 
thrown [t:\workspace\open\src\hotspot\share\interpreter\linkResolver.cpp, line 766]
Event: 49.625 Thread 0x0000022baaf51a20 Exception <a 'sun/nio/fs/WindowsException'{0x000000008a082848}> (0x000000008a082848) 
thrown [t:\workspace\open\src\hotspot\share\prims\jni.cpp, line 516]
Event: 49.769 Thread 0x0000022baaf51a20 Exception <a 'java/lang/NoSuchMethodError'{0x0000000089b99fe8}: 'java.lang.Object java.lang.invoke.DirectMethodHandle$Holder.invokeSpecial(java.lang.Object, java.lang.Object, java.lang.Object, java.lang.Object, long)'> (0x0000000089b99fe8) 
thrown [t:\workspace\open\src\hotspot\share\interpreter\linkResolver.cpp, line 766]
Event: 49.770 Thread 0x0000022baaf51a20 Exception <a 'java/lang/NoSuchMethodError'{0x0000000089b9e900}: 'java.lang.Object java.lang.invoke.Invokers$Holder.linkToTargetMethod(java.lang.Object, java.lang.Object, long, java.lang.Object)'> (0x0000000089b9e900) 
thrown [t:\workspace\open\src\hotspot\share\interpreter\linkResolver.cpp, line 766]
Event: 49.795 Thread 0x0000022baaf51a20 Exception <a 'sun/nio/fs/WindowsException'{0x0000000089a3ef98}> (0x0000000089a3ef98) 
thrown [t:\workspace\open\src\hotspot\share\prims\jni.cpp, line 516]
Event: 49.987 Thread 0x0000022baaf51a20 Exception <a 'sun/nio/fs/WindowsException'{0x00000000894d27d8}> (0x00000000894d27d8) 
thrown [t:\workspace\open\src\hotspot\share\prims\jni.cpp, line 516]
Event: 51.239 Thread 0x0000022baaf51a20 Exception <a 'java/lang/NullPointerException'{0x000000008b203e78}> (0x000000008b203e78) 
thrown [t:\workspace\open\src\hotspot\share\interpreter\linkResolver.cpp, line 1440]
Event: 51.380 Thread 0x0000022baaf51a20 Implicit null exception at 0x0000022b9ac19bef to 0x0000022b9ac21ac8
Event: 51.855 Thread 0x0000022baaf51a20 Exception <a 'sun/nio/fs/WindowsException'{0x000000008d7df6d0}> (0x000000008d7df6d0) 
thrown [t:\workspace\open\src\hotspot\share\prims\jni.cpp, line 516]
Event: 51.856 Thread 0x0000022baaf51a20 Exception <a 'sun/nio/fs/WindowsException'{0x000000008d7e0d10}> (0x000000008d7e0d10) 
thrown [t:\workspace\open\src\hotspot\share\prims\jni.cpp, line 516]
Event: 51.856 Thread 0x0000022baaf51a20 Exception <a 'sun/nio/fs/WindowsException'{0x000000008d7e23a0}> (0x000000008d7e23a0) 
thrown [t:\workspace\open\src\hotspot\share\prims\jni.cpp, line 516]
Event: 51.856 Thread 0x0000022baaf51a20 Exception <a 'sun/nio/fs/WindowsException'{0x000000008d7e3a30}> (0x000000008d7e3a30) 
thrown [t:\workspace\open\src\hotspot\share\prims\jni.cpp, line 516]
Event: 53.490 Thread 0x0000022ba8d17770 Implicit null exception at 0x0000022b9ac04e7d to 0x0000022b9ac055b4
Event: 53.809 Thread 0x0000022baaf51a20 Exception <a 'java/lang/IncompatibleClassChangeError'{0x000000008d31fde8}: Found class java.lang.Object, but interface was expected> (0x000000008d31fde8) 
thrown [t:\workspace\open\src\hotspot\share\interpreter\linkResolver.cpp, line 833]
Event: 53.937 Thread 0x0000022baaf51a20 Exception <a 'sun/nio/fs/WindowsException'{0x000000008cb12a08}> (0x000000008cb12a08) 
thrown [t:\workspace\open\src\hotspot\share\prims\jni.cpp, line 516]
Event: 53.937 Thread 0x0000022baaf51a20 Exception <a 'sun/nio/fs/WindowsException'{0x000000008cb14048}> (0x000000008cb14048) 
thrown [t:\workspace\open\src\hotspot\share\prims\jni.cpp, line 516]
Event: 53.938 Thread 0x0000022baaf51a20 Exception <a 'sun/nio/fs/WindowsException'{0x000000008cb156d8}> (0x000000008cb156d8) 
thrown [t:\workspace\open\src\hotspot\share\prims\jni.cpp, line 516]
Event: 53.938 Thread 0x0000022baaf51a20 Exception <a 'sun/nio/fs/WindowsException'{0x000000008cb16d68}> (0x000000008cb16d68) 
thrown [t:\workspace\open\src\hotspot\share\prims\jni.cpp, line 516]

VM Operations (20 events):
Event: 51.579 Executing VM operation: G1CollectForAllocation done
Event: 51.729 Executing VM operation: HandshakeAllThreads
Event: 51.730 Executing VM operation: HandshakeAllThreads done
Event: 51.954 Executing VM operation: G1Concurrent
Event: 51.970 Executing VM operation: G1Concurrent done
Event: 52.183 Executing VM operation: G1Concurrent
Event: 52.199 Executing VM operation: G1Concurrent done
Event: 53.188 Executing VM operation: ICBufferFull
Event: 53.188 Executing VM operation: ICBufferFull done
Event: 53.461 Executing VM operation: G1CollectForAllocation
Event: 53.490 Executing VM operation: G1CollectForAllocation done
Event: 53.556 Executing VM operation: G1CollectForAllocation
Event: 53.578 Executing VM operation: G1CollectForAllocation done
Event: 53.830 Executing VM operation: ICBufferFull
Event: 53.830 Executing VM operation: ICBufferFull done
Event: 54.111 Executing VM operation: ICBufferFull
Event: 54.111 Executing VM operation: ICBufferFull done
Event: 54.634 Executing VM operation: ICBufferFull
Event: 54.634 Executing VM operation: ICBufferFull done
Event: 54.656 Executing VM operation: G1CollectForAllocation

Events (20 events):
Event: 51.803 loading class java/util/regex/Pattern$Behind
Event: 51.804 loading class java/util/regex/Pattern$Behind done
Event: 51.805 loading class java/util/regex/Pattern$Neg
Event: 51.805 loading class java/util/regex/Pattern$Neg done
Event: 51.831 loading class javax/xml/datatype/DatatypeConfigurationException
Event: 51.832 loading class javax/xml/datatype/DatatypeConfigurationException done
Event: 51.836 loading class com/sun/org/apache/xerces/internal/impl/io/MalformedByteSequenceException
Event: 51.836 loading class java/io/CharConversionException
Event: 51.837 loading class java/io/CharConversionException done
Event: 51.837 loading class com/sun/org/apache/xerces/internal/impl/io/MalformedByteSequenceException done
Event: 51.857 loading class java/util/EnumMap$EntrySet
Event: 51.858 loading class java/util/EnumMap$EntrySet done
Event: 51.859 loading class java/util/EnumMap$EntryIterator
Event: 51.859 loading class java/util/EnumMap$EnumMapIterator
Event: 51.859 loading class java/util/EnumMap$EnumMapIterator done
Event: 51.859 loading class java/util/EnumMap$EntryIterator done
Event: 51.859 loading class java/util/EnumMap$EntryIterator$Entry
Event: 51.860 loading class java/util/EnumMap$EntryIterator$Entry done
Event: 51.892 loading class jdk/internal/reflect/UnsafeBooleanFieldAccessorImpl
Event: 51.893 loading class jdk/internal/reflect/UnsafeBooleanFieldAccessorImpl done


Dynamic libraries:
0x00007ff607910000 - 0x00007ff60791e000 	C:\Program Files\Microsoft\jdk-17.0.2\bin\java.exe
0x00007ffbc1610000 - 0x00007ffbc1808000 	C:\Windows\SYSTEM32\ntdll.dll
0x00007ffbbf650000 - 0x00007ffbbf70d000 	C:\Windows\System32\KERNEL32.DLL
0x00007ffbbf180000 - 0x00007ffbbf476000 	C:\Windows\System32\KERNELBASE.dll
0x00007ffbbf080000 - 0x00007ffbbf180000 	C:\Windows\System32\ucrtbase.dll
0x00007ffbacdf0000 - 0x00007ffbace08000 	C:\Program Files\Microsoft\jdk-17.0.2\bin\jli.dll
0x00007ffbc11c0000 - 0x00007ffbc135f000 	C:\Windows\System32\USER32.dll
0x00007ffbacdd0000 - 0x00007ffbacdea000 	C:\Program Files\Microsoft\jdk-17.0.2\bin\VCRUNTIME140.dll
0x00007ffbbf480000 - 0x00007ffbbf4a2000 	C:\Windows\System32\win32u.dll
0x00007ffbc15a0000 - 0x00007ffbc15cb000 	C:\Windows\System32\GDI32.dll
0x00007ffbbf530000 - 0x00007ffbbf647000 	C:\Windows\System32\gdi32full.dll
0x00007ffbae740000 - 0x00007ffbae9da000 	C:\Windows\WinSxS\amd64_microsoft.windows.common-controls_6595b64144ccf1df_6.0.19041.4355_none_60b8b9eb71f62e16\COMCTL32.dll
0x00007ffbc1450000 - 0x00007ffbc14ee000 	C:\Windows\System32\msvcrt.dll
0x00007ffbbecd0000 - 0x00007ffbbed6d000 	C:\Windows\System32\msvcp_win.dll
0x00007ffbbf9d0000 - 0x00007ffbbf9ff000 	C:\Windows\System32\IMM32.DLL
0x00007ffbbb190000 - 0x00007ffbbb19c000 	C:\Program Files\Microsoft\jdk-17.0.2\bin\vcruntime140_1.dll
0x00007ffb75150000 - 0x00007ffb751dd000 	C:\Program Files\Microsoft\jdk-17.0.2\bin\msvcp140.dll
0x00007ffb73de0000 - 0x00007ffb749a1000 	C:\Program Files\Microsoft\jdk-17.0.2\bin\server\jvm.dll
0x00007ffbbf710000 - 0x00007ffbbf7c0000 	C:\Windows\System32\ADVAPI32.dll
0x00007ffbc04d0000 - 0x00007ffbc0570000 	C:\Windows\System32\sechost.dll
0x00007ffbc05f0000 - 0x00007ffbc0713000 	C:\Windows\System32\RPCRT4.dll
0x00007ffbbf4b0000 - 0x00007ffbbf4d7000 	C:\Windows\System32\bcrypt.dll
0x00007ffbc04c0000 - 0x00007ffbc04c8000 	C:\Windows\System32\PSAPI.DLL
0x00007ffbbad90000 - 0x00007ffbbad99000 	C:\Windows\SYSTEM32\WSOCK32.dll
0x00007ffbc08b0000 - 0x00007ffbc091b000 	C:\Windows\System32\WS2_32.dll
0x00007ffbaefa0000 - 0x00007ffbaefc7000 	C:\Windows\SYSTEM32\WINMM.dll
0x00007ffbb95c0000 - 0x00007ffbb95ca000 	C:\Windows\SYSTEM32\VERSION.dll
0x00007ffbbcb50000 - 0x00007ffbbcb62000 	C:\Windows\SYSTEM32\kernel.appcore.dll
0x00007ffbba950000 - 0x00007ffbba95a000 	C:\Program Files\Microsoft\jdk-17.0.2\bin\jimage.dll
0x00007ffba7800000 - 0x00007ffba79e4000 	C:\Windows\SYSTEM32\DBGHELP.DLL
0x00007ffba77c0000 - 0x00007ffba77f4000 	C:\Windows\SYSTEM32\dbgcore.DLL
0x00007ffbbef40000 - 0x00007ffbbefc2000 	C:\Windows\System32\bcryptPrimitives.dll
0x00007ffbbacd0000 - 0x00007ffbbacde000 	C:\Program Files\Microsoft\jdk-17.0.2\bin\instrument.dll
0x00007ffb999d0000 - 0x00007ffb999f5000 	C:\Program Files\Microsoft\jdk-17.0.2\bin\java.dll
0x00007ffb89880000 - 0x00007ffb89956000 	C:\Program Files\Microsoft\jdk-17.0.2\bin\jsvml.dll
0x00007ffbc09f0000 - 0x00007ffbc115c000 	C:\Windows\System32\SHELL32.dll
0x00007ffbbcd50000 - 0x00007ffbbd4ed000 	C:\Windows\SYSTEM32\windows.storage.dll
0x00007ffbc0090000 - 0x00007ffbc03e3000 	C:\Windows\System32\combase.dll
0x00007ffbbe6f0000 - 0x00007ffbbe71e000 	C:\Windows\SYSTEM32\Wldp.dll
0x00007ffbc03f0000 - 0x00007ffbc04bd000 	C:\Windows\System32\OLEAUT32.dll
0x00007ffbc14f0000 - 0x00007ffbc159d000 	C:\Windows\System32\SHCORE.dll
0x00007ffbc0720000 - 0x00007ffbc0775000 	C:\Windows\System32\shlwapi.dll
0x00007ffbbec00000 - 0x00007ffbbec24000 	C:\Windows\SYSTEM32\profapi.dll
0x00007ffbb8260000 - 0x00007ffbb8278000 	C:\Program Files\Microsoft\jdk-17.0.2\bin\zip.dll
0x00007ffbb9e70000 - 0x00007ffbb9e89000 	C:\Program Files\Microsoft\jdk-17.0.2\bin\net.dll
0x00007ffbb4dd0000 - 0x00007ffbb4eda000 	C:\Windows\SYSTEM32\WINHTTP.dll
0x00007ffbbe450000 - 0x00007ffbbe4ba000 	C:\Windows\system32\mswsock.dll
0x00007ffbb8280000 - 0x00007ffbb8296000 	C:\Program Files\Microsoft\jdk-17.0.2\bin\nio.dll
0x00007ffbb81d0000 - 0x00007ffbb81e0000 	C:\Program Files\Microsoft\jdk-17.0.2\bin\verify.dll
0x00007ffba65b0000 - 0x00007ffba65d7000 	C:\Users\aanan\.gradle\native\68d5fa5c4cc2d200863cafc0d521ce42e7d3e7ee720ec0a83991735586a16f82\windows-amd64\native-platform.dll
0x00007ffba0130000 - 0x00007ffba0274000 	C:\Users\aanan\.gradle\native\e376f236ea51e6404a007f0833ffe2c6e607c4080706a723a18a27aeea778392\windows-amd64\native-platform-file-events.dll
0x00007ffbbb0c0000 - 0x00007ffbbb0c9000 	C:\Program Files\Microsoft\jdk-17.0.2\bin\management.dll
0x00007ffbb8250000 - 0x00007ffbb825b000 	C:\Program Files\Microsoft\jdk-17.0.2\bin\management_ext.dll
0x00007ffbbe650000 - 0x00007ffbbe668000 	C:\Windows\SYSTEM32\CRYPTSP.dll
0x00007ffbbdd00000 - 0x00007ffbbdd34000 	C:\Windows\system32\rsaenh.dll
0x00007ffbbebb0000 - 0x00007ffbbebde000 	C:\Windows\SYSTEM32\USERENV.dll
0x00007ffbbe640000 - 0x00007ffbbe64c000 	C:\Windows\SYSTEM32\CRYPTBASE.dll
0x00007ffbbe0e0000 - 0x00007ffbbe11b000 	C:\Windows\SYSTEM32\IPHLPAPI.DLL
0x00007ffbbfa00000 - 0x00007ffbbfa08000 	C:\Windows\System32\NSI.dll
0x00007ffbb5ea0000 - 0x00007ffbb5eb7000 	C:\Windows\SYSTEM32\dhcpcsvc6.DLL
0x00007ffbb7470000 - 0x00007ffbb748d000 	C:\Windows\SYSTEM32\dhcpcsvc.DLL
0x00007ffbbe130000 - 0x00007ffbbe1fa000 	C:\Windows\SYSTEM32\DNSAPI.dll
0x00007ffbb8240000 - 0x00007ffbb824e000 	C:\Program Files\Microsoft\jdk-17.0.2\bin\sunmscapi.dll
0x00007ffbbed70000 - 0x00007ffbbeece000 	C:\Windows\System32\CRYPT32.dll
0x00007ffbbe760000 - 0x00007ffbbe789000 	C:\Windows\SYSTEM32\ncrypt.dll
0x00007ffbbe720000 - 0x00007ffbbe75b000 	C:\Windows\SYSTEM32\NTASN1.dll
0x00007ffbad5e0000 - 0x00007ffbad5e7000 	C:\Windows\system32\wshunix.dll
0x00007ffbbada0000 - 0x00007ffbbadb7000 	C:\Windows\system32\napinsp.dll
0x00007ffbaebc0000 - 0x00007ffbaebdb000 	C:\Windows\system32\pnrpnsp.dll
0x00007ffbbb550000 - 0x00007ffbbb565000 	C:\Windows\system32\wshbth.dll
0x00007ffbb8b60000 - 0x00007ffbb8b7d000 	C:\Windows\system32\NLAapi.dll
0x00007ffba4be0000 - 0x00007ffba4bf2000 	C:\Windows\System32\winrnr.dll
0x00007ffbac6f0000 - 0x00007ffbac6fa000 	C:\Windows\System32\rasadhlp.dll
0x00007ffbae6c0000 - 0x00007ffbae740000 	C:\Windows\System32\fwpuclnt.dll

dbghelp: loaded successfully - version: 4.0.5 - missing functions: none
symbol engine: initialized successfully - sym options: 0x614 - pdb path: .;C:\Program Files\Microsoft\jdk-17.0.2\bin;C:\Windows\SYSTEM32;C:\Windows\WinSxS\amd64_microsoft.windows.common-controls_6595b64144ccf1df_6.0.19041.4355_none_60b8b9eb71f62e16;C:\Program Files\Microsoft\jdk-17.0.2\bin\server;C:\Users\aanan\.gradle\native\68d5fa5c4cc2d200863cafc0d521ce42e7d3e7ee720ec0a83991735586a16f82\windows-amd64;C:\Users\aanan\.gradle\native\e376f236ea51e6404a007f0833ffe2c6e607c4080706a723a18a27aeea778392\windows-amd64

VM Arguments:
jvm_args: -XX:MaxMetaspaceSize=512m --add-opens=java.base/java.util=ALL-UNNAMED --add-opens=java.base/java.lang=ALL-UNNAMED --add-opens=java.base/java.lang.invoke=ALL-UNNAMED --add-opens=java.prefs/java.util.prefs=ALL-UNNAMED --add-opens=java.base/java.nio.charset=ALL-UNNAMED --add-opens=java.base/java.net=ALL-UNNAMED --add-opens=java.base/java.util.concurrent.atomic=ALL-UNNAMED -Xmx2048m -Dfile.encoding=windows-1252 -Duser.country=IN -Duser.language=en -Duser.variant -javaagent:C:\Users\aanan\.gradle\wrapper\dists\gradle-8.3-all\6en3ugtfdg5xnpx44z4qbwgas\gradle-8.3\lib\agents\gradle-instrumentation-agent-8.3.jar 
java_command: org.gradle.launcher.daemon.bootstrap.GradleDaemon 8.3
java_class_path (initial): C:\Users\aanan\.gradle\wrapper\dists\gradle-8.3-all\6en3ugtfdg5xnpx44z4qbwgas\gradle-8.3\lib\gradle-launcher-8.3.jar
Launcher Type: SUN_STANDARD

[Global flags]
     intx CICompilerCount                          = 3                                         {product} {ergonomic}
   size_t CompressedClassSpaceSize                 = 432013312                                 {product} {ergonomic}
     uint ConcGCThreads                            = 1                                         {product} {ergonomic}
     uint G1ConcRefinementThreads                  = 4                                         {product} {ergonomic}
   size_t G1HeapRegionSize                         = 1048576                                   {product} {ergonomic}
    uintx GCDrainStackTargetSize                   = 64                                        {product} {ergonomic}
   size_t InitialHeapSize                          = 100663296                                 {product} {ergonomic}
   size_t MarkStackSize                            = 4194304                                   {product} {ergonomic}
   size_t MaxHeapSize                              = 2147483648                                {product} {command line}
   size_t MaxMetaspaceSize                         = 536870912                                 {product} {command line}
   size_t MaxNewSize                               = 1287651328                                {product} {ergonomic}
   size_t MinHeapDeltaBytes                        = 1048576                                   {product} {ergonomic}
   size_t MinHeapSize                              = 8388608                                   {product} {ergonomic}
    uintx NonNMethodCodeHeapSize                   = 5832780                                {pd product} {ergonomic}
    uintx NonProfiledCodeHeapSize                  = 122912730                              {pd product} {ergonomic}
    uintx ProfiledCodeHeapSize                     = 122912730                              {pd product} {ergonomic}
    uintx ReservedCodeCacheSize                    = 251658240                              {pd product} {ergonomic}
     bool SegmentedCodeCache                       = true                                      {product} {ergonomic}
   size_t SoftMaxHeapSize                          = 2147483648                             {manageable} {ergonomic}
     bool UseCompressedClassPointers               = true                           {product lp64_product} {ergonomic}
     bool UseCompressedOops                        = true                           {product lp64_product} {ergonomic}
     bool UseG1GC                                  = true                                      {product} {ergonomic}
     bool UseLargePagesIndividualAllocation        = false                                  {pd product} {ergonomic}

Logging:
Log output configuration:
 #0: stdout all=warning uptime,level,tags
 #1: stderr all=off uptime,level,tags

Environment Variables:
JAVA_HOME=C:\Program Files\Microsoft\jdk-17.0.2
CLASSPATH=C:\Users\aanan\Desktop\Latest\android\\gradle\wrapper\gradle-wrapper.jar
PATH=C:\Users\aanan\Desktop\Latest\node_modules\.bin;C:\Users\aanan\Desktop\node_modules\.bin;C:\Users\aanan\node_modules\.bin;C:\Users\node_modules\.bin;C:\node_modules\.bin;C:\Program Files\nodejs\node_modules\npm\node_modules\@npmcli\run-script\lib\node-gyp-bin;C:\Program Files (x86)\Intel\iCLS Client\;C:\Program Files\Intel\iCLS Client\;C:\Windows\system32;C:\Windows;C:\Windows\System32\Wbem;C:\Windows\System32\WindowsPowerShell\v1.0\;C:\Windows\System32\OpenSSH\;C:\Program Files\dotnet\;C:\Program Files\Intel\Intel(R) Management Engine Components\DAL;C:\Program Files\Intel\Intel(R) Management Engine Components\IPT;C:\Program Files (x86)\Intel\Intel(R) Management Engine Components\DAL;C:\Program Files (x86)\Intel\Intel(R) Management Engine Components\IPT;C:\ProgramData\chocolatey\bin;C:\Program Files\nodejs\;C:\Users\aanan\AppData\Local\Android\Sdk\platform-tools;C:\Program Files\Git\cmd;C:\Program Files\Git\mingw64\bin;C:\Program Files\Git\usr\bin;C:\Program Files\Microsoft\jdk-17.0.2\bin;C:\Users\aanan\AppData\Local\Microsoft\WindowsApps;C:\Users\aanan\AppData\Local\Programs\Microsoft VS Code\bin;C:\Users\aanan\AppData\Roaming\npm;
USERNAME=Devendra
OS=Windows_NT
PROCESSOR_IDENTIFIER=Intel64 Family 6 Model 69 Stepping 1, GenuineIntel



---------------  S Y S T E M  ---------------

OS:
 Windows 10 , 64 bit Build 19041 (10.0.19041.3636)
OS uptime: 0 days 3:53 hours

CPU: total 4 (initial active 4) (2 cores per cpu, 2 threads per core) family 6 model 69 stepping 1 microcode 0x25, cx8, cmov, fxsr, ht, mmx, sse, sse2, sse3, ssse3, sse4.1, sse4.2, popcnt, lzcnt, tsc, tscinvbit, avx, avx2, aes, erms, clmul, bmi1, bmi2, fma, vzeroupper, clflush

Memory: 4k page, system-wide physical 6024M (241M free)
TotalPageFile size 8072M (AvailPageFile size 20M)
current process WorkingSet (physical memory assigned to process): 445M, peak: 445M
current process commit charge ("private bytes"): 530M, peak: 757M

vm_info: OpenJDK 64-Bit Server VM (17.0.2+8-86) for windows-amd64 JRE (17.0.2+8-86), built on Dec  7 2021 21:49:10 by "mach5one" with MS VC++ 16.8 / 16.9 (VS2019)

END.
