#
# There is insufficient memory for the Java Runtime Environment to continue.
# Native memory allocation (mmap) failed to map 156237824 bytes for G1 virtual space
# Possible reasons:
#   The system is out of physical RAM or swap space
#   The process is running with CompressedOops enabled, and the Java Heap may be blocking the growth of the native heap
# Possible solutions:
#   Reduce memory load on the system
#   Increase physical memory or swap space
#   Check if swap backing store is full
#   Decrease Java heap size (-Xmx/-Xms)
#   Decrease number of Java threads
#   Decrease Java thread stack sizes (-Xss)
#   Set larger code cache with -XX:ReservedCodeCacheSize=
#   JVM is running with Unscaled Compressed Oops mode in which the Java heap is
#     placed in the first 4GB address space. The Java Heap base address is the
#     maximum limit for the native heap growth. Please use -XX:HeapBaseMinAddress
#     to set the Java Heap base and to place the Java Heap above 4GB virtual address.
# This output file may be truncated or incomplete.
#
#  Out of Memory Error (os_windows.cpp:3532), pid=6680, tid=5400
#
# JRE version: OpenJDK Runtime Environment (17.0.2+8) (build 17.0.2+8-86)
# Java VM: OpenJDK 64-Bit Server VM (17.0.2+8-86, mixed mode, sharing, tiered, compressed oops, compressed class ptrs, g1 gc, windows-amd64)
# No core dump will be written. Minidumps are not enabled by default on client versions of Windows
#

---------------  S U M M A R Y ------------

Command Line: -XX:MaxMetaspaceSize=512m --add-opens=java.base/java.util=ALL-UNNAMED --add-opens=java.base/java.lang=ALL-UNNAMED --add-opens=java.base/java.lang.invoke=ALL-UNNAMED --add-opens=java.prefs/java.util.prefs=ALL-UNNAMED --add-opens=java.base/java.nio.charset=ALL-UNNAMED --add-opens=java.base/java.net=ALL-UNNAMED --add-opens=java.base/java.util.concurrent.atomic=ALL-UNNAMED -Xmx2048m -Dfile.encoding=windows-1252 -Duser.country=IN -Duser.language=en -Duser.variant -javaagent:C:\Users\aanan\.gradle\wrapper\dists\gradle-8.3-all\6en3ugtfdg5xnpx44z4qbwgas\gradle-8.3\lib\agents\gradle-instrumentation-agent-8.3.jar org.gradle.launcher.daemon.bootstrap.GradleDaemon 8.3

Host: Intel(R) Core(TM) i3-4010U CPU @ 1.70GHz, 4 cores, 5G,  Windows 10 , 64 bit Build 19041 (10.0.19041.4597)
Time: Mon Aug  5 13:51:32 2024 India Standard Time elapsed time: 28.653270 seconds (0d 0h 0m 28s)

---------------  T H R E A D  ---------------

Current thread (0x00000146f541a7a0):  VMThread "VM Thread" [stack: 0x0000004605700000,0x0000004605800000] [id=5400]

Stack: [0x0000004605700000,0x0000004605800000]
Native frames: (J=compiled Java code, j=interpreted, Vv=VM code, C=native code)
V  [jvm.dll+0x670baa]
V  [jvm.dll+0x7cfcb4]
V  [jvm.dll+0x7d145e]
V  [jvm.dll+0x7d1ac3]
V  [jvm.dll+0x242bc5]
V  [jvm.dll+0x66dac9]
V  [jvm.dll+0x662412]
V  [jvm.dll+0x300c0b]
V  [jvm.dll+0x3081a6]
V  [jvm.dll+0x357d0e]
V  [jvm.dll+0x357f3f]
V  [jvm.dll+0x2d7ec8]
V  [jvm.dll+0x2d6194]
V  [jvm.dll+0x2d579c]
V  [jvm.dll+0x319411]
V  [jvm.dll+0x7d5f9b]
V  [jvm.dll+0x7d6cd4]
V  [jvm.dll+0x7d71ec]
V  [jvm.dll+0x7d75c4]
V  [jvm.dll+0x7d7690]
V  [jvm.dll+0x77ff7a]
V  [jvm.dll+0x66fa35]
C  [ucrtbase.dll+0x21bb2]
C  [KERNEL32.DLL+0x17374]
C  [ntdll.dll+0x4cc91]

VM_Operation (0x0000004606deef10): G1TryInitiateConcMark, mode: safepoint, requested by thread 0x00000146f72c0060


---------------  P R O C E S S  ---------------

Threads class SMR info:
_java_thread_list=0x00000146fb86e650, length=67, elements={
0x00000146d7b786e0, 0x00000146f541e390, 0x00000146f541f200, 0x00000146f5432be0,
0x00000146f54347a0, 0x00000146f5437560, 0x00000146f5437f10, 0x00000146f543c7b0,
0x00000146f5447270, 0x00000146f545c050, 0x00000146f6079590, 0x00000146f6174720,
0x00000146f79db780, 0x00000146f806c2d0, 0x00000146f7a978c0, 0x00000146f7688be0,
0x00000146f76890b0, 0x00000146f72bfb90, 0x00000146f72c0060, 0x00000146f714e810,
0x00000146f7d72550, 0x00000146f7d703a0, 0x00000146f7d6fed0, 0x00000146f7d71210,
0x00000146f7d716e0, 0x00000146f7d6f530, 0x00000146f7d6f060, 0x00000146f7d72a20,
0x00000146f7d6fa00, 0x00000146f7d70870, 0x00000146f7d70d40, 0x00000146f8cd74b0,
0x00000146f8cd5ca0, 0x00000146f8cdb340, 0x00000146f8cd7e50, 0x00000146f8cdb810,
0x00000146f8cda9a0, 0x00000146f8cd6640, 0x00000146f8cd6170, 0x00000146f8cda4d0,
0x00000146f8cdae70, 0x00000146f8cdd4f0, 0x00000146f8cd6b10, 0x00000146f8cd6fe0,
0x00000146f8cd7980, 0x00000146f8cd8320, 0x00000146f6898710, 0x00000146f689b260,
0x00000146f6898be0, 0x00000146f68990b0, 0x00000146f6899580, 0x00000146f6899f20,
0x00000146f689a3f0, 0x00000146f908c7e0, 0x00000146f90892f0, 0x00000146f908a160,
0x00000146f9088e20, 0x00000146f908b970, 0x00000146f90897c0, 0x00000146f908b4a0,
0x00000146f908be40, 0x00000146f908a630, 0x00000146f9089c90, 0x00000146f908afd0,
0x00000146f908c310, 0x00000146f64b5190, 0x00000146f862ae10
}

Java Threads: ( => current thread )
  0x00000146d7b786e0 JavaThread "main" [_thread_blocked, id=2240, stack(0x0000004605100000,0x0000004605200000)]
  0x00000146f541e390 JavaThread "Reference Handler" daemon [_thread_blocked, id=5648, stack(0x0000004605800000,0x0000004605900000)]
  0x00000146f541f200 JavaThread "Finalizer" daemon [_thread_blocked, id=7060, stack(0x0000004605900000,0x0000004605a00000)]
  0x00000146f5432be0 JavaThread "Signal Dispatcher" daemon [_thread_blocked, id=11856, stack(0x0000004605a00000,0x0000004605b00000)]
  0x00000146f54347a0 JavaThread "Attach Listener" daemon [_thread_blocked, id=11364, stack(0x0000004605b00000,0x0000004605c00000)]
  0x00000146f5437560 JavaThread "Service Thread" daemon [_thread_blocked, id=1520, stack(0x0000004605c00000,0x0000004605d00000)]
  0x00000146f5437f10 JavaThread "Monitor Deflation Thread" daemon [_thread_blocked, id=10992, stack(0x0000004605d00000,0x0000004605e00000)]
  0x00000146f543c7b0 JavaThread "C2 CompilerThread0" daemon [_thread_blocked, id=11220, stack(0x0000004605e00000,0x0000004605f00000)]
  0x00000146f5447270 JavaThread "C1 CompilerThread0" daemon [_thread_blocked, id=5392, stack(0x0000004605f00000,0x0000004606000000)]
  0x00000146f545c050 JavaThread "Sweeper thread" daemon [_thread_blocked, id=10160, stack(0x0000004606000000,0x0000004606100000)]
  0x00000146f6079590 JavaThread "Common-Cleaner" daemon [_thread_blocked, id=10616, stack(0x0000004606100000,0x0000004606200000)]
  0x00000146f6174720 JavaThread "Notification Thread" daemon [_thread_blocked, id=10684, stack(0x0000004606200000,0x0000004606300000)]
  0x00000146f79db780 JavaThread "Daemon health stats" [_thread_blocked, id=12068, stack(0x0000004606800000,0x0000004606900000)]
  0x00000146f806c2d0 JavaThread "Incoming local TCP Connector on port 64679" [_thread_in_native, id=2308, stack(0x0000004606900000,0x0000004606a00000)]
  0x00000146f7a978c0 JavaThread "Daemon periodic checks" [_thread_blocked, id=10208, stack(0x0000004606400000,0x0000004606500000)]
  0x00000146f7688be0 JavaThread "Daemon" [_thread_blocked, id=6420, stack(0x0000004606a00000,0x0000004606b00000)]
  0x00000146f76890b0 JavaThread "Handler for socket connection from /127.0.0.1:64679 to /127.0.0.1:64680" [_thread_in_native, id=9256, stack(0x0000004606b00000,0x0000004606c00000)]
  0x00000146f72bfb90 JavaThread "Cancel handler" [_thread_blocked, id=9908, stack(0x0000004606c00000,0x0000004606d00000)]
  0x00000146f72c0060 JavaThread "Daemon worker" [_thread_blocked, id=6176, stack(0x0000004606d00000,0x0000004606e00000)]
  0x00000146f714e810 JavaThread "Asynchronous log dispatcher for DefaultDaemonConnection: socket connection from /127.0.0.1:64679 to /127.0.0.1:64680" [_thread_blocked, id=11704, stack(0x0000004606e00000,0x0000004606f00000)]
  0x00000146f7d72550 JavaThread "Stdin handler" [_thread_blocked, id=8280, stack(0x0000004606f00000,0x0000004607000000)]
  0x00000146f7d703a0 JavaThread "Daemon client event forwarder" [_thread_blocked, id=7908, stack(0x0000004607000000,0x0000004607100000)]
  0x00000146f7d6fed0 JavaThread "Cache worker for journal cache (C:\Users\aanan\.gradle\caches\journal-1)" [_thread_blocked, id=6296, stack(0x0000004607100000,0x0000004607200000)]
  0x00000146f7d71210 JavaThread "File lock request listener" [_thread_in_native, id=8716, stack(0x0000004607200000,0x0000004607300000)]
  0x00000146f7d716e0 JavaThread "Cache worker for file hash cache (C:\Users\aanan\.gradle\caches\8.3\fileHashes)" [_thread_blocked, id=9516, stack(0x0000004607300000,0x0000004607400000)]
  0x00000146f7d6f530 JavaThread "File watcher server" daemon [_thread_blocked, id=5304, stack(0x0000004607500000,0x0000004607600000)]
  0x00000146f7d6f060 JavaThread "File watcher consumer" daemon [_thread_blocked, id=9332, stack(0x0000004607600000,0x0000004607700000)]
  0x00000146f7d72a20 JavaThread "Cache worker for checksums cache (C:\Users\aanan\Desktop\Latest\android\.gradle\8.3\checksums)" [_thread_blocked, id=5404, stack(0x0000004607700000,0x0000004607800000)]
  0x00000146f7d6fa00 JavaThread "Cache worker for file hash cache (C:\Users\aanan\Desktop\Latest\android\.gradle\8.3\fileHashes)" [_thread_blocked, id=6564, stack(0x0000004607800000,0x0000004607900000)]
  0x00000146f7d70870 JavaThread "Cache worker for cache directory md-supplier (C:\Users\aanan\.gradle\caches\8.3\md-supplier)" [_thread_blocked, id=10916, stack(0x0000004607900000,0x0000004607a00000)]
  0x00000146f7d70d40 JavaThread "Cache worker for file content cache (C:\Users\aanan\.gradle\caches\8.3\fileContent)" [_thread_blocked, id=11316, stack(0x0000004607a00000,0x0000004607b00000)]
  0x00000146f8cd74b0 JavaThread "Cache worker for cache directory md-rule (C:\Users\aanan\.gradle\caches\8.3\md-rule)" [_thread_blocked, id=7576, stack(0x0000004607b00000,0x0000004607c00000)]
  0x00000146f8cd5ca0 JavaThread "Cache worker for execution history cache (C:\Users\aanan\.gradle\caches\8.3\executionHistory)" [_thread_blocked, id=10740, stack(0x0000004607c00000,0x0000004607d00000)]
  0x00000146f8cdb340 JavaThread "jar transforms" [_thread_blocked, id=8576, stack(0x0000004607d00000,0x0000004607e00000)]
  0x00000146f8cd7e50 JavaThread "jar transforms Thread 2" [_thread_blocked, id=6932, stack(0x0000004607e00000,0x0000004607f00000)]
  0x00000146f8cdb810 JavaThread "jar transforms Thread 3" [_thread_blocked, id=8984, stack(0x0000004607f00000,0x0000004608000000)]
  0x00000146f8cda9a0 JavaThread "jar transforms Thread 4" [_thread_blocked, id=10212, stack(0x0000004608000000,0x0000004608100000)]
  0x00000146f8cd6640 JavaThread "Cache worker for kotlin-dsl (C:\Users\aanan\.gradle\caches\8.3\kotlin-dsl)" [_thread_blocked, id=7784, stack(0x0000004608100000,0x0000004608200000)]
  0x00000146f8cd6170 JavaThread "Unconstrained build operations" [_thread_blocked, id=9380, stack(0x0000004608200000,0x0000004608300000)]
  0x00000146f8cda4d0 JavaThread "Unconstrained build operations Thread 2" [_thread_blocked, id=8200, stack(0x0000004608300000,0x0000004608400000)]
  0x00000146f8cdae70 JavaThread "Cache worker for dependencies-accessors (C:\Users\aanan\Desktop\Latest\android\.gradle\8.3\dependencies-accessors)" [_thread_blocked, id=6636, stack(0x0000004608400000,0x0000004608500000)]
  0x00000146f8cdd4f0 JavaThread "Cache worker for Build Output Cleanup Cache (C:\Users\aanan\Desktop\Latest\node_modules\@react-native\gradle-plugin\.gradle\buildOutputCleanup)" [_thread_blocked, id=2384, stack(0x0000004608500000,0x0000004608600000)]
  0x00000146f8cd6b10 JavaThread "Unconstrained build operations Thread 3" [_thread_blocked, id=5880, stack(0x0000004608600000,0x0000004608700000)]
  0x00000146f8cd6fe0 JavaThread "Unconstrained build operations Thread 4" [_thread_blocked, id=3196, stack(0x0000004608700000,0x0000004608800000)]
  0x00000146f8cd7980 JavaThread "Unconstrained build operations Thread 5" [_thread_blocked, id=3540, stack(0x0000004608800000,0x0000004608900000)]
  0x00000146f8cd8320 JavaThread "Memory manager" [_thread_blocked, id=9072, stack(0x0000004608900000,0x0000004608a00000)]
  0x00000146f6898710 JavaThread "Cache worker for Build Output Cleanup Cache (C:\Users\aanan\Desktop\Latest\android\.gradle\buildOutputCleanup)" [_thread_blocked, id=11860, stack(0x0000004608a00000,0x0000004608b00000)]
  0x00000146f689b260 JavaThread "ForkJoinPool.commonPool-worker-1" daemon [_thread_blocked, id=2784, stack(0x0000004608b00000,0x0000004608c00000)]
  0x00000146f6898be0 JavaThread "ForkJoinPool.commonPool-worker-2" daemon [_thread_blocked, id=4440, stack(0x0000004608c00000,0x0000004608d00000)]
  0x00000146f68990b0 JavaThread "ForkJoinPool.commonPool-worker-3" daemon [_thread_blocked, id=10396, stack(0x0000004608d00000,0x0000004608e00000)]
  0x00000146f6899580 JavaThread "Exec process" [_thread_blocked, id=10964, stack(0x0000004608e00000,0x0000004608f00000)]
  0x00000146f6899f20 JavaThread "Exec process Thread 2" [_thread_blocked, id=9308, stack(0x0000004608f00000,0x0000004609000000)]
  0x00000146f689a3f0 JavaThread "Exec process Thread 3" [_thread_blocked, id=11772, stack(0x0000004609000000,0x0000004609100000)]
  0x00000146f908c7e0 JavaThread "included builds" [_thread_blocked, id=5248, stack(0x0000004609100000,0x0000004609200000)]
  0x00000146f90892f0 JavaThread "Execution worker" [_thread_blocked, id=6552, stack(0x0000004609200000,0x0000004609300000)]
  0x00000146f908a160 JavaThread "Execution worker Thread 2" [_thread_blocked, id=4216, stack(0x0000004609300000,0x0000004609400000)]
  0x00000146f9088e20 JavaThread "Execution worker Thread 3" [_thread_blocked, id=3016, stack(0x0000004609400000,0x0000004609500000)]
  0x00000146f908b970 JavaThread "Cache worker for execution history cache (C:\Users\aanan\Desktop\Latest\node_modules\@react-native\gradle-plugin\.gradle\8.3\executionHistory)" [_thread_blocked, id=6524, stack(0x0000004609500000,0x0000004609600000)]
  0x00000146f90897c0 JavaThread "Unconstrained build operations Thread 6" [_thread_blocked, id=6544, stack(0x0000004609600000,0x0000004609700000)]
  0x00000146f908b4a0 JavaThread "Unconstrained build operations Thread 7" [_thread_blocked, id=11424, stack(0x0000004609700000,0x0000004609800000)]
  0x00000146f908be40 JavaThread "Unconstrained build operations Thread 8" [_thread_blocked, id=9536, stack(0x0000004609800000,0x0000004609900000)]
  0x00000146f908a630 JavaThread "Unconstrained build operations Thread 9" [_thread_blocked, id=8960, stack(0x0000004609900000,0x0000004609a00000)]
  0x00000146f9089c90 JavaThread "Unconstrained build operations Thread 10" [_thread_blocked, id=1712, stack(0x0000004609a00000,0x0000004609b00000)]
  0x00000146f908afd0 JavaThread "Unconstrained build operations Thread 11" [_thread_blocked, id=9984, stack(0x0000004609b00000,0x0000004609c00000)]
  0x00000146f908c310 JavaThread "Unconstrained build operations Thread 12" [_thread_blocked, id=3144, stack(0x0000004609c00000,0x0000004609d00000)]
  0x00000146f64b5190 JavaThread "Unconstrained build operations Thread 13" [_thread_blocked, id=9128, stack(0x0000004609d00000,0x0000004609e00000)]
  0x00000146f862ae10 JavaThread "C2 CompilerThread1" daemon [_thread_blocked, id=9900, stack(0x0000004607400000,0x0000004607500000)]

Other Threads:
=>0x00000146f541a7a0 VMThread "VM Thread" [stack: 0x0000004605700000,0x0000004605800000] [id=5400]
  0x00000146d7bd08f0 WatcherThread [stack: 0x0000004606300000,0x0000004606400000] [id=8928]
  0x00000146d7bb68f0 GCTaskThread "GC Thread#0" [stack: 0x0000004605200000,0x0000004605300000] [id=8244]
  0x00000146f68c3580 GCTaskThread "GC Thread#1" [stack: 0x0000004606500000,0x0000004606600000] [id=9960]
  0x00000146f68c3c40 GCTaskThread "GC Thread#2" [stack: 0x0000004606600000,0x0000004606700000] [id=7148]
  0x00000146f6cfb020 GCTaskThread "GC Thread#3" [stack: 0x0000004606700000,0x0000004606800000] [id=12048]
  0x00000146d7bc7830 ConcurrentGCThread "G1 Main Marker" [stack: 0x0000004605300000,0x0000004605400000] [id=11484]
  0x00000146d7bc89e0 ConcurrentGCThread "G1 Conc#0" [stack: 0x0000004605400000,0x0000004605500000] [id=11432]
  0x00000146d7c2dda0 ConcurrentGCThread "G1 Refine#0" [stack: 0x0000004605500000,0x0000004605600000] [id=4788]
  0x00000146d7c2e7c0 ConcurrentGCThread "G1 Service" [stack: 0x0000004605600000,0x0000004605700000] [id=6768]

Threads with active compile tasks:
C2 CompilerThread0    28719 8620       4       java.math.BigInteger::implMultiplyToLen (216 bytes)
C2 CompilerThread1    28719 8537   !   4       java.util.jar.Attributes::read (494 bytes)

VM state: at safepoint (normal execution)

VM Mutex/Monitor currently owned by a thread:  ([mutex/lock_event])
[0x00000146d7b74410] Threads_lock - owner thread: 0x00000146f541a7a0
[0x00000146d7b745c0] Heap_lock - owner thread: 0x00000146f72c0060

Heap address: 0x0000000080000000, size: 2048 MB, Compressed Oops mode: 32-bit

CDS archive(s) mapped at: [0x0000000800000000-0x0000000800bc0000-0x0000000800bc0000), size 12320768, SharedBaseAddress: 0x0000000800000000, ArchiveRelocationMode: 0.
Compressed class space mapped at: 0x0000000800c00000-0x000000081a800000, reserved size: 432013312
Narrow klass base: 0x0000000800000000, Narrow klass shift: 0, Narrow klass range: 0x100000000

GC Precious Log:
 CPUs: 4 total, 4 available
 Memory: 6024M
 Large Page Support: Disabled
 NUMA Support: Disabled
 Compressed Oops: Enabled (32-bit)
 Heap Region Size: 1M
 Heap Min Capacity: 8M
 Heap Initial Capacity: 96M
 Heap Max Capacity: 2G
 Pre-touch: Disabled
 Parallel Workers: 4
 Concurrent Workers: 1
 Concurrent Refinement Workers: 4
 Periodic GC: Disabled

Heap:
 garbage-first heap   total 152576K, used 88205K [0x0000000080000000, 0x0000000100000000)
  region size 1024K, 2 young (2048K), 2 survivors (2048K)
 Metaspace       used 70581K, committed 71296K, reserved 487424K
  class space    used 9881K, committed 10240K, reserved 421888K

Heap Regions: E=young(eden), S=young(survivor), O=old, HS=humongous(starts), HC=humongous(continues), CS=collection set, F=free, OA=open archive, CA=closed archive, TAMS=top-at-mark-start (previous, next)
|   0|0x0000000080000000, 0x0000000080100000, 0x0000000080100000|100%| O|  |TAMS 0x0000000080100000, 0x0000000080100000| Untracked 
|   1|0x0000000080100000, 0x0000000080200000, 0x0000000080200000|100%| O|  |TAMS 0x0000000080200000, 0x0000000080200000| Untracked 
|   2|0x0000000080200000, 0x0000000080300000, 0x0000000080300000|100%|HS|  |TAMS 0x0000000080300000, 0x0000000080300000| Complete 
|   3|0x0000000080300000, 0x0000000080400000, 0x0000000080400000|100%|HC|  |TAMS 0x0000000080400000, 0x0000000080400000| Complete 
|   4|0x0000000080400000, 0x0000000080500000, 0x0000000080500000|100%|HC|  |TAMS 0x0000000080500000, 0x0000000080500000| Complete 
|   5|0x0000000080500000, 0x0000000080600000, 0x0000000080600000|100%|HC|  |TAMS 0x0000000080600000, 0x0000000080600000| Complete 
|   6|0x0000000080600000, 0x0000000080700000, 0x0000000080700000|100%| O|  |TAMS 0x0000000080700000, 0x0000000080700000| Untracked 
|   7|0x0000000080700000, 0x0000000080800000, 0x0000000080800000|100%| O|  |TAMS 0x0000000080800000, 0x0000000080800000| Untracked 
|   8|0x0000000080800000, 0x0000000080900000, 0x0000000080900000|100%| O|  |TAMS 0x0000000080900000, 0x0000000080900000| Untracked 
|   9|0x0000000080900000, 0x0000000080a00000, 0x0000000080a00000|100%| O|  |TAMS 0x0000000080a00000, 0x0000000080a00000| Untracked 
|  10|0x0000000080a00000, 0x0000000080b00000, 0x0000000080b00000|100%| O|  |TAMS 0x0000000080b00000, 0x0000000080b00000| Untracked 
|  11|0x0000000080b00000, 0x0000000080c00000, 0x0000000080c00000|100%| O|  |TAMS 0x0000000080c00000, 0x0000000080c00000| Untracked 
|  12|0x0000000080c00000, 0x0000000080d00000, 0x0000000080d00000|100%| O|  |TAMS 0x0000000080d00000, 0x0000000080d00000| Untracked 
|  13|0x0000000080d00000, 0x0000000080e00000, 0x0000000080e00000|100%| O|  |TAMS 0x0000000080e00000, 0x0000000080e00000| Untracked 
|  14|0x0000000080e00000, 0x0000000080f00000, 0x0000000080f00000|100%| O|  |TAMS 0x0000000080f00000, 0x0000000080f00000| Untracked 
|  15|0x0000000080f00000, 0x0000000081000000, 0x0000000081000000|100%| O|  |TAMS 0x0000000081000000, 0x0000000081000000| Untracked 
|  16|0x0000000081000000, 0x0000000081100000, 0x0000000081100000|100%| O|  |TAMS 0x0000000081100000, 0x0000000081100000| Untracked 
|  17|0x0000000081100000, 0x0000000081200000, 0x0000000081200000|100%| O|  |TAMS 0x0000000081200000, 0x0000000081200000| Untracked 
|  18|0x0000000081200000, 0x00000000812e3200, 0x0000000081300000| 88%| O|  |TAMS 0x00000000812e3200, 0x00000000812e3200| Untracked 
|  19|0x0000000081300000, 0x0000000081400000, 0x0000000081400000|100%| O|  |TAMS 0x0000000081400000, 0x0000000081400000| Untracked 
|  20|0x0000000081400000, 0x0000000081500000, 0x0000000081500000|100%| O|  |TAMS 0x0000000081500000, 0x0000000081500000| Untracked 
|  21|0x0000000081500000, 0x0000000081600000, 0x0000000081600000|100%| O|  |TAMS 0x0000000081600000, 0x0000000081600000| Untracked 
|  22|0x0000000081600000, 0x0000000081700000, 0x0000000081700000|100%| O|  |TAMS 0x0000000081700000, 0x0000000081700000| Untracked 
|  23|0x0000000081700000, 0x0000000081800000, 0x0000000081800000|100%| O|  |TAMS 0x0000000081800000, 0x0000000081800000| Untracked 
|  24|0x0000000081800000, 0x0000000081900000, 0x0000000081900000|100%| O|  |TAMS 0x0000000081900000, 0x0000000081900000| Untracked 
|  25|0x0000000081900000, 0x0000000081a00000, 0x0000000081a00000|100%| O|  |TAMS 0x0000000081a00000, 0x0000000081a00000| Untracked 
|  26|0x0000000081a00000, 0x0000000081b00000, 0x0000000081b00000|100%| O|  |TAMS 0x0000000081b00000, 0x0000000081b00000| Untracked 
|  27|0x0000000081b00000, 0x0000000081c00000, 0x0000000081c00000|100%| O|  |TAMS 0x0000000081c00000, 0x0000000081c00000| Untracked 
|  28|0x0000000081c00000, 0x0000000081d00000, 0x0000000081d00000|100%| O|  |TAMS 0x0000000081d00000, 0x0000000081d00000| Untracked 
|  29|0x0000000081d00000, 0x0000000081e00000, 0x0000000081e00000|100%| O|  |TAMS 0x0000000081e00000, 0x0000000081e00000| Untracked 
|  30|0x0000000081e00000, 0x0000000081f00000, 0x0000000081f00000|100%| O|  |TAMS 0x0000000081f00000, 0x0000000081f00000| Untracked 
|  31|0x0000000081f00000, 0x0000000082000000, 0x0000000082000000|100%|HS|  |TAMS 0x0000000082000000, 0x0000000082000000| Complete 
|  32|0x0000000082000000, 0x0000000082100000, 0x0000000082100000|100%|HC|  |TAMS 0x0000000082100000, 0x0000000082100000| Complete 
|  33|0x0000000082100000, 0x0000000082200000, 0x0000000082200000|100%| O|  |TAMS 0x0000000082200000, 0x0000000082200000| Untracked 
|  34|0x0000000082200000, 0x0000000082300000, 0x0000000082300000|100%| O|  |TAMS 0x0000000082300000, 0x0000000082300000| Untracked 
|  35|0x0000000082300000, 0x0000000082400000, 0x0000000082400000|100%| O|  |TAMS 0x0000000082400000, 0x0000000082400000| Untracked 
|  36|0x0000000082400000, 0x0000000082500000, 0x0000000082500000|100%| O|  |TAMS 0x0000000082500000, 0x0000000082500000| Untracked 
|  37|0x0000000082500000, 0x0000000082600000, 0x0000000082600000|100%| O|  |TAMS 0x0000000082600000, 0x0000000082600000| Untracked 
|  38|0x0000000082600000, 0x0000000082700000, 0x0000000082700000|100%| O|  |TAMS 0x0000000082700000, 0x0000000082700000| Untracked 
|  39|0x0000000082700000, 0x0000000082800000, 0x0000000082800000|100%|HS|  |TAMS 0x0000000082800000, 0x0000000082800000| Complete 
|  40|0x0000000082800000, 0x0000000082900000, 0x0000000082900000|100%|HC|  |TAMS 0x0000000082900000, 0x0000000082900000| Complete 
|  41|0x0000000082900000, 0x0000000082a00000, 0x0000000082a00000|100%|HS|  |TAMS 0x0000000082a00000, 0x0000000082a00000| Complete 
|  42|0x0000000082a00000, 0x0000000082b00000, 0x0000000082b00000|100%|HC|  |TAMS 0x0000000082b00000, 0x0000000082b00000| Complete 
|  43|0x0000000082b00000, 0x0000000082c00000, 0x0000000082c00000|100%|HC|  |TAMS 0x0000000082c00000, 0x0000000082c00000| Complete 
|  44|0x0000000082c00000, 0x0000000082d00000, 0x0000000082d00000|100%|HC|  |TAMS 0x0000000082d00000, 0x0000000082d00000| Complete 
|  45|0x0000000082d00000, 0x0000000082e00000, 0x0000000082e00000|100%| O|  |TAMS 0x0000000082e00000, 0x0000000082e00000| Untracked 
|  46|0x0000000082e00000, 0x0000000082f00000, 0x0000000082f00000|100%| O|  |TAMS 0x0000000082f00000, 0x0000000082f00000| Untracked 
|  47|0x0000000082f00000, 0x0000000083000000, 0x0000000083000000|100%| O|  |TAMS 0x0000000083000000, 0x0000000083000000| Untracked 
|  48|0x0000000083000000, 0x0000000083100000, 0x0000000083100000|100%| O|  |TAMS 0x0000000083100000, 0x0000000083100000| Untracked 
|  49|0x0000000083100000, 0x0000000083200000, 0x0000000083200000|100%| O|  |TAMS 0x0000000083200000, 0x0000000083200000| Untracked 
|  50|0x0000000083200000, 0x0000000083300000, 0x0000000083300000|100%| O|  |TAMS 0x0000000083300000, 0x0000000083300000| Untracked 
|  51|0x0000000083300000, 0x0000000083400000, 0x0000000083400000|100%|HS|  |TAMS 0x0000000083400000, 0x0000000083400000| Complete 
|  52|0x0000000083400000, 0x0000000083500000, 0x0000000083500000|100%|HC|  |TAMS 0x0000000083500000, 0x0000000083500000| Complete 
|  53|0x0000000083500000, 0x0000000083600000, 0x0000000083600000|100%|HC|  |TAMS 0x0000000083600000, 0x0000000083600000| Complete 
|  54|0x0000000083600000, 0x0000000083700000, 0x0000000083700000|100%|HC|  |TAMS 0x0000000083700000, 0x0000000083700000| Complete 
|  55|0x0000000083700000, 0x0000000083800000, 0x0000000083800000|100%| O|  |TAMS 0x0000000083800000, 0x0000000083800000| Untracked 
|  56|0x0000000083800000, 0x0000000083900000, 0x0000000083900000|100%| O|  |TAMS 0x0000000083900000, 0x0000000083900000| Untracked 
|  57|0x0000000083900000, 0x0000000083a00000, 0x0000000083a00000|100%| O|  |TAMS 0x0000000083a00000, 0x0000000083a00000| Untracked 
|  58|0x0000000083a00000, 0x0000000083b00000, 0x0000000083b00000|100%| O|  |TAMS 0x0000000083b00000, 0x0000000083b00000| Untracked 
|  59|0x0000000083b00000, 0x0000000083c00000, 0x0000000083c00000|100%| O|  |TAMS 0x0000000083c00000, 0x0000000083c00000| Untracked 
|  60|0x0000000083c00000, 0x0000000083d00000, 0x0000000083d00000|100%| O|  |TAMS 0x0000000083d00000, 0x0000000083d00000| Untracked 
|  61|0x0000000083d00000, 0x0000000083e00000, 0x0000000083e00000|100%| O|  |TAMS 0x0000000083e00000, 0x0000000083e00000| Untracked 
|  62|0x0000000083e00000, 0x0000000083f00000, 0x0000000083f00000|100%| O|  |TAMS 0x0000000083f00000, 0x0000000083f00000| Untracked 
|  63|0x0000000083f00000, 0x0000000084000000, 0x0000000084000000|100%| O|  |TAMS 0x0000000084000000, 0x0000000084000000| Untracked 
|  64|0x0000000084000000, 0x0000000084100000, 0x0000000084100000|100%| O|  |TAMS 0x0000000084100000, 0x0000000084100000| Untracked 
|  65|0x0000000084100000, 0x0000000084200000, 0x0000000084200000|100%| O|  |TAMS 0x0000000084200000, 0x0000000084200000| Untracked 
|  66|0x0000000084200000, 0x0000000084200000, 0x0000000084300000|  0%| F|  |TAMS 0x0000000084200000, 0x0000000084200000| Untracked 
|  67|0x0000000084300000, 0x0000000084400000, 0x0000000084400000|100%|HS|  |TAMS 0x0000000084400000, 0x0000000084400000| Complete 
|  68|0x0000000084400000, 0x0000000084500000, 0x0000000084500000|100%|HS|  |TAMS 0x0000000084500000, 0x0000000084500000| Complete 
|  69|0x0000000084500000, 0x0000000084600000, 0x0000000084600000|100%|HS|  |TAMS 0x0000000084600000, 0x0000000084600000| Complete 
|  70|0x0000000084600000, 0x0000000084700000, 0x0000000084700000|100%| O|  |TAMS 0x0000000084600000, 0x0000000084700000| Untracked 
|  71|0x0000000084700000, 0x0000000084800000, 0x0000000084800000|100%|HS|  |TAMS 0x0000000084800000, 0x0000000084800000| Complete 
|  72|0x0000000084800000, 0x0000000084900000, 0x0000000084900000|100%| O|  |TAMS 0x0000000084900000, 0x0000000084900000| Untracked 
|  73|0x0000000084900000, 0x0000000084a00000, 0x0000000084a00000|100%| O|  |TAMS 0x0000000084a00000, 0x0000000084a00000| Untracked 
|  74|0x0000000084a00000, 0x0000000084b00000, 0x0000000084b00000|100%| O|  |TAMS 0x0000000084b00000, 0x0000000084b00000| Untracked 
|  75|0x0000000084b00000, 0x0000000084c00000, 0x0000000084c00000|100%| O|  |TAMS 0x0000000084bdd400, 0x0000000084c00000| Untracked 
|  76|0x0000000084c00000, 0x0000000084d00000, 0x0000000084d00000|100%| O|  |TAMS 0x0000000084c00000, 0x0000000084d00000| Untracked 
|  77|0x0000000084d00000, 0x0000000084e00000, 0x0000000084e00000|100%| O|  |TAMS 0x0000000084d00000, 0x0000000084e00000| Untracked 
|  78|0x0000000084e00000, 0x0000000084f00000, 0x0000000084f00000|100%|HS|  |TAMS 0x0000000084e00000, 0x0000000084f00000| Complete 
|  79|0x0000000084f00000, 0x0000000085000000, 0x0000000085000000|100%| O|  |TAMS 0x0000000084f00000, 0x0000000085000000| Untracked 
|  80|0x0000000085000000, 0x0000000085100000, 0x0000000085100000|100%|HS|  |TAMS 0x0000000085000000, 0x0000000085100000| Complete 
|  81|0x0000000085100000, 0x0000000085200000, 0x0000000085200000|100%|HS|  |TAMS 0x0000000085100000, 0x0000000085200000| Complete 
|  82|0x0000000085200000, 0x0000000085300000, 0x0000000085300000|100%| O|  |TAMS 0x0000000085200000, 0x0000000085300000| Untracked 
|  83|0x0000000085300000, 0x0000000085400000, 0x0000000085400000|100%| O|  |TAMS 0x0000000085300000, 0x0000000085400000| Untracked 
|  84|0x0000000085400000, 0x0000000085500000, 0x0000000085500000|100%| O|  |TAMS 0x0000000085400000, 0x0000000085500000| Untracked 
|  85|0x0000000085500000, 0x00000000855cf600, 0x0000000085600000| 81%| O|  |TAMS 0x0000000085500000, 0x00000000855cf600| Untracked 
|  86|0x0000000085600000, 0x0000000085600000, 0x0000000085700000|  0%| F|  |TAMS 0x0000000085600000, 0x0000000085600000| Untracked 
|  87|0x0000000085700000, 0x0000000085700000, 0x0000000085800000|  0%| F|  |TAMS 0x0000000085700000, 0x0000000085700000| Untracked 
|  88|0x0000000085800000, 0x0000000085800000, 0x0000000085900000|  0%| F|  |TAMS 0x0000000085800000, 0x0000000085800000| Untracked 
|  89|0x0000000085900000, 0x0000000085900000, 0x0000000085a00000|  0%| F|  |TAMS 0x0000000085900000, 0x0000000085900000| Untracked 
|  90|0x0000000085a00000, 0x0000000085a00000, 0x0000000085b00000|  0%| F|  |TAMS 0x0000000085a00000, 0x0000000085a00000| Untracked 
|  91|0x0000000085b00000, 0x0000000085b00000, 0x0000000085c00000|  0%| F|  |TAMS 0x0000000085b00000, 0x0000000085b00000| Untracked 
|  92|0x0000000085c00000, 0x0000000085c00000, 0x0000000085d00000|  0%| F|  |TAMS 0x0000000085c00000, 0x0000000085c00000| Untracked 
|  93|0x0000000085d00000, 0x0000000085d00000, 0x0000000085e00000|  0%| F|  |TAMS 0x0000000085d00000, 0x0000000085d00000| Untracked 
|  94|0x0000000085e00000, 0x0000000085e00000, 0x0000000085f00000|  0%| F|  |TAMS 0x0000000085e00000, 0x0000000085e00000| Untracked 
|  95|0x0000000085f00000, 0x0000000085f00000, 0x0000000086000000|  0%| F|  |TAMS 0x0000000085f00000, 0x0000000085f00000| Untracked 
|  96|0x0000000086000000, 0x0000000086000000, 0x0000000086100000|  0%| F|  |TAMS 0x0000000086000000, 0x0000000086000000| Untracked 
|  97|0x0000000086100000, 0x0000000086100000, 0x0000000086200000|  0%| F|  |TAMS 0x0000000086100000, 0x0000000086100000| Untracked 
|  98|0x0000000086200000, 0x0000000086200000, 0x0000000086300000|  0%| F|  |TAMS 0x0000000086200000, 0x0000000086200000| Untracked 
|  99|0x0000000086300000, 0x0000000086300000, 0x0000000086400000|  0%| F|  |TAMS 0x0000000086300000, 0x0000000086300000| Untracked 
| 100|0x0000000086400000, 0x0000000086400000, 0x0000000086500000|  0%| F|  |TAMS 0x0000000086400000, 0x0000000086400000| Untracked 
| 101|0x0000000086500000, 0x0000000086500000, 0x0000000086600000|  0%| F|  |TAMS 0x0000000086500000, 0x0000000086500000| Untracked 
| 102|0x0000000086600000, 0x0000000086600000, 0x0000000086700000|  0%| F|  |TAMS 0x0000000086600000, 0x0000000086600000| Untracked 
| 103|0x0000000086700000, 0x0000000086700000, 0x0000000086800000|  0%| F|  |TAMS 0x0000000086700000, 0x0000000086700000| Untracked 
| 104|0x0000000086800000, 0x0000000086800000, 0x0000000086900000|  0%| F|  |TAMS 0x0000000086800000, 0x0000000086800000| Untracked 
| 105|0x0000000086900000, 0x0000000086900000, 0x0000000086a00000|  0%| F|  |TAMS 0x0000000086900000, 0x0000000086900000| Untracked 
| 106|0x0000000086a00000, 0x0000000086a00000, 0x0000000086b00000|  0%| F|  |TAMS 0x0000000086a00000, 0x0000000086a00000| Untracked 
| 107|0x0000000086b00000, 0x0000000086b00000, 0x0000000086c00000|  0%| F|  |TAMS 0x0000000086b00000, 0x0000000086b00000| Untracked 
| 108|0x0000000086c00000, 0x0000000086c00000, 0x0000000086d00000|  0%| F|  |TAMS 0x0000000086c00000, 0x0000000086c00000| Untracked 
| 109|0x0000000086d00000, 0x0000000086d00000, 0x0000000086e00000|  0%| F|  |TAMS 0x0000000086d00000, 0x0000000086d00000| Untracked 
| 110|0x0000000086e00000, 0x0000000086e00000, 0x0000000086f00000|  0%| F|  |TAMS 0x0000000086e00000, 0x0000000086e00000| Untracked 
| 111|0x0000000086f00000, 0x0000000086f00000, 0x0000000087000000|  0%| F|  |TAMS 0x0000000086f00000, 0x0000000086f00000| Untracked 
| 112|0x0000000087000000, 0x0000000087000000, 0x0000000087100000|  0%| F|  |TAMS 0x0000000087000000, 0x0000000087000000| Untracked 
| 113|0x0000000087100000, 0x0000000087100000, 0x0000000087200000|  0%| F|  |TAMS 0x0000000087100000, 0x0000000087100000| Untracked 
| 114|0x0000000087200000, 0x0000000087200000, 0x0000000087300000|  0%| F|  |TAMS 0x0000000087200000, 0x0000000087200000| Untracked 
| 115|0x0000000087300000, 0x0000000087300000, 0x0000000087400000|  0%| F|  |TAMS 0x0000000087300000, 0x0000000087300000| Untracked 
| 116|0x0000000087400000, 0x0000000087400000, 0x0000000087500000|  0%| F|  |TAMS 0x0000000087400000, 0x0000000087400000| Untracked 
| 117|0x0000000087500000, 0x0000000087500000, 0x0000000087600000|  0%| F|  |TAMS 0x0000000087500000, 0x0000000087500000| Untracked 
| 118|0x0000000087600000, 0x0000000087600000, 0x0000000087700000|  0%| F|  |TAMS 0x0000000087600000, 0x0000000087600000| Untracked 
| 119|0x0000000087700000, 0x0000000087700000, 0x0000000087800000|  0%| F|  |TAMS 0x0000000087700000, 0x0000000087700000| Untracked 
| 120|0x0000000087800000, 0x0000000087800000, 0x0000000087900000|  0%| F|  |TAMS 0x0000000087800000, 0x0000000087800000| Untracked 
| 121|0x0000000087900000, 0x0000000087900000, 0x0000000087a00000|  0%| F|  |TAMS 0x0000000087900000, 0x0000000087900000| Untracked 
| 122|0x0000000087a00000, 0x0000000087a00000, 0x0000000087b00000|  0%| F|  |TAMS 0x0000000087a00000, 0x0000000087a00000| Untracked 
| 123|0x0000000087b00000, 0x0000000087b00000, 0x0000000087c00000|  0%| F|  |TAMS 0x0000000087b00000, 0x0000000087b00000| Untracked 
| 124|0x0000000087c00000, 0x0000000087c00000, 0x0000000087d00000|  0%| F|  |TAMS 0x0000000087c00000, 0x0000000087c00000| Untracked 
| 125|0x0000000087d00000, 0x0000000087d00000, 0x0000000087e00000|  0%| F|  |TAMS 0x0000000087d00000, 0x0000000087d00000| Untracked 
| 126|0x0000000087e00000, 0x0000000087e00000, 0x0000000087f00000|  0%| F|  |TAMS 0x0000000087e00000, 0x0000000087e00000| Untracked 
| 127|0x0000000087f00000, 0x0000000087f00000, 0x0000000088000000|  0%| F|  |TAMS 0x0000000087f00000, 0x0000000087f00000| Untracked 
| 128|0x0000000088000000, 0x0000000088000000, 0x0000000088100000|  0%| F|  |TAMS 0x0000000088000000, 0x0000000088000000| Untracked 
| 129|0x0000000088100000, 0x0000000088100000, 0x0000000088200000|  0%| F|  |TAMS 0x0000000088100000, 0x0000000088100000| Untracked 
| 130|0x0000000088200000, 0x0000000088200000, 0x0000000088300000|  0%| F|  |TAMS 0x0000000088200000, 0x0000000088200000| Untracked 
| 131|0x0000000088300000, 0x0000000088300000, 0x0000000088400000|  0%| F|  |TAMS 0x0000000088300000, 0x0000000088300000| Untracked 
| 132|0x0000000088400000, 0x0000000088400000, 0x0000000088500000|  0%| F|  |TAMS 0x0000000088400000, 0x0000000088400000| Untracked 
| 133|0x0000000088500000, 0x0000000088500000, 0x0000000088600000|  0%| F|  |TAMS 0x0000000088500000, 0x0000000088500000| Untracked 
| 134|0x0000000088600000, 0x0000000088600000, 0x0000000088700000|  0%| F|  |TAMS 0x0000000088600000, 0x0000000088600000| Untracked 
| 135|0x0000000088700000, 0x0000000088700000, 0x0000000088800000|  0%| F|  |TAMS 0x0000000088700000, 0x0000000088700000| Untracked 
| 136|0x0000000088800000, 0x0000000088800000, 0x0000000088900000|  0%| F|  |TAMS 0x0000000088800000, 0x0000000088800000| Untracked 
| 137|0x0000000088900000, 0x0000000088900000, 0x0000000088a00000|  0%| F|  |TAMS 0x0000000088900000, 0x0000000088900000| Untracked 
| 138|0x0000000088a00000, 0x0000000088a00000, 0x0000000088b00000|  0%| F|  |TAMS 0x0000000088a00000, 0x0000000088a00000| Untracked 
| 139|0x0000000088b00000, 0x0000000088b00000, 0x0000000088c00000|  0%| F|  |TAMS 0x0000000088b00000, 0x0000000088b00000| Untracked 
| 140|0x0000000088c00000, 0x0000000088c00000, 0x0000000088d00000|  0%| F|  |TAMS 0x0000000088c00000, 0x0000000088c00000| Untracked 
| 141|0x0000000088d00000, 0x0000000088d00000, 0x0000000088e00000|  0%| F|  |TAMS 0x0000000088d00000, 0x0000000088d00000| Untracked 
| 142|0x0000000088e00000, 0x0000000088e00000, 0x0000000088f00000|  0%| F|  |TAMS 0x0000000088e00000, 0x0000000088e00000| Untracked 
| 143|0x0000000088f00000, 0x0000000088f00000, 0x0000000089000000|  0%| F|  |TAMS 0x0000000088f00000, 0x0000000088f00000| Untracked 
| 144|0x0000000089000000, 0x0000000089070f50, 0x0000000089100000| 44%| S|CS|TAMS 0x0000000089000000, 0x0000000089000000| Complete 
| 145|0x0000000089100000, 0x0000000089100000, 0x0000000089200000|  0%| F|  |TAMS 0x0000000089100000, 0x0000000089100000| Untracked 
| 146|0x0000000089200000, 0x0000000089300000, 0x0000000089300000|100%| S|CS|TAMS 0x0000000089200000, 0x0000000089200000| Complete 
| 147|0x0000000089300000, 0x0000000089300000, 0x0000000089400000|  0%| F|  |TAMS 0x0000000089300000, 0x0000000089300000| Untracked 
| 148|0x0000000089400000, 0x0000000089400000, 0x0000000089500000|  0%| F|  |TAMS 0x0000000089400000, 0x0000000089400000| Untracked 

Card table byte_map: [0x00000146ee7c0000,0x00000146eebc0000] _byte_map_base: 0x00000146ee3c0000

Marking Bits (Prev, Next): (CMBitMap*) 0x00000146d7bb6f00, (CMBitMap*) 0x00000146d7bb6f40
 Prev Bits: [0x00000146eefc0000, 0x00000146f0fc0000)
 Next Bits: [0x00000146f0fc0000, 0x00000146f2fc0000)

Polling page: 0x00000146d5ac0000

Metaspace:

Usage:
  Non-class:     59.28 MB used.
      Class:      9.65 MB used.
       Both:     68.93 MB used.

Virtual space:
  Non-class space:       64.00 MB reserved,      59.62 MB ( 93%) committed,  8 nodes.
      Class space:      412.00 MB reserved,      10.00 MB (  2%) committed,  1 nodes.
             Both:      476.00 MB reserved,      69.62 MB ( 15%) committed. 

Chunk freelists:
   Non-Class:  199.00 KB
       Class:  2.04 MB
        Both:  2.24 MB

MaxMetaspaceSize: 512.00 MB
CompressedClassSpaceSize: 412.00 MB
Initial GC threshold: 21.00 MB
Current GC threshold: 113.38 MB
CDS: on
MetaspaceReclaimPolicy: balanced
 - commit_granule_bytes: 65536.
 - commit_granule_words: 8192.
 - virtual_space_node_default_size: 1048576.
 - enlarge_chunks_in_place: 1.
 - new_chunks_are_fully_committed: 0.
 - uncommit_free_chunks: 1.
 - use_allocation_guard: 0.
 - handle_deallocations: 1.


Internal statistics:

num_allocs_failed_limit: 6.
num_arena_births: 860.
num_arena_deaths: 0.
num_vsnodes_births: 9.
num_vsnodes_deaths: 0.
num_space_committed: 1114.
num_space_uncommitted: 0.
num_chunks_returned_to_freelist: 6.
num_chunks_taken_from_freelist: 3731.
num_chunk_merges: 6.
num_chunk_splits: 2488.
num_chunks_enlarged: 1667.
num_purges: 0.
num_inconsistent_stats: 0.

CodeHeap 'non-profiled nmethods': size=120000Kb used=4106Kb max_used=4106Kb free=115894Kb
 bounds [0x00000146e6e90000, 0x00000146e72a0000, 0x00000146ee3c0000]
CodeHeap 'profiled nmethods': size=120000Kb used=14727Kb max_used=14727Kb free=105272Kb
 bounds [0x00000146df960000, 0x00000146e07d0000, 0x00000146e6e90000]
CodeHeap 'non-nmethods': size=5760Kb used=2370Kb max_used=2413Kb free=3389Kb
 bounds [0x00000146df3c0000, 0x00000146df630000, 0x00000146df960000]
 total_blobs=8699 nmethods=7803 adapters=808
 compilation: enabled
              stopped_count=0, restarted_count=0
 full_count=0

Compilation events (20 events):
Event: 28.615 Thread 0x00000146f5447270 8618       2       java.math.MutableBigInteger::add (346 bytes)
Event: 28.616 Thread 0x00000146f5447270 nmethod 8618 0x00000146e07bf090 code [0x00000146e07bf280, 0x00000146e07bfa28]
Event: 28.616 Thread 0x00000146f5447270 8619       2       java.math.MutableBigInteger::<init> (21 bytes)
Event: 28.616 Thread 0x00000146f5447270 nmethod 8619 0x00000146e07bfe10 code [0x00000146e07bffa0, 0x00000146e07c00f8]
Event: 28.620 Thread 0x00000146f5447270 8621       2       java.math.BigInteger::multiplyToLen (20 bytes)
Event: 28.621 Thread 0x00000146f5447270 nmethod 8621 0x00000146e07c0190 code [0x00000146e07c0380, 0x00000146e07c0808]
Event: 28.621 Thread 0x00000146f5447270 8622       2       java.math.BigInteger::montgomeryMultiply (54 bytes)
Event: 28.621 Thread 0x00000146f5447270 nmethod 8622 0x00000146e07c0b10 code [0x00000146e07c0ce0, 0x00000146e07c0fd8]
Event: 28.621 Thread 0x00000146f5447270 8623       2       java.math.BigInteger::implMontgomeryMultiply (22 bytes)
Event: 28.622 Thread 0x00000146f543c7b0 nmethod 8616% 0x00000146e7291790 code [0x00000146e7291920, 0x00000146e7291cd8]
Event: 28.622 Thread 0x00000146f543c7b0 8610       4       sun.security.util.ManifestDigester::findSection (181 bytes)
Event: 28.622 Thread 0x00000146f5447270 nmethod 8623 0x00000146e07c1190 code [0x00000146e07c1340, 0x00000146e07c1498]
Event: 28.623 Thread 0x00000146f5447270 8624       1       sun.security.x509.X509AttributeName::getSuffix (5 bytes)
Event: 28.623 Thread 0x00000146f5447270 nmethod 8624 0x00000146e7291e90 code [0x00000146e7292020, 0x00000146e72920f8]
Event: 28.623 Thread 0x00000146f5447270 8625       2       sun.security.util.ObjectIdentifier::hashCode (8 bytes)
Event: 28.623 Thread 0x00000146f5447270 nmethod 8625 0x00000146e07c1590 code [0x00000146e07c1720, 0x00000146e07c1848]
Event: 28.623 Thread 0x00000146f5447270 8626       2       java.util.ImmutableCollections$ListItr::hasNext (17 bytes)
Event: 28.624 Thread 0x00000146f5447270 nmethod 8626 0x00000146e07c1910 code [0x00000146e07c1aa0, 0x00000146e07c1bb8]
Event: 28.628 Thread 0x00000146f543c7b0 nmethod 8610 0x00000146e7292190 code [0x00000146e7292320, 0x00000146e72925d8]
Event: 28.628 Thread 0x00000146f543c7b0 8620       4       java.math.BigInteger::implMultiplyToLen (216 bytes)

GC Heap History (20 events):
Event: 22.464 GC heap after
{Heap after GC invocations=21 (full 0):
 garbage-first heap   total 106496K, used 59339K [0x0000000080000000, 0x0000000100000000)
  region size 1024K, 4 young (4096K), 4 survivors (4096K)
 Metaspace       used 57085K, committed 57792K, reserved 479232K
  class space    used 8082K, committed 8448K, reserved 421888K
}
Event: 23.293 GC heap before
{Heap before GC invocations=22 (full 0):
 garbage-first heap   total 111616K, used 88011K [0x0000000080000000, 0x0000000100000000)
  region size 1024K, 33 young (33792K), 4 survivors (4096K)
 Metaspace       used 59366K, committed 60032K, reserved 479232K
  class space    used 8399K, committed 8704K, reserved 421888K
}
Event: 23.306 GC heap after
{Heap after GC invocations=23 (full 0):
 garbage-first heap   total 111616K, used 61322K [0x0000000080000000, 0x0000000100000000)
  region size 1024K, 5 young (5120K), 5 survivors (5120K)
 Metaspace       used 59366K, committed 60032K, reserved 479232K
  class space    used 8399K, committed 8704K, reserved 421888K
}
Event: 23.927 GC heap before
{Heap before GC invocations=23 (full 0):
 garbage-first heap   total 111616K, used 93066K [0x0000000080000000, 0x0000000100000000)
  region size 1024K, 36 young (36864K), 5 survivors (5120K)
 Metaspace       used 61248K, committed 61952K, reserved 479232K
  class space    used 8684K, committed 9024K, reserved 421888K
}
Event: 23.946 GC heap after
{Heap after GC invocations=24 (full 0):
 garbage-first heap   total 137216K, used 63188K [0x0000000080000000, 0x0000000100000000)
  region size 1024K, 4 young (4096K), 4 survivors (4096K)
 Metaspace       used 61248K, committed 61952K, reserved 479232K
  class space    used 8684K, committed 9024K, reserved 421888K
}
Event: 26.114 GC heap before
{Heap before GC invocations=25 (full 0):
 garbage-first heap   total 137216K, used 110292K [0x0000000080000000, 0x0000000100000000)
  region size 1024K, 51 young (52224K), 4 survivors (4096K)
 Metaspace       used 64518K, committed 65216K, reserved 479232K
  class space    used 9193K, committed 9536K, reserved 421888K
}
Event: 26.137 GC heap after
{Heap after GC invocations=26 (full 0):
 garbage-first heap   total 137216K, used 68213K [0x0000000080000000, 0x0000000100000000)
  region size 1024K, 7 young (7168K), 7 survivors (7168K)
 Metaspace       used 64518K, committed 65216K, reserved 479232K
  class space    used 9193K, committed 9536K, reserved 421888K
}
Event: 26.459 GC heap before
{Heap before GC invocations=26 (full 0):
 garbage-first heap   total 137216K, used 79477K [0x0000000080000000, 0x0000000100000000)
  region size 1024K, 20 young (20480K), 7 survivors (7168K)
 Metaspace       used 64697K, committed 65408K, reserved 479232K
  class space    used 9207K, committed 9536K, reserved 421888K
}
Event: 26.481 GC heap after
{Heap after GC invocations=27 (full 0):
 garbage-first heap   total 137216K, used 69065K [0x0000000080000000, 0x0000000100000000)
  region size 1024K, 2 young (2048K), 2 survivors (2048K)
 Metaspace       used 64697K, committed 65408K, reserved 479232K
  class space    used 9207K, committed 9536K, reserved 421888K
}
Event: 26.786 GC heap before
{Heap before GC invocations=28 (full 0):
 garbage-first heap   total 137216K, used 77257K [0x0000000080000000, 0x0000000100000000)
  region size 1024K, 8 young (8192K), 2 survivors (2048K)
 Metaspace       used 64709K, committed 65408K, reserved 479232K
  class space    used 9207K, committed 9536K, reserved 421888K
}
Event: 26.790 GC heap after
{Heap after GC invocations=29 (full 0):
 garbage-first heap   total 137216K, used 75876K [0x0000000080000000, 0x0000000100000000)
  region size 1024K, 5 young (5120K), 5 survivors (5120K)
 Metaspace       used 64709K, committed 65408K, reserved 479232K
  class space    used 9207K, committed 9536K, reserved 421888K
}
Event: 27.356 GC heap before
{Heap before GC invocations=30 (full 0):
 garbage-first heap   total 140288K, used 99428K [0x0000000080000000, 0x0000000100000000)
  region size 1024K, 27 young (27648K), 5 survivors (5120K)
 Metaspace       used 66108K, committed 66816K, reserved 487424K
  class space    used 9385K, committed 9728K, reserved 421888K
}
Event: 27.362 GC heap after
{Heap after GC invocations=31 (full 0):
 garbage-first heap   total 140288K, used 79617K [0x0000000080000000, 0x0000000100000000)
  region size 1024K, 3 young (3072K), 3 survivors (3072K)
 Metaspace       used 66108K, committed 66816K, reserved 487424K
  class space    used 9385K, committed 9728K, reserved 421888K
}
Event: 27.771 GC heap before
{Heap before GC invocations=31 (full 0):
 garbage-first heap   total 140288K, used 102145K [0x0000000080000000, 0x0000000100000000)
  region size 1024K, 26 young (26624K), 3 survivors (3072K)
 Metaspace       used 68190K, committed 68864K, reserved 487424K
  class space    used 9600K, committed 9920K, reserved 421888K
}
Event: 27.777 GC heap after
{Heap after GC invocations=32 (full 0):
 garbage-first heap   total 140288K, used 80147K [0x0000000080000000, 0x0000000100000000)
  region size 1024K, 1 young (1024K), 1 survivors (1024K)
 Metaspace       used 68190K, committed 68864K, reserved 487424K
  class space    used 9600K, committed 9920K, reserved 421888K
}
Event: 28.541 GC heap before
{Heap before GC invocations=33 (full 0):
 garbage-first heap   total 152576K, used 108819K [0x0000000080000000, 0x0000000100000000)
  region size 1024K, 26 young (26624K), 1 survivors (1024K)
 Metaspace       used 70571K, committed 71296K, reserved 487424K
  class space    used 9881K, committed 10240K, reserved 421888K
}
Event: 28.552 GC heap after
{Heap after GC invocations=34 (full 0):
 garbage-first heap   total 152576K, used 86545K [0x0000000080000000, 0x0000000100000000)
  region size 1024K, 4 young (4096K), 4 survivors (4096K)
 Metaspace       used 70571K, committed 71296K, reserved 487424K
  class space    used 9881K, committed 10240K, reserved 421888K
}
Event: 28.573 GC heap before
{Heap before GC invocations=34 (full 0):
 garbage-first heap   total 152576K, used 89617K [0x0000000080000000, 0x0000000100000000)
  region size 1024K, 7 young (7168K), 4 survivors (4096K)
 Metaspace       used 70572K, committed 71296K, reserved 487424K
  class space    used 9881K, committed 10240K, reserved 421888K
}
Event: 28.584 GC heap after
{Heap after GC invocations=35 (full 0):
 garbage-first heap   total 152576K, used 87754K [0x0000000080000000, 0x0000000100000000)
  region size 1024K, 1 young (1024K), 1 survivors (1024K)
 Metaspace       used 70572K, committed 71296K, reserved 487424K
  class space    used 9881K, committed 10240K, reserved 421888K
}
Event: 28.644 GC heap before
{Heap before GC invocations=35 (full 0):
 garbage-first heap   total 152576K, used 88778K [0x0000000080000000, 0x0000000100000000)
  region size 1024K, 3 young (3072K), 1 survivors (1024K)
 Metaspace       used 70581K, committed 71296K, reserved 487424K
  class space    used 9881K, committed 10240K, reserved 421888K
}

Deoptimization events (20 events):
Event: 28.612 Thread 0x00000146f72c0060 DEOPT PACKING pc=0x00000146dfc83820 sp=0x0000004606deedd0
Event: 28.612 Thread 0x00000146f72c0060 DEOPT UNPACKING pc=0x00000146df412b43 sp=0x0000004606dee248 mode 0
Event: 28.613 Thread 0x00000146f72c0060 DEOPT PACKING pc=0x00000146dfc83820 sp=0x0000004606deedd0
Event: 28.613 Thread 0x00000146f72c0060 DEOPT UNPACKING pc=0x00000146df412b43 sp=0x0000004606dee248 mode 0
Event: 28.614 Thread 0x00000146f72c0060 DEOPT PACKING pc=0x00000146e07addc8 sp=0x0000004606deea90
Event: 28.614 Thread 0x00000146f72c0060 DEOPT UNPACKING pc=0x00000146df412b43 sp=0x0000004606dedf10 mode 0
Event: 28.615 Thread 0x00000146f72c0060 DEOPT PACKING pc=0x00000146e07addc8 sp=0x0000004606deeaa0
Event: 28.615 Thread 0x00000146f72c0060 DEOPT UNPACKING pc=0x00000146df412b43 sp=0x0000004606dedf20 mode 0
Event: 28.616 Thread 0x00000146f72c0060 DEOPT PACKING pc=0x00000146e07addc8 sp=0x0000004606deeaa0
Event: 28.616 Thread 0x00000146f72c0060 DEOPT UNPACKING pc=0x00000146df412b43 sp=0x0000004606dedf20 mode 0
Event: 28.617 Thread 0x00000146f72c0060 DEOPT PACKING pc=0x00000146e07addc8 sp=0x0000004606deeaa0
Event: 28.617 Thread 0x00000146f72c0060 DEOPT UNPACKING pc=0x00000146df412b43 sp=0x0000004606dedf20 mode 0
Event: 28.618 Thread 0x00000146f72c0060 DEOPT PACKING pc=0x00000146e07addc8 sp=0x0000004606deeaa0
Event: 28.618 Thread 0x00000146f72c0060 DEOPT UNPACKING pc=0x00000146df412b43 sp=0x0000004606dedf20 mode 0
Event: 28.619 Thread 0x00000146f72c0060 DEOPT PACKING pc=0x00000146e07addc8 sp=0x0000004606deea90
Event: 28.619 Thread 0x00000146f72c0060 DEOPT UNPACKING pc=0x00000146df412b43 sp=0x0000004606dedf10 mode 0
Event: 28.620 Thread 0x00000146f72c0060 DEOPT PACKING pc=0x00000146e07addc8 sp=0x0000004606deeaa0
Event: 28.620 Thread 0x00000146f72c0060 DEOPT UNPACKING pc=0x00000146df412b43 sp=0x0000004606dedf20 mode 0
Event: 28.621 Thread 0x00000146f72c0060 DEOPT PACKING pc=0x00000146e07addc8 sp=0x0000004606deea50
Event: 28.621 Thread 0x00000146f72c0060 DEOPT UNPACKING pc=0x00000146df412b43 sp=0x0000004606dedea8 mode 0

Classes unloaded (0 events):
No events

Classes redefined (0 events):
No events

Internal exceptions (20 events):
Event: 23.475 Thread 0x00000146f72c0060 Exception <a 'java/lang/ClassNotFoundException'{0x00000000862f38d8}: org/gradle/api/internal/artifacts/dsl/dependencies/DefaultDependencyHandlerCustomizer> (0x00000000862f38d8) 
thrown [t:\workspace\open\src\hotspot\share\classfile\systemDictionary.cpp, line 256]
Event: 23.479 Thread 0x00000146f72c0060 Exception <a 'java/lang/ClassNotFoundException'{0x0000000086130c60}: org/gradle/api/internal/artifacts/dsl/dependencies/DefaultDependencyHandler_DecoratedCustomizer> (0x0000000086130c60) 
thrown [t:\workspace\open\src\hotspot\share\classfile\systemDictionary.cpp, line 256]
Event: 25.021 Thread 0x00000146f72c0060 Exception <a 'java/lang/NoSuchMethodError'{0x0000000086d219b0}: 'java.lang.Object java.lang.invoke.DirectMethodHandle$Holder.newInvokeSpecial(java.lang.Object, java.lang.Object, java.lang.Object, java.lang.Object, java.lang.Object, java.lang.Object, int)'> (0x0000000086d219b0) 
thrown [t:\workspace\open\src\hotspot\share\interpreter\linkResolver.cpp, line 766]
Event: 25.022 Thread 0x00000146f72c0060 Exception <a 'java/lang/NoSuchMethodError'{0x0000000086d27998}: 'java.lang.Object java.lang.invoke.DirectMethodHandle$Holder.invokeSpecial(java.lang.Object, java.lang.Object, java.lang.Object, java.lang.Object, java.lang.Object, java.lang.Object, java.lang.Object, int)'> (0x0000000086d27998) 
thrown [t:\workspace\open\src\hotspot\share\interpreter\linkResolver.cpp, line 766]
Event: 25.022 Thread 0x00000146f72c0060 Exception <a 'java/lang/NoSuchMethodError'{0x0000000086d2d568}: 'java.lang.Object java.lang.invoke.Invokers$Holder.linkToTargetMethod(java.lang.Object, java.lang.Object, java.lang.Object, java.lang.Object, java.lang.Object, int, java.lang.Object)'> (0x0000000086d2d568) 
thrown [t:\workspace\open\src\hotspot\share\interpreter\linkResolver.cpp, line 766]
Event: 25.043 Thread 0x00000146f689b260 Implicit null exception at 0x00000146e71cee27 to 0x00000146e71cf6e0
Event: 25.376 Thread 0x00000146f6899580 Exception <a 'java/lang/NoSuchMethodError'{0x0000000086a165c0}: 'void java.lang.invoke.DirectMethodHandle$Holder.invokeSpecial(java.lang.Object, java.lang.Object, int)'> (0x0000000086a165c0) 
thrown [t:\workspace\open\src\hotspot\share\interpreter\linkResolver.cpp, line 766]
Event: 25.696 Thread 0x00000146f908c7e0 Exception <a 'java/lang/NoSuchMethodError'{0x00000000861a5108}: 'java.lang.Object java.lang.invoke.DirectMethodHandle$Holder.newInvokeSpecial(java.lang.Object, java.lang.Object, java.lang.Object, java.lang.Object, int, java.lang.Object)'> (0x00000000861a5108) 
thrown [t:\workspace\open\src\hotspot\share\interpreter\linkResolver.cpp, line 766]
Event: 25.697 Thread 0x00000146f908c7e0 Exception <a 'java/lang/NoSuchMethodError'{0x00000000861a96d0}: 'java.lang.Object java.lang.invoke.Invokers$Holder.linkToTargetMethod(java.lang.Object, java.lang.Object, java.lang.Object, int, java.lang.Object, java.lang.Object)'> (0x00000000861a96d0) 
thrown [t:\workspace\open\src\hotspot\share\interpreter\linkResolver.cpp, line 766]
Event: 25.724 Thread 0x00000146f9088e20 Exception <a 'java/lang/NoSuchMethodError'{0x000000008601e340}: 'void java.lang.invoke.DirectMethodHandle$Holder.invokeInterface(java.lang.Object, java.lang.Object, java.lang.Object, java.lang.Object)'> (0x000000008601e340) 
thrown [t:\workspace\open\src\hotspot\share\interpreter\linkResolver.cpp, line 766]
Event: 25.801 Thread 0x00000146f9088e20 Exception <a 'java/lang/NoSuchMethodError'{0x0000000085e12d68}: 'int java.lang.invoke.DirectMethodHandle$Holder.invokeSpecial(java.lang.Object, java.lang.Object, java.lang.Object, java.lang.Object, java.lang.Object)'> (0x0000000085e12d68) 
thrown [t:\workspace\open\src\hotspot\share\interpreter\linkResolver.cpp, line 766]
Event: 26.048 Thread 0x00000146f9088e20 Exception <a 'sun/nio/fs/WindowsException'{0x00000000858ba558}> (0x00000000858ba558) 
thrown [t:\workspace\open\src\hotspot\share\prims\jni.cpp, line 516]
Event: 26.050 Thread 0x00000146f9088e20 Exception <a 'sun/nio/fs/WindowsException'{0x00000000858bcbc8}> (0x00000000858bcbc8) 
thrown [t:\workspace\open\src\hotspot\share\prims\jni.cpp, line 516]
Event: 26.051 Thread 0x00000146f9088e20 Exception <a 'sun/nio/fs/WindowsException'{0x00000000858def80}> (0x00000000858def80) 
thrown [t:\workspace\open\src\hotspot\share\prims\jni.cpp, line 516]
Event: 26.052 Thread 0x00000146f9088e20 Exception <a 'sun/nio/fs/WindowsException'{0x00000000858e0fc8}> (0x00000000858e0fc8) 
thrown [t:\workspace\open\src\hotspot\share\prims\jni.cpp, line 516]
Event: 26.409 Thread 0x00000146f72c0060 Exception <a 'java/lang/ClassNotFoundException'{0x0000000087a1ff08}: build_er6jml9nx1pama3ccr5art51tBeanInfo> (0x0000000087a1ff08) 
thrown [t:\workspace\open\src\hotspot\share\classfile\systemDictionary.cpp, line 256]
Event: 26.410 Thread 0x00000146f72c0060 Exception <a 'java/lang/ClassNotFoundException'{0x0000000087a268e8}: build_er6jml9nx1pama3ccr5art51tCustomizer> (0x0000000087a268e8) 
thrown [t:\workspace\open\src\hotspot\share\classfile\systemDictionary.cpp, line 256]
Event: 26.896 Thread 0x00000146f72c0060 Exception <a 'java/lang/ClassNotFoundException'{0x00000000884aa7c8}: build_8jd3yd6xyyvd9igy7wum13iwrBeanInfo> (0x00000000884aa7c8) 
thrown [t:\workspace\open\src\hotspot\share\classfile\systemDictionary.cpp, line 256]
Event: 26.897 Thread 0x00000146f72c0060 Exception <a 'java/lang/ClassNotFoundException'{0x00000000884b5b90}: build_8jd3yd6xyyvd9igy7wum13iwrCustomizer> (0x00000000884b5b90) 
thrown [t:\workspace\open\src\hotspot\share\classfile\systemDictionary.cpp, line 256]
Event: 28.349 Thread 0x00000146f72c0060 Implicit null exception at 0x00000146e7032a8c to 0x00000146e7032bc2

VM Operations (20 events):
Event: 27.014 Executing VM operation: G1Concurrent done
Event: 27.095 Executing VM operation: G1Concurrent
Event: 27.104 Executing VM operation: G1Concurrent done
Event: 27.356 Executing VM operation: G1CollectForAllocation
Event: 27.362 Executing VM operation: G1CollectForAllocation done
Event: 27.771 Executing VM operation: G1CollectForAllocation
Event: 27.777 Executing VM operation: G1CollectForAllocation done
Event: 28.024 Executing VM operation: G1Concurrent
Event: 28.032 Executing VM operation: G1Concurrent done
Event: 28.153 Executing VM operation: G1Concurrent
Event: 28.154 Executing VM operation: G1Concurrent done
Event: 28.305 Executing VM operation: HandshakeAllThreads
Event: 28.305 Executing VM operation: HandshakeAllThreads done
Event: 28.362 Executing VM operation: HandshakeAllThreads
Event: 28.363 Executing VM operation: HandshakeAllThreads done
Event: 28.541 Executing VM operation: G1CollectForAllocation
Event: 28.552 Executing VM operation: G1CollectForAllocation done
Event: 28.573 Executing VM operation: G1CollectForAllocation
Event: 28.584 Executing VM operation: G1CollectForAllocation done
Event: 28.644 Executing VM operation: G1TryInitiateConcMark

Events (20 events):
Event: 28.413 loading class sun/security/util/KeyUtil
Event: 28.413 loading class sun/security/util/KeyUtil done
Event: 28.414 loading class sun/security/util/Length
Event: 28.414 loading class sun/security/util/Length done
Event: 28.414 loading class javax/crypto/SecretKey
Event: 28.414 loading class javax/crypto/SecretKey done
Event: 28.415 loading class java/util/Base64
Event: 28.415 loading class java/util/Base64 done
Event: 28.415 loading class java/util/Base64$Decoder
Event: 28.415 loading class java/util/Base64$Decoder done
Event: 28.415 loading class java/util/Base64$Encoder
Event: 28.416 loading class java/util/Base64$Encoder done
Event: 28.427 loading class sun/security/rsa/RSASignature$SHA256withRSA
Event: 28.427 loading class sun/security/rsa/RSASignature$SHA256withRSA done
Event: 28.431 loading class sun/security/provider/DSA$SHA256withDSA
Event: 28.431 loading class sun/security/provider/DSA$SHA256withDSA done
Event: 28.494 loading class java/util/jar/JarVerifier$VerifierStream
Event: 28.494 loading class java/util/jar/JarVerifier$VerifierStream done
Event: 28.494 loading class sun/security/util/ManifestEntryVerifier$SunProviderHolder
Event: 28.494 loading class sun/security/util/ManifestEntryVerifier$SunProviderHolder done


Dynamic libraries:
0x00007ff6f9410000 - 0x00007ff6f941e000 	C:\Program Files\Microsoft\jdk-17.0.2\bin\java.exe
0x00007ffd2cc70000 - 0x00007ffd2ce68000 	C:\Windows\SYSTEM32\ntdll.dll
0x00007ffd2bc90000 - 0x00007ffd2bd51000 	C:\Windows\System32\KERNEL32.DLL
0x00007ffd2a320000 - 0x00007ffd2a616000 	C:\Windows\System32\KERNELBASE.dll
0x00007ffd2a840000 - 0x00007ffd2a940000 	C:\Windows\System32\ucrtbase.dll
0x00007ffcf3fb0000 - 0x00007ffcf3fca000 	C:\Program Files\Microsoft\jdk-17.0.2\bin\VCRUNTIME140.dll
0x00007ffcf5d20000 - 0x00007ffcf5d38000 	C:\Program Files\Microsoft\jdk-17.0.2\bin\jli.dll
0x00007ffd2aca0000 - 0x00007ffd2ae3f000 	C:\Windows\System32\USER32.dll
0x00007ffd2a620000 - 0x00007ffd2a642000 	C:\Windows\System32\win32u.dll
0x00007ffd1a560000 - 0x00007ffd1a7fa000 	C:\Windows\WinSxS\amd64_microsoft.windows.common-controls_6595b64144ccf1df_6.0.19041.4355_none_60b8b9eb71f62e16\COMCTL32.dll
0x00007ffd2bc60000 - 0x00007ffd2bc8b000 	C:\Windows\System32\GDI32.dll
0x00007ffd2c8c0000 - 0x00007ffd2c95e000 	C:\Windows\System32\msvcrt.dll
0x00007ffd2aa20000 - 0x00007ffd2ab37000 	C:\Windows\System32\gdi32full.dll
0x00007ffd2a6a0000 - 0x00007ffd2a73d000 	C:\Windows\System32\msvcp_win.dll
0x00007ffd2c7b0000 - 0x00007ffd2c7df000 	C:\Windows\System32\IMM32.DLL
0x00007ffd21230000 - 0x00007ffd2123c000 	C:\Program Files\Microsoft\jdk-17.0.2\bin\vcruntime140_1.dll
0x00007ffcdd540000 - 0x00007ffcdd5cd000 	C:\Program Files\Microsoft\jdk-17.0.2\bin\msvcp140.dll
0x00007ffcdc970000 - 0x00007ffcdd531000 	C:\Program Files\Microsoft\jdk-17.0.2\bin\server\jvm.dll
0x00007ffd2b660000 - 0x00007ffd2b710000 	C:\Windows\System32\ADVAPI32.dll
0x00007ffd2aed0000 - 0x00007ffd2af70000 	C:\Windows\System32\sechost.dll
0x00007ffd2c960000 - 0x00007ffd2ca83000 	C:\Windows\System32\RPCRT4.dll
0x00007ffd2a940000 - 0x00007ffd2a967000 	C:\Windows\System32\bcrypt.dll
0x00007ffd2b060000 - 0x00007ffd2b068000 	C:\Windows\System32\PSAPI.DLL
0x00007ffd1e050000 - 0x00007ffd1e059000 	C:\Windows\SYSTEM32\WSOCK32.dll
0x00007ffd1bd00000 - 0x00007ffd1bd27000 	C:\Windows\SYSTEM32\WINMM.dll
0x00007ffd2c590000 - 0x00007ffd2c5fb000 	C:\Windows\System32\WS2_32.dll
0x00007ffd21520000 - 0x00007ffd2152a000 	C:\Windows\SYSTEM32\VERSION.dll
0x00007ffd280c0000 - 0x00007ffd280d2000 	C:\Windows\SYSTEM32\kernel.appcore.dll
0x00007ffd1bd90000 - 0x00007ffd1bd9a000 	C:\Program Files\Microsoft\jdk-17.0.2\bin\jimage.dll
0x00007ffd11c20000 - 0x00007ffd11e04000 	C:\Windows\SYSTEM32\DBGHELP.DLL
0x00007ffd11b20000 - 0x00007ffd11b54000 	C:\Windows\SYSTEM32\dbgcore.DLL
0x00007ffd2a7b0000 - 0x00007ffd2a832000 	C:\Windows\System32\bcryptPrimitives.dll
0x00007ffd23aa0000 - 0x00007ffd23aae000 	C:\Program Files\Microsoft\jdk-17.0.2\bin\instrument.dll
0x00007ffcf3e60000 - 0x00007ffcf3e85000 	C:\Program Files\Microsoft\jdk-17.0.2\bin\java.dll
0x00007ffcf3d00000 - 0x00007ffcf3dd6000 	C:\Program Files\Microsoft\jdk-17.0.2\bin\jsvml.dll
0x00007ffd2bd60000 - 0x00007ffd2c4cc000 	C:\Windows\System32\SHELL32.dll
0x00007ffd283a0000 - 0x00007ffd28b3e000 	C:\Windows\SYSTEM32\windows.storage.dll
0x00007ffd2b900000 - 0x00007ffd2bc53000 	C:\Windows\System32\combase.dll
0x00007ffd29d40000 - 0x00007ffd29d6e000 	C:\Windows\SYSTEM32\Wldp.dll
0x00007ffd2cb40000 - 0x00007ffd2cc0d000 	C:\Windows\System32\OLEAUT32.dll
0x00007ffd2ca90000 - 0x00007ffd2cb3d000 	C:\Windows\System32\SHCORE.dll
0x00007ffd2c4d0000 - 0x00007ffd2c525000 	C:\Windows\System32\shlwapi.dll
0x00007ffd2a250000 - 0x00007ffd2a274000 	C:\Windows\SYSTEM32\profapi.dll
0x00007ffcfe030000 - 0x00007ffcfe048000 	C:\Program Files\Microsoft\jdk-17.0.2\bin\zip.dll
0x00007ffcf3e40000 - 0x00007ffcf3e59000 	C:\Program Files\Microsoft\jdk-17.0.2\bin\net.dll
0x00007ffd23540000 - 0x00007ffd2364a000 	C:\Windows\SYSTEM32\WINHTTP.dll
0x00007ffd29aa0000 - 0x00007ffd29b0a000 	C:\Windows\system32\mswsock.dll
0x00007ffcf3e20000 - 0x00007ffcf3e36000 	C:\Program Files\Microsoft\jdk-17.0.2\bin\nio.dll
0x00007ffd23ac0000 - 0x00007ffd23ad0000 	C:\Program Files\Microsoft\jdk-17.0.2\bin\verify.dll
0x00007ffd236b0000 - 0x00007ffd236d7000 	C:\Users\aanan\.gradle\native\68d5fa5c4cc2d200863cafc0d521ce42e7d3e7ee720ec0a83991735586a16f82\windows-amd64\native-platform.dll
0x00007ffd0fcf0000 - 0x00007ffd0fe34000 	C:\Users\aanan\.gradle\native\e376f236ea51e6404a007f0833ffe2c6e607c4080706a723a18a27aeea778392\windows-amd64\native-platform-file-events.dll
0x00007ffd143d0000 - 0x00007ffd143d9000 	C:\Program Files\Microsoft\jdk-17.0.2\bin\management.dll
0x00007ffd14050000 - 0x00007ffd1405b000 	C:\Program Files\Microsoft\jdk-17.0.2\bin\management_ext.dll
0x00007ffd29ca0000 - 0x00007ffd29cb8000 	C:\Windows\SYSTEM32\CRYPTSP.dll
0x00007ffd29350000 - 0x00007ffd29384000 	C:\Windows\system32\rsaenh.dll
0x00007ffd2a200000 - 0x00007ffd2a22e000 	C:\Windows\SYSTEM32\USERENV.dll
0x00007ffd29c90000 - 0x00007ffd29c9c000 	C:\Windows\SYSTEM32\CRYPTBASE.dll
0x00007ffd29730000 - 0x00007ffd2976b000 	C:\Windows\SYSTEM32\IPHLPAPI.DLL
0x00007ffd2aff0000 - 0x00007ffd2aff8000 	C:\Windows\System32\NSI.dll
0x00007ffd23ef0000 - 0x00007ffd23f07000 	C:\Windows\SYSTEM32\dhcpcsvc6.DLL
0x00007ffd24ac0000 - 0x00007ffd24add000 	C:\Windows\SYSTEM32\dhcpcsvc.DLL
0x00007ffd29780000 - 0x00007ffd2984a000 	C:\Windows\SYSTEM32\DNSAPI.dll
0x00007ffd12c10000 - 0x00007ffd12c1e000 	C:\Program Files\Microsoft\jdk-17.0.2\bin\sunmscapi.dll
0x00007ffd2ab40000 - 0x00007ffd2ac9e000 	C:\Windows\System32\CRYPT32.dll
0x00007ffd29db0000 - 0x00007ffd29dd9000 	C:\Windows\SYSTEM32\ncrypt.dll
0x00007ffd29d70000 - 0x00007ffd29dab000 	C:\Windows\SYSTEM32\NTASN1.dll
0x00007ffd12750000 - 0x00007ffd12757000 	C:\Windows\system32\wshunix.dll
0x00007ffd234a0000 - 0x00007ffd234b7000 	C:\Windows\system32\napinsp.dll
0x00007ffd21ee0000 - 0x00007ffd21efb000 	C:\Windows\system32\pnrpnsp.dll
0x00007ffd22330000 - 0x00007ffd22345000 	C:\Windows\system32\wshbth.dll
0x00007ffd25f40000 - 0x00007ffd25f5d000 	C:\Windows\system32\NLAapi.dll
0x00007ffd21ec0000 - 0x00007ffd21ed2000 	C:\Windows\System32\winrnr.dll
0x00007ffd19fa0000 - 0x00007ffd19faa000 	C:\Windows\System32\rasadhlp.dll
0x00007ffd1b3e0000 - 0x00007ffd1b460000 	C:\Windows\System32\fwpuclnt.dll

dbghelp: loaded successfully - version: 4.0.5 - missing functions: none
symbol engine: initialized successfully - sym options: 0x614 - pdb path: .;C:\Program Files\Microsoft\jdk-17.0.2\bin;C:\Windows\SYSTEM32;C:\Windows\WinSxS\amd64_microsoft.windows.common-controls_6595b64144ccf1df_6.0.19041.4355_none_60b8b9eb71f62e16;C:\Program Files\Microsoft\jdk-17.0.2\bin\server;C:\Users\aanan\.gradle\native\68d5fa5c4cc2d200863cafc0d521ce42e7d3e7ee720ec0a83991735586a16f82\windows-amd64;C:\Users\aanan\.gradle\native\e376f236ea51e6404a007f0833ffe2c6e607c4080706a723a18a27aeea778392\windows-amd64

VM Arguments:
jvm_args: -XX:MaxMetaspaceSize=512m --add-opens=java.base/java.util=ALL-UNNAMED --add-opens=java.base/java.lang=ALL-UNNAMED --add-opens=java.base/java.lang.invoke=ALL-UNNAMED --add-opens=java.prefs/java.util.prefs=ALL-UNNAMED --add-opens=java.base/java.nio.charset=ALL-UNNAMED --add-opens=java.base/java.net=ALL-UNNAMED --add-opens=java.base/java.util.concurrent.atomic=ALL-UNNAMED -Xmx2048m -Dfile.encoding=windows-1252 -Duser.country=IN -Duser.language=en -Duser.variant -javaagent:C:\Users\aanan\.gradle\wrapper\dists\gradle-8.3-all\6en3ugtfdg5xnpx44z4qbwgas\gradle-8.3\lib\agents\gradle-instrumentation-agent-8.3.jar 
java_command: org.gradle.launcher.daemon.bootstrap.GradleDaemon 8.3
java_class_path (initial): C:\Users\aanan\.gradle\wrapper\dists\gradle-8.3-all\6en3ugtfdg5xnpx44z4qbwgas\gradle-8.3\lib\gradle-launcher-8.3.jar
Launcher Type: SUN_STANDARD

[Global flags]
     intx CICompilerCount                          = 3                                         {product} {ergonomic}
   size_t CompressedClassSpaceSize                 = 432013312                                 {product} {ergonomic}
     uint ConcGCThreads                            = 1                                         {product} {ergonomic}
     uint G1ConcRefinementThreads                  = 4                                         {product} {ergonomic}
   size_t G1HeapRegionSize                         = 1048576                                   {product} {ergonomic}
    uintx GCDrainStackTargetSize                   = 64                                        {product} {ergonomic}
   size_t InitialHeapSize                          = 100663296                                 {product} {ergonomic}
   size_t MarkStackSize                            = 4194304                                   {product} {ergonomic}
   size_t MaxHeapSize                              = 2147483648                                {product} {command line}
   size_t MaxMetaspaceSize                         = 536870912                                 {product} {command line}
   size_t MaxNewSize                               = 1287651328                                {product} {ergonomic}
   size_t MinHeapDeltaBytes                        = 1048576                                   {product} {ergonomic}
   size_t MinHeapSize                              = 8388608                                   {product} {ergonomic}
    uintx NonNMethodCodeHeapSize                   = 5832780                                {pd product} {ergonomic}
    uintx NonProfiledCodeHeapSize                  = 122912730                              {pd product} {ergonomic}
    uintx ProfiledCodeHeapSize                     = 122912730                              {pd product} {ergonomic}
    uintx ReservedCodeCacheSize                    = 251658240                              {pd product} {ergonomic}
     bool SegmentedCodeCache                       = true                                      {product} {ergonomic}
   size_t SoftMaxHeapSize                          = 2147483648                             {manageable} {ergonomic}
     bool UseCompressedClassPointers               = true                           {product lp64_product} {ergonomic}
     bool UseCompressedOops                        = true                           {product lp64_product} {ergonomic}
     bool UseG1GC                                  = true                                      {product} {ergonomic}
     bool UseLargePagesIndividualAllocation        = false                                  {pd product} {ergonomic}

Logging:
Log output configuration:
 #0: stdout all=warning uptime,level,tags
 #1: stderr all=off uptime,level,tags

Environment Variables:
JAVA_HOME=C:\Program Files\Microsoft\jdk-17.0.2
CLASSPATH=C:\Users\aanan\Desktop\Latest\android\\gradle\wrapper\gradle-wrapper.jar
PATH=C:\Users\aanan\Desktop\Latest\node_modules\.bin;C:\Users\aanan\Desktop\node_modules\.bin;C:\Users\aanan\node_modules\.bin;C:\Users\node_modules\.bin;C:\node_modules\.bin;C:\Program Files\nodejs\node_modules\npm\node_modules\@npmcli\run-script\lib\node-gyp-bin;C:\Program Files (x86)\Intel\iCLS Client\;C:\Program Files\Intel\iCLS Client\;C:\Windows\system32;C:\Windows;C:\Windows\System32\Wbem;C:\Windows\System32\WindowsPowerShell\v1.0\;C:\Windows\System32\OpenSSH\;C:\Program Files\dotnet\;C:\Program Files\Intel\Intel(R) Management Engine Components\DAL;C:\Program Files\Intel\Intel(R) Management Engine Components\IPT;C:\Program Files (x86)\Intel\Intel(R) Management Engine Components\DAL;C:\Program Files (x86)\Intel\Intel(R) Management Engine Components\IPT;C:\ProgramData\chocolatey\bin;C:\Program Files\nodejs\;C:\Users\aanan\AppData\Local\Android\Sdk\platform-tools;C:\Program Files\Git\cmd;C:\Program Files\Git\mingw64\bin;C:\Program Files\Git\usr\bin;C:\Program Files\Microsoft\jdk-17.0.2\bin;C:\Users\aanan\AppData\Local\Microsoft\WindowsApps;C:\Users\aanan\AppData\Local\Programs\Microsoft VS Code\bin;C:\Users\aanan\AppData\Roaming\npm;
USERNAME=Devendra
OS=Windows_NT
PROCESSOR_IDENTIFIER=Intel64 Family 6 Model 69 Stepping 1, GenuineIntel



---------------  S Y S T E M  ---------------

OS:
 Windows 10 , 64 bit Build 19041 (10.0.19041.4597)
OS uptime: 1 days 21:04 hours

CPU: total 4 (initial active 4) (2 cores per cpu, 2 threads per core) family 6 model 69 stepping 1 microcode 0x25, cx8, cmov, fxsr, ht, mmx, sse, sse2, sse3, ssse3, sse4.1, sse4.2, popcnt, lzcnt, tsc, tscinvbit, avx, avx2, aes, erms, clmul, bmi1, bmi2, fma, vzeroupper, clflush

Memory: 4k page, system-wide physical 6024M (429M free)
TotalPageFile size 8072M (AvailPageFile size 108M)
current process WorkingSet (physical memory assigned to process): 362M, peak: 370M
current process commit charge ("private bytes"): 396M, peak: 545M

vm_info: OpenJDK 64-Bit Server VM (17.0.2+8-86) for windows-amd64 JRE (17.0.2+8-86), built on Dec  7 2021 21:49:10 by "mach5one" with MS VC++ 16.8 / 16.9 (VS2019)

END.
