#
# There is insufficient memory for the Java Runtime Environment to continue.
# Native memory allocation (mmap) failed to map 9437184 bytes for G1 virtual space
# Possible reasons:
#   The system is out of physical RAM or swap space
#   The process is running with CompressedOops enabled, and the Java Heap may be blocking the growth of the native heap
# Possible solutions:
#   Reduce memory load on the system
#   Increase physical memory or swap space
#   Check if swap backing store is full
#   Decrease Java heap size (-Xmx/-Xms)
#   Decrease number of Java threads
#   Decrease Java thread stack sizes (-Xss)
#   Set larger code cache with -XX:ReservedCodeCacheSize=
#   JVM is running with Unscaled Compressed Oops mode in which the Java heap is
#     placed in the first 4GB address space. The Java Heap base address is the
#     maximum limit for the native heap growth. Please use -XX:HeapBaseMinAddress
#     to set the Java Heap base and to place the Java Heap above 4GB virtual address.
# This output file may be truncated or incomplete.
#
#  Out of Memory Error (os_windows.cpp:3532), pid=5504, tid=4656
#
# JRE version: OpenJDK Runtime Environment (17.0.2+8) (build 17.0.2+8-86)
# Java VM: OpenJDK 64-Bit Server VM (17.0.2+8-86, mixed mode, sharing, tiered, compressed oops, compressed class ptrs, g1 gc, windows-amd64)
# No core dump will be written. Minidumps are not enabled by default on client versions of Windows
#

---------------  S U M M A R Y ------------

Command Line: org.jetbrains.kotlin.cli.jvm.K2JVMCompiler @C:\Users\aanan\Desktop\Latest\android\app\build\20240805_10929173732930113185.compiler.options

Host: Intel(R) Core(TM) i3-4010U CPU @ 1.70GHz, 4 cores, 5G,  Windows 10 , 64 bit Build 19041 (10.0.19041.4597)
Time: Mon Aug  5 16:40:20 2024 India Standard Time elapsed time: 8.875710 seconds (0d 0h 0m 8s)

---------------  T H R E A D  ---------------

Current thread (0x000001e0dc29e270):  VMThread "VM Thread" [stack: 0x000000060a800000,0x000000060a900000] [id=4656]

Stack: [0x000000060a800000,0x000000060a900000]
Native frames: (J=compiled Java code, j=interpreted, Vv=VM code, C=native code)
V  [jvm.dll+0x670baa]
V  [jvm.dll+0x7cfcb4]
V  [jvm.dll+0x7d145e]
V  [jvm.dll+0x7d1ac3]
V  [jvm.dll+0x242bc5]
V  [jvm.dll+0x66dac9]
V  [jvm.dll+0x662412]
V  [jvm.dll+0x300c0b]
V  [jvm.dll+0x3081a6]
V  [jvm.dll+0x357d0e]
V  [jvm.dll+0x357f3f]
V  [jvm.dll+0x2d7ec8]
V  [jvm.dll+0x2d6194]
V  [jvm.dll+0x2d579c]
V  [jvm.dll+0x3190eb]
V  [jvm.dll+0x7d5f9b]
V  [jvm.dll+0x7d6cd4]
V  [jvm.dll+0x7d71ec]
V  [jvm.dll+0x7d75c4]
V  [jvm.dll+0x7d7690]
V  [jvm.dll+0x77ff7a]
V  [jvm.dll+0x66fa35]
C  [ucrtbase.dll+0x21bb2]
C  [KERNEL32.DLL+0x17374]
C  [ntdll.dll+0x4cc91]

VM_Operation (0x000000060a2f6830): G1CollectForAllocation, mode: safepoint, requested by thread 0x000001e0dc1c9510


---------------  P R O C E S S  ---------------

Threads class SMR info:
_java_thread_list=0x000001e0fb57a240, length=12, elements={
0x000001e0dc1c9510, 0x000001e0fa600840, 0x000001e0fa6016b0, 0x000001e0fa6189e0,
0x000001e0fa61c3c0, 0x000001e0fa61cd70, 0x000001e0fa61db30, 0x000001e0fa621dc0,
0x000001e0fa62aa80, 0x000001e0fa630ea0, 0x000001e0fb079950, 0x000001e0fb07c650
}

Java Threads: ( => current thread )
  0x000001e0dc1c9510 JavaThread "main" [_thread_blocked, id=11392, stack(0x000000060a200000,0x000000060a300000)]
  0x000001e0fa600840 JavaThread "Reference Handler" daemon [_thread_blocked, id=3580, stack(0x000000060a900000,0x000000060aa00000)]
  0x000001e0fa6016b0 JavaThread "Finalizer" daemon [_thread_blocked, id=2736, stack(0x000000060aa00000,0x000000060ab00000)]
  0x000001e0fa6189e0 JavaThread "Signal Dispatcher" daemon [_thread_blocked, id=4788, stack(0x000000060ab00000,0x000000060ac00000)]
  0x000001e0fa61c3c0 JavaThread "Attach Listener" daemon [_thread_blocked, id=6396, stack(0x000000060ac00000,0x000000060ad00000)]
  0x000001e0fa61cd70 JavaThread "Service Thread" daemon [_thread_blocked, id=7456, stack(0x000000060ad00000,0x000000060ae00000)]
  0x000001e0fa61db30 JavaThread "Monitor Deflation Thread" daemon [_thread_blocked, id=3704, stack(0x000000060ae00000,0x000000060af00000)]
  0x000001e0fa621dc0 JavaThread "C2 CompilerThread0" daemon [_thread_blocked, id=3300, stack(0x000000060af00000,0x000000060b000000)]
  0x000001e0fa62aa80 JavaThread "C1 CompilerThread0" daemon [_thread_blocked, id=976, stack(0x000000060b000000,0x000000060b100000)]
  0x000001e0fa630ea0 JavaThread "Sweeper thread" daemon [_thread_blocked, id=3720, stack(0x000000060b100000,0x000000060b200000)]
  0x000001e0fb079950 JavaThread "Notification Thread" daemon [_thread_blocked, id=6876, stack(0x000000060b200000,0x000000060b300000)]
  0x000001e0fb07c650 JavaThread "Common-Cleaner" daemon [_thread_blocked, id=1940, stack(0x000000060b400000,0x000000060b500000)]

Other Threads:
=>0x000001e0dc29e270 VMThread "VM Thread" [stack: 0x000000060a800000,0x000000060a900000] [id=4656]
  0x000001e0dc21d8c0 WatcherThread [stack: 0x000000060b300000,0x000000060b400000] [id=9716]
  0x000001e0dc1ff150 GCTaskThread "GC Thread#0" [stack: 0x000000060a300000,0x000000060a400000] [id=10524]
  0x000001e0fb3d9050 GCTaskThread "GC Thread#1" [stack: 0x000000060b600000,0x000000060b700000] [id=6116]
  0x000001e0fb40c2b0 GCTaskThread "GC Thread#2" [stack: 0x000000060b700000,0x000000060b800000] [id=6076]
  0x000001e0fb40c560 GCTaskThread "GC Thread#3" [stack: 0x000000060b800000,0x000000060b900000] [id=5060]
  0x000001e0dc20cd20 ConcurrentGCThread "G1 Main Marker" [stack: 0x000000060a400000,0x000000060a500000] [id=7132]
  0x000001e0dc20ded0 ConcurrentGCThread "G1 Conc#0" [stack: 0x000000060a500000,0x000000060a600000] [id=11136]
  0x000001e0dc272370 ConcurrentGCThread "G1 Refine#0" [stack: 0x000000060a600000,0x000000060a700000] [id=2724]
  0x000001e0fd2a5330 ConcurrentGCThread "G1 Refine#1" [stack: 0x000000060b500000,0x000000060b600000] [id=8964]
  0x000001e0fd2a5610 ConcurrentGCThread "G1 Refine#2" [stack: 0x000000060b900000,0x000000060ba00000] [id=10596]
  0x000001e0dc272d90 ConcurrentGCThread "G1 Service" [stack: 0x000000060a700000,0x000000060a800000] [id=1276]

Threads with active compile tasks:
C2 CompilerThread0     8923 5362       4       org.jetbrains.kotlin.metadata.ProtoBuf$Type::isInitialized (145 bytes)

VM state: at safepoint (normal execution)

VM Mutex/Monitor currently owned by a thread:  ([mutex/lock_event])
[0x000001e0dc1c43e0] Threads_lock - owner thread: 0x000001e0dc29e270
[0x000001e0dc1c4590] Heap_lock - owner thread: 0x000001e0dc1c9510

Heap address: 0x00000000a1c00000, size: 1508 MB, Compressed Oops mode: 32-bit

CDS archive(s) mapped at: [0x0000000800000000-0x0000000800bc0000-0x0000000800bc0000), size 12320768, SharedBaseAddress: 0x0000000800000000, ArchiveRelocationMode: 0.
Compressed class space mapped at: 0x0000000800c00000-0x0000000840c00000, reserved size: 1073741824
Narrow klass base: 0x0000000800000000, Narrow klass shift: 0, Narrow klass range: 0x100000000

GC Precious Log:
 CPUs: 4 total, 4 available
 Memory: 6024M
 Large Page Support: Disabled
 NUMA Support: Disabled
 Compressed Oops: Enabled (32-bit)
 Heap Region Size: 1M
 Heap Min Capacity: 8M
 Heap Initial Capacity: 96M
 Heap Max Capacity: 1508M
 Pre-touch: Disabled
 Parallel Workers: 4
 Concurrent Workers: 1
 Concurrent Refinement Workers: 4
 Periodic GC: Disabled

Heap:
 garbage-first heap   total 89088K, used 48268K [0x00000000a1c00000, 0x0000000100000000)
  region size 1024K, 1 young (1024K), 1 survivors (1024K)
 Metaspace       used 45115K, committed 45376K, reserved 1089536K
  class space    used 5433K, committed 5568K, reserved 1048576K

Heap Regions: E=young(eden), S=young(survivor), O=old, HS=humongous(starts), HC=humongous(continues), CS=collection set, F=free, OA=open archive, CA=closed archive, TAMS=top-at-mark-start (previous, next)
|   0|0x00000000a1c00000, 0x00000000a1d00000, 0x00000000a1d00000|100%|HS|  |TAMS 0x00000000a1d00000, 0x00000000a1c00000| Complete 
|   1|0x00000000a1d00000, 0x00000000a1e00000, 0x00000000a1e00000|100%|HC|  |TAMS 0x00000000a1e00000, 0x00000000a1d00000| Complete 
|   2|0x00000000a1e00000, 0x00000000a1f00000, 0x00000000a1f00000|100%|HC|  |TAMS 0x00000000a1f00000, 0x00000000a1e00000| Complete 
|   3|0x00000000a1f00000, 0x00000000a2000000, 0x00000000a2000000|100%|HC|  |TAMS 0x00000000a2000000, 0x00000000a1f00000| Complete 
|   4|0x00000000a2000000, 0x00000000a2100000, 0x00000000a2100000|100%| O|  |TAMS 0x00000000a2100000, 0x00000000a2000000| Untracked 
|   5|0x00000000a2100000, 0x00000000a2200000, 0x00000000a2200000|100%| O|  |TAMS 0x00000000a2200000, 0x00000000a2100000| Untracked 
|   6|0x00000000a2200000, 0x00000000a223b400, 0x00000000a2300000| 23%| O|  |TAMS 0x00000000a223b400, 0x00000000a2200000| Untracked 
|   7|0x00000000a2300000, 0x00000000a2400000, 0x00000000a2400000|100%|HS|  |TAMS 0x00000000a2400000, 0x00000000a2300000| Complete 
|   8|0x00000000a2400000, 0x00000000a2500000, 0x00000000a2500000|100%|HC|  |TAMS 0x00000000a2500000, 0x00000000a2400000| Complete 
|   9|0x00000000a2500000, 0x00000000a2600000, 0x00000000a2600000|100%|HC|  |TAMS 0x00000000a2600000, 0x00000000a2500000| Complete 
|  10|0x00000000a2600000, 0x00000000a2700000, 0x00000000a2700000|100%|HC|  |TAMS 0x00000000a2700000, 0x00000000a2600000| Complete 
|  11|0x00000000a2700000, 0x00000000a2800000, 0x00000000a2800000|100%| O|  |TAMS 0x00000000a2800000, 0x00000000a2700000| Untracked 
|  12|0x00000000a2800000, 0x00000000a2900000, 0x00000000a2900000|100%| O|  |TAMS 0x00000000a2900000, 0x00000000a2800000| Untracked 
|  13|0x00000000a2900000, 0x00000000a2a00000, 0x00000000a2a00000|100%| O|  |TAMS 0x00000000a2a00000, 0x00000000a2900000| Untracked 
|  14|0x00000000a2a00000, 0x00000000a2b00000, 0x00000000a2b00000|100%| O|  |TAMS 0x00000000a2b00000, 0x00000000a2a00000| Untracked 
|  15|0x00000000a2b00000, 0x00000000a2c00000, 0x00000000a2c00000|100%| O|  |TAMS 0x00000000a2c00000, 0x00000000a2b00000| Untracked 
|  16|0x00000000a2c00000, 0x00000000a2d00000, 0x00000000a2d00000|100%| O|  |TAMS 0x00000000a2d00000, 0x00000000a2c00000| Untracked 
|  17|0x00000000a2d00000, 0x00000000a2e00000, 0x00000000a2e00000|100%| O|  |TAMS 0x00000000a2e00000, 0x00000000a2d00000| Untracked 
|  18|0x00000000a2e00000, 0x00000000a2f00000, 0x00000000a2f00000|100%| O|  |TAMS 0x00000000a2f00000, 0x00000000a2e00000| Untracked 
|  19|0x00000000a2f00000, 0x00000000a3000000, 0x00000000a3000000|100%| O|  |TAMS 0x00000000a3000000, 0x00000000a2f00000| Untracked 
|  20|0x00000000a3000000, 0x00000000a3100000, 0x00000000a3100000|100%| O|  |TAMS 0x00000000a3100000, 0x00000000a3000000| Untracked 
|  21|0x00000000a3100000, 0x00000000a3200000, 0x00000000a3200000|100%| O|  |TAMS 0x00000000a3200000, 0x00000000a3100000| Untracked 
|  22|0x00000000a3200000, 0x00000000a3300000, 0x00000000a3300000|100%|HS|  |TAMS 0x00000000a3300000, 0x00000000a3200000| Complete 
|  23|0x00000000a3300000, 0x00000000a3400000, 0x00000000a3400000|100%|HC|  |TAMS 0x00000000a3400000, 0x00000000a3300000| Complete 
|  24|0x00000000a3400000, 0x00000000a3500000, 0x00000000a3500000|100%| O|  |TAMS 0x00000000a3500000, 0x00000000a3400000| Untracked 
|  25|0x00000000a3500000, 0x00000000a3600000, 0x00000000a3600000|100%| O|  |TAMS 0x00000000a3600000, 0x00000000a3500000| Untracked 
|  26|0x00000000a3600000, 0x00000000a3700000, 0x00000000a3700000|100%| O|  |TAMS 0x00000000a3700000, 0x00000000a3600000| Untracked 
|  27|0x00000000a3700000, 0x00000000a3800000, 0x00000000a3800000|100%| O|  |TAMS 0x00000000a3800000, 0x00000000a3700000| Untracked 
|  28|0x00000000a3800000, 0x00000000a3900000, 0x00000000a3900000|100%| O|  |TAMS 0x00000000a3900000, 0x00000000a3800000| Untracked 
|  29|0x00000000a3900000, 0x00000000a3a00000, 0x00000000a3a00000|100%| O|  |TAMS 0x00000000a3a00000, 0x00000000a3900000| Untracked 
|  30|0x00000000a3a00000, 0x00000000a3a00000, 0x00000000a3b00000|  0%| F|  |TAMS 0x00000000a3a00000, 0x00000000a3a00000| Untracked 
|  31|0x00000000a3b00000, 0x00000000a3b00000, 0x00000000a3c00000|  0%| F|  |TAMS 0x00000000a3b00000, 0x00000000a3b00000| Untracked 
|  32|0x00000000a3c00000, 0x00000000a3d00000, 0x00000000a3d00000|100%| O|  |TAMS 0x00000000a3d00000, 0x00000000a3c00000| Untracked 
|  33|0x00000000a3d00000, 0x00000000a3e00000, 0x00000000a3e00000|100%| O|  |TAMS 0x00000000a3e00000, 0x00000000a3d00000| Untracked 
|  34|0x00000000a3e00000, 0x00000000a3f00000, 0x00000000a3f00000|100%| O|  |TAMS 0x00000000a3f00000, 0x00000000a3e00000| Untracked 
|  35|0x00000000a3f00000, 0x00000000a4000000, 0x00000000a4000000|100%| O|  |TAMS 0x00000000a4000000, 0x00000000a3f00000| Untracked 
|  36|0x00000000a4000000, 0x00000000a4100000, 0x00000000a4100000|100%| O|  |TAMS 0x00000000a4100000, 0x00000000a4000000| Untracked 
|  37|0x00000000a4100000, 0x00000000a4200000, 0x00000000a4200000|100%| O|  |TAMS 0x00000000a4200000, 0x00000000a4100000| Untracked 
|  38|0x00000000a4200000, 0x00000000a4300000, 0x00000000a4300000|100%| O|  |TAMS 0x00000000a4300000, 0x00000000a4200000| Untracked 
|  39|0x00000000a4300000, 0x00000000a4400000, 0x00000000a4400000|100%| O|  |TAMS 0x00000000a4400000, 0x00000000a4300000| Untracked 
|  40|0x00000000a4400000, 0x00000000a4500000, 0x00000000a4500000|100%| O|  |TAMS 0x00000000a4500000, 0x00000000a4400000| Untracked 
|  41|0x00000000a4500000, 0x00000000a4600000, 0x00000000a4600000|100%| O|  |TAMS 0x00000000a4600000, 0x00000000a4500000| Untracked 
|  42|0x00000000a4600000, 0x00000000a4700000, 0x00000000a4700000|100%| O|  |TAMS 0x00000000a4700000, 0x00000000a4600000| Untracked 
|  43|0x00000000a4700000, 0x00000000a4800000, 0x00000000a4800000|100%| O|  |TAMS 0x00000000a4755c00, 0x00000000a4700000| Untracked 
|  44|0x00000000a4800000, 0x00000000a4900000, 0x00000000a4900000|100%| O|  |TAMS 0x00000000a4800000, 0x00000000a4800000| Untracked 
|  45|0x00000000a4900000, 0x00000000a4a00000, 0x00000000a4a00000|100%| O|  |TAMS 0x00000000a4900000, 0x00000000a4900000| Untracked 
|  46|0x00000000a4a00000, 0x00000000a4b00000, 0x00000000a4b00000|100%| O|  |TAMS 0x00000000a4a00000, 0x00000000a4a00000| Untracked 
|  47|0x00000000a4b00000, 0x00000000a4c00000, 0x00000000a4c00000|100%| O|  |TAMS 0x00000000a4b00000, 0x00000000a4b00000| Untracked 
|  48|0x00000000a4c00000, 0x00000000a4d00000, 0x00000000a4d00000|100%| O|  |TAMS 0x00000000a4c00000, 0x00000000a4c00000| Untracked 
|  49|0x00000000a4d00000, 0x00000000a4d9ea00, 0x00000000a4e00000| 61%| O|  |TAMS 0x00000000a4d00000, 0x00000000a4d00000| Untracked 
|  50|0x00000000a4e00000, 0x00000000a4e00000, 0x00000000a4f00000|  0%| F|  |TAMS 0x00000000a4e00000, 0x00000000a4e00000| Untracked 
|  51|0x00000000a4f00000, 0x00000000a4f00000, 0x00000000a5000000|  0%| F|  |TAMS 0x00000000a4f00000, 0x00000000a4f00000| Untracked 
|  52|0x00000000a5000000, 0x00000000a5000000, 0x00000000a5100000|  0%| F|  |TAMS 0x00000000a5000000, 0x00000000a5000000| Untracked 
|  53|0x00000000a5100000, 0x00000000a5100000, 0x00000000a5200000|  0%| F|  |TAMS 0x00000000a5100000, 0x00000000a5100000| Untracked 
|  54|0x00000000a5200000, 0x00000000a5200000, 0x00000000a5300000|  0%| F|  |TAMS 0x00000000a5200000, 0x00000000a5200000| Untracked 
|  55|0x00000000a5300000, 0x00000000a5300000, 0x00000000a5400000|  0%| F|  |TAMS 0x00000000a5300000, 0x00000000a5300000| Untracked 
|  56|0x00000000a5400000, 0x00000000a5400000, 0x00000000a5500000|  0%| F|  |TAMS 0x00000000a5400000, 0x00000000a5400000| Untracked 
|  57|0x00000000a5500000, 0x00000000a5500000, 0x00000000a5600000|  0%| F|  |TAMS 0x00000000a5500000, 0x00000000a5500000| Untracked 
|  58|0x00000000a5600000, 0x00000000a5600000, 0x00000000a5700000|  0%| F|  |TAMS 0x00000000a5600000, 0x00000000a5600000| Untracked 
|  59|0x00000000a5700000, 0x00000000a5700000, 0x00000000a5800000|  0%| F|  |TAMS 0x00000000a5700000, 0x00000000a5700000| Untracked 
|  60|0x00000000a5800000, 0x00000000a5800000, 0x00000000a5900000|  0%| F|  |TAMS 0x00000000a5800000, 0x00000000a5800000| Untracked 
|  61|0x00000000a5900000, 0x00000000a5900000, 0x00000000a5a00000|  0%| F|  |TAMS 0x00000000a5900000, 0x00000000a5900000| Untracked 
|  62|0x00000000a5a00000, 0x00000000a5a00000, 0x00000000a5b00000|  0%| F|  |TAMS 0x00000000a5a00000, 0x00000000a5a00000| Untracked 
|  63|0x00000000a5b00000, 0x00000000a5b00000, 0x00000000a5c00000|  0%| F|  |TAMS 0x00000000a5b00000, 0x00000000a5b00000| Untracked 
|  64|0x00000000a5c00000, 0x00000000a5c00000, 0x00000000a5d00000|  0%| F|  |TAMS 0x00000000a5c00000, 0x00000000a5c00000| Untracked 
|  65|0x00000000a5d00000, 0x00000000a5d00000, 0x00000000a5e00000|  0%| F|  |TAMS 0x00000000a5d00000, 0x00000000a5d00000| Untracked 
|  66|0x00000000a5e00000, 0x00000000a5e00000, 0x00000000a5f00000|  0%| F|  |TAMS 0x00000000a5e00000, 0x00000000a5e00000| Untracked 
|  67|0x00000000a5f00000, 0x00000000a5f00000, 0x00000000a6000000|  0%| F|  |TAMS 0x00000000a5f00000, 0x00000000a5f00000| Untracked 
|  68|0x00000000a6000000, 0x00000000a6000000, 0x00000000a6100000|  0%| F|  |TAMS 0x00000000a6000000, 0x00000000a6000000| Untracked 
|  69|0x00000000a6100000, 0x00000000a6100000, 0x00000000a6200000|  0%| F|  |TAMS 0x00000000a6100000, 0x00000000a6100000| Untracked 
|  70|0x00000000a6200000, 0x00000000a6200000, 0x00000000a6300000|  0%| F|  |TAMS 0x00000000a6200000, 0x00000000a6200000| Untracked 
|  71|0x00000000a6300000, 0x00000000a6300000, 0x00000000a6400000|  0%| F|  |TAMS 0x00000000a6300000, 0x00000000a6300000| Untracked 
|  72|0x00000000a6400000, 0x00000000a6400000, 0x00000000a6500000|  0%| F|  |TAMS 0x00000000a6400000, 0x00000000a6400000| Untracked 
|  73|0x00000000a6500000, 0x00000000a6500000, 0x00000000a6600000|  0%| F|  |TAMS 0x00000000a6500000, 0x00000000a6500000| Untracked 
|  74|0x00000000a6600000, 0x00000000a6600000, 0x00000000a6700000|  0%| F|  |TAMS 0x00000000a6600000, 0x00000000a6600000| Untracked 
|  75|0x00000000a6700000, 0x00000000a6700000, 0x00000000a6800000|  0%| F|  |TAMS 0x00000000a6700000, 0x00000000a6700000| Untracked 
|  76|0x00000000a6800000, 0x00000000a6800000, 0x00000000a6900000|  0%| F|  |TAMS 0x00000000a6800000, 0x00000000a6800000| Untracked 
|  77|0x00000000a6900000, 0x00000000a6900000, 0x00000000a6a00000|  0%| F|  |TAMS 0x00000000a6900000, 0x00000000a6900000| Untracked 
|  78|0x00000000a6a00000, 0x00000000a6a00000, 0x00000000a6b00000|  0%| F|  |TAMS 0x00000000a6a00000, 0x00000000a6a00000| Untracked 
|  79|0x00000000a6b00000, 0x00000000a6b00000, 0x00000000a6c00000|  0%| F|  |TAMS 0x00000000a6b00000, 0x00000000a6b00000| Untracked 
|  80|0x00000000a6c00000, 0x00000000a6c00000, 0x00000000a6d00000|  0%| F|  |TAMS 0x00000000a6c00000, 0x00000000a6c00000| Untracked 
|  81|0x00000000a6d00000, 0x00000000a6d00000, 0x00000000a6e00000|  0%| F|  |TAMS 0x00000000a6d00000, 0x00000000a6d00000| Untracked 
|  82|0x00000000a6e00000, 0x00000000a6e00000, 0x00000000a6f00000|  0%| F|  |TAMS 0x00000000a6e00000, 0x00000000a6e00000| Untracked 
|  83|0x00000000a6f00000, 0x00000000a6f00000, 0x00000000a7000000|  0%| F|  |TAMS 0x00000000a6f00000, 0x00000000a6f00000| Untracked 
|  84|0x00000000a7000000, 0x00000000a7049490, 0x00000000a7100000| 28%| S|CS|TAMS 0x00000000a7000000, 0x00000000a7000000| Complete 
|  85|0x00000000a7100000, 0x00000000a7100000, 0x00000000a7200000|  0%| F|  |TAMS 0x00000000a7100000, 0x00000000a7100000| Untracked 
|  95|0x00000000a7b00000, 0x00000000a7b00000, 0x00000000a7c00000|  0%| F|  |TAMS 0x00000000a7b00000, 0x00000000a7b00000| Untracked 

Card table byte_map: [0x000001e0f4b40000,0x000001e0f4e40000] _byte_map_base: 0x000001e0f4632000

Marking Bits (Prev, Next): (CMBitMap*) 0x000001e0dc1ff7a0, (CMBitMap*) 0x000001e0dc1ff760
 Prev Bits: [0x000001e0f68d0000, 0x000001e0f8060000)
 Next Bits: [0x000001e0f5140000, 0x000001e0f68d0000)

Polling page: 0x000001e0dc2a0000

Metaspace:

Usage:
  Non-class:     38.75 MB used.
      Class:      5.31 MB used.
       Both:     44.06 MB used.

Virtual space:
  Non-class space:       40.00 MB reserved,      38.88 MB ( 97%) committed,  5 nodes.
      Class space:        1.00 GB reserved,       5.44 MB ( <1%) committed,  1 nodes.
             Both:        1.04 GB reserved,      44.31 MB (  4%) committed. 

Chunk freelists:
   Non-Class:  576.00 KB
       Class:  2.38 MB
        Both:  2.94 MB

MaxMetaspaceSize: unlimited
CompressedClassSpaceSize: 1.00 GB
Initial GC threshold: 21.00 MB
Current GC threshold: 72.31 MB
CDS: on
MetaspaceReclaimPolicy: balanced
 - commit_granule_bytes: 65536.
 - commit_granule_words: 8192.
 - virtual_space_node_default_size: 1048576.
 - enlarge_chunks_in_place: 1.
 - new_chunks_are_fully_committed: 0.
 - uncommit_free_chunks: 1.
 - use_allocation_guard: 0.
 - handle_deallocations: 1.


Internal statistics:

num_allocs_failed_limit: 9.
num_arena_births: 206.
num_arena_deaths: 0.
num_vsnodes_births: 6.
num_vsnodes_deaths: 0.
num_space_committed: 707.
num_space_uncommitted: 0.
num_chunks_returned_to_freelist: 9.
num_chunks_taken_from_freelist: 1690.
num_chunk_merges: 9.
num_chunk_splits: 1424.
num_chunks_enlarged: 1294.
num_purges: 0.
num_inconsistent_stats: 0.

CodeHeap 'non-profiled nmethods': size=120000Kb used=1902Kb max_used=1902Kb free=118097Kb
 bounds [0x000001e0eccf0000, 0x000001e0ecf60000, 0x000001e0f4220000]
CodeHeap 'profiled nmethods': size=120000Kb used=12194Kb max_used=12194Kb free=107805Kb
 bounds [0x000001e0e57c0000, 0x000001e0e63b0000, 0x000001e0eccf0000]
CodeHeap 'non-nmethods': size=5760Kb used=1291Kb max_used=1325Kb free=4468Kb
 bounds [0x000001e0e5220000, 0x000001e0e5490000, 0x000001e0e57c0000]
 total_blobs=5958 nmethods=5348 adapters=521
 compilation: enabled
              stopped_count=0, restarted_count=0
 full_count=0

Compilation events (20 events):
Event: 8.845 Thread 0x000001e0fa62aa80 5410       1       org.jetbrains.kotlin.metadata.ProtoBuf$Package::getTypeAliasList (5 bytes)
Event: 8.845 Thread 0x000001e0fa62aa80 nmethod 5410 0x000001e0ececa990 code [0x000001e0ececab20, 0x000001e0ececabf8]
Event: 8.845 Thread 0x000001e0fa62aa80 5412       2       org.jetbrains.kotlin.metadata.ProtoBuf$Property::getDefaultInstanceForType (5 bytes)
Event: 8.846 Thread 0x000001e0fa62aa80 nmethod 5412 0x000001e0e63a6c90 code [0x000001e0e63a6e20, 0x000001e0e63a6f38]
Event: 8.846 Thread 0x000001e0fa62aa80 5413       2       org.jetbrains.kotlin.metadata.ProtoBuf$Property::getDefaultInstanceForType (4 bytes)
Event: 8.846 Thread 0x000001e0fa62aa80 nmethod 5413 0x000001e0e63a7010 code [0x000001e0e63a71a0, 0x000001e0e63a72b8]
Event: 8.846 Thread 0x000001e0fa62aa80 5411       1       org.jetbrains.kotlin.load.java.lazy.descriptors.JvmPackageScope::access$getPackageFragment$p (5 bytes)
Event: 8.846 Thread 0x000001e0fa62aa80 nmethod 5411 0x000001e0ececac90 code [0x000001e0ececae20, 0x000001e0ececaed8]
Event: 8.853 Thread 0x000001e0fa621dc0 nmethod 5354% 0x000001e0ececaf90 code [0x000001e0ececb120, 0x000001e0ececb618]
Event: 8.853 Thread 0x000001e0fa621dc0 5362       4       org.jetbrains.kotlin.metadata.ProtoBuf$Type::isInitialized (145 bytes)
Event: 8.857 Thread 0x000001e0fa62aa80 5415       2       java.lang.Byte::hashCode (8 bytes)
Event: 8.857 Thread 0x000001e0fa62aa80 nmethod 5415 0x000001e0e63a7390 code [0x000001e0e63a7520, 0x000001e0e63a7638]
Event: 8.857 Thread 0x000001e0fa62aa80 5416       2       java.lang.Byte::hashCode (2 bytes)
Event: 8.857 Thread 0x000001e0fa62aa80 nmethod 5416 0x000001e0e63a7710 code [0x000001e0e63a78a0, 0x000001e0e63a7998]
Event: 8.858 Thread 0x000001e0fa62aa80 5417       2       java.util.concurrent.atomic.AtomicInteger::getAndIncrement (12 bytes)
Event: 8.858 Thread 0x000001e0fa62aa80 nmethod 5417 0x000001e0e63a7a10 code [0x000001e0e63a7ba0, 0x000001e0e63a7cb8]
Event: 8.858 Thread 0x000001e0fa62aa80 5418       2       org.jetbrains.kotlin.com.intellij.openapi.util.Key::<init> (42 bytes)
Event: 8.858 Thread 0x000001e0fa62aa80 nmethod 5418 0x000001e0e63a7d90 code [0x000001e0e63a7f40, 0x000001e0e63a8128]
Event: 8.858 Thread 0x000001e0fa62aa80 5419       2       org.jetbrains.kotlin.com.intellij.util.containers.ConcurrentIntKeyRefValueHashMap::put (40 bytes)
Event: 8.859 Thread 0x000001e0fa62aa80 nmethod 5419 0x000001e0e63a8210 code [0x000001e0e63a8400, 0x000001e0e63a86b8]

GC Heap History (20 events):
Event: 3.836 GC heap after
{Heap after GC invocations=5 (full 0):
 garbage-first heap   total 65536K, used 24190K [0x00000000a1c00000, 0x0000000100000000)
  region size 1024K, 5 young (5120K), 5 survivors (5120K)
 Metaspace       used 26262K, committed 26496K, reserved 1073152K
  class space    used 3554K, committed 3648K, reserved 1048576K
}
Event: 4.348 GC heap before
{Heap before GC invocations=5 (full 0):
 garbage-first heap   total 65536K, used 44670K [0x00000000a1c00000, 0x0000000100000000)
  region size 1024K, 26 young (26624K), 5 survivors (5120K)
 Metaspace       used 30091K, committed 30272K, reserved 1081344K
  class space    used 3935K, committed 4032K, reserved 1048576K
}
Event: 4.372 GC heap after
{Heap after GC invocations=6 (full 0):
 garbage-first heap   total 65536K, used 25782K [0x00000000a1c00000, 0x0000000100000000)
  region size 1024K, 4 young (4096K), 4 survivors (4096K)
 Metaspace       used 30091K, committed 30272K, reserved 1081344K
  class space    used 3935K, committed 4032K, reserved 1048576K
}
Event: 5.115 GC heap before
{Heap before GC invocations=6 (full 0):
 garbage-first heap   total 65536K, used 45238K [0x00000000a1c00000, 0x0000000100000000)
  region size 1024K, 24 young (24576K), 4 survivors (4096K)
 Metaspace       used 34849K, committed 35136K, reserved 1081344K
  class space    used 4380K, committed 4480K, reserved 1048576K
}
Event: 5.131 GC heap after
{Heap after GC invocations=7 (full 0):
 garbage-first heap   total 79872K, used 27827K [0x00000000a1c00000, 0x0000000100000000)
  region size 1024K, 2 young (2048K), 2 survivors (2048K)
 Metaspace       used 34849K, committed 35136K, reserved 1081344K
  class space    used 4380K, committed 4480K, reserved 1048576K
}
Event: 5.284 GC heap before
{Heap before GC invocations=7 (full 0):
 garbage-first heap   total 79872K, used 31923K [0x00000000a1c00000, 0x0000000100000000)
  region size 1024K, 7 young (7168K), 2 survivors (2048K)
 Metaspace       used 36122K, committed 36288K, reserved 1081344K
  class space    used 4528K, committed 4608K, reserved 1048576K
}
Event: 5.295 GC heap after
{Heap after GC invocations=8 (full 0):
 garbage-first heap   total 79872K, used 28041K [0x00000000a1c00000, 0x0000000100000000)
  region size 1024K, 3 young (3072K), 3 survivors (3072K)
 Metaspace       used 36122K, committed 36288K, reserved 1081344K
  class space    used 4528K, committed 4608K, reserved 1048576K
}
Event: 6.018 GC heap before
{Heap before GC invocations=9 (full 0):
 garbage-first heap   total 79872K, used 61833K [0x00000000a1c00000, 0x0000000100000000)
  region size 1024K, 33 young (33792K), 3 survivors (3072K)
 Metaspace       used 39071K, committed 39296K, reserved 1089536K
  class space    used 4874K, committed 4992K, reserved 1048576K
}
Event: 6.039 GC heap after
{Heap after GC invocations=10 (full 0):
 garbage-first heap   total 79872K, used 36026K [0x00000000a1c00000, 0x0000000100000000)
  region size 1024K, 5 young (5120K), 5 survivors (5120K)
 Metaspace       used 39071K, committed 39296K, reserved 1089536K
  class space    used 4874K, committed 4992K, reserved 1048576K
}
Event: 6.473 GC heap before
{Heap before GC invocations=11 (full 0):
 garbage-first heap   total 79872K, used 59578K [0x00000000a1c00000, 0x0000000100000000)
  region size 1024K, 28 young (28672K), 5 survivors (5120K)
 Metaspace       used 40710K, committed 40960K, reserved 1089536K
  class space    used 5060K, committed 5120K, reserved 1048576K
}
Event: 6.491 GC heap after
{Heap after GC invocations=12 (full 0):
 garbage-first heap   total 79872K, used 39377K [0x00000000a1c00000, 0x0000000100000000)
  region size 1024K, 3 young (3072K), 3 survivors (3072K)
 Metaspace       used 40710K, committed 40960K, reserved 1089536K
  class space    used 5060K, committed 5120K, reserved 1048576K
}
Event: 7.345 GC heap before
{Heap before GC invocations=12 (full 0):
 garbage-first heap   total 79872K, used 60881K [0x00000000a1c00000, 0x0000000100000000)
  region size 1024K, 24 young (24576K), 3 survivors (3072K)
 Metaspace       used 42046K, committed 42304K, reserved 1089536K
  class space    used 5130K, committed 5248K, reserved 1048576K
}
Event: 7.367 GC heap after
{Heap after GC invocations=13 (full 0):
 garbage-first heap   total 79872K, used 43059K [0x00000000a1c00000, 0x0000000100000000)
  region size 1024K, 3 young (3072K), 3 survivors (3072K)
 Metaspace       used 42046K, committed 42304K, reserved 1089536K
  class space    used 5130K, committed 5248K, reserved 1048576K
}
Event: 8.119 GC heap before
{Heap before GC invocations=14 (full 0):
 garbage-first heap   total 79872K, used 61491K [0x00000000a1c00000, 0x0000000100000000)
  region size 1024K, 21 young (21504K), 3 survivors (3072K)
 Metaspace       used 42379K, committed 42624K, reserved 1089536K
  class space    used 5131K, committed 5248K, reserved 1048576K
}
Event: 8.139 GC heap after
{Heap after GC invocations=15 (full 0):
 garbage-first heap   total 79872K, used 46660K [0x00000000a1c00000, 0x0000000100000000)
  region size 1024K, 3 young (3072K), 3 survivors (3072K)
 Metaspace       used 42379K, committed 42624K, reserved 1089536K
  class space    used 5131K, committed 5248K, reserved 1048576K
}
Event: 8.454 GC heap before
{Heap before GC invocations=15 (full 0):
 garbage-first heap   total 79872K, used 62020K [0x00000000a1c00000, 0x0000000100000000)
  region size 1024K, 18 young (18432K), 3 survivors (3072K)
 Metaspace       used 43694K, committed 43904K, reserved 1089536K
  class space    used 5257K, committed 5312K, reserved 1048576K
}
Event: 8.470 GC heap after
{Heap after GC invocations=16 (full 0):
 garbage-first heap   total 79872K, used 48339K [0x00000000a1c00000, 0x0000000100000000)
  region size 1024K, 2 young (2048K), 2 survivors (2048K)
 Metaspace       used 43694K, committed 43904K, reserved 1089536K
  class space    used 5257K, committed 5312K, reserved 1048576K
}
Event: 8.819 GC heap before
{Heap before GC invocations=17 (full 0):
 garbage-first heap   total 89088K, used 62675K [0x00000000a1c00000, 0x0000000100000000)
  region size 1024K, 16 young (16384K), 2 survivors (2048K)
 Metaspace       used 44911K, committed 45248K, reserved 1089536K
  class space    used 5403K, committed 5568K, reserved 1048576K
}
Event: 8.835 GC heap after
{Heap after GC invocations=18 (full 0):
 garbage-first heap   total 89088K, used 49866K [0x00000000a1c00000, 0x0000000100000000)
  region size 1024K, 2 young (2048K), 2 survivors (2048K)
 Metaspace       used 44911K, committed 45248K, reserved 1089536K
  class space    used 5403K, committed 5568K, reserved 1048576K
}
Event: 8.864 GC heap before
{Heap before GC invocations=18 (full 0):
 garbage-first heap   total 89088K, used 51914K [0x00000000a1c00000, 0x0000000100000000)
  region size 1024K, 4 young (4096K), 2 survivors (2048K)
 Metaspace       used 45115K, committed 45376K, reserved 1089536K
  class space    used 5433K, committed 5568K, reserved 1048576K
}

Deoptimization events (20 events):
Event: 8.731 Thread 0x000001e0dc1c9510 DEOPT PACKING pc=0x000001e0ece91604 sp=0x000000060a2fb9c0
Event: 8.731 Thread 0x000001e0dc1c9510 DEOPT UNPACKING pc=0x000001e0e52723a3 sp=0x000000060a2fb9c0 mode 2
Event: 8.731 Thread 0x000001e0dc1c9510 Uncommon trap: trap_request=0xffffffc6 fr.pc=0x000001e0ece91604 relative=0x00000000000029a4
Event: 8.731 Thread 0x000001e0dc1c9510 Uncommon trap: reason=bimorphic_or_optimized_type_check action=maybe_recompile pc=0x000001e0ece91604 method=kotlin.collections.CollectionsKt__MutableCollectionsKt.addAll(Ljava/util/Collection;Ljava/lang/Iterable;)Z @ 24 c2
Event: 8.731 Thread 0x000001e0dc1c9510 DEOPT PACKING pc=0x000001e0ece91604 sp=0x000000060a2fb9c0
Event: 8.731 Thread 0x000001e0dc1c9510 DEOPT UNPACKING pc=0x000001e0e52723a3 sp=0x000000060a2fb9c0 mode 2
Event: 8.731 Thread 0x000001e0dc1c9510 Uncommon trap: trap_request=0xffffffc6 fr.pc=0x000001e0ece91604 relative=0x00000000000029a4
Event: 8.732 Thread 0x000001e0dc1c9510 Uncommon trap: reason=bimorphic_or_optimized_type_check action=maybe_recompile pc=0x000001e0ece91604 method=kotlin.collections.CollectionsKt__MutableCollectionsKt.addAll(Ljava/util/Collection;Ljava/lang/Iterable;)Z @ 24 c2
Event: 8.732 Thread 0x000001e0dc1c9510 DEOPT PACKING pc=0x000001e0ece91604 sp=0x000000060a2fb9c0
Event: 8.732 Thread 0x000001e0dc1c9510 DEOPT UNPACKING pc=0x000001e0e52723a3 sp=0x000000060a2fb9c0 mode 2
Event: 8.732 Thread 0x000001e0dc1c9510 Uncommon trap: trap_request=0xffffffc6 fr.pc=0x000001e0ece91604 relative=0x00000000000029a4
Event: 8.732 Thread 0x000001e0dc1c9510 Uncommon trap: reason=bimorphic_or_optimized_type_check action=maybe_recompile pc=0x000001e0ece91604 method=kotlin.collections.CollectionsKt__MutableCollectionsKt.addAll(Ljava/util/Collection;Ljava/lang/Iterable;)Z @ 24 c2
Event: 8.732 Thread 0x000001e0dc1c9510 DEOPT PACKING pc=0x000001e0ece91604 sp=0x000000060a2fb9c0
Event: 8.732 Thread 0x000001e0dc1c9510 DEOPT UNPACKING pc=0x000001e0e52723a3 sp=0x000000060a2fb9c0 mode 2
Event: 8.755 Thread 0x000001e0dc1c9510 Uncommon trap: trap_request=0xffffff45 fr.pc=0x000001e0ece60fcc relative=0x0000000000000f4c
Event: 8.755 Thread 0x000001e0dc1c9510 Uncommon trap: reason=unstable_if action=reinterpret pc=0x000001e0ece60fcc method=gnu.trove.TObjectHash.insertionIndex(Ljava/lang/Object;)I @ 182 c2
Event: 8.755 Thread 0x000001e0dc1c9510 DEOPT PACKING pc=0x000001e0ece60fcc sp=0x000000060a2fb8a0
Event: 8.755 Thread 0x000001e0dc1c9510 DEOPT UNPACKING pc=0x000001e0e52723a3 sp=0x000000060a2fb848 mode 2
Event: 8.839 Thread 0x000001e0dc1c9510 DEOPT PACKING pc=0x000001e0e5b689be sp=0x000000060a2fa590
Event: 8.839 Thread 0x000001e0dc1c9510 DEOPT UNPACKING pc=0x000001e0e5272b43 sp=0x000000060a2f9a08 mode 0

Classes unloaded (0 events):
No events

Classes redefined (0 events):
No events

Internal exceptions (20 events):
Event: 1.999 Thread 0x000001e0dc1c9510 Exception <a 'java/lang/NoSuchMethodError'{0x00000000a62ef190}: 'long java.lang.invoke.DirectMethodHandle$Holder.invokeStaticInit(java.lang.Object)'> (0x00000000a62ef190) 
thrown [t:\workspace\open\src\hotspot\share\interpreter\linkResolver.cpp, line 766]
Event: 2.105 Thread 0x000001e0dc1c9510 Exception <a 'java/lang/NoSuchMethodError'{0x00000000a5ee5f18}: 'int java.lang.invoke.DirectMethodHandle$Holder.invokeStaticInit(java.lang.Object, java.lang.Object, java.lang.Object)'> (0x00000000a5ee5f18) 
thrown [t:\workspace\open\src\hotspot\share\interpreter\linkResolver.cpp, line 766]
Event: 2.111 Thread 0x000001e0dc1c9510 Exception <a 'java/lang/NoSuchMethodError'{0x00000000a5d0e908}: 'int java.lang.invoke.DirectMethodHandle$Holder.invokeStaticInit(java.lang.Object, java.lang.Object)'> (0x00000000a5d0e908) 
thrown [t:\workspace\open\src\hotspot\share\interpreter\linkResolver.cpp, line 766]
Event: 2.139 Thread 0x000001e0dc1c9510 Exception <a 'java/lang/NoSuchMethodError'{0x00000000a5de9d28}: 'void java.lang.invoke.DirectMethodHandle$Holder.invokeSpecial(java.lang.Object, java.lang.Object, java.lang.Object)'> (0x00000000a5de9d28) 
thrown [t:\workspace\open\src\hotspot\share\interpreter\linkResolver.cpp, line 766]
Event: 2.312 Thread 0x000001e0dc1c9510 Exception <a 'java/lang/NoSuchMethodError'{0x00000000a592dbd0}: 'java.lang.Object java.lang.invoke.DirectMethodHandle$Holder.invokeInterface(java.lang.Object, java.lang.Object)'> (0x00000000a592dbd0) 
thrown [t:\workspace\open\src\hotspot\share\interpreter\linkResolver.cpp, line 766]
Event: 2.550 Thread 0x000001e0dc1c9510 Exception <a 'java/lang/NoSuchMethodError'{0x00000000a52cda20}: 'void java.lang.invoke.DirectMethodHandle$Holder.invokeStatic(java.lang.Object, java.lang.Object, java.lang.Object, java.lang.Object)'> (0x00000000a52cda20) 
thrown [t:\workspace\open\src\hotspot\share\interpreter\linkResolver.cpp, line 766]
Event: 2.652 Thread 0x000001e0dc1c9510 Exception <a 'java/lang/NoSuchMethodError'{0x00000000a4e755a0}: 'void java.lang.invoke.DirectMethodHandle$Holder.invokeStaticInit(java.lang.Object, java.lang.Object)'> (0x00000000a4e755a0) 
thrown [t:\workspace\open\src\hotspot\share\interpreter\linkResolver.cpp, line 766]
Event: 2.769 Thread 0x000001e0dc1c9510 Exception <a 'java/lang/NoSuchMethodError'{0x00000000a4a96660}: 'void java.lang.invoke.DirectMethodHandle$Holder.invokeVirtual(java.lang.Object, java.lang.Object)'> (0x00000000a4a96660) 
thrown [t:\workspace\open\src\hotspot\share\interpreter\linkResolver.cpp, line 766]
Event: 2.788 Thread 0x000001e0dc1c9510 Exception <a 'java/lang/NoSuchMethodError'{0x00000000a4920be8}: 'int java.lang.invoke.DirectMethodHandle$Holder.invokeVirtual(java.lang.Object, java.lang.Object)'> (0x00000000a4920be8) 
thrown [t:\workspace\open\src\hotspot\share\interpreter\linkResolver.cpp, line 766]
Event: 2.816 Thread 0x000001e0dc1c9510 Exception <a 'java/lang/NoSuchMethodError'{0x00000000a49c78d0}: 'java.lang.Object java.lang.invoke.Invokers$Holder.invokeExact_MT(java.lang.Object, java.lang.Object, java.lang.Object, java.lang.Object, java.lang.Object, java.lang.Object)'> (0x00000000a49c78d0) 
thrown [t:\workspace\open\src\hotspot\share\interpreter\linkResolver.cpp, line 766]
Event: 3.880 Thread 0x000001e0dc1c9510 Exception <a 'java/lang/NoSuchMethodError'{0x00000000a5ad7400}: 'java.lang.Object java.lang.invoke.DirectMethodHandle$Holder.invokeVirtual(java.lang.Object, java.lang.Object, java.lang.Object)'> (0x00000000a5ad7400) 
thrown [t:\workspace\open\src\hotspot\share\interpreter\linkResolver.cpp, line 766]
Event: 5.090 Thread 0x000001e0dc1c9510 Exception <a 'java/lang/NoSuchMethodError'{0x00000000a48a5528}: 'java.lang.Object java.lang.invoke.DirectMethodHandle$Holder.newInvokeSpecial(java.lang.Object, java.lang.Object, int)'> (0x00000000a48a5528) 
thrown [t:\workspace\open\src\hotspot\share\interpreter\linkResolver.cpp, line 766]
Event: 5.228 Thread 0x000001e0dc1c9510 Exception <a 'java/lang/NoSuchMethodError'{0x00000000a6792110}: 'java.lang.Object java.lang.invoke.DirectMethodHandle$Holder.newInvokeSpecial(java.lang.Object, java.lang.Object, java.lang.Object, int)'> (0x00000000a6792110) 
thrown [t:\workspace\open\src\hotspot\share\interpreter\linkResolver.cpp, line 766]
Event: 5.228 Thread 0x000001e0dc1c9510 Exception <a 'java/lang/NoSuchMethodError'{0x00000000a6796798}: 'java.lang.Object java.lang.invoke.DirectMethodHandle$Holder.invokeSpecial(java.lang.Object, java.lang.Object, java.lang.Object, java.lang.Object, int)'> (0x00000000a6796798) 
thrown [t:\workspace\open\src\hotspot\share\interpreter\linkResolver.cpp, line 766]
Event: 5.229 Thread 0x000001e0dc1c9510 Exception <a 'java/lang/NoSuchMethodError'{0x00000000a679a608}: 'java.lang.Object java.lang.invoke.Invokers$Holder.linkToTargetMethod(java.lang.Object, java.lang.Object, int, java.lang.Object)'> (0x00000000a679a608) 
thrown [t:\workspace\open\src\hotspot\share\interpreter\linkResolver.cpp, line 766]
Event: 6.552 Thread 0x000001e0dc1c9510 Exception <a 'java/lang/NoSuchMethodError'{0x00000000a674ef50}: 'java.lang.Object java.lang.invoke.DirectMethodHandle$Holder.invokeStaticInit(java.lang.Object, java.lang.Object, java.lang.Object)'> (0x00000000a674ef50) 
thrown [t:\workspace\open\src\hotspot\share\interpreter\linkResolver.cpp, line 766]
Event: 7.773 Thread 0x000001e0dc1c9510 Implicit null exception at 0x000001e0ecd43b71 to 0x000001e0ecd43d58
Event: 8.600 Thread 0x000001e0dc1c9510 Implicit null exception at 0x000001e0ecde8b1e to 0x000001e0ecde8c98
Event: 8.600 Thread 0x000001e0dc1c9510 Implicit null exception at 0x000001e0ecd51558 to 0x000001e0ecd515ee
Event: 8.705 Thread 0x000001e0dc1c9510 Exception <a 'java/lang/NoSuchMethodError'{0x00000000a70c79c8}: 'java.lang.Object java.lang.invoke.DirectMethodHandle$Holder.newInvokeSpecial(java.lang.Object, java.lang.Object, java.lang.Object, java.lang.Object, java.lang.Object, java.lang.Object)'> (0x00000000a70c79c8) 
thrown [t:\workspace\open\src\hotspot\share\interpreter\linkResolver.cpp, line 766]

VM Operations (20 events):
Event: 8.329 Executing VM operation: ICBufferFull done
Event: 8.360 Executing VM operation: HandshakeAllThreads
Event: 8.360 Executing VM operation: HandshakeAllThreads done
Event: 8.453 Executing VM operation: G1CollectForAllocation
Event: 8.470 Executing VM operation: G1CollectForAllocation done
Event: 8.520 Executing VM operation: HandshakeAllThreads
Event: 8.520 Executing VM operation: HandshakeAllThreads done
Event: 8.610 Executing VM operation: G1Concurrent
Event: 8.619 Executing VM operation: G1Concurrent done
Event: 8.635 Executing VM operation: HandshakeAllThreads
Event: 8.635 Executing VM operation: HandshakeAllThreads done
Event: 8.687 Executing VM operation: G1Concurrent
Event: 8.687 Executing VM operation: G1Concurrent done
Event: 8.698 Executing VM operation: HandshakeAllThreads
Event: 8.698 Executing VM operation: HandshakeAllThreads done
Event: 8.727 Executing VM operation: HandshakeAllThreads
Event: 8.727 Executing VM operation: HandshakeAllThreads done
Event: 8.818 Executing VM operation: G1CollectForAllocation
Event: 8.835 Executing VM operation: G1CollectForAllocation done
Event: 8.864 Executing VM operation: G1CollectForAllocation

Events (20 events):
Event: 5.051 loading class java/util/BitSet
Event: 5.051 loading class java/util/BitSet done
Event: 5.053 loading class java/util/PrimitiveIterator$OfInt
Event: 5.053 loading class java/util/PrimitiveIterator
Event: 5.053 loading class java/util/PrimitiveIterator done
Event: 5.053 loading class java/util/PrimitiveIterator$OfInt done
Event: 5.088 loading class java/util/function/IntUnaryOperator
Event: 5.088 loading class java/util/function/IntUnaryOperator done
Event: 5.200 loading class java/util/ArrayList$ListItr
Event: 5.200 loading class java/util/ArrayList$ListItr done
Event: 5.312 loading class java/util/AbstractList$SubList$1
Event: 5.312 loading class java/util/AbstractList$SubList$1 done
Event: 5.312 loading class java/util/AbstractList$ListItr
Event: 5.312 loading class java/util/AbstractList$ListItr done
Event: 5.434 loading class java/text/StringCharacterIterator
Event: 5.434 loading class java/text/CharacterIterator
Event: 5.434 loading class java/text/CharacterIterator done
Event: 5.434 loading class java/text/StringCharacterIterator done
Event: 6.395 loading class java/util/RegularEnumSet$EnumSetIterator
Event: 6.395 loading class java/util/RegularEnumSet$EnumSetIterator done


Dynamic libraries:
0x00007ff7009f0000 - 0x00007ff7009fe000 	C:\Program Files\Microsoft\jdk-17.0.2\bin\java.exe
0x00007ffd2cc70000 - 0x00007ffd2ce68000 	C:\Windows\SYSTEM32\ntdll.dll
0x00007ffd2bc90000 - 0x00007ffd2bd51000 	C:\Windows\System32\KERNEL32.DLL
0x00007ffd2a320000 - 0x00007ffd2a616000 	C:\Windows\System32\KERNELBASE.dll
0x00007ffd2a840000 - 0x00007ffd2a940000 	C:\Windows\System32\ucrtbase.dll
0x00007ffd23340000 - 0x00007ffd2335a000 	C:\Program Files\Microsoft\jdk-17.0.2\bin\VCRUNTIME140.dll
0x00007ffd23a10000 - 0x00007ffd23a28000 	C:\Program Files\Microsoft\jdk-17.0.2\bin\jli.dll
0x00007ffd2aca0000 - 0x00007ffd2ae3f000 	C:\Windows\System32\USER32.dll
0x00007ffd2a620000 - 0x00007ffd2a642000 	C:\Windows\System32\win32u.dll
0x00007ffd1a560000 - 0x00007ffd1a7fa000 	C:\Windows\WinSxS\amd64_microsoft.windows.common-controls_6595b64144ccf1df_6.0.19041.4355_none_60b8b9eb71f62e16\COMCTL32.dll
0x00007ffd2bc60000 - 0x00007ffd2bc8b000 	C:\Windows\System32\GDI32.dll
0x00007ffd2c8c0000 - 0x00007ffd2c95e000 	C:\Windows\System32\msvcrt.dll
0x00007ffd2aa20000 - 0x00007ffd2ab37000 	C:\Windows\System32\gdi32full.dll
0x00007ffd2a6a0000 - 0x00007ffd2a73d000 	C:\Windows\System32\msvcp_win.dll
0x00007ffd2c7b0000 - 0x00007ffd2c7df000 	C:\Windows\System32\IMM32.DLL
0x00007ffd26500000 - 0x00007ffd2650c000 	C:\Program Files\Microsoft\jdk-17.0.2\bin\vcruntime140_1.dll
0x00007ffd1df50000 - 0x00007ffd1dfdd000 	C:\Program Files\Microsoft\jdk-17.0.2\bin\msvcp140.dll
0x00007ffd00520000 - 0x00007ffd010e1000 	C:\Program Files\Microsoft\jdk-17.0.2\bin\server\jvm.dll
0x00007ffd2b660000 - 0x00007ffd2b710000 	C:\Windows\System32\ADVAPI32.dll
0x00007ffd2aed0000 - 0x00007ffd2af70000 	C:\Windows\System32\sechost.dll
0x00007ffd2c960000 - 0x00007ffd2ca83000 	C:\Windows\System32\RPCRT4.dll
0x00007ffd2a940000 - 0x00007ffd2a967000 	C:\Windows\System32\bcrypt.dll
0x00007ffd2b060000 - 0x00007ffd2b068000 	C:\Windows\System32\PSAPI.DLL
0x00007ffd264d0000 - 0x00007ffd264d9000 	C:\Windows\SYSTEM32\WSOCK32.dll
0x00007ffd1bd00000 - 0x00007ffd1bd27000 	C:\Windows\SYSTEM32\WINMM.dll
0x00007ffd21520000 - 0x00007ffd2152a000 	C:\Windows\SYSTEM32\VERSION.dll
0x00007ffd2c590000 - 0x00007ffd2c5fb000 	C:\Windows\System32\WS2_32.dll
0x00007ffd280c0000 - 0x00007ffd280d2000 	C:\Windows\SYSTEM32\kernel.appcore.dll
0x00007ffd23330000 - 0x00007ffd2333a000 	C:\Program Files\Microsoft\jdk-17.0.2\bin\jimage.dll
0x00007ffd11c20000 - 0x00007ffd11e04000 	C:\Windows\SYSTEM32\DBGHELP.DLL
0x00007ffd11b20000 - 0x00007ffd11b54000 	C:\Windows\SYSTEM32\dbgcore.DLL
0x00007ffd2a7b0000 - 0x00007ffd2a832000 	C:\Windows\System32\bcryptPrimitives.dll
0x00007ffd23180000 - 0x00007ffd231a5000 	C:\Program Files\Microsoft\jdk-17.0.2\bin\java.dll
0x00007ffd1d210000 - 0x00007ffd1d2e6000 	C:\Program Files\Microsoft\jdk-17.0.2\bin\jsvml.dll
0x00007ffd2bd60000 - 0x00007ffd2c4cc000 	C:\Windows\System32\SHELL32.dll
0x00007ffd283a0000 - 0x00007ffd28b3e000 	C:\Windows\SYSTEM32\windows.storage.dll
0x00007ffd2b900000 - 0x00007ffd2bc53000 	C:\Windows\System32\combase.dll
0x00007ffd29d40000 - 0x00007ffd29d6e000 	C:\Windows\SYSTEM32\Wldp.dll
0x00007ffd2cb40000 - 0x00007ffd2cc0d000 	C:\Windows\System32\OLEAUT32.dll
0x00007ffd2ca90000 - 0x00007ffd2cb3d000 	C:\Windows\System32\SHCORE.dll
0x00007ffd2c4d0000 - 0x00007ffd2c525000 	C:\Windows\System32\shlwapi.dll
0x00007ffd2a250000 - 0x00007ffd2a274000 	C:\Windows\SYSTEM32\profapi.dll
0x00007ffd23160000 - 0x00007ffd23179000 	C:\Program Files\Microsoft\jdk-17.0.2\bin\net.dll
0x00007ffd23540000 - 0x00007ffd2364a000 	C:\Windows\SYSTEM32\WINHTTP.dll
0x00007ffd29aa0000 - 0x00007ffd29b0a000 	C:\Windows\system32\mswsock.dll
0x00007ffd22d50000 - 0x00007ffd22d66000 	C:\Program Files\Microsoft\jdk-17.0.2\bin\nio.dll
0x00007ffd22210000 - 0x00007ffd22228000 	C:\Program Files\Microsoft\jdk-17.0.2\bin\zip.dll
0x00007ffd27380000 - 0x00007ffd27390000 	C:\Program Files\Microsoft\jdk-17.0.2\bin\verify.dll

dbghelp: loaded successfully - version: 4.0.5 - missing functions: none
symbol engine: initialized successfully - sym options: 0x614 - pdb path: .;C:\Program Files\Microsoft\jdk-17.0.2\bin;C:\Windows\SYSTEM32;C:\Windows\WinSxS\amd64_microsoft.windows.common-controls_6595b64144ccf1df_6.0.19041.4355_none_60b8b9eb71f62e16;C:\Program Files\Microsoft\jdk-17.0.2\bin\server

VM Arguments:
java_command: org.jetbrains.kotlin.cli.jvm.K2JVMCompiler @C:\Users\aanan\Desktop\Latest\android\app\build\20240805_10929173732930113185.compiler.options
java_class_path (initial): C:\Users\aanan\.gradle\caches\modules-2\files-2.1\org.jetbrains.kotlin\kotlin-compiler-embeddable\1.8.0\eb9118d4bcceaa2a94b2ae2a33a4ddba7c9a947f\kotlin-compiler-embeddable-1.8.0.jar;C:\Users\aanan\.gradle\caches\modules-2\files-2.1\org.jetbrains.kotlin\kotlin-stdlib\1.8.0\1796921c7a3e2e2665a83e6c8d33399336cd39bc\kotlin-stdlib-1.8.0.jar;C:\Users\aanan\.gradle\caches\modules-2\files-2.1\org.jetbrains.kotlin\kotlin-script-runtime\1.8.0\b2f7e760d283cb339974851c222a4c1d48f2d3d\kotlin-script-runtime-1.8.0.jar;C:\Users\aanan\.gradle\caches\modules-2\files-2.1\org.jetbrains.kotlin\kotlin-reflect\1.6.10\1cbe9c92c12a94eea200d23c2bbaedaf3daf5132\kotlin-reflect-1.6.10.jar;C:\Users\aanan\.gradle\caches\modules-2\files-2.1\org.jetbrains.kotlin\kotlin-daemon-embeddable\1.8.0\d255216c551685dc3a7e852b53617f5f01aaaa5c\kotlin-daemon-embeddable-1.8.0.jar;C:\Users\aanan\.gradle\caches\modules-2\files-2.1\org.jetbrains.intellij.deps\trove4j\1.0.20200330\3afb14d5f9ceb459d724e907a21145e8ff394f02\trove4j-1.0.20200330.jar;C:\Users\aanan\.gradle\caches\modules-2\files-2.1\net.java.dev.jna\jna\5.6.0\330f2244e9030119ab3030fc3fededc86713d9cc\jna-5.6.0.jar;C:\Users\aanan\.gradle\caches\modules-2\files-2.1\org.jetbrains.kotlin\kotlin-stdlib-common\1.8.0\f7197e7cc76453ac59f8b0f8d5137cc600becd36\kotlin-stdlib-common-1.8.0.jar;C:\Users\aanan\.gradle\caches\modules-2\files-2.1\org.jetbrains\annotations\13.0\919f0dfe192fb4e063e7dacadee7f8bb9a2672a9\annotations-13.0.jar
Launcher Type: SUN_STANDARD

[Global flags]
     intx CICompilerCount                          = 3                                         {product} {ergonomic}
     uint ConcGCThreads                            = 1                                         {product} {ergonomic}
     uint G1ConcRefinementThreads                  = 4                                         {product} {ergonomic}
   size_t G1HeapRegionSize                         = 1048576                                   {product} {ergonomic}
    uintx GCDrainStackTargetSize                   = 64                                        {product} {ergonomic}
   size_t InitialHeapSize                          = 100663296                                 {product} {ergonomic}
   size_t MarkStackSize                            = 4194304                                   {product} {ergonomic}
   size_t MaxHeapSize                              = 1581252608                                {product} {ergonomic}
   size_t MaxNewSize                               = 947912704                                 {product} {ergonomic}
   size_t MinHeapDeltaBytes                        = 1048576                                   {product} {ergonomic}
   size_t MinHeapSize                              = 8388608                                   {product} {ergonomic}
    uintx NonNMethodCodeHeapSize                   = 5832780                                {pd product} {ergonomic}
    uintx NonProfiledCodeHeapSize                  = 122912730                              {pd product} {ergonomic}
    uintx ProfiledCodeHeapSize                     = 122912730                              {pd product} {ergonomic}
    uintx ReservedCodeCacheSize                    = 251658240                              {pd product} {ergonomic}
     bool SegmentedCodeCache                       = true                                      {product} {ergonomic}
   size_t SoftMaxHeapSize                          = 1581252608                             {manageable} {ergonomic}
     bool UseCompressedClassPointers               = true                           {product lp64_product} {ergonomic}
     bool UseCompressedOops                        = true                           {product lp64_product} {ergonomic}
     bool UseG1GC                                  = true                                      {product} {ergonomic}
     bool UseLargePagesIndividualAllocation        = false                                  {pd product} {ergonomic}

Logging:
Log output configuration:
 #0: stdout all=warning uptime,level,tags
 #1: stderr all=off uptime,level,tags

Environment Variables:
JAVA_HOME=C:\Program Files\Microsoft\jdk-17.0.2
CLASSPATH=C:\Users\aanan\Desktop\Latest\android\\gradle\wrapper\gradle-wrapper.jar
PATH=C:\Users\aanan\Desktop\Latest\node_modules\.bin;C:\Users\aanan\Desktop\node_modules\.bin;C:\Users\aanan\node_modules\.bin;C:\Users\node_modules\.bin;C:\node_modules\.bin;C:\Program Files\nodejs\node_modules\npm\node_modules\@npmcli\run-script\lib\node-gyp-bin;C:\Program Files (x86)\Intel\iCLS Client\;C:\Program Files\Intel\iCLS Client\;C:\Windows\system32;C:\Windows;C:\Windows\System32\Wbem;C:\Windows\System32\WindowsPowerShell\v1.0\;C:\Windows\System32\OpenSSH\;C:\Program Files\dotnet\;C:\Program Files\Intel\Intel(R) Management Engine Components\DAL;C:\Program Files\Intel\Intel(R) Management Engine Components\IPT;C:\Program Files (x86)\Intel\Intel(R) Management Engine Components\DAL;C:\Program Files (x86)\Intel\Intel(R) Management Engine Components\IPT;C:\ProgramData\chocolatey\bin;C:\Program Files\nodejs\;C:\Users\aanan\AppData\Local\Android\Sdk\platform-tools;C:\Program Files\Git\cmd;C:\Program Files\Git\mingw64\bin;C:\Program Files\Git\usr\bin;C:\Program Files\Microsoft\jdk-17.0.2\bin;C:\Users\aanan\AppData\Local\Microsoft\WindowsApps;C:\Users\aanan\AppData\Local\Programs\Microsoft VS Code\bin;C:\Users\aanan\AppData\Roaming\npm;
USERNAME=Devendra
OS=Windows_NT
PROCESSOR_IDENTIFIER=Intel64 Family 6 Model 69 Stepping 1, GenuineIntel



---------------  S Y S T E M  ---------------

OS:
 Windows 10 , 64 bit Build 19041 (10.0.19041.4597)
OS uptime: 1 days 23:52 hours

CPU: total 4 (initial active 4) (2 cores per cpu, 2 threads per core) family 6 model 69 stepping 1 microcode 0x25, cx8, cmov, fxsr, ht, mmx, sse, sse2, sse3, ssse3, sse4.1, sse4.2, popcnt, lzcnt, tsc, tscinvbit, avx, avx2, aes, erms, clmul, bmi1, bmi2, fma, vzeroupper, clflush

Memory: 4k page, system-wide physical 6024M (334M free)
TotalPageFile size 8072M (AvailPageFile size 3M)
current process WorkingSet (physical memory assigned to process): 227M, peak: 227M
current process commit charge ("private bytes"): 261M, peak: 270M

vm_info: OpenJDK 64-Bit Server VM (17.0.2+8-86) for windows-amd64 JRE (17.0.2+8-86), built on Dec  7 2021 21:49:10 by "mach5one" with MS VC++ 16.8 / 16.9 (VS2019)

END.
