#
# There is insufficient memory for the Java Runtime Environment to continue.
# Native memory allocation (mmap) failed to map 207618048 bytes for G1 virtual space
# Possible reasons:
#   The system is out of physical RAM or swap space
#   The process is running with CompressedOops enabled, and the Java Heap may be blocking the growth of the native heap
# Possible solutions:
#   Reduce memory load on the system
#   Increase physical memory or swap space
#   Check if swap backing store is full
#   Decrease Java heap size (-Xmx/-Xms)
#   Decrease number of Java threads
#   Decrease Java thread stack sizes (-Xss)
#   Set larger code cache with -XX:ReservedCodeCacheSize=
#   JVM is running with Unscaled Compressed Oops mode in which the Java heap is
#     placed in the first 4GB address space. The Java Heap base address is the
#     maximum limit for the native heap growth. Please use -XX:HeapBaseMinAddress
#     to set the Java Heap base and to place the Java Heap above 4GB virtual address.
# This output file may be truncated or incomplete.
#
#  Out of Memory Error (os_windows.cpp:3532), pid=7960, tid=11404
#
# JRE version: OpenJDK Runtime Environment (17.0.2+8) (build 17.0.2+8-86)
# Java VM: OpenJDK 64-Bit Server VM (17.0.2+8-86, mixed mode, sharing, tiered, compressed oops, compressed class ptrs, g1 gc, windows-amd64)
# No core dump will be written. Minidumps are not enabled by default on client versions of Windows
#

---------------  S U M M A R Y ------------

Command Line: -XX:MaxMetaspaceSize=512m --add-opens=java.base/java.util=ALL-UNNAMED --add-opens=java.base/java.lang=ALL-UNNAMED --add-opens=java.base/java.lang.invoke=ALL-UNNAMED --add-opens=java.prefs/java.util.prefs=ALL-UNNAMED --add-opens=java.base/java.nio.charset=ALL-UNNAMED --add-opens=java.base/java.net=ALL-UNNAMED --add-opens=java.base/java.util.concurrent.atomic=ALL-UNNAMED -Xmx2048m -Dfile.encoding=windows-1252 -Duser.country=IN -Duser.language=en -Duser.variant -javaagent:C:\Users\aanan\.gradle\wrapper\dists\gradle-8.3-all\6en3ugtfdg5xnpx44z4qbwgas\gradle-8.3\lib\agents\gradle-instrumentation-agent-8.3.jar org.gradle.launcher.daemon.bootstrap.GradleDaemon 8.3

Host: Intel(R) Core(TM) i3-4010U CPU @ 1.70GHz, 4 cores, 5G,  Windows 10 , 64 bit Build 19041 (10.0.19041.4597)
Time: Mon Aug  5 13:50:44 2024 India Standard Time elapsed time: 37.185458 seconds (0d 0h 0m 37s)

---------------  T H R E A D  ---------------

Current thread (0x0000022ac65b7fa0):  VMThread "VM Thread" [stack: 0x000000eac3800000,0x000000eac3900000] [id=11404]

Stack: [0x000000eac3800000,0x000000eac3900000]
Native frames: (J=compiled Java code, j=interpreted, Vv=VM code, C=native code)
V  [jvm.dll+0x670baa]
V  [jvm.dll+0x7cfcb4]
V  [jvm.dll+0x7d145e]
V  [jvm.dll+0x7d1ac3]
V  [jvm.dll+0x242bc5]
V  [jvm.dll+0x66dac9]
V  [jvm.dll+0x662412]
V  [jvm.dll+0x300c0b]
V  [jvm.dll+0x3081a6]
V  [jvm.dll+0x357d0e]
V  [jvm.dll+0x357f3f]
V  [jvm.dll+0x2d7ec8]
V  [jvm.dll+0x2d6194]
V  [jvm.dll+0x2d579c]
V  [jvm.dll+0x3190eb]
V  [jvm.dll+0x7d5f9b]
V  [jvm.dll+0x7d6cd4]
V  [jvm.dll+0x7d71ec]
V  [jvm.dll+0x7d75c4]
V  [jvm.dll+0x7d7690]
V  [jvm.dll+0x77ff7a]
V  [jvm.dll+0x66fa35]
C  [ucrtbase.dll+0x21bb2]
C  [KERNEL32.DLL+0x17374]
C  [ntdll.dll+0x4cc91]

VM_Operation (0x000000eac4ef1140): G1CollectForAllocation, mode: safepoint, requested by thread 0x0000022ac8157e90


---------------  P R O C E S S  ---------------

Threads class SMR info:
_java_thread_list=0x0000022acfdddfe0, length=67, elements={
0x0000022aa6dbb700, 0x0000022ac65c0a20, 0x0000022ac65c1950, 0x0000022ac65d3cd0,
0x0000022ac65d51b0, 0x0000022ac65d5e20, 0x0000022ac65db710, 0x0000022ac65dbfc0,
0x0000022ac65df140, 0x0000022ac65e8b70, 0x0000022ac7010d80, 0x0000022ac712a000,
0x0000022ac826b2f0, 0x0000022ac7deaa60, 0x0000022ac8040130, 0x0000022ac83a00f0,
0x0000022ac997c1b0, 0x0000022ac7f79820, 0x0000022ac8157e90, 0x0000022ac8155450,
0x0000022ac96e12b0, 0x0000022ac96e1780, 0x0000022ac96e3460, 0x0000022ac96e3930,
0x0000022ac96e2120, 0x0000022ac96e25f0, 0x0000022ac96e1c50, 0x0000022ac96e2ac0,
0x0000022ac96e3e00, 0x0000022ac96e2f90, 0x0000022ac96e42d0, 0x0000022ac96e47a0,
0x0000022ac96e0de0, 0x0000022acb249d70, 0x0000022acb2476f0, 0x0000022acb247bc0,
0x0000022acb24ba50, 0x0000022acb2493d0, 0x0000022acb24bf20, 0x0000022acb24d730,
0x0000022acb24abe0, 0x0000022acb247220, 0x0000022acb24c3f0, 0x0000022acb248560,
0x0000022acb24e0d0, 0x0000022acb24b580, 0x0000022acb248f00, 0x0000022acb24d260,
0x0000022acb24cd90, 0x0000022acb24e5a0, 0x0000022ad03fa830, 0x0000022ad03fa360,
0x0000022ad03fad00, 0x0000022ad03f6e70, 0x0000022ad03f99c0, 0x0000022ad03fd850,
0x0000022ad03fb6a0, 0x0000022ad03fbb70, 0x0000022ad03fb1d0, 0x0000022ad03fc040,
0x0000022ad03f7340, 0x0000022ad03f7810, 0x0000022ad03f7ce0, 0x0000022ad03fceb0,
0x0000022ad03fc510, 0x0000022ad03fd380, 0x0000022acb518100
}

Java Threads: ( => current thread )
  0x0000022aa6dbb700 JavaThread "main" [_thread_blocked, id=3480, stack(0x000000eac3200000,0x000000eac3300000)]
  0x0000022ac65c0a20 JavaThread "Reference Handler" daemon [_thread_blocked, id=3592, stack(0x000000eac3900000,0x000000eac3a00000)]
  0x0000022ac65c1950 JavaThread "Finalizer" daemon [_thread_blocked, id=7412, stack(0x000000eac3a00000,0x000000eac3b00000)]
  0x0000022ac65d3cd0 JavaThread "Signal Dispatcher" daemon [_thread_blocked, id=6612, stack(0x000000eac3b00000,0x000000eac3c00000)]
  0x0000022ac65d51b0 JavaThread "Attach Listener" daemon [_thread_blocked, id=1552, stack(0x000000eac3c00000,0x000000eac3d00000)]
  0x0000022ac65d5e20 JavaThread "Service Thread" daemon [_thread_blocked, id=1132, stack(0x000000eac3d00000,0x000000eac3e00000)]
  0x0000022ac65db710 JavaThread "Monitor Deflation Thread" daemon [_thread_blocked, id=1064, stack(0x000000eac3e00000,0x000000eac3f00000)]
  0x0000022ac65dbfc0 JavaThread "C2 CompilerThread0" daemon [_thread_in_native, id=2772, stack(0x000000eac3f00000,0x000000eac4000000)]
  0x0000022ac65df140 JavaThread "C1 CompilerThread0" daemon [_thread_blocked, id=3700, stack(0x000000eac4000000,0x000000eac4100000)]
  0x0000022ac65e8b70 JavaThread "Sweeper thread" daemon [_thread_blocked, id=5964, stack(0x000000eac4100000,0x000000eac4200000)]
  0x0000022ac7010d80 JavaThread "Common-Cleaner" daemon [_thread_blocked, id=1768, stack(0x000000eac4200000,0x000000eac4300000)]
  0x0000022ac712a000 JavaThread "Notification Thread" daemon [_thread_blocked, id=3912, stack(0x000000eac4300000,0x000000eac4400000)]
  0x0000022ac826b2f0 JavaThread "Daemon health stats" [_thread_blocked, id=2156, stack(0x000000eac4900000,0x000000eac4a00000)]
  0x0000022ac7deaa60 JavaThread "Incoming local TCP Connector on port 64644" [_thread_in_native, id=1432, stack(0x000000eac4500000,0x000000eac4600000)]
  0x0000022ac8040130 JavaThread "Daemon periodic checks" [_thread_blocked, id=7660, stack(0x000000eac4a00000,0x000000eac4b00000)]
  0x0000022ac83a00f0 JavaThread "Daemon" [_thread_blocked, id=6148, stack(0x000000eac4b00000,0x000000eac4c00000)]
  0x0000022ac997c1b0 JavaThread "Handler for socket connection from /127.0.0.1:64644 to /127.0.0.1:64645" [_thread_in_native, id=2964, stack(0x000000eac4c00000,0x000000eac4d00000)]
  0x0000022ac7f79820 JavaThread "Cancel handler" [_thread_blocked, id=11612, stack(0x000000eac4d00000,0x000000eac4e00000)]
  0x0000022ac8157e90 JavaThread "Daemon worker" [_thread_blocked, id=7976, stack(0x000000eac4e00000,0x000000eac4f00000)]
  0x0000022ac8155450 JavaThread "Asynchronous log dispatcher for DefaultDaemonConnection: socket connection from /127.0.0.1:64644 to /127.0.0.1:64645" [_thread_blocked, id=9432, stack(0x000000eac4f00000,0x000000eac5000000)]
  0x0000022ac96e12b0 JavaThread "Stdin handler" [_thread_blocked, id=7248, stack(0x000000eac5000000,0x000000eac5100000)]
  0x0000022ac96e1780 JavaThread "Daemon client event forwarder" [_thread_blocked, id=11532, stack(0x000000eac5100000,0x000000eac5200000)]
  0x0000022ac96e3460 JavaThread "Cache worker for journal cache (C:\Users\aanan\.gradle\caches\journal-1)" [_thread_blocked, id=8856, stack(0x000000eac5200000,0x000000eac5300000)]
  0x0000022ac96e3930 JavaThread "File lock request listener" [_thread_in_native, id=7004, stack(0x000000eac5300000,0x000000eac5400000)]
  0x0000022ac96e2120 JavaThread "Cache worker for file hash cache (C:\Users\aanan\.gradle\caches\8.3\fileHashes)" [_thread_blocked, id=6652, stack(0x000000eac5500000,0x000000eac5600000)]
  0x0000022ac96e25f0 JavaThread "File watcher server" daemon [_thread_blocked, id=2864, stack(0x000000eac5600000,0x000000eac5700000)]
  0x0000022ac96e1c50 JavaThread "File watcher consumer" daemon [_thread_blocked, id=1544, stack(0x000000eac5700000,0x000000eac5800000)]
  0x0000022ac96e2ac0 JavaThread "Cache worker for checksums cache (C:\Users\aanan\Desktop\Latest\android\.gradle\8.3\checksums)" [_thread_blocked, id=6384, stack(0x000000eac5800000,0x000000eac5900000)]
  0x0000022ac96e3e00 JavaThread "Cache worker for file hash cache (C:\Users\aanan\Desktop\Latest\android\.gradle\8.3\fileHashes)" [_thread_blocked, id=7256, stack(0x000000eac5900000,0x000000eac5a00000)]
  0x0000022ac96e2f90 JavaThread "Cache worker for cache directory md-supplier (C:\Users\aanan\.gradle\caches\8.3\md-supplier)" [_thread_blocked, id=3612, stack(0x000000eac5a00000,0x000000eac5b00000)]
  0x0000022ac96e42d0 JavaThread "Cache worker for file content cache (C:\Users\aanan\.gradle\caches\8.3\fileContent)" [_thread_blocked, id=9264, stack(0x000000eac5b00000,0x000000eac5c00000)]
  0x0000022ac96e47a0 JavaThread "Cache worker for cache directory md-rule (C:\Users\aanan\.gradle\caches\8.3\md-rule)" [_thread_blocked, id=8344, stack(0x000000eac5c00000,0x000000eac5d00000)]
  0x0000022ac96e0de0 JavaThread "Cache worker for execution history cache (C:\Users\aanan\.gradle\caches\8.3\executionHistory)" [_thread_blocked, id=8880, stack(0x000000eac5d00000,0x000000eac5e00000)]
  0x0000022acb249d70 JavaThread "jar transforms" [_thread_blocked, id=716, stack(0x000000eac5e00000,0x000000eac5f00000)]
  0x0000022acb2476f0 JavaThread "jar transforms Thread 2" [_thread_blocked, id=5568, stack(0x000000eac5f00000,0x000000eac6000000)]
  0x0000022acb247bc0 JavaThread "jar transforms Thread 3" [_thread_blocked, id=6508, stack(0x000000eac6000000,0x000000eac6100000)]
  0x0000022acb24ba50 JavaThread "jar transforms Thread 4" [_thread_blocked, id=4824, stack(0x000000eac6100000,0x000000eac6200000)]
  0x0000022acb2493d0 JavaThread "Cache worker for kotlin-dsl (C:\Users\aanan\.gradle\caches\8.3\kotlin-dsl)" [_thread_blocked, id=11584, stack(0x000000eac6200000,0x000000eac6300000)]
  0x0000022acb24bf20 JavaThread "Unconstrained build operations" [_thread_blocked, id=1540, stack(0x000000eac6300000,0x000000eac6400000)]
  0x0000022acb24d730 JavaThread "Unconstrained build operations Thread 2" [_thread_blocked, id=3392, stack(0x000000eac6400000,0x000000eac6500000)]
  0x0000022acb24abe0 JavaThread "Cache worker for dependencies-accessors (C:\Users\aanan\Desktop\Latest\android\.gradle\8.3\dependencies-accessors)" [_thread_blocked, id=6228, stack(0x000000eac6500000,0x000000eac6600000)]
  0x0000022acb247220 JavaThread "Cache worker for Build Output Cleanup Cache (C:\Users\aanan\Desktop\Latest\node_modules\@react-native\gradle-plugin\.gradle\buildOutputCleanup)" [_thread_blocked, id=3704, stack(0x000000eac6600000,0x000000eac6700000)]
  0x0000022acb24c3f0 JavaThread "Unconstrained build operations Thread 3" [_thread_blocked, id=1152, stack(0x000000eac5400000,0x000000eac5500000)]
  0x0000022acb248560 JavaThread "Unconstrained build operations Thread 4" [_thread_blocked, id=6672, stack(0x000000eac6700000,0x000000eac6800000)]
  0x0000022acb24e0d0 JavaThread "Unconstrained build operations Thread 5" [_thread_blocked, id=11836, stack(0x000000eac6800000,0x000000eac6900000)]
  0x0000022acb24b580 JavaThread "Memory manager" [_thread_blocked, id=8660, stack(0x000000eac6a00000,0x000000eac6b00000)]
  0x0000022acb248f00 JavaThread "Cache worker for Build Output Cleanup Cache (C:\Users\aanan\Desktop\Latest\android\.gradle\buildOutputCleanup)" [_thread_blocked, id=12200, stack(0x000000eac6b00000,0x000000eac6c00000)]
  0x0000022acb24d260 JavaThread "ForkJoinPool.commonPool-worker-1" daemon [_thread_blocked, id=6724, stack(0x000000eac6c00000,0x000000eac6d00000)]
  0x0000022acb24cd90 JavaThread "ForkJoinPool.commonPool-worker-2" daemon [_thread_blocked, id=8808, stack(0x000000eac6d00000,0x000000eac6e00000)]
  0x0000022acb24e5a0 JavaThread "ForkJoinPool.commonPool-worker-3" daemon [_thread_blocked, id=7864, stack(0x000000eac6e00000,0x000000eac6f00000)]
  0x0000022ad03fa830 JavaThread "Exec process" [_thread_blocked, id=11968, stack(0x000000eac6f00000,0x000000eac7000000)]
  0x0000022ad03fa360 JavaThread "Exec process Thread 2" [_thread_blocked, id=2372, stack(0x000000eac7000000,0x000000eac7100000)]
  0x0000022ad03fad00 JavaThread "Exec process Thread 3" [_thread_blocked, id=5952, stack(0x000000eac7100000,0x000000eac7200000)]
  0x0000022ad03f6e70 JavaThread "included builds" [_thread_blocked, id=4868, stack(0x000000eac6900000,0x000000eac6a00000)]
  0x0000022ad03f99c0 JavaThread "Execution worker" [_thread_blocked, id=11512, stack(0x000000eac7200000,0x000000eac7300000)]
  0x0000022ad03fd850 JavaThread "Execution worker Thread 2" [_thread_blocked, id=5052, stack(0x000000eac7300000,0x000000eac7400000)]
  0x0000022ad03fb6a0 JavaThread "Execution worker Thread 3" [_thread_blocked, id=8628, stack(0x000000eac7400000,0x000000eac7500000)]
  0x0000022ad03fbb70 JavaThread "Cache worker for execution history cache (C:\Users\aanan\Desktop\Latest\node_modules\@react-native\gradle-plugin\.gradle\8.3\executionHistory)" [_thread_blocked, id=3364, stack(0x000000eac7700000,0x000000eac7800000)]
  0x0000022ad03fb1d0 JavaThread "Unconstrained build operations Thread 6" [_thread_blocked, id=10984, stack(0x000000eac7800000,0x000000eac7900000)]
  0x0000022ad03fc040 JavaThread "Unconstrained build operations Thread 7" [_thread_blocked, id=8380, stack(0x000000eac7900000,0x000000eac7a00000)]
  0x0000022ad03f7340 JavaThread "Unconstrained build operations Thread 8" [_thread_blocked, id=3528, stack(0x000000eac7a00000,0x000000eac7b00000)]
  0x0000022ad03f7810 JavaThread "Unconstrained build operations Thread 9" [_thread_blocked, id=5704, stack(0x000000eac7b00000,0x000000eac7c00000)]
  0x0000022ad03f7ce0 JavaThread "Unconstrained build operations Thread 10" [_thread_blocked, id=1312, stack(0x000000eac7c00000,0x000000eac7d00000)]
  0x0000022ad03fceb0 JavaThread "Unconstrained build operations Thread 11" [_thread_blocked, id=1420, stack(0x000000eac7d00000,0x000000eac7e00000)]
  0x0000022ad03fc510 JavaThread "Unconstrained build operations Thread 12" [_thread_blocked, id=11236, stack(0x000000eac7e00000,0x000000eac7f00000)]
  0x0000022ad03fd380 JavaThread "Unconstrained build operations Thread 13" [_thread_blocked, id=10752, stack(0x000000eac7f00000,0x000000eac8000000)]
  0x0000022acb518100 JavaThread "C2 CompilerThread1" daemon [_thread_blocked, id=5312, stack(0x000000eac8000000,0x000000eac8100000)]

Other Threads:
=>0x0000022ac65b7fa0 VMThread "VM Thread" [stack: 0x000000eac3800000,0x000000eac3900000] [id=11404]
  0x0000022ac71448d0 WatcherThread [stack: 0x000000eac4400000,0x000000eac4500000] [id=4380]
  0x0000022aa6df9f80 GCTaskThread "GC Thread#0" [stack: 0x000000eac3300000,0x000000eac3400000] [id=7808]
  0x0000022ac76862a0 GCTaskThread "GC Thread#1" [stack: 0x000000eac4600000,0x000000eac4700000] [id=12040]
  0x0000022ac731c7a0 GCTaskThread "GC Thread#2" [stack: 0x000000eac4700000,0x000000eac4800000] [id=7116]
  0x0000022ac7edec00 GCTaskThread "GC Thread#3" [stack: 0x000000eac4800000,0x000000eac4900000] [id=4812]
  0x0000022aa6e0add0 ConcurrentGCThread "G1 Main Marker" [stack: 0x000000eac3400000,0x000000eac3500000] [id=8560]
  0x0000022aa6e0cea0 ConcurrentGCThread "G1 Conc#0" [stack: 0x000000eac3500000,0x000000eac3600000] [id=6116]
  0x0000022aa6e6f9b0 ConcurrentGCThread "G1 Refine#0" [stack: 0x000000eac3600000,0x000000eac3700000] [id=9744]
  0x0000022aa6e6fef0 ConcurrentGCThread "G1 Service" [stack: 0x000000eac3700000,0x000000eac3800000] [id=9568]

Threads with active compile tasks:
C2 CompilerThread0    37254 9469   !   4       java.util.jar.Attributes::read (494 bytes)
C2 CompilerThread1    37254 9568 %     4       java.math.BigInteger::implSquareToLen @ 81 (154 bytes)

VM state: at safepoint (normal execution)

VM Mutex/Monitor currently owned by a thread:  ([mutex/lock_event])
[0x0000022aa6db7d60] Threads_lock - owner thread: 0x0000022ac65b7fa0
[0x0000022aa6db8ed0] Heap_lock - owner thread: 0x0000022ac8157e90

Heap address: 0x0000000080000000, size: 2048 MB, Compressed Oops mode: 32-bit

CDS archive(s) mapped at: [0x0000000800000000-0x0000000800bc0000-0x0000000800bc0000), size 12320768, SharedBaseAddress: 0x0000000800000000, ArchiveRelocationMode: 0.
Compressed class space mapped at: 0x0000000800c00000-0x000000081a800000, reserved size: 432013312
Narrow klass base: 0x0000000800000000, Narrow klass shift: 0, Narrow klass range: 0x100000000

GC Precious Log:
 CPUs: 4 total, 4 available
 Memory: 6024M
 Large Page Support: Disabled
 NUMA Support: Disabled
 Compressed Oops: Enabled (32-bit)
 Heap Region Size: 1M
 Heap Min Capacity: 8M
 Heap Initial Capacity: 96M
 Heap Max Capacity: 2G
 Pre-touch: Disabled
 Parallel Workers: 4
 Concurrent Workers: 1
 Concurrent Refinement Workers: 4
 Periodic GC: Disabled

Heap:
 garbage-first heap   total 156672K, used 89773K [0x0000000080000000, 0x0000000100000000)
  region size 1024K, 4 young (4096K), 4 survivors (4096K)
 Metaspace       used 78856K, committed 79552K, reserved 495616K
  class space    used 10887K, committed 11200K, reserved 421888K

Heap Regions: E=young(eden), S=young(survivor), O=old, HS=humongous(starts), HC=humongous(continues), CS=collection set, F=free, OA=open archive, CA=closed archive, TAMS=top-at-mark-start (previous, next)
|   0|0x0000000080000000, 0x0000000080100000, 0x0000000080100000|100%| O|  |TAMS 0x0000000080100000, 0x0000000080100000| Untracked 
|   1|0x0000000080100000, 0x0000000080200000, 0x0000000080200000|100%| O|  |TAMS 0x0000000080200000, 0x0000000080200000| Untracked 
|   2|0x0000000080200000, 0x0000000080300000, 0x0000000080300000|100%|HS|  |TAMS 0x0000000080300000, 0x0000000080300000| Complete 
|   3|0x0000000080300000, 0x0000000080400000, 0x0000000080400000|100%|HC|  |TAMS 0x0000000080400000, 0x0000000080400000| Complete 
|   4|0x0000000080400000, 0x0000000080500000, 0x0000000080500000|100%|HC|  |TAMS 0x0000000080500000, 0x0000000080500000| Complete 
|   5|0x0000000080500000, 0x0000000080600000, 0x0000000080600000|100%|HC|  |TAMS 0x0000000080600000, 0x0000000080600000| Complete 
|   6|0x0000000080600000, 0x0000000080700000, 0x0000000080700000|100%| O|  |TAMS 0x0000000080700000, 0x0000000080700000| Untracked 
|   7|0x0000000080700000, 0x0000000080800000, 0x0000000080800000|100%| O|  |TAMS 0x0000000080800000, 0x0000000080800000| Untracked 
|   8|0x0000000080800000, 0x0000000080900000, 0x0000000080900000|100%| O|  |TAMS 0x0000000080900000, 0x0000000080900000| Untracked 
|   9|0x0000000080900000, 0x0000000080a00000, 0x0000000080a00000|100%| O|  |TAMS 0x0000000080a00000, 0x0000000080a00000| Untracked 
|  10|0x0000000080a00000, 0x0000000080b00000, 0x0000000080b00000|100%| O|  |TAMS 0x0000000080b00000, 0x0000000080b00000| Untracked 
|  11|0x0000000080b00000, 0x0000000080c00000, 0x0000000080c00000|100%| O|  |TAMS 0x0000000080c00000, 0x0000000080c00000| Untracked 
|  12|0x0000000080c00000, 0x0000000080d00000, 0x0000000080d00000|100%| O|  |TAMS 0x0000000080d00000, 0x0000000080d00000| Untracked 
|  13|0x0000000080d00000, 0x0000000080e00000, 0x0000000080e00000|100%| O|  |TAMS 0x0000000080e00000, 0x0000000080e00000| Untracked 
|  14|0x0000000080e00000, 0x0000000080f00000, 0x0000000080f00000|100%| O|  |TAMS 0x0000000080f00000, 0x0000000080f00000| Untracked 
|  15|0x0000000080f00000, 0x0000000081000000, 0x0000000081000000|100%| O|  |TAMS 0x0000000081000000, 0x0000000081000000| Untracked 
|  16|0x0000000081000000, 0x0000000081100000, 0x0000000081100000|100%| O|  |TAMS 0x0000000081100000, 0x0000000081100000| Untracked 
|  17|0x0000000081100000, 0x0000000081200000, 0x0000000081200000|100%| O|  |TAMS 0x0000000081200000, 0x0000000081200000| Untracked 
|  18|0x0000000081200000, 0x00000000812c5400, 0x0000000081300000| 77%| O|  |TAMS 0x00000000812c5400, 0x00000000812c5400| Untracked 
|  19|0x0000000081300000, 0x0000000081400000, 0x0000000081400000|100%| O|  |TAMS 0x0000000081400000, 0x0000000081400000| Untracked 
|  20|0x0000000081400000, 0x0000000081500000, 0x0000000081500000|100%| O|  |TAMS 0x0000000081500000, 0x0000000081500000| Untracked 
|  21|0x0000000081500000, 0x0000000081600000, 0x0000000081600000|100%| O|  |TAMS 0x0000000081600000, 0x0000000081600000| Untracked 
|  22|0x0000000081600000, 0x0000000081700000, 0x0000000081700000|100%| O|  |TAMS 0x0000000081700000, 0x0000000081700000| Untracked 
|  23|0x0000000081700000, 0x0000000081800000, 0x0000000081800000|100%| O|  |TAMS 0x0000000081800000, 0x0000000081800000| Untracked 
|  24|0x0000000081800000, 0x0000000081900000, 0x0000000081900000|100%| O|  |TAMS 0x0000000081900000, 0x0000000081900000| Untracked 
|  25|0x0000000081900000, 0x0000000081a00000, 0x0000000081a00000|100%| O|  |TAMS 0x0000000081a00000, 0x0000000081a00000| Untracked 
|  26|0x0000000081a00000, 0x0000000081b00000, 0x0000000081b00000|100%| O|  |TAMS 0x0000000081b00000, 0x0000000081b00000| Untracked 
|  27|0x0000000081b00000, 0x0000000081c00000, 0x0000000081c00000|100%| O|  |TAMS 0x0000000081c00000, 0x0000000081c00000| Untracked 
|  28|0x0000000081c00000, 0x0000000081d00000, 0x0000000081d00000|100%| O|  |TAMS 0x0000000081d00000, 0x0000000081d00000| Untracked 
|  29|0x0000000081d00000, 0x0000000081e00000, 0x0000000081e00000|100%| O|  |TAMS 0x0000000081e00000, 0x0000000081e00000| Untracked 
|  30|0x0000000081e00000, 0x0000000081f00000, 0x0000000081f00000|100%| O|  |TAMS 0x0000000081f00000, 0x0000000081f00000| Untracked 
|  31|0x0000000081f00000, 0x0000000082000000, 0x0000000082000000|100%| O|  |TAMS 0x0000000082000000, 0x0000000082000000| Untracked 
|  32|0x0000000082000000, 0x0000000082100000, 0x0000000082100000|100%| O|  |TAMS 0x0000000082100000, 0x0000000082100000| Untracked 
|  33|0x0000000082100000, 0x0000000082200000, 0x0000000082200000|100%| O|  |TAMS 0x0000000082200000, 0x0000000082200000| Untracked 
|  34|0x0000000082200000, 0x0000000082300000, 0x0000000082300000|100%| O|  |TAMS 0x0000000082300000, 0x0000000082300000| Untracked 
|  35|0x0000000082300000, 0x0000000082400000, 0x0000000082400000|100%| O|  |TAMS 0x0000000082400000, 0x0000000082400000| Untracked 
|  36|0x0000000082400000, 0x0000000082500000, 0x0000000082500000|100%| O|  |TAMS 0x0000000082500000, 0x0000000082500000| Untracked 
|  37|0x0000000082500000, 0x0000000082600000, 0x0000000082600000|100%| O|  |TAMS 0x0000000082600000, 0x0000000082600000| Untracked 
|  38|0x0000000082600000, 0x0000000082700000, 0x0000000082700000|100%| O|  |TAMS 0x0000000082700000, 0x0000000082700000| Untracked 
|  39|0x0000000082700000, 0x0000000082800000, 0x0000000082800000|100%| O|  |TAMS 0x0000000082800000, 0x0000000082800000| Untracked 
|  40|0x0000000082800000, 0x0000000082900000, 0x0000000082900000|100%|HS|  |TAMS 0x0000000082900000, 0x0000000082900000| Complete 
|  41|0x0000000082900000, 0x0000000082a00000, 0x0000000082a00000|100%|HS|  |TAMS 0x0000000082a00000, 0x0000000082a00000| Complete 
|  42|0x0000000082a00000, 0x0000000082b00000, 0x0000000082b00000|100%|HC|  |TAMS 0x0000000082b00000, 0x0000000082b00000| Complete 
|  43|0x0000000082b00000, 0x0000000082c00000, 0x0000000082c00000|100%|HS|  |TAMS 0x0000000082c00000, 0x0000000082c00000| Complete 
|  44|0x0000000082c00000, 0x0000000082d00000, 0x0000000082d00000|100%|HC|  |TAMS 0x0000000082d00000, 0x0000000082d00000| Complete 
|  45|0x0000000082d00000, 0x0000000082e00000, 0x0000000082e00000|100%| O|  |TAMS 0x0000000082e00000, 0x0000000082e00000| Untracked 
|  46|0x0000000082e00000, 0x0000000082f00000, 0x0000000082f00000|100%| O|  |TAMS 0x0000000082f00000, 0x0000000082f00000| Untracked 
|  47|0x0000000082f00000, 0x0000000082f00000, 0x0000000083000000|  0%| F|  |TAMS 0x0000000082f00000, 0x0000000082f00000| Untracked 
|  48|0x0000000083000000, 0x0000000083100000, 0x0000000083100000|100%| O|  |TAMS 0x0000000083100000, 0x0000000083100000| Untracked 
|  49|0x0000000083100000, 0x0000000083200000, 0x0000000083200000|100%|HS|  |TAMS 0x0000000083200000, 0x0000000083200000| Complete 
|  50|0x0000000083200000, 0x0000000083300000, 0x0000000083300000|100%|HC|  |TAMS 0x0000000083300000, 0x0000000083300000| Complete 
|  51|0x0000000083300000, 0x0000000083400000, 0x0000000083400000|100%|HC|  |TAMS 0x0000000083400000, 0x0000000083400000| Complete 
|  52|0x0000000083400000, 0x0000000083500000, 0x0000000083500000|100%|HC|  |TAMS 0x0000000083500000, 0x0000000083500000| Complete 
|  53|0x0000000083500000, 0x0000000083600000, 0x0000000083600000|100%| O|  |TAMS 0x0000000083600000, 0x0000000083600000| Untracked 
|  54|0x0000000083600000, 0x0000000083700000, 0x0000000083700000|100%| O|  |TAMS 0x0000000083700000, 0x0000000083700000| Untracked 
|  55|0x0000000083700000, 0x0000000083800000, 0x0000000083800000|100%| O|  |TAMS 0x0000000083800000, 0x0000000083800000| Untracked 
|  56|0x0000000083800000, 0x0000000083900000, 0x0000000083900000|100%| O|  |TAMS 0x0000000083900000, 0x0000000083900000| Untracked 
|  57|0x0000000083900000, 0x0000000083a00000, 0x0000000083a00000|100%| O|  |TAMS 0x0000000083a00000, 0x0000000083a00000| Untracked 
|  58|0x0000000083a00000, 0x0000000083b00000, 0x0000000083b00000|100%|HS|  |TAMS 0x0000000083b00000, 0x0000000083b00000| Complete 
|  59|0x0000000083b00000, 0x0000000083c00000, 0x0000000083c00000|100%|HC|  |TAMS 0x0000000083c00000, 0x0000000083c00000| Complete 
|  60|0x0000000083c00000, 0x0000000083d00000, 0x0000000083d00000|100%|HC|  |TAMS 0x0000000083d00000, 0x0000000083d00000| Complete 
|  61|0x0000000083d00000, 0x0000000083e00000, 0x0000000083e00000|100%|HC|  |TAMS 0x0000000083e00000, 0x0000000083e00000| Complete 
|  62|0x0000000083e00000, 0x0000000083f00000, 0x0000000083f00000|100%| O|  |TAMS 0x0000000083f00000, 0x0000000083f00000| Untracked 
|  63|0x0000000083f00000, 0x0000000084000000, 0x0000000084000000|100%| O|  |TAMS 0x0000000084000000, 0x0000000084000000| Untracked 
|  64|0x0000000084000000, 0x0000000084100000, 0x0000000084100000|100%| O|  |TAMS 0x0000000084100000, 0x0000000084100000| Untracked 
|  65|0x0000000084100000, 0x0000000084200000, 0x0000000084200000|100%| O|  |TAMS 0x0000000084200000, 0x0000000084200000| Untracked 
|  66|0x0000000084200000, 0x0000000084300000, 0x0000000084300000|100%| O|  |TAMS 0x0000000084300000, 0x0000000084300000| Untracked 
|  67|0x0000000084300000, 0x0000000084400000, 0x0000000084400000|100%| O|  |TAMS 0x000000008439f000, 0x0000000084400000| Untracked 
|  68|0x0000000084400000, 0x0000000084500000, 0x0000000084500000|100%|HS|  |TAMS 0x0000000084500000, 0x0000000084500000| Complete 
|  69|0x0000000084500000, 0x0000000084600000, 0x0000000084600000|100%| O|  |TAMS 0x0000000084500000, 0x0000000084600000| Untracked 
|  70|0x0000000084600000, 0x0000000084700000, 0x0000000084700000|100%| O|  |TAMS 0x0000000084600000, 0x0000000084700000| Untracked 
|  71|0x0000000084700000, 0x0000000084800000, 0x0000000084800000|100%| O|  |TAMS 0x0000000084700000, 0x0000000084800000| Untracked 
|  72|0x0000000084800000, 0x0000000084900000, 0x0000000084900000|100%| O|  |TAMS 0x0000000084800000, 0x0000000084900000| Untracked 
|  73|0x0000000084900000, 0x0000000084a00000, 0x0000000084a00000|100%|HS|  |TAMS 0x0000000084900000, 0x0000000084a00000| Complete 
|  74|0x0000000084a00000, 0x0000000084b00000, 0x0000000084b00000|100%| O|  |TAMS 0x0000000084a00000, 0x0000000084b00000| Untracked 
|  75|0x0000000084b00000, 0x0000000084c00000, 0x0000000084c00000|100%|HS|  |TAMS 0x0000000084b00000, 0x0000000084c00000| Complete 
|  76|0x0000000084c00000, 0x0000000084d00000, 0x0000000084d00000|100%| O|  |TAMS 0x0000000084c00000, 0x0000000084d00000| Untracked 
|  77|0x0000000084d00000, 0x0000000084e00000, 0x0000000084e00000|100%| O|  |TAMS 0x0000000084d00000, 0x0000000084e00000| Untracked 
|  78|0x0000000084e00000, 0x0000000084f00000, 0x0000000084f00000|100%| O|  |TAMS 0x0000000084e00000, 0x0000000084f00000| Untracked 
|  79|0x0000000084f00000, 0x0000000085000000, 0x0000000085000000|100%| O|  |TAMS 0x0000000084f00000, 0x0000000085000000| Untracked 
|  80|0x0000000085000000, 0x0000000085100000, 0x0000000085100000|100%| O|  |TAMS 0x0000000085000000, 0x0000000085100000| Untracked 
|  81|0x0000000085100000, 0x0000000085200000, 0x0000000085200000|100%| O|  |TAMS 0x0000000085100000, 0x0000000085200000| Untracked 
|  82|0x0000000085200000, 0x0000000085300000, 0x0000000085300000|100%| O|  |TAMS 0x0000000085200000, 0x0000000085300000| Untracked 
|  83|0x0000000085300000, 0x0000000085400000, 0x0000000085400000|100%| O|  |TAMS 0x0000000085300000, 0x0000000085400000| Untracked 
|  84|0x0000000085400000, 0x00000000854e9c00, 0x0000000085500000| 91%| O|  |TAMS 0x0000000085400000, 0x00000000854e9c00| Untracked 
|  85|0x0000000085500000, 0x0000000085500000, 0x0000000085600000|  0%| F|  |TAMS 0x0000000085500000, 0x0000000085500000| Untracked 
|  86|0x0000000085600000, 0x0000000085600000, 0x0000000085700000|  0%| F|  |TAMS 0x0000000085600000, 0x0000000085600000| Untracked 
|  87|0x0000000085700000, 0x0000000085700000, 0x0000000085800000|  0%| F|  |TAMS 0x0000000085700000, 0x0000000085700000| Untracked 
|  88|0x0000000085800000, 0x0000000085800000, 0x0000000085900000|  0%| F|  |TAMS 0x0000000085800000, 0x0000000085800000| Untracked 
|  89|0x0000000085900000, 0x0000000085900000, 0x0000000085a00000|  0%| F|  |TAMS 0x0000000085900000, 0x0000000085900000| Untracked 
|  90|0x0000000085a00000, 0x0000000085a00000, 0x0000000085b00000|  0%| F|  |TAMS 0x0000000085a00000, 0x0000000085a00000| Untracked 
|  91|0x0000000085b00000, 0x0000000085b00000, 0x0000000085c00000|  0%| F|  |TAMS 0x0000000085b00000, 0x0000000085b00000| Untracked 
|  92|0x0000000085c00000, 0x0000000085c00000, 0x0000000085d00000|  0%| F|  |TAMS 0x0000000085c00000, 0x0000000085c00000| Untracked 
|  93|0x0000000085d00000, 0x0000000085d00000, 0x0000000085e00000|  0%| F|  |TAMS 0x0000000085d00000, 0x0000000085d00000| Untracked 
|  94|0x0000000085e00000, 0x0000000085e00000, 0x0000000085f00000|  0%| F|  |TAMS 0x0000000085e00000, 0x0000000085e00000| Untracked 
|  95|0x0000000085f00000, 0x0000000085f00000, 0x0000000086000000|  0%| F|  |TAMS 0x0000000085f00000, 0x0000000085f00000| Untracked 
|  96|0x0000000086000000, 0x0000000086000000, 0x0000000086100000|  0%| F|  |TAMS 0x0000000086000000, 0x0000000086000000| Untracked 
|  97|0x0000000086100000, 0x0000000086100000, 0x0000000086200000|  0%| F|  |TAMS 0x0000000086100000, 0x0000000086100000| Untracked 
|  98|0x0000000086200000, 0x0000000086200000, 0x0000000086300000|  0%| F|  |TAMS 0x0000000086200000, 0x0000000086200000| Untracked 
|  99|0x0000000086300000, 0x0000000086300000, 0x0000000086400000|  0%| F|  |TAMS 0x0000000086300000, 0x0000000086300000| Untracked 
| 100|0x0000000086400000, 0x0000000086400000, 0x0000000086500000|  0%| F|  |TAMS 0x0000000086400000, 0x0000000086400000| Untracked 
| 101|0x0000000086500000, 0x0000000086500000, 0x0000000086600000|  0%| F|  |TAMS 0x0000000086500000, 0x0000000086500000| Untracked 
| 102|0x0000000086600000, 0x0000000086600000, 0x0000000086700000|  0%| F|  |TAMS 0x0000000086600000, 0x0000000086600000| Untracked 
| 103|0x0000000086700000, 0x0000000086700000, 0x0000000086800000|  0%| F|  |TAMS 0x0000000086700000, 0x0000000086700000| Untracked 
| 104|0x0000000086800000, 0x0000000086800000, 0x0000000086900000|  0%| F|  |TAMS 0x0000000086800000, 0x0000000086800000| Untracked 
| 105|0x0000000086900000, 0x0000000086900000, 0x0000000086a00000|  0%| F|  |TAMS 0x0000000086900000, 0x0000000086900000| Untracked 
| 106|0x0000000086a00000, 0x0000000086a00000, 0x0000000086b00000|  0%| F|  |TAMS 0x0000000086a00000, 0x0000000086a00000| Untracked 
| 107|0x0000000086b00000, 0x0000000086b00000, 0x0000000086c00000|  0%| F|  |TAMS 0x0000000086b00000, 0x0000000086b00000| Untracked 
| 108|0x0000000086c00000, 0x0000000086c00000, 0x0000000086d00000|  0%| F|  |TAMS 0x0000000086c00000, 0x0000000086c00000| Untracked 
| 109|0x0000000086d00000, 0x0000000086dfc660, 0x0000000086e00000| 98%| S|CS|TAMS 0x0000000086d00000, 0x0000000086d00000| Complete 
| 110|0x0000000086e00000, 0x0000000086f00000, 0x0000000086f00000|100%| S|CS|TAMS 0x0000000086e00000, 0x0000000086e00000| Complete 
| 111|0x0000000086f00000, 0x0000000087000000, 0x0000000087000000|100%| S|CS|TAMS 0x0000000086f00000, 0x0000000086f00000| Complete 
| 112|0x0000000087000000, 0x0000000087100000, 0x0000000087100000|100%| S|CS|TAMS 0x0000000087000000, 0x0000000087000000| Complete 
| 113|0x0000000087100000, 0x0000000087100000, 0x0000000087200000|  0%| F|  |TAMS 0x0000000087100000, 0x0000000087100000| Untracked 
| 114|0x0000000087200000, 0x0000000087200000, 0x0000000087300000|  0%| F|  |TAMS 0x0000000087200000, 0x0000000087200000| Untracked 
| 115|0x0000000087300000, 0x0000000087300000, 0x0000000087400000|  0%| F|  |TAMS 0x0000000087300000, 0x0000000087300000| Untracked 
| 116|0x0000000087400000, 0x0000000087400000, 0x0000000087500000|  0%| F|  |TAMS 0x0000000087400000, 0x0000000087400000| Untracked 
| 117|0x0000000087500000, 0x0000000087500000, 0x0000000087600000|  0%| F|  |TAMS 0x0000000087500000, 0x0000000087500000| Untracked 
| 118|0x0000000087600000, 0x0000000087600000, 0x0000000087700000|  0%| F|  |TAMS 0x0000000087600000, 0x0000000087600000| Untracked 
| 119|0x0000000087700000, 0x0000000087700000, 0x0000000087800000|  0%| F|  |TAMS 0x0000000087700000, 0x0000000087700000| Untracked 
| 120|0x0000000087800000, 0x0000000087800000, 0x0000000087900000|  0%| F|  |TAMS 0x0000000087800000, 0x0000000087800000| Untracked 
| 121|0x0000000087900000, 0x0000000087900000, 0x0000000087a00000|  0%| F|  |TAMS 0x0000000087900000, 0x0000000087900000| Untracked 
| 122|0x0000000087a00000, 0x0000000087a00000, 0x0000000087b00000|  0%| F|  |TAMS 0x0000000087a00000, 0x0000000087a00000| Untracked 
| 123|0x0000000087b00000, 0x0000000087b00000, 0x0000000087c00000|  0%| F|  |TAMS 0x0000000087b00000, 0x0000000087b00000| Untracked 
| 124|0x0000000087c00000, 0x0000000087c00000, 0x0000000087d00000|  0%| F|  |TAMS 0x0000000087c00000, 0x0000000087c00000| Untracked 
| 125|0x0000000087d00000, 0x0000000087d00000, 0x0000000087e00000|  0%| F|  |TAMS 0x0000000087d00000, 0x0000000087d00000| Untracked 
| 126|0x0000000087e00000, 0x0000000087e00000, 0x0000000087f00000|  0%| F|  |TAMS 0x0000000087e00000, 0x0000000087e00000| Untracked 
| 127|0x0000000087f00000, 0x0000000087f00000, 0x0000000088000000|  0%| F|  |TAMS 0x0000000087f00000, 0x0000000087f00000| Untracked 
| 128|0x0000000088000000, 0x0000000088000000, 0x0000000088100000|  0%| F|  |TAMS 0x0000000088000000, 0x0000000088000000| Untracked 
| 129|0x0000000088100000, 0x0000000088100000, 0x0000000088200000|  0%| F|  |TAMS 0x0000000088100000, 0x0000000088100000| Untracked 
| 130|0x0000000088200000, 0x0000000088200000, 0x0000000088300000|  0%| F|  |TAMS 0x0000000088200000, 0x0000000088200000| Untracked 
| 131|0x0000000088300000, 0x0000000088300000, 0x0000000088400000|  0%| F|  |TAMS 0x0000000088300000, 0x0000000088300000| Untracked 
| 132|0x0000000088400000, 0x0000000088400000, 0x0000000088500000|  0%| F|  |TAMS 0x0000000088400000, 0x0000000088400000| Untracked 
| 133|0x0000000088500000, 0x0000000088500000, 0x0000000088600000|  0%| F|  |TAMS 0x0000000088500000, 0x0000000088500000| Untracked 
| 134|0x0000000088600000, 0x0000000088600000, 0x0000000088700000|  0%| F|  |TAMS 0x0000000088600000, 0x0000000088600000| Untracked 
| 135|0x0000000088700000, 0x0000000088700000, 0x0000000088800000|  0%| F|  |TAMS 0x0000000088700000, 0x0000000088700000| Untracked 
| 136|0x0000000088800000, 0x0000000088800000, 0x0000000088900000|  0%| F|  |TAMS 0x0000000088800000, 0x0000000088800000| Untracked 
| 137|0x0000000088900000, 0x0000000088900000, 0x0000000088a00000|  0%| F|  |TAMS 0x0000000088900000, 0x0000000088900000| Untracked 
| 138|0x0000000088a00000, 0x0000000088a00000, 0x0000000088b00000|  0%| F|  |TAMS 0x0000000088a00000, 0x0000000088a00000| Untracked 
| 139|0x0000000088b00000, 0x0000000088b00000, 0x0000000088c00000|  0%| F|  |TAMS 0x0000000088b00000, 0x0000000088b00000| Untracked 
| 140|0x0000000088c00000, 0x0000000088c00000, 0x0000000088d00000|  0%| F|  |TAMS 0x0000000088c00000, 0x0000000088c00000| Untracked 
| 141|0x0000000088d00000, 0x0000000088d00000, 0x0000000088e00000|  0%| F|  |TAMS 0x0000000088d00000, 0x0000000088d00000| Untracked 
| 142|0x0000000088e00000, 0x0000000088e00000, 0x0000000088f00000|  0%| F|  |TAMS 0x0000000088e00000, 0x0000000088e00000| Untracked 
| 143|0x0000000088f00000, 0x0000000088f00000, 0x0000000089000000|  0%| F|  |TAMS 0x0000000088f00000, 0x0000000088f00000| Untracked 
| 144|0x0000000089000000, 0x0000000089000000, 0x0000000089100000|  0%| F|  |TAMS 0x0000000089000000, 0x0000000089000000| Untracked 
| 145|0x0000000089100000, 0x0000000089100000, 0x0000000089200000|  0%| F|  |TAMS 0x0000000089100000, 0x0000000089100000| Untracked 
| 146|0x0000000089200000, 0x0000000089200000, 0x0000000089300000|  0%| F|  |TAMS 0x0000000089200000, 0x0000000089200000| Untracked 
| 147|0x0000000089300000, 0x0000000089300000, 0x0000000089400000|  0%| F|  |TAMS 0x0000000089300000, 0x0000000089300000| Untracked 
| 148|0x0000000089400000, 0x0000000089400000, 0x0000000089500000|  0%| F|  |TAMS 0x0000000089400000, 0x0000000089400000| Untracked 
| 149|0x0000000089500000, 0x0000000089500000, 0x0000000089600000|  0%| F|  |TAMS 0x0000000089500000, 0x0000000089500000| Untracked 
| 150|0x0000000089600000, 0x0000000089600000, 0x0000000089700000|  0%| F|  |TAMS 0x0000000089600000, 0x0000000089600000| Untracked 
| 151|0x0000000089700000, 0x0000000089700000, 0x0000000089800000|  0%| F|  |TAMS 0x0000000089700000, 0x0000000089700000| Untracked 
| 152|0x0000000089800000, 0x0000000089800000, 0x0000000089900000|  0%| F|  |TAMS 0x0000000089800000, 0x0000000089800000| Untracked 

Card table byte_map: [0x0000022abf800000,0x0000022abfc00000] _byte_map_base: 0x0000022abf400000

Marking Bits (Prev, Next): (CMBitMap*) 0x0000022aa6dfa4a0, (CMBitMap*) 0x0000022aa6dfa4e0
 Prev Bits: [0x0000022ac0000000, 0x0000022ac2000000)
 Next Bits: [0x0000022ac2000000, 0x0000022ac4000000)

Polling page: 0x0000022aafdb0000

Metaspace:

Usage:
  Non-class:     66.38 MB used.
      Class:     10.63 MB used.
       Both:     77.01 MB used.

Virtual space:
  Non-class space:       72.00 MB reserved,      66.75 MB ( 93%) committed,  9 nodes.
      Class space:      412.00 MB reserved,      10.94 MB (  3%) committed,  1 nodes.
             Both:      484.00 MB reserved,      77.69 MB ( 16%) committed. 

Chunk freelists:
   Non-Class:  896.00 KB
       Class:  1.10 MB
        Both:  1.97 MB

MaxMetaspaceSize: 512.00 MB
CompressedClassSpaceSize: 412.00 MB
Initial GC threshold: 21.00 MB
Current GC threshold: 119.62 MB
CDS: on
MetaspaceReclaimPolicy: balanced
 - commit_granule_bytes: 65536.
 - commit_granule_words: 8192.
 - virtual_space_node_default_size: 1048576.
 - enlarge_chunks_in_place: 1.
 - new_chunks_are_fully_committed: 0.
 - uncommit_free_chunks: 1.
 - use_allocation_guard: 0.
 - handle_deallocations: 1.


Internal statistics:

num_allocs_failed_limit: 6.
num_arena_births: 900.
num_arena_deaths: 0.
num_vsnodes_births: 10.
num_vsnodes_deaths: 0.
num_space_committed: 1243.
num_space_uncommitted: 0.
num_chunks_returned_to_freelist: 6.
num_chunks_taken_from_freelist: 4034.
num_chunk_merges: 6.
num_chunk_splits: 2748.
num_chunks_enlarged: 1908.
num_purges: 0.
num_inconsistent_stats: 0.

CodeHeap 'non-profiled nmethods': size=120000Kb used=4748Kb max_used=4748Kb free=115251Kb
 bounds [0x0000022ab78a0000, 0x0000022ab7d50000, 0x0000022abedd0000]
CodeHeap 'profiled nmethods': size=120000Kb used=17220Kb max_used=17220Kb free=102779Kb
 bounds [0x0000022ab0370000, 0x0000022ab1450000, 0x0000022ab78a0000]
CodeHeap 'non-nmethods': size=5760Kb used=2379Kb max_used=2447Kb free=3380Kb
 bounds [0x0000022aafdd0000, 0x0000022ab0050000, 0x0000022ab0370000]
 total_blobs=9605 nmethods=8697 adapters=820
 compilation: enabled
              stopped_count=0, restarted_count=0
 full_count=0

Compilation events (20 events):
Event: 37.021 Thread 0x0000022ac65df140 9565       2       java.math.MutableBigInteger::leftShift (293 bytes)
Event: 37.022 Thread 0x0000022ac65df140 nmethod 9565 0x0000022ab143e310 code [0x0000022ab143e520, 0x0000022ab143ebb8]
Event: 37.022 Thread 0x0000022ac65df140 9563       2       java.math.MutableBigInteger::isZero (13 bytes)
Event: 37.022 Thread 0x0000022ac65df140 nmethod 9563 0x0000022ab143ef10 code [0x0000022ab143f0a0, 0x0000022ab143f1b8]
Event: 37.022 Thread 0x0000022ac65df140 9564       2       java.math.MutableBigInteger::isOne (27 bytes)
Event: 37.022 Thread 0x0000022ac65df140 nmethod 9564 0x0000022ab143f290 code [0x0000022ab143f420, 0x0000022ab143f578]
Event: 37.064 Thread 0x0000022ac65df140 9567 %     3       java.math.BigInteger::subN @ 2 (46 bytes)
Event: 37.065 Thread 0x0000022ac65df140 nmethod 9567% 0x0000022ab143f690 code [0x0000022ab143f840, 0x0000022ab143faf8]
Event: 37.085 Thread 0x0000022ac65df140 9569       2       java.util.regex.Pattern$SliceI::match (96 bytes)
Event: 37.086 Thread 0x0000022ac65df140 nmethod 9569 0x0000022ab143fc90 code [0x0000022ab143fe60, 0x0000022ab1440158]
Event: 37.111 Thread 0x0000022ac65df140 9570       2       java.security.PermissionCollection::<init> (5 bytes)
Event: 37.111 Thread 0x0000022ac65df140 nmethod 9570 0x0000022ab1440310 code [0x0000022ab14404a0, 0x0000022ab1440598]
Event: 37.141 Thread 0x0000022acb518100 nmethod 9354 0x0000022ab7d35610 code [0x0000022ab7d35da0, 0x0000022ab7d3eda0]
Event: 37.142 Thread 0x0000022acb518100 9479       4       java.math.BigInteger::implMulAdd (81 bytes)
Event: 37.149 Thread 0x0000022acb518100 nmethod 9479 0x0000022ab7d42e10 code [0x0000022ab7d42f80, 0x0000022ab7d431f8]
Event: 37.149 Thread 0x0000022acb518100 9568 %     4       java.math.BigInteger::implSquareToLen @ 81 (154 bytes)
Event: 37.164 Thread 0x0000022ac65df140 9572       2       java.util.jar.JarFile::maybeInstantiateVerifier (42 bytes)
Event: 37.164 Thread 0x0000022ac65df140 nmethod 9572 0x0000022ab1440610 code [0x0000022ab14407c0, 0x0000022ab1440998]
Event: 37.167 Thread 0x0000022ac65df140 9573  s    2       java.util.jar.JarFile::getInputStream (72 bytes)
Event: 37.168 Thread 0x0000022ac65df140 nmethod 9573 0x0000022ab1440a90 code [0x0000022ab1440ca0, 0x0000022ab14410f8]

GC Heap History (20 events):
Event: 29.193 GC heap after
{Heap after GC invocations=19 (full 0):
 garbage-first heap   total 103424K, used 59604K [0x0000000080000000, 0x0000000100000000)
  region size 1024K, 2 young (2048K), 2 survivors (2048K)
 Metaspace       used 59934K, committed 60544K, reserved 479232K
  class space    used 8345K, committed 8640K, reserved 421888K
}
Event: 29.864 GC heap before
{Heap before GC invocations=20 (full 0):
 garbage-first heap   total 119808K, used 85204K [0x0000000080000000, 0x0000000100000000)
  region size 1024K, 24 young (24576K), 2 survivors (2048K)
 Metaspace       used 61460K, committed 62144K, reserved 479232K
  class space    used 8537K, committed 8832K, reserved 421888K
}
Event: 29.876 GC heap after
{Heap after GC invocations=21 (full 0):
 garbage-first heap   total 119808K, used 64433K [0x0000000080000000, 0x0000000100000000)
  region size 1024K, 2 young (2048K), 2 survivors (2048K)
 Metaspace       used 61460K, committed 62144K, reserved 479232K
  class space    used 8537K, committed 8832K, reserved 421888K
}
Event: 29.956 GC heap before
{Heap before GC invocations=21 (full 0):
 garbage-first heap   total 119808K, used 67505K [0x0000000080000000, 0x0000000100000000)
  region size 1024K, 5 young (5120K), 2 survivors (2048K)
 Metaspace       used 61726K, committed 62400K, reserved 479232K
  class space    used 8579K, committed 8896K, reserved 421888K
}
Event: 29.962 GC heap after
{Heap after GC invocations=22 (full 0):
 garbage-first heap   total 119808K, used 64266K [0x0000000080000000, 0x0000000100000000)
  region size 1024K, 1 young (1024K), 1 survivors (1024K)
 Metaspace       used 61726K, committed 62400K, reserved 479232K
  class space    used 8579K, committed 8896K, reserved 421888K
}
Event: 30.623 GC heap before
{Heap before GC invocations=22 (full 0):
 garbage-first heap   total 119808K, used 94986K [0x0000000080000000, 0x0000000100000000)
  region size 1024K, 31 young (31744K), 1 survivors (1024K)
 Metaspace       used 64721K, committed 65408K, reserved 479232K
  class space    used 8998K, committed 9280K, reserved 421888K
}
Event: 30.629 GC heap after
{Heap after GC invocations=23 (full 0):
 garbage-first heap   total 156672K, used 65248K [0x0000000080000000, 0x0000000100000000)
  region size 1024K, 2 young (2048K), 2 survivors (2048K)
 Metaspace       used 64721K, committed 65408K, reserved 479232K
  class space    used 8998K, committed 9280K, reserved 421888K
}
Event: 31.837 GC heap before
{Heap before GC invocations=24 (full 0):
 garbage-first heap   total 156672K, used 115424K [0x0000000080000000, 0x0000000100000000)
  region size 1024K, 51 young (52224K), 2 survivors (2048K)
 Metaspace       used 68241K, committed 68864K, reserved 487424K
  class space    used 9486K, committed 9792K, reserved 421888K
}
Event: 31.852 GC heap after
{Heap after GC invocations=25 (full 0):
 garbage-first heap   total 156672K, used 68860K [0x0000000080000000, 0x0000000100000000)
  region size 1024K, 5 young (5120K), 5 survivors (5120K)
 Metaspace       used 68241K, committed 68864K, reserved 487424K
  class space    used 9486K, committed 9792K, reserved 421888K
}
Event: 31.890 GC heap before
{Heap before GC invocations=25 (full 0):
 garbage-first heap   total 156672K, used 69884K [0x0000000080000000, 0x0000000100000000)
  region size 1024K, 7 young (7168K), 5 survivors (5120K)
 Metaspace       used 68382K, committed 68992K, reserved 487424K
  class space    used 9507K, committed 9792K, reserved 421888K
}
Event: 31.908 GC heap after
{Heap after GC invocations=26 (full 0):
 garbage-first heap   total 156672K, used 68554K [0x0000000080000000, 0x0000000100000000)
  region size 1024K, 1 young (1024K), 1 survivors (1024K)
 Metaspace       used 68382K, committed 68992K, reserved 487424K
  class space    used 9507K, committed 9792K, reserved 421888K
}
Event: 34.081 GC heap before
{Heap before GC invocations=26 (full 0):
 garbage-first heap   total 156672K, used 117706K [0x0000000080000000, 0x0000000100000000)
  region size 1024K, 50 young (51200K), 1 survivors (1024K)
 Metaspace       used 71761K, committed 72448K, reserved 487424K
  class space    used 10024K, committed 10304K, reserved 421888K
}
Event: 34.095 GC heap after
{Heap after GC invocations=27 (full 0):
 garbage-first heap   total 156672K, used 72483K [0x0000000080000000, 0x0000000100000000)
  region size 1024K, 5 young (5120K), 5 survivors (5120K)
 Metaspace       used 71761K, committed 72448K, reserved 487424K
  class space    used 10024K, committed 10304K, reserved 421888K
}
Event: 34.960 GC heap before
{Heap before GC invocations=27 (full 0):
 garbage-first heap   total 156672K, used 97059K [0x0000000080000000, 0x0000000100000000)
  region size 1024K, 29 young (29696K), 5 survivors (5120K)
 Metaspace       used 72805K, committed 73472K, reserved 487424K
  class space    used 10185K, committed 10496K, reserved 421888K
}
Event: 34.976 GC heap after
{Heap after GC invocations=28 (full 0):
 garbage-first heap   total 156672K, used 77203K [0x0000000080000000, 0x0000000100000000)
  region size 1024K, 3 young (3072K), 3 survivors (3072K)
 Metaspace       used 72805K, committed 73472K, reserved 487424K
  class space    used 10185K, committed 10496K, reserved 421888K
}
Event: 36.137 GC heap before
{Heap before GC invocations=29 (full 0):
 garbage-first heap   total 156672K, used 125331K [0x0000000080000000, 0x0000000100000000)
  region size 1024K, 48 young (49152K), 3 survivors (3072K)
 Metaspace       used 75876K, committed 76544K, reserved 495616K
  class space    used 10525K, committed 10816K, reserved 421888K
}
Event: 36.153 GC heap after
{Heap after GC invocations=30 (full 0):
 garbage-first heap   total 156672K, used 86127K [0x0000000080000000, 0x0000000100000000)
  region size 1024K, 6 young (6144K), 6 survivors (6144K)
 Metaspace       used 75876K, committed 76544K, reserved 495616K
  class space    used 10525K, committed 10816K, reserved 421888K
}
Event: 36.170 GC heap before
{Heap before GC invocations=30 (full 0):
 garbage-first heap   total 156672K, used 87151K [0x0000000080000000, 0x0000000100000000)
  region size 1024K, 7 young (7168K), 6 survivors (6144K)
 Metaspace       used 75981K, committed 76672K, reserved 495616K
  class space    used 10535K, committed 10816K, reserved 421888K
}
Event: 36.179 GC heap after
{Heap after GC invocations=31 (full 0):
 garbage-first heap   total 156672K, used 85961K [0x0000000080000000, 0x0000000100000000)
  region size 1024K, 1 young (1024K), 1 survivors (1024K)
 Metaspace       used 75981K, committed 76672K, reserved 495616K
  class space    used 10535K, committed 10816K, reserved 421888K
}
Event: 37.172 GC heap before
{Heap before GC invocations=31 (full 0):
 garbage-first heap   total 156672K, used 132041K [0x0000000080000000, 0x0000000100000000)
  region size 1024K, 40 young (40960K), 1 survivors (1024K)
 Metaspace       used 78856K, committed 79552K, reserved 495616K
  class space    used 10887K, committed 11200K, reserved 421888K
}

Deoptimization events (20 events):
Event: 36.866 Thread 0x0000022ac8157e90 DEOPT PACKING pc=0x0000022ab7af040c sp=0x000000eac4eedcd0
Event: 36.866 Thread 0x0000022ac8157e90 DEOPT UNPACKING pc=0x0000022aafe223a3 sp=0x000000eac4eedc50 mode 2
Event: 36.873 Thread 0x0000022ac8157e90 DEOPT PACKING pc=0x0000022ab1427b00 sp=0x000000eac4eef130
Event: 36.873 Thread 0x0000022ac8157e90 DEOPT UNPACKING pc=0x0000022aafe22b43 sp=0x000000eac4eee5c0 mode 0
Event: 36.873 Thread 0x0000022ac8157e90 DEOPT PACKING pc=0x0000022ab1427b00 sp=0x000000eac4eef130
Event: 36.873 Thread 0x0000022ac8157e90 DEOPT UNPACKING pc=0x0000022aafe22b43 sp=0x000000eac4eee5c0 mode 0
Event: 36.873 Thread 0x0000022ac8157e90 DEOPT PACKING pc=0x0000022ab1427b00 sp=0x000000eac4eef2d0
Event: 36.873 Thread 0x0000022ac8157e90 DEOPT UNPACKING pc=0x0000022aafe22b43 sp=0x000000eac4eee760 mode 0
Event: 36.874 Thread 0x0000022ac8157e90 DEOPT PACKING pc=0x0000022ab1427b00 sp=0x000000eac4eef2d0
Event: 36.874 Thread 0x0000022ac8157e90 DEOPT UNPACKING pc=0x0000022aafe22b43 sp=0x000000eac4eee760 mode 0
Event: 36.874 Thread 0x0000022ac8157e90 DEOPT PACKING pc=0x0000022ab1427b00 sp=0x000000eac4eef2d0
Event: 36.874 Thread 0x0000022ac8157e90 DEOPT UNPACKING pc=0x0000022aafe22b43 sp=0x000000eac4eee760 mode 0
Event: 36.923 Thread 0x0000022ac8157e90 Uncommon trap: trap_request=0xffffff45 fr.pc=0x0000022ab7bcac44 relative=0x00000000000002a4
Event: 36.923 Thread 0x0000022ac8157e90 Uncommon trap: reason=unstable_if action=reinterpret pc=0x0000022ab7bcac44 method=java.util.LinkedHashMap.get(Ljava/lang/Object;)Ljava/lang/Object; @ 16 c2
Event: 36.923 Thread 0x0000022ac8157e90 DEOPT PACKING pc=0x0000022ab7bcac44 sp=0x000000eac4eef030
Event: 36.923 Thread 0x0000022ac8157e90 DEOPT UNPACKING pc=0x0000022aafe223a3 sp=0x000000eac4eeefe8 mode 2
Event: 36.923 Thread 0x0000022ac8157e90 Uncommon trap: trap_request=0xffffff45 fr.pc=0x0000022ab7cfc360 relative=0x0000000000000060
Event: 36.923 Thread 0x0000022ac8157e90 Uncommon trap: reason=unstable_if action=reinterpret pc=0x0000022ab7cfc360 method=java.util.LinkedHashMap.afterNodeAccess(Ljava/util/HashMap$Node;)V @ 4 c2
Event: 36.923 Thread 0x0000022ac8157e90 DEOPT PACKING pc=0x0000022ab7cfc360 sp=0x000000eac4eeefd0
Event: 36.923 Thread 0x0000022ac8157e90 DEOPT UNPACKING pc=0x0000022aafe223a3 sp=0x000000eac4eeef50 mode 2

Classes unloaded (0 events):
No events

Classes redefined (0 events):
No events

Internal exceptions (20 events):
Event: 31.664 Thread 0x0000022ac8157e90 Exception <a 'java/lang/ClassNotFoundException'{0x0000000086ea3170}: org/gradle/api/internal/artifacts/dsl/DefaultRepositoryHandler_DecoratedCustomizer> (0x0000000086ea3170) 
thrown [t:\workspace\open\src\hotspot\share\classfile\systemDictionary.cpp, line 256]
Event: 31.689 Thread 0x0000022ac8157e90 Exception <a 'java/lang/ClassNotFoundException'{0x0000000086d3da10}: org/gradle/api/internal/artifacts/dsl/dependencies/DefaultDependencyHandler_DecoratedBeanInfo> (0x0000000086d3da10) 
thrown [t:\workspace\open\src\hotspot\share\classfile\systemDictionary.cpp, line 256]
Event: 31.690 Thread 0x0000022ac8157e90 Exception <a 'java/lang/ClassNotFoundException'{0x0000000086d54118}: org/gradle/api/internal/artifacts/dsl/dependencies/DefaultDependencyHandlerBeanInfo> (0x0000000086d54118) 
thrown [t:\workspace\open\src\hotspot\share\classfile\systemDictionary.cpp, line 256]
Event: 31.691 Thread 0x0000022ac8157e90 Exception <a 'java/lang/ClassNotFoundException'{0x0000000086d6a290}: org/gradle/api/internal/artifacts/dsl/dependencies/DefaultDependencyHandlerCustomizer> (0x0000000086d6a290) 
thrown [t:\workspace\open\src\hotspot\share\classfile\systemDictionary.cpp, line 256]
Event: 31.695 Thread 0x0000022ac8157e90 Exception <a 'java/lang/ClassNotFoundException'{0x0000000086da7270}: org/gradle/api/internal/artifacts/dsl/dependencies/DefaultDependencyHandler_DecoratedCustomizer> (0x0000000086da7270) 
thrown [t:\workspace\open\src\hotspot\share\classfile\systemDictionary.cpp, line 256]
Event: 33.228 Thread 0x0000022ac8157e90 Exception <a 'java/lang/NoSuchMethodError'{0x00000000873cec90}: 'java.lang.Object java.lang.invoke.DirectMethodHandle$Holder.newInvokeSpecial(java.lang.Object, java.lang.Object, java.lang.Object, java.lang.Object, java.lang.Object, java.lang.Object, int)'> (0x00000000873cec90) 
thrown [t:\workspace\open\src\hotspot\share\interpreter\linkResolver.cpp, line 766]
Event: 33.229 Thread 0x0000022ac8157e90 Exception <a 'java/lang/NoSuchMethodError'{0x00000000873d4c78}: 'java.lang.Object java.lang.invoke.DirectMethodHandle$Holder.invokeSpecial(java.lang.Object, java.lang.Object, java.lang.Object, java.lang.Object, java.lang.Object, java.lang.Object, java.lang.Object, int)'> (0x00000000873d4c78) 
thrown [t:\workspace\open\src\hotspot\share\interpreter\linkResolver.cpp, line 766]
Event: 33.229 Thread 0x0000022ac8157e90 Exception <a 'java/lang/NoSuchMethodError'{0x00000000873da848}: 'java.lang.Object java.lang.invoke.Invokers$Holder.linkToTargetMethod(java.lang.Object, java.lang.Object, java.lang.Object, java.lang.Object, java.lang.Object, int, java.lang.Object)'> (0x00000000873da848) 
thrown [t:\workspace\open\src\hotspot\share\interpreter\linkResolver.cpp, line 766]
Event: 33.244 Thread 0x0000022acb24d260 Implicit null exception at 0x0000022ab79c755d to 0x0000022ab79c76b0
Event: 33.846 Thread 0x0000022ad03fa830 Exception <a 'java/lang/NoSuchMethodError'{0x00000000870974d8}: 'void java.lang.invoke.DirectMethodHandle$Holder.invokeSpecial(java.lang.Object, java.lang.Object, int)'> (0x00000000870974d8) 
thrown [t:\workspace\open\src\hotspot\share\interpreter\linkResolver.cpp, line 766]
Event: 34.129 Thread 0x0000022ad03f6e70 Exception <a 'java/lang/NoSuchMethodError'{0x0000000089733168}: 'void java.lang.invoke.DirectMethodHandle$Holder.invokeInterface(java.lang.Object, java.lang.Object, java.lang.Object, java.lang.Object)'> (0x0000000089733168) 
thrown [t:\workspace\open\src\hotspot\share\interpreter\linkResolver.cpp, line 766]
Event: 34.408 Thread 0x0000022ad03f99c0 Exception <a 'sun/nio/fs/WindowsException'{0x00000000897117a8}> (0x00000000897117a8) 
thrown [t:\workspace\open\src\hotspot\share\prims\jni.cpp, line 516]
Event: 34.409 Thread 0x0000022ad03f99c0 Exception <a 'sun/nio/fs/WindowsException'{0x0000000089713e38}> (0x0000000089713e38) 
thrown [t:\workspace\open\src\hotspot\share\prims\jni.cpp, line 516]
Event: 34.410 Thread 0x0000022ad03f99c0 Exception <a 'sun/nio/fs/WindowsException'{0x0000000088e00f40}> (0x0000000088e00f40) 
thrown [t:\workspace\open\src\hotspot\share\prims\jni.cpp, line 516]
Event: 34.411 Thread 0x0000022ad03f99c0 Exception <a 'sun/nio/fs/WindowsException'{0x0000000088e02f88}> (0x0000000088e02f88) 
thrown [t:\workspace\open\src\hotspot\share\prims\jni.cpp, line 516]
Event: 34.838 Thread 0x0000022ac8157e90 Exception <a 'java/lang/ClassNotFoundException'{0x0000000088200a80}: build_er6jml9nx1pama3ccr5art51tBeanInfo> (0x0000000088200a80) 
thrown [t:\workspace\open\src\hotspot\share\classfile\systemDictionary.cpp, line 256]
Event: 34.839 Thread 0x0000022ac8157e90 Exception <a 'java/lang/ClassNotFoundException'{0x0000000088207418}: build_er6jml9nx1pama3ccr5art51tCustomizer> (0x0000000088207418) 
thrown [t:\workspace\open\src\hotspot\share\classfile\systemDictionary.cpp, line 256]
Event: 35.400 Thread 0x0000022ac8157e90 Exception <a 'java/lang/ClassNotFoundException'{0x0000000089263cf8}: build_8jd3yd6xyyvd9igy7wum13iwrBeanInfo> (0x0000000089263cf8) 
thrown [t:\workspace\open\src\hotspot\share\classfile\systemDictionary.cpp, line 256]
Event: 35.400 Thread 0x0000022ac8157e90 Exception <a 'java/lang/ClassNotFoundException'{0x000000008926f090}: build_8jd3yd6xyyvd9igy7wum13iwrCustomizer> (0x000000008926f090) 
thrown [t:\workspace\open\src\hotspot\share\classfile\systemDictionary.cpp, line 256]
Event: 37.129 Thread 0x0000022ac8157e90 Exception <a 'sun/nio/fs/WindowsException'{0x00000000873760c0}> (0x00000000873760c0) 
thrown [t:\workspace\open\src\hotspot\share\prims\jni.cpp, line 516]

VM Operations (20 events):
Event: 34.461 Executing VM operation: ICBufferFull done
Event: 34.573 Executing VM operation: ICBufferFull
Event: 34.573 Executing VM operation: ICBufferFull done
Event: 34.873 Executing VM operation: ICBufferFull
Event: 34.874 Executing VM operation: ICBufferFull done
Event: 34.960 Executing VM operation: G1TryInitiateConcMark
Event: 34.976 Executing VM operation: G1TryInitiateConcMark done
Event: 35.224 Executing VM operation: G1Concurrent
Event: 35.234 Executing VM operation: G1Concurrent done
Event: 35.336 Executing VM operation: G1Concurrent
Event: 35.337 Executing VM operation: G1Concurrent done
Event: 36.137 Executing VM operation: G1CollectForAllocation
Event: 36.153 Executing VM operation: G1CollectForAllocation done
Event: 36.170 Executing VM operation: G1CollectForAllocation
Event: 36.179 Executing VM operation: G1CollectForAllocation done
Event: 36.644 Executing VM operation: HandshakeAllThreads
Event: 36.645 Executing VM operation: HandshakeAllThreads done
Event: 36.704 Executing VM operation: HandshakeAllThreads
Event: 36.704 Executing VM operation: HandshakeAllThreads done
Event: 37.172 Executing VM operation: G1CollectForAllocation

Events (20 events):
Event: 36.752 loading class sun/security/util/KeyUtil
Event: 36.752 loading class sun/security/util/KeyUtil done
Event: 36.753 loading class sun/security/util/Length
Event: 36.753 loading class sun/security/util/Length done
Event: 36.753 loading class javax/crypto/SecretKey
Event: 36.753 loading class javax/crypto/SecretKey done
Event: 36.754 loading class java/util/Base64
Event: 36.754 loading class java/util/Base64 done
Event: 36.754 loading class java/util/Base64$Decoder
Event: 36.755 loading class java/util/Base64$Decoder done
Event: 36.755 loading class java/util/Base64$Encoder
Event: 36.756 loading class java/util/Base64$Encoder done
Event: 36.767 loading class sun/security/rsa/RSASignature$SHA256withRSA
Event: 36.767 loading class sun/security/rsa/RSASignature$SHA256withRSA done
Event: 36.772 loading class sun/security/provider/DSA$SHA256withDSA
Event: 36.772 loading class sun/security/provider/DSA$SHA256withDSA done
Event: 36.843 loading class java/util/jar/JarVerifier$VerifierStream
Event: 36.844 loading class java/util/jar/JarVerifier$VerifierStream done
Event: 36.844 loading class sun/security/util/ManifestEntryVerifier$SunProviderHolder
Event: 36.844 loading class sun/security/util/ManifestEntryVerifier$SunProviderHolder done


Dynamic libraries:
0x00007ff6f9410000 - 0x00007ff6f941e000 	C:\Program Files\Microsoft\jdk-17.0.2\bin\java.exe
0x00007ffd2cc70000 - 0x00007ffd2ce68000 	C:\Windows\SYSTEM32\ntdll.dll
0x00007ffd2bc90000 - 0x00007ffd2bd51000 	C:\Windows\System32\KERNEL32.DLL
0x00007ffd2a320000 - 0x00007ffd2a616000 	C:\Windows\System32\KERNELBASE.dll
0x00007ffd2a840000 - 0x00007ffd2a940000 	C:\Windows\System32\ucrtbase.dll
0x00007ffcf5d20000 - 0x00007ffcf5d38000 	C:\Program Files\Microsoft\jdk-17.0.2\bin\jli.dll
0x00007ffcf3fb0000 - 0x00007ffcf3fca000 	C:\Program Files\Microsoft\jdk-17.0.2\bin\VCRUNTIME140.dll
0x00007ffd2aca0000 - 0x00007ffd2ae3f000 	C:\Windows\System32\USER32.dll
0x00007ffd2a620000 - 0x00007ffd2a642000 	C:\Windows\System32\win32u.dll
0x00007ffd2bc60000 - 0x00007ffd2bc8b000 	C:\Windows\System32\GDI32.dll
0x00007ffd1a560000 - 0x00007ffd1a7fa000 	C:\Windows\WinSxS\amd64_microsoft.windows.common-controls_6595b64144ccf1df_6.0.19041.4355_none_60b8b9eb71f62e16\COMCTL32.dll
0x00007ffd2aa20000 - 0x00007ffd2ab37000 	C:\Windows\System32\gdi32full.dll
0x00007ffd2c8c0000 - 0x00007ffd2c95e000 	C:\Windows\System32\msvcrt.dll
0x00007ffd2a6a0000 - 0x00007ffd2a73d000 	C:\Windows\System32\msvcp_win.dll
0x00007ffd2c7b0000 - 0x00007ffd2c7df000 	C:\Windows\System32\IMM32.DLL
0x00007ffd21230000 - 0x00007ffd2123c000 	C:\Program Files\Microsoft\jdk-17.0.2\bin\vcruntime140_1.dll
0x00007ffcdd540000 - 0x00007ffcdd5cd000 	C:\Program Files\Microsoft\jdk-17.0.2\bin\msvcp140.dll
0x00007ffcdc970000 - 0x00007ffcdd531000 	C:\Program Files\Microsoft\jdk-17.0.2\bin\server\jvm.dll
0x00007ffd2b660000 - 0x00007ffd2b710000 	C:\Windows\System32\ADVAPI32.dll
0x00007ffd2aed0000 - 0x00007ffd2af70000 	C:\Windows\System32\sechost.dll
0x00007ffd2c960000 - 0x00007ffd2ca83000 	C:\Windows\System32\RPCRT4.dll
0x00007ffd2a940000 - 0x00007ffd2a967000 	C:\Windows\System32\bcrypt.dll
0x00007ffd2b060000 - 0x00007ffd2b068000 	C:\Windows\System32\PSAPI.DLL
0x00007ffd1e050000 - 0x00007ffd1e059000 	C:\Windows\SYSTEM32\WSOCK32.dll
0x00007ffd21520000 - 0x00007ffd2152a000 	C:\Windows\SYSTEM32\VERSION.dll
0x00007ffd2c590000 - 0x00007ffd2c5fb000 	C:\Windows\System32\WS2_32.dll
0x00007ffd1bd00000 - 0x00007ffd1bd27000 	C:\Windows\SYSTEM32\WINMM.dll
0x00007ffd280c0000 - 0x00007ffd280d2000 	C:\Windows\SYSTEM32\kernel.appcore.dll
0x00007ffd1bd90000 - 0x00007ffd1bd9a000 	C:\Program Files\Microsoft\jdk-17.0.2\bin\jimage.dll
0x00007ffd11c20000 - 0x00007ffd11e04000 	C:\Windows\SYSTEM32\DBGHELP.DLL
0x00007ffd11b20000 - 0x00007ffd11b54000 	C:\Windows\SYSTEM32\dbgcore.DLL
0x00007ffd2a7b0000 - 0x00007ffd2a832000 	C:\Windows\System32\bcryptPrimitives.dll
0x00007ffd23aa0000 - 0x00007ffd23aae000 	C:\Program Files\Microsoft\jdk-17.0.2\bin\instrument.dll
0x00007ffcf3e60000 - 0x00007ffcf3e85000 	C:\Program Files\Microsoft\jdk-17.0.2\bin\java.dll
0x00007ffcf3d00000 - 0x00007ffcf3dd6000 	C:\Program Files\Microsoft\jdk-17.0.2\bin\jsvml.dll
0x00007ffd2bd60000 - 0x00007ffd2c4cc000 	C:\Windows\System32\SHELL32.dll
0x00007ffd283a0000 - 0x00007ffd28b3e000 	C:\Windows\SYSTEM32\windows.storage.dll
0x00007ffd2b900000 - 0x00007ffd2bc53000 	C:\Windows\System32\combase.dll
0x00007ffd29d40000 - 0x00007ffd29d6e000 	C:\Windows\SYSTEM32\Wldp.dll
0x00007ffd2cb40000 - 0x00007ffd2cc0d000 	C:\Windows\System32\OLEAUT32.dll
0x00007ffd2ca90000 - 0x00007ffd2cb3d000 	C:\Windows\System32\SHCORE.dll
0x00007ffd2c4d0000 - 0x00007ffd2c525000 	C:\Windows\System32\shlwapi.dll
0x00007ffd2a250000 - 0x00007ffd2a274000 	C:\Windows\SYSTEM32\profapi.dll
0x00007ffcfe030000 - 0x00007ffcfe048000 	C:\Program Files\Microsoft\jdk-17.0.2\bin\zip.dll
0x00007ffcf3e40000 - 0x00007ffcf3e59000 	C:\Program Files\Microsoft\jdk-17.0.2\bin\net.dll
0x00007ffd23540000 - 0x00007ffd2364a000 	C:\Windows\SYSTEM32\WINHTTP.dll
0x00007ffd29aa0000 - 0x00007ffd29b0a000 	C:\Windows\system32\mswsock.dll
0x00007ffcf3e20000 - 0x00007ffcf3e36000 	C:\Program Files\Microsoft\jdk-17.0.2\bin\nio.dll
0x00007ffd23ac0000 - 0x00007ffd23ad0000 	C:\Program Files\Microsoft\jdk-17.0.2\bin\verify.dll
0x00007ffd236b0000 - 0x00007ffd236d7000 	C:\Users\aanan\.gradle\native\68d5fa5c4cc2d200863cafc0d521ce42e7d3e7ee720ec0a83991735586a16f82\windows-amd64\native-platform.dll
0x00007ffd0fcf0000 - 0x00007ffd0fe34000 	C:\Users\aanan\.gradle\native\e376f236ea51e6404a007f0833ffe2c6e607c4080706a723a18a27aeea778392\windows-amd64\native-platform-file-events.dll
0x00007ffd143d0000 - 0x00007ffd143d9000 	C:\Program Files\Microsoft\jdk-17.0.2\bin\management.dll
0x00007ffd14050000 - 0x00007ffd1405b000 	C:\Program Files\Microsoft\jdk-17.0.2\bin\management_ext.dll
0x00007ffd29ca0000 - 0x00007ffd29cb8000 	C:\Windows\SYSTEM32\CRYPTSP.dll
0x00007ffd29350000 - 0x00007ffd29384000 	C:\Windows\system32\rsaenh.dll
0x00007ffd2a200000 - 0x00007ffd2a22e000 	C:\Windows\SYSTEM32\USERENV.dll
0x00007ffd29c90000 - 0x00007ffd29c9c000 	C:\Windows\SYSTEM32\CRYPTBASE.dll
0x00007ffd29730000 - 0x00007ffd2976b000 	C:\Windows\SYSTEM32\IPHLPAPI.DLL
0x00007ffd2aff0000 - 0x00007ffd2aff8000 	C:\Windows\System32\NSI.dll
0x00007ffd23ef0000 - 0x00007ffd23f07000 	C:\Windows\SYSTEM32\dhcpcsvc6.DLL
0x00007ffd24ac0000 - 0x00007ffd24add000 	C:\Windows\SYSTEM32\dhcpcsvc.DLL
0x00007ffd29780000 - 0x00007ffd2984a000 	C:\Windows\SYSTEM32\DNSAPI.dll
0x00007ffd12c10000 - 0x00007ffd12c1e000 	C:\Program Files\Microsoft\jdk-17.0.2\bin\sunmscapi.dll
0x00007ffd2ab40000 - 0x00007ffd2ac9e000 	C:\Windows\System32\CRYPT32.dll
0x00007ffd29db0000 - 0x00007ffd29dd9000 	C:\Windows\SYSTEM32\ncrypt.dll
0x00007ffd29d70000 - 0x00007ffd29dab000 	C:\Windows\SYSTEM32\NTASN1.dll
0x00007ffd12750000 - 0x00007ffd12757000 	C:\Windows\system32\wshunix.dll
0x00007ffd234a0000 - 0x00007ffd234b7000 	C:\Windows\system32\napinsp.dll
0x00007ffd21ee0000 - 0x00007ffd21efb000 	C:\Windows\system32\pnrpnsp.dll
0x00007ffd22330000 - 0x00007ffd22345000 	C:\Windows\system32\wshbth.dll
0x00007ffd25f40000 - 0x00007ffd25f5d000 	C:\Windows\system32\NLAapi.dll
0x00007ffd21ec0000 - 0x00007ffd21ed2000 	C:\Windows\System32\winrnr.dll
0x00007ffd19fa0000 - 0x00007ffd19faa000 	C:\Windows\System32\rasadhlp.dll
0x00007ffd1b3e0000 - 0x00007ffd1b460000 	C:\Windows\System32\fwpuclnt.dll

dbghelp: loaded successfully - version: 4.0.5 - missing functions: none
symbol engine: initialized successfully - sym options: 0x614 - pdb path: .;C:\Program Files\Microsoft\jdk-17.0.2\bin;C:\Windows\SYSTEM32;C:\Windows\WinSxS\amd64_microsoft.windows.common-controls_6595b64144ccf1df_6.0.19041.4355_none_60b8b9eb71f62e16;C:\Program Files\Microsoft\jdk-17.0.2\bin\server;C:\Users\aanan\.gradle\native\68d5fa5c4cc2d200863cafc0d521ce42e7d3e7ee720ec0a83991735586a16f82\windows-amd64;C:\Users\aanan\.gradle\native\e376f236ea51e6404a007f0833ffe2c6e607c4080706a723a18a27aeea778392\windows-amd64

VM Arguments:
jvm_args: -XX:MaxMetaspaceSize=512m --add-opens=java.base/java.util=ALL-UNNAMED --add-opens=java.base/java.lang=ALL-UNNAMED --add-opens=java.base/java.lang.invoke=ALL-UNNAMED --add-opens=java.prefs/java.util.prefs=ALL-UNNAMED --add-opens=java.base/java.nio.charset=ALL-UNNAMED --add-opens=java.base/java.net=ALL-UNNAMED --add-opens=java.base/java.util.concurrent.atomic=ALL-UNNAMED -Xmx2048m -Dfile.encoding=windows-1252 -Duser.country=IN -Duser.language=en -Duser.variant -javaagent:C:\Users\aanan\.gradle\wrapper\dists\gradle-8.3-all\6en3ugtfdg5xnpx44z4qbwgas\gradle-8.3\lib\agents\gradle-instrumentation-agent-8.3.jar 
java_command: org.gradle.launcher.daemon.bootstrap.GradleDaemon 8.3
java_class_path (initial): C:\Users\aanan\.gradle\wrapper\dists\gradle-8.3-all\6en3ugtfdg5xnpx44z4qbwgas\gradle-8.3\lib\gradle-launcher-8.3.jar
Launcher Type: SUN_STANDARD

[Global flags]
     intx CICompilerCount                          = 3                                         {product} {ergonomic}
   size_t CompressedClassSpaceSize                 = 432013312                                 {product} {ergonomic}
     uint ConcGCThreads                            = 1                                         {product} {ergonomic}
     uint G1ConcRefinementThreads                  = 4                                         {product} {ergonomic}
   size_t G1HeapRegionSize                         = 1048576                                   {product} {ergonomic}
    uintx GCDrainStackTargetSize                   = 64                                        {product} {ergonomic}
   size_t InitialHeapSize                          = 100663296                                 {product} {ergonomic}
   size_t MarkStackSize                            = 4194304                                   {product} {ergonomic}
   size_t MaxHeapSize                              = 2147483648                                {product} {command line}
   size_t MaxMetaspaceSize                         = 536870912                                 {product} {command line}
   size_t MaxNewSize                               = 1287651328                                {product} {ergonomic}
   size_t MinHeapDeltaBytes                        = 1048576                                   {product} {ergonomic}
   size_t MinHeapSize                              = 8388608                                   {product} {ergonomic}
    uintx NonNMethodCodeHeapSize                   = 5832780                                {pd product} {ergonomic}
    uintx NonProfiledCodeHeapSize                  = 122912730                              {pd product} {ergonomic}
    uintx ProfiledCodeHeapSize                     = 122912730                              {pd product} {ergonomic}
    uintx ReservedCodeCacheSize                    = 251658240                              {pd product} {ergonomic}
     bool SegmentedCodeCache                       = true                                      {product} {ergonomic}
   size_t SoftMaxHeapSize                          = 2147483648                             {manageable} {ergonomic}
     bool UseCompressedClassPointers               = true                           {product lp64_product} {ergonomic}
     bool UseCompressedOops                        = true                           {product lp64_product} {ergonomic}
     bool UseG1GC                                  = true                                      {product} {ergonomic}
     bool UseLargePagesIndividualAllocation        = false                                  {pd product} {ergonomic}

Logging:
Log output configuration:
 #0: stdout all=warning uptime,level,tags
 #1: stderr all=off uptime,level,tags

Environment Variables:
JAVA_HOME=C:\Program Files\Microsoft\jdk-17.0.2
CLASSPATH=C:\Users\aanan\Desktop\Latest\android\\gradle\wrapper\gradle-wrapper.jar
PATH=C:\Users\aanan\Desktop\Latest\node_modules\.bin;C:\Users\aanan\Desktop\node_modules\.bin;C:\Users\aanan\node_modules\.bin;C:\Users\node_modules\.bin;C:\node_modules\.bin;C:\Program Files\nodejs\node_modules\npm\node_modules\@npmcli\run-script\lib\node-gyp-bin;C:\Program Files (x86)\Intel\iCLS Client\;C:\Program Files\Intel\iCLS Client\;C:\Windows\system32;C:\Windows;C:\Windows\System32\Wbem;C:\Windows\System32\WindowsPowerShell\v1.0\;C:\Windows\System32\OpenSSH\;C:\Program Files\dotnet\;C:\Program Files\Intel\Intel(R) Management Engine Components\DAL;C:\Program Files\Intel\Intel(R) Management Engine Components\IPT;C:\Program Files (x86)\Intel\Intel(R) Management Engine Components\DAL;C:\Program Files (x86)\Intel\Intel(R) Management Engine Components\IPT;C:\ProgramData\chocolatey\bin;C:\Program Files\nodejs\;C:\Users\aanan\AppData\Local\Android\Sdk\platform-tools;C:\Program Files\Git\cmd;C:\Program Files\Git\mingw64\bin;C:\Program Files\Git\usr\bin;C:\Program Files\Microsoft\jdk-17.0.2\bin;C:\Users\aanan\AppData\Local\Microsoft\WindowsApps;C:\Users\aanan\AppData\Local\Programs\Microsoft VS Code\bin;C:\Users\aanan\AppData\Roaming\npm;
USERNAME=Devendra
OS=Windows_NT
PROCESSOR_IDENTIFIER=Intel64 Family 6 Model 69 Stepping 1, GenuineIntel



---------------  S Y S T E M  ---------------

OS:
 Windows 10 , 64 bit Build 19041 (10.0.19041.4597)
OS uptime: 1 days 21:03 hours

CPU: total 4 (initial active 4) (2 cores per cpu, 2 threads per core) family 6 model 69 stepping 1 microcode 0x25, cx8, cmov, fxsr, ht, mmx, sse, sse2, sse3, ssse3, sse4.1, sse4.2, popcnt, lzcnt, tsc, tscinvbit, avx, avx2, aes, erms, clmul, bmi1, bmi2, fma, vzeroupper, clflush

Memory: 4k page, system-wide physical 6024M (397M free)
TotalPageFile size 8072M (AvailPageFile size 109M)
current process WorkingSet (physical memory assigned to process): 394M, peak: 400M
current process commit charge ("private bytes"): 422M, peak: 620M

vm_info: OpenJDK 64-Bit Server VM (17.0.2+8-86) for windows-amd64 JRE (17.0.2+8-86), built on Dec  7 2021 21:49:10 by "mach5one" with MS VC++ 16.8 / 16.9 (VS2019)

END.
