#
# There is insufficient memory for the Java Runtime Environment to continue.
# Native memory allocation (mmap) failed to map 31457280 bytes for G1 virtual space
# Possible reasons:
#   The system is out of physical RAM or swap space
#   The process is running with CompressedOops enabled, and the Java Heap may be blocking the growth of the native heap
# Possible solutions:
#   Reduce memory load on the system
#   Increase physical memory or swap space
#   Check if swap backing store is full
#   Decrease Java heap size (-Xmx/-Xms)
#   Decrease number of Java threads
#   Decrease Java thread stack sizes (-Xss)
#   Set larger code cache with -XX:ReservedCodeCacheSize=
#   JVM is running with Unscaled Compressed Oops mode in which the Java heap is
#     placed in the first 4GB address space. The Java Heap base address is the
#     maximum limit for the native heap growth. Please use -XX:HeapBaseMinAddress
#     to set the Java Heap base and to place the Java Heap above 4GB virtual address.
# This output file may be truncated or incomplete.
#
#  Out of Memory Error (os_windows.cpp:3532), pid=10200, tid=5524
#
# JRE version: OpenJDK Runtime Environment (17.0.2+8) (build 17.0.2+8-86)
# Java VM: OpenJDK 64-Bit Server VM (17.0.2+8-86, mixed mode, sharing, tiered, compressed oops, compressed class ptrs, g1 gc, windows-amd64)
# No core dump will be written. Minidumps are not enabled by default on client versions of Windows
#

---------------  S U M M A R Y ------------

Command Line: -XX:MaxMetaspaceSize=512m --add-opens=java.base/java.util=ALL-UNNAMED --add-opens=java.base/java.lang=ALL-UNNAMED --add-opens=java.base/java.lang.invoke=ALL-UNNAMED --add-opens=java.prefs/java.util.prefs=ALL-UNNAMED --add-opens=java.base/java.nio.charset=ALL-UNNAMED --add-opens=java.base/java.net=ALL-UNNAMED --add-opens=java.base/java.util.concurrent.atomic=ALL-UNNAMED -Xmx2048m -Dfile.encoding=windows-1252 -Duser.country=IN -Duser.language=en -Duser.variant -javaagent:C:\Users\aanan\.gradle\wrapper\dists\gradle-8.3-all\6en3ugtfdg5xnpx44z4qbwgas\gradle-8.3\lib\agents\gradle-instrumentation-agent-8.3.jar org.gradle.launcher.daemon.bootstrap.GradleDaemon 8.3

Host: Intel(R) Core(TM) i3-4010U CPU @ 1.70GHz, 4 cores, 5G,  Windows 10 , 64 bit Build 19041 (10.0.19041.4597)
Time: Mon Aug  5 13:57:56 2024 India Standard Time elapsed time: 33.914545 seconds (0d 0h 0m 33s)

---------------  T H R E A D  ---------------

Current thread (0x0000021257705b80):  VMThread "VM Thread" [stack: 0x000000c6e4600000,0x000000c6e4700000] [id=5524]

Stack: [0x000000c6e4600000,0x000000c6e4700000]
Native frames: (J=compiled Java code, j=interpreted, Vv=VM code, C=native code)
V  [jvm.dll+0x670baa]
V  [jvm.dll+0x7cfcb4]
V  [jvm.dll+0x7d145e]
V  [jvm.dll+0x7d1ac3]
V  [jvm.dll+0x242bc5]
V  [jvm.dll+0x66dac9]
V  [jvm.dll+0x662412]
V  [jvm.dll+0x300c0b]
V  [jvm.dll+0x3081a6]
V  [jvm.dll+0x357d0e]
V  [jvm.dll+0x357f3f]
V  [jvm.dll+0x2d7ec8]
V  [jvm.dll+0x2d6194]
V  [jvm.dll+0x2d579c]
V  [jvm.dll+0x3190eb]
V  [jvm.dll+0x7d5f9b]
V  [jvm.dll+0x7d6cd4]
V  [jvm.dll+0x7d71ec]
V  [jvm.dll+0x7d75c4]
V  [jvm.dll+0x7d7690]
V  [jvm.dll+0x77ff7a]
V  [jvm.dll+0x66fa35]
C  [ucrtbase.dll+0x21bb2]
C  [KERNEL32.DLL+0x17374]
C  [ntdll.dll+0x4cc91]

VM_Operation (0x000000c6e5decff0): G1CollectForAllocation, mode: safepoint, requested by thread 0x000002125995ae50


---------------  P R O C E S S  ---------------

Threads class SMR info:
_java_thread_list=0x000002125d0a77a0, length=67, elements={
0x0000021239e6cfa0, 0x000002125770aae0, 0x000002125770b860, 0x0000021257722f30,
0x0000021257724800, 0x00000212577260d0, 0x0000021257726990, 0x0000021257727580,
0x0000021257728950, 0x00000212577a40d0, 0x0000021258156470, 0x00000212581dea60,
0x000002125a3791a0, 0x000002125a7c2c30, 0x000002125a671b20, 0x0000021258f9c5c0,
0x0000021259918e00, 0x000002125923a1e0, 0x000002125995ae50, 0x0000021258cab250,
0x0000021258cabbf0, 0x0000021258caa3e0, 0x0000021258cacf30, 0x0000021258cac590,
0x0000021258cac0c0, 0x0000021258caca60, 0x0000021258caa8b0, 0x0000021258ca9570,
0x0000021258ca9f10, 0x0000021258ca9a40, 0x000002125aa3bed0, 0x000002125aa3b060,
0x000002125aa41570, 0x000002125aa41a40, 0x000002125aa3dbb0, 0x000002125aa40230,
0x000002125aa40700, 0x000002125aa3e080, 0x000002125aa41f10, 0x000002125aa3d210,
0x000002125aa3c870, 0x000002125aa3d6e0, 0x000002125aa3cd40, 0x000002125aa3f3c0,
0x000002125aa423e0, 0x000002125aa3f890, 0x0000021259bf7eb0, 0x000002125b648550,
0x000002125b6476e0, 0x000002125b647bb0, 0x000002125b645060, 0x000002125b6463a0,
0x000002125b645530, 0x000002125b645ed0, 0x000002125b646870, 0x000002125b646d40,
0x000002125846e010, 0x000002125846e4e0, 0x000002125846ccd0, 0x000002125846be60,
0x000002125846db40, 0x000002125846d670, 0x000002125846e9b0, 0x000002125846ee80,
0x000002125846d1a0, 0x000002125846f350, 0x000002125846c330
}

Java Threads: ( => current thread )
  0x0000021239e6cfa0 JavaThread "main" [_thread_blocked, id=6016, stack(0x000000c6e4000000,0x000000c6e4100000)]
  0x000002125770aae0 JavaThread "Reference Handler" daemon [_thread_blocked, id=1792, stack(0x000000c6e4700000,0x000000c6e4800000)]
  0x000002125770b860 JavaThread "Finalizer" daemon [_thread_blocked, id=8588, stack(0x000000c6e4800000,0x000000c6e4900000)]
  0x0000021257722f30 JavaThread "Signal Dispatcher" daemon [_thread_blocked, id=2872, stack(0x000000c6e4900000,0x000000c6e4a00000)]
  0x0000021257724800 JavaThread "Attach Listener" daemon [_thread_blocked, id=2020, stack(0x000000c6e4a00000,0x000000c6e4b00000)]
  0x00000212577260d0 JavaThread "Service Thread" daemon [_thread_blocked, id=1480, stack(0x000000c6e4b00000,0x000000c6e4c00000)]
  0x0000021257726990 JavaThread "Monitor Deflation Thread" daemon [_thread_blocked, id=3436, stack(0x000000c6e4c00000,0x000000c6e4d00000)]
  0x0000021257727580 JavaThread "C2 CompilerThread0" daemon [_thread_blocked, id=8972, stack(0x000000c6e4d00000,0x000000c6e4e00000)]
  0x0000021257728950 JavaThread "C1 CompilerThread0" daemon [_thread_blocked, id=3812, stack(0x000000c6e4e00000,0x000000c6e4f00000)]
  0x00000212577a40d0 JavaThread "Sweeper thread" daemon [_thread_blocked, id=7252, stack(0x000000c6e4f00000,0x000000c6e5000000)]
  0x0000021258156470 JavaThread "Common-Cleaner" daemon [_thread_blocked, id=9728, stack(0x000000c6e5000000,0x000000c6e5100000)]
  0x00000212581dea60 JavaThread "Notification Thread" daemon [_thread_blocked, id=11232, stack(0x000000c6e5100000,0x000000c6e5200000)]
  0x000002125a3791a0 JavaThread "Daemon health stats" [_thread_blocked, id=11836, stack(0x000000c6e5700000,0x000000c6e5800000)]
  0x000002125a7c2c30 JavaThread "Incoming local TCP Connector on port 51395" [_thread_in_native, id=9320, stack(0x000000c6e5800000,0x000000c6e5900000)]
  0x000002125a671b20 JavaThread "Daemon periodic checks" [_thread_blocked, id=9460, stack(0x000000c6e5900000,0x000000c6e5a00000)]
  0x0000021258f9c5c0 JavaThread "Daemon" [_thread_blocked, id=6020, stack(0x000000c6e5a00000,0x000000c6e5b00000)]
  0x0000021259918e00 JavaThread "Handler for socket connection from /127.0.0.1:51395 to /127.0.0.1:51396" [_thread_in_native, id=7676, stack(0x000000c6e5b00000,0x000000c6e5c00000)]
  0x000002125923a1e0 JavaThread "Cancel handler" [_thread_blocked, id=7344, stack(0x000000c6e5c00000,0x000000c6e5d00000)]
  0x000002125995ae50 JavaThread "Daemon worker" [_thread_blocked, id=4424, stack(0x000000c6e5d00000,0x000000c6e5e00000)]
  0x0000021258cab250 JavaThread "Asynchronous log dispatcher for DefaultDaemonConnection: socket connection from /127.0.0.1:51395 to /127.0.0.1:51396" [_thread_blocked, id=3016, stack(0x000000c6e5e00000,0x000000c6e5f00000)]
  0x0000021258cabbf0 JavaThread "Stdin handler" [_thread_blocked, id=7976, stack(0x000000c6e5f00000,0x000000c6e6000000)]
  0x0000021258caa3e0 JavaThread "Daemon client event forwarder" [_thread_blocked, id=8436, stack(0x000000c6e6000000,0x000000c6e6100000)]
  0x0000021258cacf30 JavaThread "Cache worker for journal cache (C:\Users\aanan\.gradle\caches\journal-1)" [_thread_blocked, id=6700, stack(0x000000c6e5500000,0x000000c6e5600000)]
  0x0000021258cac590 JavaThread "File lock request listener" [_thread_in_native, id=11644, stack(0x000000c6e6100000,0x000000c6e6200000)]
  0x0000021258cac0c0 JavaThread "Cache worker for file hash cache (C:\Users\aanan\.gradle\caches\8.3\fileHashes)" [_thread_blocked, id=8420, stack(0x000000c6e6300000,0x000000c6e6400000)]
  0x0000021258caca60 JavaThread "File watcher server" daemon [_thread_blocked, id=8756, stack(0x000000c6e6400000,0x000000c6e6500000)]
  0x0000021258caa8b0 JavaThread "File watcher consumer" daemon [_thread_blocked, id=2024, stack(0x000000c6e6500000,0x000000c6e6600000)]
  0x0000021258ca9570 JavaThread "Cache worker for checksums cache (C:\Users\aanan\Desktop\Latest\android\.gradle\8.3\checksums)" [_thread_blocked, id=7548, stack(0x000000c6e6600000,0x000000c6e6700000)]
  0x0000021258ca9f10 JavaThread "Cache worker for file hash cache (C:\Users\aanan\Desktop\Latest\android\.gradle\8.3\fileHashes)" [_thread_blocked, id=10548, stack(0x000000c6e6700000,0x000000c6e6800000)]
  0x0000021258ca9a40 JavaThread "Cache worker for cache directory md-supplier (C:\Users\aanan\.gradle\caches\8.3\md-supplier)" [_thread_blocked, id=6724, stack(0x000000c6e6800000,0x000000c6e6900000)]
  0x000002125aa3bed0 JavaThread "Cache worker for file content cache (C:\Users\aanan\.gradle\caches\8.3\fileContent)" [_thread_blocked, id=10264, stack(0x000000c6e6200000,0x000000c6e6300000)]
  0x000002125aa3b060 JavaThread "Cache worker for cache directory md-rule (C:\Users\aanan\.gradle\caches\8.3\md-rule)" [_thread_blocked, id=9688, stack(0x000000c6e6a00000,0x000000c6e6b00000)]
  0x000002125aa41570 JavaThread "Cache worker for execution history cache (C:\Users\aanan\.gradle\caches\8.3\executionHistory)" [_thread_blocked, id=11516, stack(0x000000c6e6b00000,0x000000c6e6c00000)]
  0x000002125aa41a40 JavaThread "jar transforms" [_thread_blocked, id=7596, stack(0x000000c6e6c00000,0x000000c6e6d00000)]
  0x000002125aa3dbb0 JavaThread "jar transforms Thread 2" [_thread_blocked, id=4640, stack(0x000000c6e6d00000,0x000000c6e6e00000)]
  0x000002125aa40230 JavaThread "jar transforms Thread 3" [_thread_blocked, id=6776, stack(0x000000c6e6e00000,0x000000c6e6f00000)]
  0x000002125aa40700 JavaThread "jar transforms Thread 4" [_thread_blocked, id=5624, stack(0x000000c6e6f00000,0x000000c6e7000000)]
  0x000002125aa3e080 JavaThread "Cache worker for kotlin-dsl (C:\Users\aanan\.gradle\caches\8.3\kotlin-dsl)" [_thread_blocked, id=12040, stack(0x000000c6e7000000,0x000000c6e7100000)]
  0x000002125aa41f10 JavaThread "Unconstrained build operations" [_thread_blocked, id=2804, stack(0x000000c6e7100000,0x000000c6e7200000)]
  0x000002125aa3d210 JavaThread "Unconstrained build operations Thread 2" [_thread_blocked, id=2336, stack(0x000000c6e7200000,0x000000c6e7300000)]
  0x000002125aa3c870 JavaThread "Cache worker for dependencies-accessors (C:\Users\aanan\Desktop\Latest\android\.gradle\8.3\dependencies-accessors)" [_thread_blocked, id=3912, stack(0x000000c6e7300000,0x000000c6e7400000)]
  0x000002125aa3d6e0 JavaThread "Cache worker for Build Output Cleanup Cache (C:\Users\aanan\Desktop\Latest\node_modules\@react-native\gradle-plugin\.gradle\buildOutputCleanup)" [_thread_blocked, id=6548, stack(0x000000c6e7400000,0x000000c6e7500000)]
  0x000002125aa3cd40 JavaThread "Unconstrained build operations Thread 3" [_thread_blocked, id=12068, stack(0x000000c6e7500000,0x000000c6e7600000)]
  0x000002125aa3f3c0 JavaThread "Unconstrained build operations Thread 4" [_thread_blocked, id=10328, stack(0x000000c6e7600000,0x000000c6e7700000)]
  0x000002125aa423e0 JavaThread "Unconstrained build operations Thread 5" [_thread_blocked, id=10208, stack(0x000000c6e7700000,0x000000c6e7800000)]
  0x000002125aa3f890 JavaThread "Memory manager" [_thread_blocked, id=6228, stack(0x000000c6e7800000,0x000000c6e7900000)]
  0x0000021259bf7eb0 JavaThread "C2 CompilerThread1" daemon [_thread_blocked, id=3132, stack(0x000000c6e6900000,0x000000c6e6a00000)]
  0x000002125b648550 JavaThread "Cache worker for Build Output Cleanup Cache (C:\Users\aanan\Desktop\Latest\android\.gradle\buildOutputCleanup)" [_thread_blocked, id=6896, stack(0x000000c6e7900000,0x000000c6e7a00000)]
  0x000002125b6476e0 JavaThread "ForkJoinPool.commonPool-worker-1" daemon [_thread_blocked, id=1112, stack(0x000000c6e7a00000,0x000000c6e7b00000)]
  0x000002125b647bb0 JavaThread "ForkJoinPool.commonPool-worker-2" daemon [_thread_blocked, id=8924, stack(0x000000c6e7b00000,0x000000c6e7c00000)]
  0x000002125b645060 JavaThread "ForkJoinPool.commonPool-worker-3" daemon [_thread_blocked, id=8576, stack(0x000000c6e7c00000,0x000000c6e7d00000)]
  0x000002125b6463a0 JavaThread "Exec process" [_thread_blocked, id=8424, stack(0x000000c6e7d00000,0x000000c6e7e00000)]
  0x000002125b645530 JavaThread "Exec process Thread 2" [_thread_blocked, id=1128, stack(0x000000c6e7e00000,0x000000c6e7f00000)]
  0x000002125b645ed0 JavaThread "Exec process Thread 3" [_thread_blocked, id=11576, stack(0x000000c6e7f00000,0x000000c6e8000000)]
  0x000002125b646870 JavaThread "included builds" [_thread_blocked, id=12056, stack(0x000000c6e8000000,0x000000c6e8100000)]
  0x000002125b646d40 JavaThread "Execution worker" [_thread_blocked, id=5208, stack(0x000000c6e8100000,0x000000c6e8200000)]
  0x000002125846e010 JavaThread "Execution worker Thread 2" [_thread_blocked, id=7656, stack(0x000000c6e8200000,0x000000c6e8300000)]
  0x000002125846e4e0 JavaThread "Execution worker Thread 3" [_thread_blocked, id=11344, stack(0x000000c6e8300000,0x000000c6e8400000)]
  0x000002125846ccd0 JavaThread "Cache worker for execution history cache (C:\Users\aanan\Desktop\Latest\node_modules\@react-native\gradle-plugin\.gradle\8.3\executionHistory)" [_thread_blocked, id=1100, stack(0x000000c6e8400000,0x000000c6e8500000)]
  0x000002125846be60 JavaThread "Unconstrained build operations Thread 6" [_thread_blocked, id=3232, stack(0x000000c6e8500000,0x000000c6e8600000)]
  0x000002125846db40 JavaThread "Unconstrained build operations Thread 7" [_thread_blocked, id=972, stack(0x000000c6e8600000,0x000000c6e8700000)]
  0x000002125846d670 JavaThread "Unconstrained build operations Thread 8" [_thread_blocked, id=5628, stack(0x000000c6e8700000,0x000000c6e8800000)]
  0x000002125846e9b0 JavaThread "Unconstrained build operations Thread 9" [_thread_blocked, id=6024, stack(0x000000c6e8800000,0x000000c6e8900000)]
  0x000002125846ee80 JavaThread "Unconstrained build operations Thread 10" [_thread_blocked, id=12044, stack(0x000000c6e8900000,0x000000c6e8a00000)]
  0x000002125846d1a0 JavaThread "Unconstrained build operations Thread 11" [_thread_blocked, id=3276, stack(0x000000c6e8a00000,0x000000c6e8b00000)]
  0x000002125846f350 JavaThread "Unconstrained build operations Thread 12" [_thread_blocked, id=9928, stack(0x000000c6e8b00000,0x000000c6e8c00000)]
  0x000002125846c330 JavaThread "Unconstrained build operations Thread 13" [_thread_blocked, id=11756, stack(0x000000c6e8c00000,0x000000c6e8d00000)]

Other Threads:
=>0x0000021257705b80 VMThread "VM Thread" [stack: 0x000000c6e4600000,0x000000c6e4700000] [id=5524]
  0x00000212581adda0 WatcherThread [stack: 0x000000c6e5200000,0x000000c6e5300000] [id=6884]
  0x0000021237e9e7e0 GCTaskThread "GC Thread#0" [stack: 0x000000c6e4100000,0x000000c6e4200000] [id=1876]
  0x000002125831fc30 GCTaskThread "GC Thread#1" [stack: 0x000000c6e5300000,0x000000c6e5400000] [id=10704]
  0x00000212582da300 GCTaskThread "GC Thread#2" [stack: 0x000000c6e5400000,0x000000c6e5500000] [id=3084]
  0x000002125910c090 GCTaskThread "GC Thread#3" [stack: 0x000000c6e5600000,0x000000c6e5700000] [id=11808]
  0x0000021239eba710 ConcurrentGCThread "G1 Main Marker" [stack: 0x000000c6e4200000,0x000000c6e4300000] [id=7340]
  0x0000021239ebb030 ConcurrentGCThread "G1 Conc#0" [stack: 0x000000c6e4300000,0x000000c6e4400000] [id=6388]
  0x0000021239f1c070 ConcurrentGCThread "G1 Refine#0" [stack: 0x000000c6e4400000,0x000000c6e4500000] [id=4612]
  0x0000021239f1c9a0 ConcurrentGCThread "G1 Service" [stack: 0x000000c6e4500000,0x000000c6e4600000] [id=8188]

Threads with active compile tasks:
C2 CompilerThread0    33960 8694       4       org.objectweb.asm.Type::appendDescriptor (185 bytes)
C2 CompilerThread1    33960 8695       4       org.objectweb.asm.Type::getMethodDescriptor (66 bytes)

VM state: at safepoint (normal execution)

VM Mutex/Monitor currently owned by a thread:  ([mutex/lock_event])
[0x0000021239e699f0] Threads_lock - owner thread: 0x0000021257705b80
[0x0000021239e69330] Heap_lock - owner thread: 0x000002125995ae50

Heap address: 0x0000000080000000, size: 2048 MB, Compressed Oops mode: 32-bit

CDS archive(s) mapped at: [0x0000000800000000-0x0000000800bc0000-0x0000000800bc0000), size 12320768, SharedBaseAddress: 0x0000000800000000, ArchiveRelocationMode: 0.
Compressed class space mapped at: 0x0000000800c00000-0x000000081a800000, reserved size: 432013312
Narrow klass base: 0x0000000800000000, Narrow klass shift: 0, Narrow klass range: 0x100000000

GC Precious Log:
 CPUs: 4 total, 4 available
 Memory: 6024M
 Large Page Support: Disabled
 NUMA Support: Disabled
 Compressed Oops: Enabled (32-bit)
 Heap Region Size: 1M
 Heap Min Capacity: 8M
 Heap Initial Capacity: 96M
 Heap Max Capacity: 2G
 Pre-touch: Disabled
 Parallel Workers: 4
 Concurrent Workers: 1
 Concurrent Refinement Workers: 4
 Periodic GC: Disabled

Heap:
 garbage-first heap   total 150528K, used 85962K [0x0000000080000000, 0x0000000100000000)
  region size 1024K, 1 young (1024K), 1 survivors (1024K)
 Metaspace       used 71645K, committed 72384K, reserved 487424K
  class space    used 10022K, committed 10368K, reserved 421888K

Heap Regions: E=young(eden), S=young(survivor), O=old, HS=humongous(starts), HC=humongous(continues), CS=collection set, F=free, OA=open archive, CA=closed archive, TAMS=top-at-mark-start (previous, next)
|   0|0x0000000080000000, 0x0000000080100000, 0x0000000080100000|100%| O|  |TAMS 0x0000000080100000, 0x0000000080000000| Untracked 
|   1|0x0000000080100000, 0x0000000080200000, 0x0000000080200000|100%| O|  |TAMS 0x0000000080200000, 0x0000000080100000| Untracked 
|   2|0x0000000080200000, 0x0000000080300000, 0x0000000080300000|100%|HS|  |TAMS 0x0000000080300000, 0x0000000080200000| Complete 
|   3|0x0000000080300000, 0x0000000080400000, 0x0000000080400000|100%|HC|  |TAMS 0x0000000080400000, 0x0000000080300000| Complete 
|   4|0x0000000080400000, 0x0000000080500000, 0x0000000080500000|100%|HC|  |TAMS 0x0000000080500000, 0x0000000080400000| Complete 
|   5|0x0000000080500000, 0x0000000080600000, 0x0000000080600000|100%|HC|  |TAMS 0x0000000080600000, 0x0000000080500000| Complete 
|   6|0x0000000080600000, 0x0000000080700000, 0x0000000080700000|100%| O|  |TAMS 0x0000000080700000, 0x0000000080600000| Untracked 
|   7|0x0000000080700000, 0x0000000080800000, 0x0000000080800000|100%| O|  |TAMS 0x0000000080800000, 0x0000000080700000| Untracked 
|   8|0x0000000080800000, 0x0000000080900000, 0x0000000080900000|100%| O|  |TAMS 0x0000000080900000, 0x0000000080800000| Untracked 
|   9|0x0000000080900000, 0x0000000080a00000, 0x0000000080a00000|100%| O|  |TAMS 0x0000000080a00000, 0x0000000080900000| Untracked 
|  10|0x0000000080a00000, 0x0000000080b00000, 0x0000000080b00000|100%| O|  |TAMS 0x0000000080b00000, 0x0000000080a00000| Untracked 
|  11|0x0000000080b00000, 0x0000000080c00000, 0x0000000080c00000|100%| O|  |TAMS 0x0000000080c00000, 0x0000000080b00000| Untracked 
|  12|0x0000000080c00000, 0x0000000080d00000, 0x0000000080d00000|100%| O|  |TAMS 0x0000000080d00000, 0x0000000080c00000| Untracked 
|  13|0x0000000080d00000, 0x0000000080e00000, 0x0000000080e00000|100%| O|  |TAMS 0x0000000080e00000, 0x0000000080d00000| Untracked 
|  14|0x0000000080e00000, 0x0000000080f00000, 0x0000000080f00000|100%| O|  |TAMS 0x0000000080f00000, 0x0000000080e00000| Untracked 
|  15|0x0000000080f00000, 0x0000000081000000, 0x0000000081000000|100%| O|  |TAMS 0x0000000081000000, 0x0000000080f00000| Untracked 
|  16|0x0000000081000000, 0x0000000081100000, 0x0000000081100000|100%| O|  |TAMS 0x0000000081100000, 0x0000000081000000| Untracked 
|  17|0x0000000081100000, 0x0000000081200000, 0x0000000081200000|100%| O|  |TAMS 0x0000000081200000, 0x0000000081100000| Untracked 
|  18|0x0000000081200000, 0x0000000081300000, 0x0000000081300000|100%| O|  |TAMS 0x0000000081300000, 0x0000000081200000| Untracked 
|  19|0x0000000081300000, 0x0000000081300000, 0x0000000081400000|  0%| F|  |TAMS 0x0000000081300000, 0x0000000081300000| Untracked 
|  20|0x0000000081400000, 0x0000000081500000, 0x0000000081500000|100%| O|  |TAMS 0x0000000081500000, 0x0000000081400000| Untracked 
|  21|0x0000000081500000, 0x0000000081600000, 0x0000000081600000|100%| O|  |TAMS 0x0000000081600000, 0x0000000081500000| Untracked 
|  22|0x0000000081600000, 0x0000000081700000, 0x0000000081700000|100%| O|  |TAMS 0x0000000081700000, 0x0000000081600000| Untracked 
|  23|0x0000000081700000, 0x0000000081800000, 0x0000000081800000|100%| O|  |TAMS 0x0000000081800000, 0x0000000081700000| Untracked 
|  24|0x0000000081800000, 0x0000000081900000, 0x0000000081900000|100%| O|  |TAMS 0x0000000081900000, 0x0000000081800000| Untracked 
|  25|0x0000000081900000, 0x0000000081a00000, 0x0000000081a00000|100%| O|  |TAMS 0x0000000081a00000, 0x0000000081900000| Untracked 
|  26|0x0000000081a00000, 0x0000000081b00000, 0x0000000081b00000|100%| O|  |TAMS 0x0000000081b00000, 0x0000000081a00000| Untracked 
|  27|0x0000000081b00000, 0x0000000081c00000, 0x0000000081c00000|100%| O|  |TAMS 0x0000000081c00000, 0x0000000081b00000| Untracked 
|  28|0x0000000081c00000, 0x0000000081d00000, 0x0000000081d00000|100%| O|  |TAMS 0x0000000081d00000, 0x0000000081c00000| Untracked 
|  29|0x0000000081d00000, 0x0000000081e00000, 0x0000000081e00000|100%|HS|  |TAMS 0x0000000081e00000, 0x0000000081d00000| Complete 
|  30|0x0000000081e00000, 0x0000000081f00000, 0x0000000081f00000|100%|HC|  |TAMS 0x0000000081f00000, 0x0000000081e00000| Complete 
|  31|0x0000000081f00000, 0x0000000082000000, 0x0000000082000000|100%|HS|  |TAMS 0x0000000082000000, 0x0000000081f00000| Complete 
|  32|0x0000000082000000, 0x0000000082100000, 0x0000000082100000|100%|HC|  |TAMS 0x0000000082100000, 0x0000000082000000| Complete 
|  33|0x0000000082100000, 0x0000000082200000, 0x0000000082200000|100%| O|  |TAMS 0x0000000082200000, 0x0000000082100000| Untracked 
|  34|0x0000000082200000, 0x0000000082300000, 0x0000000082300000|100%| O|  |TAMS 0x0000000082300000, 0x0000000082200000| Untracked 
|  35|0x0000000082300000, 0x0000000082400000, 0x0000000082400000|100%| O|  |TAMS 0x0000000082400000, 0x0000000082300000| Untracked 
|  36|0x0000000082400000, 0x0000000082500000, 0x0000000082500000|100%| O|  |TAMS 0x0000000082500000, 0x0000000082400000| Untracked 
|  37|0x0000000082500000, 0x0000000082600000, 0x0000000082600000|100%| O|  |TAMS 0x0000000082600000, 0x0000000082500000| Untracked 
|  38|0x0000000082600000, 0x0000000082700000, 0x0000000082700000|100%| O|  |TAMS 0x0000000082700000, 0x0000000082600000| Untracked 
|  39|0x0000000082700000, 0x0000000082800000, 0x0000000082800000|100%| O|  |TAMS 0x0000000082800000, 0x0000000082700000| Untracked 
|  40|0x0000000082800000, 0x0000000082900000, 0x0000000082900000|100%| O|  |TAMS 0x0000000082900000, 0x0000000082800000| Untracked 
|  41|0x0000000082900000, 0x0000000082a00000, 0x0000000082a00000|100%| O|  |TAMS 0x0000000082a00000, 0x0000000082900000| Untracked 
|  42|0x0000000082a00000, 0x0000000082b00000, 0x0000000082b00000|100%| O|  |TAMS 0x0000000082b00000, 0x0000000082a00000| Untracked 
|  43|0x0000000082b00000, 0x0000000082c00000, 0x0000000082c00000|100%| O|  |TAMS 0x0000000082c00000, 0x0000000082b00000| Untracked 
|  44|0x0000000082c00000, 0x0000000082d00000, 0x0000000082d00000|100%| O|  |TAMS 0x0000000082d00000, 0x0000000082c00000| Untracked 
|  45|0x0000000082d00000, 0x0000000082e00000, 0x0000000082e00000|100%|HS|  |TAMS 0x0000000082e00000, 0x0000000082d00000| Complete 
|  46|0x0000000082e00000, 0x0000000082f00000, 0x0000000082f00000|100%|HC|  |TAMS 0x0000000082f00000, 0x0000000082e00000| Complete 
|  47|0x0000000082f00000, 0x0000000083000000, 0x0000000083000000|100%|HC|  |TAMS 0x0000000083000000, 0x0000000082f00000| Complete 
|  48|0x0000000083000000, 0x0000000083100000, 0x0000000083100000|100%|HC|  |TAMS 0x0000000083100000, 0x0000000083000000| Complete 
|  49|0x0000000083100000, 0x0000000083200000, 0x0000000083200000|100%| O|  |TAMS 0x0000000083200000, 0x0000000083100000| Untracked 
|  50|0x0000000083200000, 0x0000000083300000, 0x0000000083300000|100%| O|  |TAMS 0x0000000083300000, 0x0000000083200000| Untracked 
|  51|0x0000000083300000, 0x0000000083400000, 0x0000000083400000|100%| O|  |TAMS 0x0000000083400000, 0x0000000083300000| Untracked 
|  52|0x0000000083400000, 0x0000000083500000, 0x0000000083500000|100%|HS|  |TAMS 0x0000000083500000, 0x0000000083400000| Complete 
|  53|0x0000000083500000, 0x0000000083600000, 0x0000000083600000|100%|HC|  |TAMS 0x0000000083600000, 0x0000000083500000| Complete 
|  54|0x0000000083600000, 0x0000000083700000, 0x0000000083700000|100%|HC|  |TAMS 0x0000000083700000, 0x0000000083600000| Complete 
|  55|0x0000000083700000, 0x0000000083800000, 0x0000000083800000|100%|HC|  |TAMS 0x0000000083800000, 0x0000000083700000| Complete 
|  56|0x0000000083800000, 0x0000000083900000, 0x0000000083900000|100%| O|  |TAMS 0x0000000083900000, 0x0000000083800000| Untracked 
|  57|0x0000000083900000, 0x0000000083a00000, 0x0000000083a00000|100%| O|  |TAMS 0x0000000083a00000, 0x0000000083900000| Untracked 
|  58|0x0000000083a00000, 0x0000000083b00000, 0x0000000083b00000|100%| O|  |TAMS 0x0000000083b00000, 0x0000000083a00000| Untracked 
|  59|0x0000000083b00000, 0x0000000083c00000, 0x0000000083c00000|100%| O|  |TAMS 0x0000000083c00000, 0x0000000083b00000| Untracked 
|  60|0x0000000083c00000, 0x0000000083d00000, 0x0000000083d00000|100%| O|  |TAMS 0x0000000083d00000, 0x0000000083c00000| Untracked 
|  61|0x0000000083d00000, 0x0000000083e00000, 0x0000000083e00000|100%| O|  |TAMS 0x0000000083e00000, 0x0000000083d00000| Untracked 
|  62|0x0000000083e00000, 0x0000000083f00000, 0x0000000083f00000|100%| O|  |TAMS 0x0000000083f00000, 0x0000000083e00000| Untracked 
|  63|0x0000000083f00000, 0x0000000084000000, 0x0000000084000000|100%| O|  |TAMS 0x0000000084000000, 0x0000000083f00000| Untracked 
|  64|0x0000000084000000, 0x0000000084100000, 0x0000000084100000|100%| O|  |TAMS 0x0000000084100000, 0x0000000084000000| Untracked 
|  65|0x0000000084100000, 0x0000000084200000, 0x0000000084200000|100%| O|  |TAMS 0x0000000084200000, 0x0000000084100000| Untracked 
|  66|0x0000000084200000, 0x0000000084300000, 0x0000000084300000|100%| O|  |TAMS 0x0000000084300000, 0x0000000084200000| Untracked 
|  67|0x0000000084300000, 0x0000000084400000, 0x0000000084400000|100%|HS|  |TAMS 0x0000000084400000, 0x0000000084300000| Complete 
|  68|0x0000000084400000, 0x0000000084500000, 0x0000000084500000|100%|HS|  |TAMS 0x0000000084500000, 0x0000000084400000| Complete 
|  69|0x0000000084500000, 0x0000000084600000, 0x0000000084600000|100%|HS|  |TAMS 0x0000000084600000, 0x0000000084500000| Complete 
|  70|0x0000000084600000, 0x0000000084700000, 0x0000000084700000|100%| O|  |TAMS 0x0000000084600000, 0x0000000084600000| Untracked 
|  71|0x0000000084700000, 0x0000000084800000, 0x0000000084800000|100%|HS|  |TAMS 0x0000000084800000, 0x0000000084700000| Complete 
|  72|0x0000000084800000, 0x0000000084900000, 0x0000000084900000|100%| O|  |TAMS 0x0000000084900000, 0x0000000084800000| Untracked 
|  73|0x0000000084900000, 0x0000000084a00000, 0x0000000084a00000|100%| O|  |TAMS 0x0000000084a00000, 0x0000000084900000| Untracked 
|  74|0x0000000084a00000, 0x0000000084b00000, 0x0000000084b00000|100%| O|  |TAMS 0x0000000084b00000, 0x0000000084a00000| Untracked 
|  75|0x0000000084b00000, 0x0000000084c00000, 0x0000000084c00000|100%| O|  |TAMS 0x0000000084bfb000, 0x0000000084b00000| Untracked 
|  76|0x0000000084c00000, 0x0000000084d00000, 0x0000000084d00000|100%| O|  |TAMS 0x0000000084c00000, 0x0000000084c00000| Untracked 
|  77|0x0000000084d00000, 0x0000000084e00000, 0x0000000084e00000|100%| O|  |TAMS 0x0000000084d00000, 0x0000000084d00000| Untracked 
|  78|0x0000000084e00000, 0x0000000084f00000, 0x0000000084f00000|100%| O|  |TAMS 0x0000000084e00000, 0x0000000084e00000| Untracked 
|  79|0x0000000084f00000, 0x0000000085000000, 0x0000000085000000|100%| O|  |TAMS 0x0000000084f00000, 0x0000000084f00000| Untracked 
|  80|0x0000000085000000, 0x0000000085100000, 0x0000000085100000|100%| O|  |TAMS 0x0000000085000000, 0x0000000085000000| Untracked 
|  81|0x0000000085100000, 0x0000000085200000, 0x0000000085200000|100%| O|  |TAMS 0x0000000085100000, 0x0000000085100000| Untracked 
|  82|0x0000000085200000, 0x0000000085300000, 0x0000000085300000|100%| O|  |TAMS 0x0000000085200000, 0x0000000085200000| Untracked 
|  83|0x0000000085300000, 0x000000008536ea00, 0x0000000085400000| 43%| O|  |TAMS 0x0000000085300000, 0x0000000085300000| Untracked 
|  84|0x0000000085400000, 0x0000000085400000, 0x0000000085500000|  0%| F|  |TAMS 0x0000000085400000, 0x0000000085400000| Untracked 
|  85|0x0000000085500000, 0x0000000085500000, 0x0000000085600000|  0%| F|  |TAMS 0x0000000085500000, 0x0000000085500000| Untracked 
|  86|0x0000000085600000, 0x0000000085700000, 0x0000000085700000|100%| O|  |TAMS 0x0000000085600000, 0x0000000085600000| Untracked 
|  87|0x0000000085700000, 0x0000000085700000, 0x0000000085800000|  0%| F|  |TAMS 0x0000000085700000, 0x0000000085700000| Untracked 
|  88|0x0000000085800000, 0x0000000085800000, 0x0000000085900000|  0%| F|  |TAMS 0x0000000085800000, 0x0000000085800000| Untracked 
|  89|0x0000000085900000, 0x0000000085900000, 0x0000000085a00000|  0%| F|  |TAMS 0x0000000085900000, 0x0000000085900000| Untracked 
|  90|0x0000000085a00000, 0x0000000085a00000, 0x0000000085b00000|  0%| F|  |TAMS 0x0000000085a00000, 0x0000000085a00000| Untracked 
|  91|0x0000000085b00000, 0x0000000085b00000, 0x0000000085c00000|  0%| F|  |TAMS 0x0000000085b00000, 0x0000000085b00000| Untracked 
|  92|0x0000000085c00000, 0x0000000085c00000, 0x0000000085d00000|  0%| F|  |TAMS 0x0000000085c00000, 0x0000000085c00000| Untracked 
|  93|0x0000000085d00000, 0x0000000085d00000, 0x0000000085e00000|  0%| F|  |TAMS 0x0000000085d00000, 0x0000000085d00000| Untracked 
|  94|0x0000000085e00000, 0x0000000085e00000, 0x0000000085f00000|  0%| F|  |TAMS 0x0000000085e00000, 0x0000000085e00000| Untracked 
|  95|0x0000000085f00000, 0x0000000085f00000, 0x0000000086000000|  0%| F|  |TAMS 0x0000000085f00000, 0x0000000085f00000| Untracked 
|  96|0x0000000086000000, 0x0000000086000000, 0x0000000086100000|  0%| F|  |TAMS 0x0000000086000000, 0x0000000086000000| Untracked 
|  97|0x0000000086100000, 0x0000000086100000, 0x0000000086200000|  0%| F|  |TAMS 0x0000000086100000, 0x0000000086100000| Untracked 
|  98|0x0000000086200000, 0x0000000086200000, 0x0000000086300000|  0%| F|  |TAMS 0x0000000086200000, 0x0000000086200000| Untracked 
|  99|0x0000000086300000, 0x0000000086300000, 0x0000000086400000|  0%| F|  |TAMS 0x0000000086300000, 0x0000000086300000| Untracked 
| 100|0x0000000086400000, 0x0000000086400000, 0x0000000086500000|  0%| F|  |TAMS 0x0000000086400000, 0x0000000086400000| Untracked 
| 101|0x0000000086500000, 0x0000000086500000, 0x0000000086600000|  0%| F|  |TAMS 0x0000000086500000, 0x0000000086500000| Untracked 
| 102|0x0000000086600000, 0x0000000086600000, 0x0000000086700000|  0%| F|  |TAMS 0x0000000086600000, 0x0000000086600000| Untracked 
| 103|0x0000000086700000, 0x0000000086700000, 0x0000000086800000|  0%| F|  |TAMS 0x0000000086700000, 0x0000000086700000| Untracked 
| 104|0x0000000086800000, 0x0000000086800000, 0x0000000086900000|  0%| F|  |TAMS 0x0000000086800000, 0x0000000086800000| Untracked 
| 105|0x0000000086900000, 0x0000000086900000, 0x0000000086a00000|  0%| F|  |TAMS 0x0000000086900000, 0x0000000086900000| Untracked 
| 106|0x0000000086a00000, 0x0000000086a00000, 0x0000000086b00000|  0%| F|  |TAMS 0x0000000086a00000, 0x0000000086a00000| Untracked 
| 107|0x0000000086b00000, 0x0000000086b00000, 0x0000000086c00000|  0%| F|  |TAMS 0x0000000086b00000, 0x0000000086b00000| Untracked 
| 108|0x0000000086c00000, 0x0000000086c00000, 0x0000000086d00000|  0%| F|  |TAMS 0x0000000086c00000, 0x0000000086c00000| Untracked 
| 109|0x0000000086d00000, 0x0000000086d00000, 0x0000000086e00000|  0%| F|  |TAMS 0x0000000086d00000, 0x0000000086d00000| Untracked 
| 110|0x0000000086e00000, 0x0000000086e00000, 0x0000000086f00000|  0%| F|  |TAMS 0x0000000086e00000, 0x0000000086e00000| Untracked 
| 111|0x0000000086f00000, 0x0000000086f00000, 0x0000000087000000|  0%| F|  |TAMS 0x0000000086f00000, 0x0000000086f00000| Untracked 
| 112|0x0000000087000000, 0x0000000087000000, 0x0000000087100000|  0%| F|  |TAMS 0x0000000087000000, 0x0000000087000000| Untracked 
| 113|0x0000000087100000, 0x0000000087100000, 0x0000000087200000|  0%| F|  |TAMS 0x0000000087100000, 0x0000000087100000| Untracked 
| 114|0x0000000087200000, 0x0000000087200000, 0x0000000087300000|  0%| F|  |TAMS 0x0000000087200000, 0x0000000087200000| Untracked 
| 115|0x0000000087300000, 0x0000000087300000, 0x0000000087400000|  0%| F|  |TAMS 0x0000000087300000, 0x0000000087300000| Untracked 
| 116|0x0000000087400000, 0x0000000087400000, 0x0000000087500000|  0%| F|  |TAMS 0x0000000087400000, 0x0000000087400000| Untracked 
| 117|0x0000000087500000, 0x0000000087500000, 0x0000000087600000|  0%| F|  |TAMS 0x0000000087500000, 0x0000000087500000| Untracked 
| 118|0x0000000087600000, 0x0000000087600000, 0x0000000087700000|  0%| F|  |TAMS 0x0000000087600000, 0x0000000087600000| Untracked 
| 119|0x0000000087700000, 0x0000000087700000, 0x0000000087800000|  0%| F|  |TAMS 0x0000000087700000, 0x0000000087700000| Untracked 
| 120|0x0000000087800000, 0x0000000087800000, 0x0000000087900000|  0%| F|  |TAMS 0x0000000087800000, 0x0000000087800000| Untracked 
| 121|0x0000000087900000, 0x0000000087900000, 0x0000000087a00000|  0%| F|  |TAMS 0x0000000087900000, 0x0000000087900000| Untracked 
| 122|0x0000000087a00000, 0x0000000087a00000, 0x0000000087b00000|  0%| F|  |TAMS 0x0000000087a00000, 0x0000000087a00000| Untracked 
| 123|0x0000000087b00000, 0x0000000087b00000, 0x0000000087c00000|  0%| F|  |TAMS 0x0000000087b00000, 0x0000000087b00000| Untracked 
| 124|0x0000000087c00000, 0x0000000087c00000, 0x0000000087d00000|  0%| F|  |TAMS 0x0000000087c00000, 0x0000000087c00000| Untracked 
| 125|0x0000000087d00000, 0x0000000087d00000, 0x0000000087e00000|  0%| F|  |TAMS 0x0000000087d00000, 0x0000000087d00000| Untracked 
| 126|0x0000000087e00000, 0x0000000087e00000, 0x0000000087f00000|  0%| F|  |TAMS 0x0000000087e00000, 0x0000000087e00000| Untracked 
| 127|0x0000000087f00000, 0x0000000087f00000, 0x0000000088000000|  0%| F|  |TAMS 0x0000000087f00000, 0x0000000087f00000| Untracked 
| 128|0x0000000088000000, 0x0000000088000000, 0x0000000088100000|  0%| F|  |TAMS 0x0000000088000000, 0x0000000088000000| Untracked 
| 129|0x0000000088100000, 0x0000000088100000, 0x0000000088200000|  0%| F|  |TAMS 0x0000000088100000, 0x0000000088100000| Untracked 
| 130|0x0000000088200000, 0x0000000088200000, 0x0000000088300000|  0%| F|  |TAMS 0x0000000088200000, 0x0000000088200000| Untracked 
| 131|0x0000000088300000, 0x0000000088300000, 0x0000000088400000|  0%| F|  |TAMS 0x0000000088300000, 0x0000000088300000| Untracked 
| 132|0x0000000088400000, 0x0000000088400000, 0x0000000088500000|  0%| F|  |TAMS 0x0000000088400000, 0x0000000088400000| Untracked 
| 133|0x0000000088500000, 0x0000000088500000, 0x0000000088600000|  0%| F|  |TAMS 0x0000000088500000, 0x0000000088500000| Untracked 
| 134|0x0000000088600000, 0x0000000088600000, 0x0000000088700000|  0%| F|  |TAMS 0x0000000088600000, 0x0000000088600000| Untracked 
| 135|0x0000000088700000, 0x0000000088700000, 0x0000000088800000|  0%| F|  |TAMS 0x0000000088700000, 0x0000000088700000| Untracked 
| 136|0x0000000088800000, 0x0000000088800000, 0x0000000088900000|  0%| F|  |TAMS 0x0000000088800000, 0x0000000088800000| Untracked 
| 137|0x0000000088900000, 0x0000000088900000, 0x0000000088a00000|  0%| F|  |TAMS 0x0000000088900000, 0x0000000088900000| Untracked 
| 138|0x0000000088a00000, 0x0000000088a00000, 0x0000000088b00000|  0%| F|  |TAMS 0x0000000088a00000, 0x0000000088a00000| Untracked 
| 139|0x0000000088b00000, 0x0000000088b00000, 0x0000000088c00000|  0%| F|  |TAMS 0x0000000088b00000, 0x0000000088b00000| Untracked 
| 140|0x0000000088c00000, 0x0000000088c00000, 0x0000000088d00000|  0%| F|  |TAMS 0x0000000088c00000, 0x0000000088c00000| Untracked 
| 141|0x0000000088d00000, 0x0000000088d00000, 0x0000000088e00000|  0%| F|  |TAMS 0x0000000088d00000, 0x0000000088d00000| Untracked 
| 142|0x0000000088e00000, 0x0000000088e00000, 0x0000000088f00000|  0%| F|  |TAMS 0x0000000088e00000, 0x0000000088e00000| Untracked 
| 143|0x0000000088f00000, 0x0000000088f83e80, 0x0000000089000000| 51%| S|CS|TAMS 0x0000000088f00000, 0x0000000088f00000| Complete 
| 144|0x0000000089000000, 0x0000000089000000, 0x0000000089100000|  0%| F|  |TAMS 0x0000000089000000, 0x0000000089000000| Untracked 
| 145|0x0000000089100000, 0x0000000089100000, 0x0000000089200000|  0%| F|  |TAMS 0x0000000089100000, 0x0000000089100000| Untracked 
| 146|0x0000000089200000, 0x0000000089200000, 0x0000000089300000|  0%| F|  |TAMS 0x0000000089200000, 0x0000000089200000| Untracked 

Card table byte_map: [0x0000021250ab0000,0x0000021250eb0000] _byte_map_base: 0x00000212506b0000

Marking Bits (Prev, Next): (CMBitMap*) 0x0000021239ea8010, (CMBitMap*) 0x0000021239ea8050
 Prev Bits: [0x00000212512b0000, 0x00000212532b0000)
 Next Bits: [0x00000212532b0000, 0x00000212552b0000)

Polling page: 0x0000021237d80000

Metaspace:

Usage:
  Non-class:     60.18 MB used.
      Class:      9.79 MB used.
       Both:     69.97 MB used.

Virtual space:
  Non-class space:       64.00 MB reserved,      60.56 MB ( 95%) committed,  8 nodes.
      Class space:      412.00 MB reserved,      10.12 MB (  2%) committed,  1 nodes.
             Both:      476.00 MB reserved,      70.69 MB ( 15%) committed. 

Chunk freelists:
   Non-Class:  3.30 MB
       Class:  1.91 MB
        Both:  5.20 MB

MaxMetaspaceSize: 512.00 MB
CompressedClassSpaceSize: 412.00 MB
Initial GC threshold: 21.00 MB
Current GC threshold: 116.06 MB
CDS: on
MetaspaceReclaimPolicy: balanced
 - commit_granule_bytes: 65536.
 - commit_granule_words: 8192.
 - virtual_space_node_default_size: 1048576.
 - enlarge_chunks_in_place: 1.
 - new_chunks_are_fully_committed: 0.
 - uncommit_free_chunks: 1.
 - use_allocation_guard: 0.
 - handle_deallocations: 1.


Internal statistics:

num_allocs_failed_limit: 6.
num_arena_births: 866.
num_arena_deaths: 0.
num_vsnodes_births: 9.
num_vsnodes_deaths: 0.
num_space_committed: 1131.
num_space_uncommitted: 0.
num_chunks_returned_to_freelist: 6.
num_chunks_taken_from_freelist: 3756.
num_chunk_merges: 6.
num_chunk_splits: 2495.
num_chunks_enlarged: 1703.
num_purges: 0.
num_inconsistent_stats: 0.

CodeHeap 'non-profiled nmethods': size=120000Kb used=4482Kb max_used=4482Kb free=115518Kb
 bounds [0x0000021249180000, 0x00000212495f0000, 0x00000212506b0000]
CodeHeap 'profiled nmethods': size=120000Kb used=15417Kb max_used=15417Kb free=104582Kb
 bounds [0x0000021241c50000, 0x0000021242b60000, 0x0000021249180000]
CodeHeap 'non-nmethods': size=5760Kb used=2375Kb max_used=2431Kb free=3384Kb
 bounds [0x00000212416b0000, 0x0000021241920000, 0x0000021241c50000]
 total_blobs=8772 nmethods=7874 adapters=809
 compilation: enabled
              stopped_count=0, restarted_count=0
 full_count=0

Compilation events (20 events):
Event: 33.866 Thread 0x0000021257728950 nmethod 8692 0x0000021242b5a710 code [0x0000021242b5a8e0, 0x0000021242b5af38]
Event: 33.866 Thread 0x0000021257727580 8693       4       org.gradle.internal.instantiation.generator.AbstractClassGenerator::assertNotAbstract (61 bytes)
Event: 33.868 Thread 0x0000021257727580 nmethod 8693 0x00000212495dfa10 code [0x00000212495dfb80, 0x00000212495dfc58]
Event: 33.868 Thread 0x0000021257727580 8694       4       org.objectweb.asm.Type::appendDescriptor (185 bytes)
Event: 33.872 Thread 0x0000021257728950 8699       3       com.google.common.collect.Ordering::<init> (5 bytes)
Event: 33.872 Thread 0x0000021257728950 nmethod 8699 0x0000021242b5b090 code [0x0000021242b5b220, 0x0000021242b5b378]
Event: 33.872 Thread 0x0000021257728950 8697       3       com.google.common.collect.Ordering::from (23 bytes)
Event: 33.873 Thread 0x0000021257728950 nmethod 8697 0x0000021242b5b410 code [0x0000021242b5b600, 0x0000021242b5bda8]
Event: 33.873 Thread 0x0000021257728950 8698       3       com.google.common.collect.ComparatorOrdering::<init> (16 bytes)
Event: 33.873 Thread 0x0000021257728950 nmethod 8698 0x0000021242b5bf90 code [0x0000021242b5c160, 0x0000021242b5c608]
Event: 33.875 Thread 0x0000021259bf7eb0 nmethod 8691 0x00000212495dfd90 code [0x00000212495dff40, 0x00000212495e0318]
Event: 33.876 Thread 0x0000021259bf7eb0 8695       4       org.objectweb.asm.Type::getMethodDescriptor (66 bytes)
Event: 33.889 Thread 0x0000021257728950 8701       3       com.google.common.collect.LinkedHashMultimap::create (11 bytes)
Event: 33.889 Thread 0x0000021257728950 nmethod 8701 0x0000021242b5c790 code [0x0000021242b5c940, 0x0000021242b5cae8]
Event: 33.889 Thread 0x0000021257728950 8702       3       com.google.common.collect.LinkedHashMultimap::<init> (44 bytes)
Event: 33.891 Thread 0x0000021257728950 nmethod 8702 0x0000021242b5cb90 code [0x0000021242b5ce20, 0x0000021242b5d908]
Event: 33.891 Thread 0x0000021257728950 8703       3       com.google.common.collect.Platform::newLinkedHashMapWithExpectedSize (5 bytes)
Event: 33.891 Thread 0x0000021257728950 nmethod 8703 0x0000021242b5dc90 code [0x0000021242b5de80, 0x0000021242b5e178]
Event: 33.898 Thread 0x0000021257728950 8705       3       java.lang.CharacterDataLatin1::isUpperCase (16 bytes)
Event: 33.899 Thread 0x0000021257728950 nmethod 8705 0x0000021242b5e310 code [0x0000021242b5e4c0, 0x0000021242b5e6b8]

GC Heap History (20 events):
Event: 25.917 GC heap after
{Heap after GC invocations=19 (full 0):
 garbage-first heap   total 92160K, used 53022K [0x0000000080000000, 0x0000000100000000)
  region size 1024K, 2 young (2048K), 2 survivors (2048K)
 Metaspace       used 51594K, committed 52224K, reserved 471040K
  class space    used 7321K, committed 7616K, reserved 421888K
}
Event: 26.538 GC heap before
{Heap before GC invocations=20 (full 0):
 garbage-first heap   total 106496K, used 77598K [0x0000000080000000, 0x0000000100000000)
  region size 1024K, 23 young (23552K), 2 survivors (2048K)
 Metaspace       used 53023K, committed 53696K, reserved 471040K
  class space    used 7499K, committed 7808K, reserved 421888K
}
Event: 26.546 GC heap after
{Heap after GC invocations=21 (full 0):
 garbage-first heap   total 106496K, used 58017K [0x0000000080000000, 0x0000000100000000)
  region size 1024K, 3 young (3072K), 3 survivors (3072K)
 Metaspace       used 53023K, committed 53696K, reserved 471040K
  class space    used 7499K, committed 7808K, reserved 421888K
}
Event: 27.260 GC heap before
{Heap before GC invocations=21 (full 0):
 garbage-first heap   total 106496K, used 85665K [0x0000000080000000, 0x0000000100000000)
  region size 1024K, 30 young (30720K), 3 survivors (3072K)
 Metaspace       used 55354K, committed 56000K, reserved 471040K
  class space    used 7847K, committed 8192K, reserved 421888K
}
Event: 27.269 GC heap after
{Heap after GC invocations=22 (full 0):
 garbage-first heap   total 128000K, used 59244K [0x0000000080000000, 0x0000000100000000)
  region size 1024K, 4 young (4096K), 4 survivors (4096K)
 Metaspace       used 55354K, committed 56000K, reserved 471040K
  class space    used 7847K, committed 8192K, reserved 421888K
}
Event: 28.368 GC heap before
{Heap before GC invocations=23 (full 0):
 garbage-first heap   total 128000K, used 98156K [0x0000000080000000, 0x0000000100000000)
  region size 1024K, 43 young (44032K), 4 survivors (4096K)
 Metaspace       used 58973K, committed 59648K, reserved 479232K
  class space    used 8322K, committed 8640K, reserved 421888K
}
Event: 28.385 GC heap after
{Heap after GC invocations=24 (full 0):
 garbage-first heap   total 128000K, used 61358K [0x0000000080000000, 0x0000000100000000)
  region size 1024K, 5 young (5120K), 5 survivors (5120K)
 Metaspace       used 58973K, committed 59648K, reserved 479232K
  class space    used 8322K, committed 8640K, reserved 421888K
}
Event: 29.285 GC heap before
{Heap before GC invocations=24 (full 0):
 garbage-first heap   total 128000K, used 101294K [0x0000000080000000, 0x0000000100000000)
  region size 1024K, 44 young (45056K), 5 survivors (5120K)
 Metaspace       used 61559K, committed 62272K, reserved 479232K
  class space    used 8732K, committed 9088K, reserved 421888K
}
Event: 29.301 GC heap after
{Heap after GC invocations=25 (full 0):
 garbage-first heap   total 128000K, used 64160K [0x0000000080000000, 0x0000000100000000)
  region size 1024K, 5 young (5120K), 5 survivors (5120K)
 Metaspace       used 61559K, committed 62272K, reserved 479232K
  class space    used 8732K, committed 9088K, reserved 421888K
}
Event: 31.315 GC heap before
{Heap before GC invocations=26 (full 0):
 garbage-first heap   total 128000K, used 103072K [0x0000000080000000, 0x0000000100000000)
  region size 1024K, 43 young (44032K), 5 survivors (5120K)
 Metaspace       used 64129K, committed 64832K, reserved 479232K
  class space    used 9127K, committed 9472K, reserved 421888K
}
Event: 31.341 GC heap after
{Heap after GC invocations=27 (full 0):
 garbage-first heap   total 128000K, used 67624K [0x0000000080000000, 0x0000000100000000)
  region size 1024K, 6 young (6144K), 6 survivors (6144K)
 Metaspace       used 64129K, committed 64832K, reserved 479232K
  class space    used 9127K, committed 9472K, reserved 421888K
}
Event: 31.864 GC heap before
{Heap before GC invocations=27 (full 0):
 garbage-first heap   total 128000K, used 82984K [0x0000000080000000, 0x0000000100000000)
  region size 1024K, 23 young (23552K), 6 survivors (6144K)
 Metaspace       used 64676K, committed 65408K, reserved 479232K
  class space    used 9201K, committed 9536K, reserved 421888K
}
Event: 31.886 GC heap after
{Heap after GC invocations=28 (full 0):
 garbage-first heap   total 128000K, used 68913K [0x0000000080000000, 0x0000000100000000)
  region size 1024K, 2 young (2048K), 2 survivors (2048K)
 Metaspace       used 64676K, committed 65408K, reserved 479232K
  class space    used 9201K, committed 9536K, reserved 421888K
}
Event: 32.505 GC heap before
{Heap before GC invocations=29 (full 0):
 garbage-first heap   total 138240K, used 108849K [0x0000000080000000, 0x0000000100000000)
  region size 1024K, 36 young (36864K), 2 survivors (2048K)
 Metaspace       used 66615K, committed 67328K, reserved 487424K
  class space    used 9455K, committed 9792K, reserved 421888K
}
Event: 32.512 GC heap after
{Heap after GC invocations=30 (full 0):
 garbage-first heap   total 138240K, used 81000K [0x0000000080000000, 0x0000000100000000)
  region size 1024K, 5 young (5120K), 5 survivors (5120K)
 Metaspace       used 66615K, committed 67328K, reserved 487424K
  class space    used 9455K, committed 9792K, reserved 421888K
}
Event: 33.101 GC heap before
{Heap before GC invocations=30 (full 0):
 garbage-first heap   total 138240K, used 111720K [0x0000000080000000, 0x0000000100000000)
  region size 1024K, 35 young (35840K), 5 survivors (5120K)
 Metaspace       used 69147K, committed 69888K, reserved 487424K
  class space    used 9720K, committed 10048K, reserved 421888K
}
Event: 33.110 GC heap after
{Heap after GC invocations=31 (full 0):
 garbage-first heap   total 138240K, used 81339K [0x0000000080000000, 0x0000000100000000)
  region size 1024K, 1 young (1024K), 1 survivors (1024K)
 Metaspace       used 69147K, committed 69888K, reserved 487424K
  class space    used 9720K, committed 10048K, reserved 421888K
}
Event: 33.852 GC heap before
{Heap before GC invocations=32 (full 0):
 garbage-first heap   total 150528K, used 119227K [0x0000000080000000, 0x0000000100000000)
  region size 1024K, 32 young (32768K), 1 survivors (1024K)
 Metaspace       used 71449K, committed 72192K, reserved 487424K
  class space    used 9998K, committed 10368K, reserved 421888K
}
Event: 33.860 GC heap after
{Heap after GC invocations=33 (full 0):
 garbage-first heap   total 150528K, used 85200K [0x0000000080000000, 0x0000000100000000)
  region size 1024K, 4 young (4096K), 4 survivors (4096K)
 Metaspace       used 71449K, committed 72192K, reserved 487424K
  class space    used 9998K, committed 10368K, reserved 421888K
}
Event: 33.903 GC heap before
{Heap before GC invocations=33 (full 0):
 garbage-first heap   total 150528K, used 88272K [0x0000000080000000, 0x0000000100000000)
  region size 1024K, 7 young (7168K), 4 survivors (4096K)
 Metaspace       used 71645K, committed 72384K, reserved 487424K
  class space    used 10022K, committed 10368K, reserved 421888K
}

Deoptimization events (20 events):
Event: 33.795 Thread 0x000002125995ae50 Uncommon trap: trap_request=0xffffff45 fr.pc=0x000002124941dbe8 relative=0x0000000000002f88
Event: 33.795 Thread 0x000002125995ae50 Uncommon trap: reason=unstable_if action=reinterpret pc=0x000002124941dbe8 method=java.util.regex.Pattern.has(I)Z @ 6 c2
Event: 33.795 Thread 0x000002125995ae50 DEOPT PACKING pc=0x000002124941dbe8 sp=0x000000c6e5df2b30
Event: 33.795 Thread 0x000002125995ae50 DEOPT UNPACKING pc=0x00000212417023a3 sp=0x000000c6e5df2ab0 mode 2
Event: 33.795 Thread 0x000002125995ae50 Uncommon trap: trap_request=0xffffff45 fr.pc=0x00000212493406d8 relative=0x0000000000000058
Event: 33.795 Thread 0x000002125995ae50 Uncommon trap: reason=unstable_if action=reinterpret pc=0x00000212493406d8 method=java.util.regex.Pattern.has(I)Z @ 6 c2
Event: 33.795 Thread 0x000002125995ae50 DEOPT PACKING pc=0x00000212493406d8 sp=0x000000c6e5df2b10
Event: 33.795 Thread 0x000002125995ae50 DEOPT UNPACKING pc=0x00000212417023a3 sp=0x000000c6e5df2aa0 mode 2
Event: 33.862 Thread 0x000002125995ae50 Uncommon trap: trap_request=0xffffffc6 fr.pc=0x0000021249566018 relative=0x0000000000000058
Event: 33.862 Thread 0x000002125995ae50 Uncommon trap: reason=bimorphic_or_optimized_type_check action=maybe_recompile pc=0x0000021249566018 method=java.util.AbstractQueue.add(Ljava/lang/Object;)Z @ 2 c2
Event: 33.862 Thread 0x000002125995ae50 DEOPT PACKING pc=0x0000021249566018 sp=0x000000c6e5df3bc0
Event: 33.862 Thread 0x000002125995ae50 DEOPT UNPACKING pc=0x00000212417023a3 sp=0x000000c6e5df3b88 mode 2
Event: 33.862 Thread 0x000002125995ae50 Uncommon trap: trap_request=0xffffffc6 fr.pc=0x0000021249566018 relative=0x0000000000000058
Event: 33.862 Thread 0x000002125995ae50 Uncommon trap: reason=bimorphic_or_optimized_type_check action=maybe_recompile pc=0x0000021249566018 method=java.util.AbstractQueue.add(Ljava/lang/Object;)Z @ 2 c2
Event: 33.862 Thread 0x000002125995ae50 DEOPT PACKING pc=0x0000021249566018 sp=0x000000c6e5df3bc0
Event: 33.862 Thread 0x000002125995ae50 DEOPT UNPACKING pc=0x00000212417023a3 sp=0x000000c6e5df3b88 mode 2
Event: 33.873 Thread 0x000002125995ae50 Uncommon trap: trap_request=0xffffff45 fr.pc=0x000002124952a580 relative=0x0000000000000080
Event: 33.873 Thread 0x000002125995ae50 Uncommon trap: reason=unstable_if action=reinterpret pc=0x000002124952a580 method=java.lang.CharacterDataLatin1.isUpperCase(I)Z @ 7 c2
Event: 33.873 Thread 0x000002125995ae50 DEOPT PACKING pc=0x000002124952a580 sp=0x000000c6e5df2720
Event: 33.873 Thread 0x000002125995ae50 DEOPT UNPACKING pc=0x00000212417023a3 sp=0x000000c6e5df26a0 mode 2

Classes unloaded (0 events):
No events

Classes redefined (0 events):
No events

Internal exceptions (20 events):
Event: 28.679 Thread 0x000002125995ae50 Exception <a 'java/lang/ClassNotFoundException'{0x0000000086e63c50}: org/gradle/api/internal/artifacts/dsl/dependencies/DefaultDependencyHandler_DecoratedCustomizer> (0x0000000086e63c50) 
thrown [t:\workspace\open\src\hotspot\share\classfile\systemDictionary.cpp, line 256]
Event: 30.302 Thread 0x000002125995ae50 Exception <a 'java/lang/NoSuchMethodError'{0x00000000869ddf40}: 'java.lang.Object java.lang.invoke.DirectMethodHandle$Holder.newInvokeSpecial(java.lang.Object, java.lang.Object, java.lang.Object, java.lang.Object, java.lang.Object, java.lang.Object, int)'> (0x00000000869ddf40) 
thrown [t:\workspace\open\src\hotspot\share\interpreter\linkResolver.cpp, line 766]
Event: 30.302 Thread 0x000002125995ae50 Exception <a 'java/lang/NoSuchMethodError'{0x00000000869e3f28}: 'java.lang.Object java.lang.invoke.DirectMethodHandle$Holder.invokeSpecial(java.lang.Object, java.lang.Object, java.lang.Object, java.lang.Object, java.lang.Object, java.lang.Object, java.lang.Object, int)'> (0x00000000869e3f28) 
thrown [t:\workspace\open\src\hotspot\share\interpreter\linkResolver.cpp, line 766]
Event: 30.303 Thread 0x000002125995ae50 Exception <a 'java/lang/NoSuchMethodError'{0x00000000869e9af8}: 'java.lang.Object java.lang.invoke.Invokers$Holder.linkToTargetMethod(java.lang.Object, java.lang.Object, java.lang.Object, java.lang.Object, java.lang.Object, int, java.lang.Object)'> (0x00000000869e9af8) 
thrown [t:\workspace\open\src\hotspot\share\interpreter\linkResolver.cpp, line 766]
Event: 30.361 Thread 0x000002125b6476e0 Implicit null exception at 0x000002124948a583 to 0x000002124948a748
Event: 30.817 Thread 0x000002125b6463a0 Exception <a 'java/lang/NoSuchMethodError'{0x0000000086516618}: 'void java.lang.invoke.DirectMethodHandle$Holder.invokeSpecial(java.lang.Object, java.lang.Object, int)'> (0x0000000086516618) 
thrown [t:\workspace\open\src\hotspot\share\interpreter\linkResolver.cpp, line 766]
Event: 31.136 Thread 0x000002125b646870 Exception <a 'java/lang/NoSuchMethodError'{0x0000000085c9f4d8}: 'java.lang.Object java.lang.invoke.DirectMethodHandle$Holder.newInvokeSpecial(java.lang.Object, java.lang.Object, java.lang.Object, java.lang.Object, int, java.lang.Object)'> (0x0000000085c9f4d8) 
thrown [t:\workspace\open\src\hotspot\share\interpreter\linkResolver.cpp, line 766]
Event: 31.137 Thread 0x000002125b646870 Exception <a 'java/lang/NoSuchMethodError'{0x0000000085ca3aa0}: 'java.lang.Object java.lang.invoke.Invokers$Holder.linkToTargetMethod(java.lang.Object, java.lang.Object, java.lang.Object, int, java.lang.Object, java.lang.Object)'> (0x0000000085ca3aa0) 
thrown [t:\workspace\open\src\hotspot\share\interpreter\linkResolver.cpp, line 766]
Event: 31.161 Thread 0x000002125846e4e0 Exception <a 'java/lang/NoSuchMethodError'{0x0000000085b1e4e8}: 'void java.lang.invoke.DirectMethodHandle$Holder.invokeInterface(java.lang.Object, java.lang.Object, java.lang.Object, java.lang.Object)'> (0x0000000085b1e4e8) 
thrown [t:\workspace\open\src\hotspot\share\interpreter\linkResolver.cpp, line 766]
Event: 31.234 Thread 0x000002125846e4e0 Exception <a 'java/lang/NoSuchMethodError'{0x0000000085927e18}: 'int java.lang.invoke.DirectMethodHandle$Holder.invokeSpecial(java.lang.Object, java.lang.Object, java.lang.Object, java.lang.Object, java.lang.Object)'> (0x0000000085927e18) 
thrown [t:\workspace\open\src\hotspot\share\interpreter\linkResolver.cpp, line 766]
Event: 31.483 Thread 0x000002125846e4e0 Exception <a 'sun/nio/fs/WindowsException'{0x00000000879c40f8}> (0x00000000879c40f8) 
thrown [t:\workspace\open\src\hotspot\share\prims\jni.cpp, line 516]
Event: 31.484 Thread 0x000002125846e4e0 Exception <a 'sun/nio/fs/WindowsException'{0x00000000879c6768}> (0x00000000879c6768) 
thrown [t:\workspace\open\src\hotspot\share\prims\jni.cpp, line 516]
Event: 31.484 Thread 0x000002125846e4e0 Exception <a 'sun/nio/fs/WindowsException'{0x00000000879dc850}> (0x00000000879dc850) 
thrown [t:\workspace\open\src\hotspot\share\prims\jni.cpp, line 516]
Event: 31.485 Thread 0x000002125846e4e0 Exception <a 'sun/nio/fs/WindowsException'{0x00000000879de8d0}> (0x00000000879de8d0) 
thrown [t:\workspace\open\src\hotspot\share\prims\jni.cpp, line 516]
Event: 31.819 Thread 0x000002125995ae50 Exception <a 'java/lang/ClassNotFoundException'{0x0000000086dadd98}: build_er6jml9nx1pama3ccr5art51tBeanInfo> (0x0000000086dadd98) 
thrown [t:\workspace\open\src\hotspot\share\classfile\systemDictionary.cpp, line 256]
Event: 31.819 Thread 0x000002125995ae50 Exception <a 'java/lang/ClassNotFoundException'{0x0000000086db4778}: build_er6jml9nx1pama3ccr5art51tCustomizer> (0x0000000086db4778) 
thrown [t:\workspace\open\src\hotspot\share\classfile\systemDictionary.cpp, line 256]
Event: 32.087 Thread 0x000002125995ae50 Exception <a 'java/lang/ClassNotFoundException'{0x0000000087522678}: build_8jd3yd6xyyvd9igy7wum13iwrBeanInfo> (0x0000000087522678) 
thrown [t:\workspace\open\src\hotspot\share\classfile\systemDictionary.cpp, line 256]
Event: 32.089 Thread 0x000002125995ae50 Exception <a 'java/lang/ClassNotFoundException'{0x000000008752da40}: build_8jd3yd6xyyvd9igy7wum13iwrCustomizer> (0x000000008752da40) 
thrown [t:\workspace\open\src\hotspot\share\classfile\systemDictionary.cpp, line 256]
Event: 33.212 Thread 0x000002125995ae50 Implicit null exception at 0x000002124933938c to 0x00000212493394c2
Event: 33.633 Thread 0x000002125995ae50 Exception <a 'sun/nio/fs/WindowsException'{0x0000000087fb66b0}> (0x0000000087fb66b0) 
thrown [t:\workspace\open\src\hotspot\share\prims\jni.cpp, line 516]

VM Operations (20 events):
Event: 31.886 Executing VM operation: G1TryInitiateConcMark done
Event: 32.106 Executing VM operation: G1Concurrent
Event: 32.115 Executing VM operation: G1Concurrent done
Event: 32.218 Executing VM operation: G1Concurrent
Event: 32.222 Executing VM operation: G1Concurrent done
Event: 32.505 Executing VM operation: G1CollectForAllocation
Event: 32.512 Executing VM operation: G1CollectForAllocation done
Event: 33.100 Executing VM operation: G1CollectForAllocation
Event: 33.110 Executing VM operation: G1CollectForAllocation done
Event: 33.167 Executing VM operation: HandshakeAllThreads
Event: 33.168 Executing VM operation: HandshakeAllThreads done
Event: 33.222 Executing VM operation: HandshakeAllThreads
Event: 33.222 Executing VM operation: HandshakeAllThreads done
Event: 33.348 Executing VM operation: G1Concurrent
Event: 33.362 Executing VM operation: G1Concurrent done
Event: 33.471 Executing VM operation: G1Concurrent
Event: 33.471 Executing VM operation: G1Concurrent done
Event: 33.851 Executing VM operation: G1CollectForAllocation
Event: 33.860 Executing VM operation: G1CollectForAllocation done
Event: 33.903 Executing VM operation: G1CollectForAllocation

Events (20 events):
Event: 33.310 loading class sun/security/util/KeyUtil
Event: 33.311 loading class sun/security/util/KeyUtil done
Event: 33.311 loading class sun/security/util/Length
Event: 33.311 loading class sun/security/util/Length done
Event: 33.311 loading class javax/crypto/SecretKey
Event: 33.311 loading class javax/crypto/SecretKey done
Event: 33.314 loading class java/util/Base64
Event: 33.315 loading class java/util/Base64 done
Event: 33.315 loading class java/util/Base64$Decoder
Event: 33.315 loading class java/util/Base64$Decoder done
Event: 33.315 loading class java/util/Base64$Encoder
Event: 33.315 loading class java/util/Base64$Encoder done
Event: 33.338 loading class sun/security/rsa/RSASignature$SHA256withRSA
Event: 33.338 loading class sun/security/rsa/RSASignature$SHA256withRSA done
Event: 33.342 loading class sun/security/provider/DSA$SHA256withDSA
Event: 33.343 loading class sun/security/provider/DSA$SHA256withDSA done
Event: 33.446 loading class java/util/jar/JarVerifier$VerifierStream
Event: 33.446 loading class java/util/jar/JarVerifier$VerifierStream done
Event: 33.446 loading class sun/security/util/ManifestEntryVerifier$SunProviderHolder
Event: 33.446 loading class sun/security/util/ManifestEntryVerifier$SunProviderHolder done


Dynamic libraries:
0x00007ff6f9410000 - 0x00007ff6f941e000 	C:\Program Files\Microsoft\jdk-17.0.2\bin\java.exe
0x00007ffd2cc70000 - 0x00007ffd2ce68000 	C:\Windows\SYSTEM32\ntdll.dll
0x00007ffd2bc90000 - 0x00007ffd2bd51000 	C:\Windows\System32\KERNEL32.DLL
0x00007ffd2a320000 - 0x00007ffd2a616000 	C:\Windows\System32\KERNELBASE.dll
0x00007ffd2a840000 - 0x00007ffd2a940000 	C:\Windows\System32\ucrtbase.dll
0x00007ffcf5d20000 - 0x00007ffcf5d38000 	C:\Program Files\Microsoft\jdk-17.0.2\bin\jli.dll
0x00007ffd2aca0000 - 0x00007ffd2ae3f000 	C:\Windows\System32\USER32.dll
0x00007ffd2a620000 - 0x00007ffd2a642000 	C:\Windows\System32\win32u.dll
0x00007ffd2bc60000 - 0x00007ffd2bc8b000 	C:\Windows\System32\GDI32.dll
0x00007ffd2aa20000 - 0x00007ffd2ab37000 	C:\Windows\System32\gdi32full.dll
0x00007ffcf3fb0000 - 0x00007ffcf3fca000 	C:\Program Files\Microsoft\jdk-17.0.2\bin\VCRUNTIME140.dll
0x00007ffd2a6a0000 - 0x00007ffd2a73d000 	C:\Windows\System32\msvcp_win.dll
0x00007ffd1a560000 - 0x00007ffd1a7fa000 	C:\Windows\WinSxS\amd64_microsoft.windows.common-controls_6595b64144ccf1df_6.0.19041.4355_none_60b8b9eb71f62e16\COMCTL32.dll
0x00007ffd2c8c0000 - 0x00007ffd2c95e000 	C:\Windows\System32\msvcrt.dll
0x00007ffd2c7b0000 - 0x00007ffd2c7df000 	C:\Windows\System32\IMM32.DLL
0x00007ffd21230000 - 0x00007ffd2123c000 	C:\Program Files\Microsoft\jdk-17.0.2\bin\vcruntime140_1.dll
0x00007ffcdd540000 - 0x00007ffcdd5cd000 	C:\Program Files\Microsoft\jdk-17.0.2\bin\msvcp140.dll
0x00007ffcdc970000 - 0x00007ffcdd531000 	C:\Program Files\Microsoft\jdk-17.0.2\bin\server\jvm.dll
0x00007ffd2b660000 - 0x00007ffd2b710000 	C:\Windows\System32\ADVAPI32.dll
0x00007ffd2aed0000 - 0x00007ffd2af70000 	C:\Windows\System32\sechost.dll
0x00007ffd2c960000 - 0x00007ffd2ca83000 	C:\Windows\System32\RPCRT4.dll
0x00007ffd2a940000 - 0x00007ffd2a967000 	C:\Windows\System32\bcrypt.dll
0x00007ffd2b060000 - 0x00007ffd2b068000 	C:\Windows\System32\PSAPI.DLL
0x00007ffd1e050000 - 0x00007ffd1e059000 	C:\Windows\SYSTEM32\WSOCK32.dll
0x00007ffd1bd00000 - 0x00007ffd1bd27000 	C:\Windows\SYSTEM32\WINMM.dll
0x00007ffd2c590000 - 0x00007ffd2c5fb000 	C:\Windows\System32\WS2_32.dll
0x00007ffd21520000 - 0x00007ffd2152a000 	C:\Windows\SYSTEM32\VERSION.dll
0x00007ffd280c0000 - 0x00007ffd280d2000 	C:\Windows\SYSTEM32\kernel.appcore.dll
0x00007ffd1bd90000 - 0x00007ffd1bd9a000 	C:\Program Files\Microsoft\jdk-17.0.2\bin\jimage.dll
0x00007ffd11c20000 - 0x00007ffd11e04000 	C:\Windows\SYSTEM32\DBGHELP.DLL
0x00007ffd11b20000 - 0x00007ffd11b54000 	C:\Windows\SYSTEM32\dbgcore.DLL
0x00007ffd2a7b0000 - 0x00007ffd2a832000 	C:\Windows\System32\bcryptPrimitives.dll
0x00007ffd236a0000 - 0x00007ffd236ae000 	C:\Program Files\Microsoft\jdk-17.0.2\bin\instrument.dll
0x00007ffcf3e60000 - 0x00007ffcf3e85000 	C:\Program Files\Microsoft\jdk-17.0.2\bin\java.dll
0x00007ffcf3d00000 - 0x00007ffcf3dd6000 	C:\Program Files\Microsoft\jdk-17.0.2\bin\jsvml.dll
0x00007ffd2bd60000 - 0x00007ffd2c4cc000 	C:\Windows\System32\SHELL32.dll
0x00007ffd283a0000 - 0x00007ffd28b3e000 	C:\Windows\SYSTEM32\windows.storage.dll
0x00007ffd2b900000 - 0x00007ffd2bc53000 	C:\Windows\System32\combase.dll
0x00007ffd29d40000 - 0x00007ffd29d6e000 	C:\Windows\SYSTEM32\Wldp.dll
0x00007ffd2cb40000 - 0x00007ffd2cc0d000 	C:\Windows\System32\OLEAUT32.dll
0x00007ffd2ca90000 - 0x00007ffd2cb3d000 	C:\Windows\System32\SHCORE.dll
0x00007ffd2c4d0000 - 0x00007ffd2c525000 	C:\Windows\System32\shlwapi.dll
0x00007ffd2a250000 - 0x00007ffd2a274000 	C:\Windows\SYSTEM32\profapi.dll
0x00007ffcfe030000 - 0x00007ffcfe048000 	C:\Program Files\Microsoft\jdk-17.0.2\bin\zip.dll
0x00007ffcf3e40000 - 0x00007ffcf3e59000 	C:\Program Files\Microsoft\jdk-17.0.2\bin\net.dll
0x00007ffd23540000 - 0x00007ffd2364a000 	C:\Windows\SYSTEM32\WINHTTP.dll
0x00007ffd29aa0000 - 0x00007ffd29b0a000 	C:\Windows\system32\mswsock.dll
0x00007ffcf3e20000 - 0x00007ffcf3e36000 	C:\Program Files\Microsoft\jdk-17.0.2\bin\nio.dll
0x00007ffd279c0000 - 0x00007ffd279d0000 	C:\Program Files\Microsoft\jdk-17.0.2\bin\verify.dll
0x00007ffd1d220000 - 0x00007ffd1d247000 	C:\Users\aanan\.gradle\native\68d5fa5c4cc2d200863cafc0d521ce42e7d3e7ee720ec0a83991735586a16f82\windows-amd64\native-platform.dll
0x00007ffd038a0000 - 0x00007ffd039e4000 	C:\Users\aanan\.gradle\native\e376f236ea51e6404a007f0833ffe2c6e607c4080706a723a18a27aeea778392\windows-amd64\native-platform-file-events.dll
0x00007ffd143d0000 - 0x00007ffd143d9000 	C:\Program Files\Microsoft\jdk-17.0.2\bin\management.dll
0x00007ffd14050000 - 0x00007ffd1405b000 	C:\Program Files\Microsoft\jdk-17.0.2\bin\management_ext.dll
0x00007ffd29ca0000 - 0x00007ffd29cb8000 	C:\Windows\SYSTEM32\CRYPTSP.dll
0x00007ffd29350000 - 0x00007ffd29384000 	C:\Windows\system32\rsaenh.dll
0x00007ffd2a200000 - 0x00007ffd2a22e000 	C:\Windows\SYSTEM32\USERENV.dll
0x00007ffd29c90000 - 0x00007ffd29c9c000 	C:\Windows\SYSTEM32\CRYPTBASE.dll
0x00007ffd29730000 - 0x00007ffd2976b000 	C:\Windows\SYSTEM32\IPHLPAPI.DLL
0x00007ffd2aff0000 - 0x00007ffd2aff8000 	C:\Windows\System32\NSI.dll
0x00007ffd23ef0000 - 0x00007ffd23f07000 	C:\Windows\SYSTEM32\dhcpcsvc6.DLL
0x00007ffd24ac0000 - 0x00007ffd24add000 	C:\Windows\SYSTEM32\dhcpcsvc.DLL
0x00007ffd29780000 - 0x00007ffd2984a000 	C:\Windows\SYSTEM32\DNSAPI.dll
0x00007ffd12c10000 - 0x00007ffd12c1e000 	C:\Program Files\Microsoft\jdk-17.0.2\bin\sunmscapi.dll
0x00007ffd2ab40000 - 0x00007ffd2ac9e000 	C:\Windows\System32\CRYPT32.dll
0x00007ffd29db0000 - 0x00007ffd29dd9000 	C:\Windows\SYSTEM32\ncrypt.dll
0x00007ffd29d70000 - 0x00007ffd29dab000 	C:\Windows\SYSTEM32\NTASN1.dll
0x00007ffd12750000 - 0x00007ffd12757000 	C:\Windows\system32\wshunix.dll
0x00007ffd234a0000 - 0x00007ffd234b7000 	C:\Windows\system32\napinsp.dll
0x00007ffd21ee0000 - 0x00007ffd21efb000 	C:\Windows\system32\pnrpnsp.dll
0x00007ffd22330000 - 0x00007ffd22345000 	C:\Windows\system32\wshbth.dll
0x00007ffd25f40000 - 0x00007ffd25f5d000 	C:\Windows\system32\NLAapi.dll
0x00007ffd21ec0000 - 0x00007ffd21ed2000 	C:\Windows\System32\winrnr.dll
0x00007ffd19fa0000 - 0x00007ffd19faa000 	C:\Windows\System32\rasadhlp.dll
0x00007ffd1b3e0000 - 0x00007ffd1b460000 	C:\Windows\System32\fwpuclnt.dll

dbghelp: loaded successfully - version: 4.0.5 - missing functions: none
symbol engine: initialized successfully - sym options: 0x614 - pdb path: .;C:\Program Files\Microsoft\jdk-17.0.2\bin;C:\Windows\SYSTEM32;C:\Windows\WinSxS\amd64_microsoft.windows.common-controls_6595b64144ccf1df_6.0.19041.4355_none_60b8b9eb71f62e16;C:\Program Files\Microsoft\jdk-17.0.2\bin\server;C:\Users\aanan\.gradle\native\68d5fa5c4cc2d200863cafc0d521ce42e7d3e7ee720ec0a83991735586a16f82\windows-amd64;C:\Users\aanan\.gradle\native\e376f236ea51e6404a007f0833ffe2c6e607c4080706a723a18a27aeea778392\windows-amd64

VM Arguments:
jvm_args: -XX:MaxMetaspaceSize=512m --add-opens=java.base/java.util=ALL-UNNAMED --add-opens=java.base/java.lang=ALL-UNNAMED --add-opens=java.base/java.lang.invoke=ALL-UNNAMED --add-opens=java.prefs/java.util.prefs=ALL-UNNAMED --add-opens=java.base/java.nio.charset=ALL-UNNAMED --add-opens=java.base/java.net=ALL-UNNAMED --add-opens=java.base/java.util.concurrent.atomic=ALL-UNNAMED -Xmx2048m -Dfile.encoding=windows-1252 -Duser.country=IN -Duser.language=en -Duser.variant -javaagent:C:\Users\aanan\.gradle\wrapper\dists\gradle-8.3-all\6en3ugtfdg5xnpx44z4qbwgas\gradle-8.3\lib\agents\gradle-instrumentation-agent-8.3.jar 
java_command: org.gradle.launcher.daemon.bootstrap.GradleDaemon 8.3
java_class_path (initial): C:\Users\aanan\.gradle\wrapper\dists\gradle-8.3-all\6en3ugtfdg5xnpx44z4qbwgas\gradle-8.3\lib\gradle-launcher-8.3.jar
Launcher Type: SUN_STANDARD

[Global flags]
     intx CICompilerCount                          = 3                                         {product} {ergonomic}
   size_t CompressedClassSpaceSize                 = 432013312                                 {product} {ergonomic}
     uint ConcGCThreads                            = 1                                         {product} {ergonomic}
     uint G1ConcRefinementThreads                  = 4                                         {product} {ergonomic}
   size_t G1HeapRegionSize                         = 1048576                                   {product} {ergonomic}
    uintx GCDrainStackTargetSize                   = 64                                        {product} {ergonomic}
   size_t InitialHeapSize                          = 100663296                                 {product} {ergonomic}
   size_t MarkStackSize                            = 4194304                                   {product} {ergonomic}
   size_t MaxHeapSize                              = 2147483648                                {product} {command line}
   size_t MaxMetaspaceSize                         = 536870912                                 {product} {command line}
   size_t MaxNewSize                               = 1287651328                                {product} {ergonomic}
   size_t MinHeapDeltaBytes                        = 1048576                                   {product} {ergonomic}
   size_t MinHeapSize                              = 8388608                                   {product} {ergonomic}
    uintx NonNMethodCodeHeapSize                   = 5832780                                {pd product} {ergonomic}
    uintx NonProfiledCodeHeapSize                  = 122912730                              {pd product} {ergonomic}
    uintx ProfiledCodeHeapSize                     = 122912730                              {pd product} {ergonomic}
    uintx ReservedCodeCacheSize                    = 251658240                              {pd product} {ergonomic}
     bool SegmentedCodeCache                       = true                                      {product} {ergonomic}
   size_t SoftMaxHeapSize                          = 2147483648                             {manageable} {ergonomic}
     bool UseCompressedClassPointers               = true                           {product lp64_product} {ergonomic}
     bool UseCompressedOops                        = true                           {product lp64_product} {ergonomic}
     bool UseG1GC                                  = true                                      {product} {ergonomic}
     bool UseLargePagesIndividualAllocation        = false                                  {pd product} {ergonomic}

Logging:
Log output configuration:
 #0: stdout all=warning uptime,level,tags
 #1: stderr all=off uptime,level,tags

Environment Variables:
JAVA_HOME=C:\Program Files\Microsoft\jdk-17.0.2
CLASSPATH=C:\Users\aanan\Desktop\Latest\android\\gradle\wrapper\gradle-wrapper.jar
PATH=C:\Users\aanan\Desktop\Latest\node_modules\.bin;C:\Users\aanan\Desktop\node_modules\.bin;C:\Users\aanan\node_modules\.bin;C:\Users\node_modules\.bin;C:\node_modules\.bin;C:\Program Files\nodejs\node_modules\npm\node_modules\@npmcli\run-script\lib\node-gyp-bin;C:\Program Files (x86)\Intel\iCLS Client\;C:\Program Files\Intel\iCLS Client\;C:\Windows\system32;C:\Windows;C:\Windows\System32\Wbem;C:\Windows\System32\WindowsPowerShell\v1.0\;C:\Windows\System32\OpenSSH\;C:\Program Files\dotnet\;C:\Program Files\Intel\Intel(R) Management Engine Components\DAL;C:\Program Files\Intel\Intel(R) Management Engine Components\IPT;C:\Program Files (x86)\Intel\Intel(R) Management Engine Components\DAL;C:\Program Files (x86)\Intel\Intel(R) Management Engine Components\IPT;C:\ProgramData\chocolatey\bin;C:\Program Files\nodejs\;C:\Users\aanan\AppData\Local\Android\Sdk\platform-tools;C:\Program Files\Git\cmd;C:\Program Files\Git\mingw64\bin;C:\Program Files\Git\usr\bin;C:\Program Files\Microsoft\jdk-17.0.2\bin;C:\Users\aanan\AppData\Local\Microsoft\WindowsApps;C:\Users\aanan\AppData\Local\Programs\Microsoft VS Code\bin;C:\Users\aanan\AppData\Roaming\npm;
USERNAME=Devendra
OS=Windows_NT
PROCESSOR_IDENTIFIER=Intel64 Family 6 Model 69 Stepping 1, GenuineIntel



---------------  S Y S T E M  ---------------

OS:
 Windows 10 , 64 bit Build 19041 (10.0.19041.4597)
OS uptime: 1 days 21:10 hours

CPU: total 4 (initial active 4) (2 cores per cpu, 2 threads per core) family 6 model 69 stepping 1 microcode 0x25, cx8, cmov, fxsr, ht, mmx, sse, sse2, sse3, ssse3, sse4.1, sse4.2, popcnt, lzcnt, tsc, tscinvbit, avx, avx2, aes, erms, clmul, bmi1, bmi2, fma, vzeroupper, clflush

Memory: 4k page, system-wide physical 6024M (846M free)
TotalPageFile size 8072M (AvailPageFile size 13M)
current process WorkingSet (physical memory assigned to process): 367M, peak: 367M
current process commit charge ("private bytes"): 400M, peak: 430M

vm_info: OpenJDK 64-Bit Server VM (17.0.2+8-86) for windows-amd64 JRE (17.0.2+8-86), built on Dec  7 2021 21:49:10 by "mach5one" with MS VC++ 16.8 / 16.9 (VS2019)

END.
